2024-04-01 18:59:30.179    INFO [main                       ] -    GlobalApplication: 포그라운드 서비스 등록 성공!
2024-04-01 18:59:30.181    INFO [DefaultDispatcher-worker-2 ] -   ApplicationSession: 카카오톡 버전: 10.6.1
2024-04-01 18:59:30.182   DEBUG [DefaultDispatcher-worker-2 ] -   ApplicationSession: Initializing with locale KOREAN
2024-04-01 18:59:30.187    WARN [DefaultDispatcher-worker-2 ] -         PluginLoader: res/raw 경로는 더 이상 사용되지 않습니다. assets 경로를 사용하세요.
2024-04-01 18:59:30.194    WARN [DefaultDispatcher-worker-2 ] -         PluginLoader: res/raw 경로는 더 이상 사용되지 않습니다. assets 경로를 사용하세요.
2024-04-01 18:59:30.223   DEBUG [DefaultDispatcher-worker-2 ] -            AwtPlugin: Testing awt class loading, color = java.awt.Color[r=0,g=0,b=0]
2024-04-01 18:59:30.297   DEBUG [main                       ] - NotificationListener: Listener connected
2024-04-01 18:59:30.355   DEBUG [DefaultDispatcher-worker-2 ] -           ApiManager: Discord Api 등록 성공
2024-04-01 18:59:30.360   DEBUG [DefaultDispatcher-worker-2 ] -        DiscordPlugin: Starting discord client with intent: MESSAGE_CONTENT, DIRECT_MESSAGES, GUILD_MESSAGES, GUILD_MEMBERS
2024-04-01 18:59:32.523    INFO [DefaultDispatcher-worker-2 ] -        DiscordPlugin: 디스코드 클라이언트 시작 성공! [디코서버 도우미]Eric#0937 로 로그인했어요.
2024-04-01 18:59:32.525    INFO [DefaultDispatcher-worker-9 ] -       SplashActivity: 기본 라이브러리 로드중…
2024-04-01 18:59:32.569   DEBUG [DefaultDispatcher-worker-2 ] -           ApiManager: LanguageManager Api 등록 성공
2024-04-01 18:59:32.570   DEBUG [DefaultDispatcher-worker-2 ] -           ApiManager: Java Api 등록 성공
2024-04-01 18:59:32.570   DEBUG [DefaultDispatcher-worker-2 ] -           ApiManager: Log Api 등록 성공
2024-04-01 18:59:32.570   DEBUG [DefaultDispatcher-worker-2 ] -           ApiManager: ProjectManager Api 등록 성공
2024-04-01 18:59:32.570   DEBUG [DefaultDispatcher-worker-2 ] -           ApiManager: PluginManager Api 등록 성공
2024-04-01 18:59:32.570   DEBUG [DefaultDispatcher-worker-2 ] -           ApiManager: Notification Api 등록 성공
2024-04-01 18:59:32.570   DEBUG [DefaultDispatcher-worker-2 ] -           ApiManager: Env Api 등록 성공
2024-04-01 18:59:32.570   DEBUG [DefaultDispatcher-worker-2 ] -           ApiManager: EventEmitter Api 등록 성공
2024-04-01 18:59:32.570   DEBUG [DefaultDispatcher-worker-2 ] -           ApiManager: Utils Api 등록 성공
2024-04-01 18:59:32.570   DEBUG [DefaultDispatcher-worker-2 ] -           ApiManager: Api Api 등록 성공
2024-04-01 18:59:32.570   DEBUG [DefaultDispatcher-worker-2 ] -           ApiManager: Bridge Api 등록 성공
2024-04-01 18:59:32.570   DEBUG [DefaultDispatcher-worker-2 ] -           ApiManager: FileStream Api 등록 성공
2024-04-01 18:59:32.570   DEBUG [DefaultDispatcher-worker-2 ] -           ApiManager: DataBase Api 등록 성공
2024-04-01 18:59:32.570   DEBUG [DefaultDispatcher-worker-2 ] -           ApiManager: Device Api 등록 성공
2024-04-01 18:59:32.571   DEBUG [DefaultDispatcher-worker-2 ] -           ApiManager: Broadcast Api 등록 성공
2024-04-01 18:59:32.570   DEBUG [DefaultDispatcher-worker-2 ] -           ApiManager: App Api 등록 성공
2024-04-01 18:59:32.580    INFO [DefaultDispatcher-worker-3 ] -       SplashActivity: 프로젝트 로드중…
2024-04-01 18:59:32.710    INFO [DefaultDispatcher-worker-2 ] -               System: | Project ✦ StarLight |
Running PluginCore v0.2.0
2024-04-01 18:59:38.609    INFO [Project-Normal-worker-1    ] -                 INFO: 프로젝트 Normal 컴파일 중...
2024-04-01 18:59:41.466    INFO [Project-User-worker-1      ] -                 INFO: 프로젝트 User 컴파일 중...
2024-04-01 18:59:41.562    INFO [Project-atten-worker-1     ] -                 INFO: 프로젝트 atten 컴파일 중...
2024-04-01 18:59:41.739    INFO [Project-admin-worker-1     ] -                 INFO: 프로젝트 admin 컴파일 중...
2024-04-01 18:59:42.218    INFO [Project-Normal-worker-2    ] -                 INFO: 프로젝트 Normal 컴파일 중...
2024-04-01 18:59:42.408    INFO [Project-chat_history-worker] -                 INFO: 프로젝트 chat_history 컴파일 중...
2024-04-01 18:59:42.619    INFO [Project-mention-worker-1   ] -                 INFO: 프로젝트 mention 컴파일 중...
2024-04-01 18:59:42.775    INFO [Project-eval-worker-1      ] -                 INFO: 프로젝트 eval 컴파일 중...
2024-04-01 18:59:43.022    INFO [Project-Me-worker-1        ] -                 INFO: 프로젝트 Me 컴파일 중...
2024-04-01 18:59:43.243    INFO [Project-sign-up-worker-1   ] -                 INFO: 프로젝트 sign-up 컴파일 중...
2024-04-01 18:59:43.484    INFO [Project-reply-worker-1     ] -                 INFO: 프로젝트 reply 컴파일 중...
2024-04-01 18:59:43.968    INFO [Project-entrance-worker-1  ] -                 INFO: 프로젝트 entrance 컴파일 중...
2024-04-01 18:59:43.984    INFO [Project-stock-worker-1     ] -                 INFO: 프로젝트 stock 컴파일 중...
2024-04-01 18:59:44.357   DEBUG [Project-stock-worker-1     ] -                DEBUG: undefined
2024-04-01 18:59:44.362    INFO [Project-ASet-worker        ] -                 INFO: 프로젝트 ASet 컴파일 중...
2024-04-01 18:59:44.577    WARN [Project-Normal-worker-1    ] -            LegacyApi: 메세지가 수신되지 않은 방 'TeamCloud 팀원' 에 메세지를 보낼 수 없습니다.
2024-04-01 18:59:52.206    INFO [Project-atten-worker-1     ] -                 INFO: 프로젝트 atten 컴파일 중...
2024-04-01 18:59:55.134    INFO [Project-chat_history-worker] -                 INFO: 프로젝트 chat_history 컴파일 중...
2024-04-01 18:59:57.217    INFO [Project-entrance-worker-1  ] -                 INFO: 프로젝트 entrance 컴파일 중...
2024-04-01 18:59:59.263    INFO [Project-mention-worker-1   ] -                 INFO: 프로젝트 mention 컴파일 중...
2024-04-01 19:00:02.406    INFO [Project-reply-worker-1     ] -                 INFO: 프로젝트 reply 컴파일 중...
2024-04-01 19:00:05.715    INFO [Project-sign-up-worker-1   ] -                 INFO: 프로젝트 sign-up 컴파일 중...
2024-04-01 19:00:08.050    INFO [Project-mention-worker-2   ] -                 INFO: 프로젝트 mention 컴파일 중...
2024-04-01 19:00:17.060    INFO [Project-User-worker-1      ] -                 INFO: 프로젝트 User 컴파일 중...
2024-04-01 19:00:17.565    INFO [Project-User-worker-2      ] -                 INFO: 프로젝트 User 컴파일 중...
2024-04-01 19:00:17.612    INFO [Project-atten-worker-3     ] -                 INFO: 프로젝트 atten 컴파일 중...
2024-04-01 19:00:17.936    INFO [Project-admin-worker-1     ] -                 INFO: 프로젝트 admin 컴파일 중...
2024-04-01 19:00:18.476    INFO [Project-Normal-worker-3    ] -                 INFO: 프로젝트 Normal 컴파일 중...
2024-04-01 19:00:18.700    INFO [Project-chat_history-worker] -                 INFO: 프로젝트 chat_history 컴파일 중...
2024-04-01 19:00:18.979    INFO [Project-mention-worker-2   ] -                 INFO: 프로젝트 mention 컴파일 중...
2024-04-01 19:00:19.121    INFO [Project-eval-worker-1      ] -                 INFO: 프로젝트 eval 컴파일 중...
2024-04-01 19:00:19.292    INFO [Project-Me-worker-2        ] -                 INFO: 프로젝트 Me 컴파일 중...
2024-04-01 19:00:19.439    INFO [Project-sign-up-worker-2   ] -                 INFO: 프로젝트 sign-up 컴파일 중...
2024-04-01 19:00:19.677    INFO [Project-reply-worker-2     ] -                 INFO: 프로젝트 reply 컴파일 중...
2024-04-01 19:00:20.177    INFO [Project-entrance-worker-3  ] -                 INFO: 프로젝트 entrance 컴파일 중...
2024-04-01 19:00:20.197    INFO [Project-stock-worker-1     ] -                 INFO: 프로젝트 stock 컴파일 중...
2024-04-01 19:00:20.694   DEBUG [Project-stock-worker-1     ] -                DEBUG: undefined
2024-04-01 19:00:20.702    INFO [Project-ASet-worker        ] -                 INFO: 프로젝트 ASet 컴파일 중...
2024-04-01 19:01:00.065    INFO [Project-User-worker-3      ] -                 INFO: 프로젝트 User 컴파일 중...
2024-04-01 19:01:54.664    INFO [Project-User-worker-1      ] -                 INFO: 프로젝트 User 컴파일 중...
2024-04-01 19:02:23.973    INFO [Project-User-worker-2      ] -                 INFO: 프로젝트 User 컴파일 중...
2024-04-01 19:29:04.501    INFO [Project-User-worker-1      ] -                 INFO: 프로젝트 User 컴파일 중...
2024-04-01 19:29:04.668    INFO [Project-atten-worker-2     ] -                 INFO: 프로젝트 atten 컴파일 중...
2024-04-01 19:29:04.860    INFO [Project-admin-worker-3     ] -                 INFO: 프로젝트 admin 컴파일 중...
2024-04-01 19:29:05.288    INFO [Project-Normal-worker-3    ] -                 INFO: 프로젝트 Normal 컴파일 중...
2024-04-01 19:29:05.618    INFO [Project-chat_history-worker] -                 INFO: 프로젝트 chat_history 컴파일 중...
2024-04-01 19:29:05.875    INFO [Project-mention-worker-1   ] -                 INFO: 프로젝트 mention 컴파일 중...
2024-04-01 19:29:06.088    INFO [Project-eval-worker-2      ] -                 INFO: 프로젝트 eval 컴파일 중...
2024-04-01 19:29:06.441    INFO [Project-Me-worker-1        ] -                 INFO: 프로젝트 Me 컴파일 중...
2024-04-01 19:29:06.639    INFO [Project-sign-up-worker-3   ] -                 INFO: 프로젝트 sign-up 컴파일 중...
2024-04-01 19:29:06.903    INFO [Project-reply-worker-3     ] -                 INFO: 프로젝트 reply 컴파일 중...
2024-04-01 19:29:07.468    INFO [Project-entrance-worker-2  ] -                 INFO: 프로젝트 entrance 컴파일 중...
2024-04-01 19:29:07.497    INFO [Project-stock-worker-2     ] -                 INFO: 프로젝트 stock 컴파일 중...
2024-04-01 19:29:07.865   DEBUG [Project-stock-worker-2     ] -                DEBUG: undefined
2024-04-01 19:29:07.874    INFO [Project-ASet-worker        ] -                 INFO: 프로젝트 ASet 컴파일 중...
2024-04-01 19:29:17.316    INFO [Project-User-worker-2      ] -                 INFO: 프로젝트 User 컴파일 중...
2024-04-01 19:29:24.532    INFO [Project-User-worker-3      ] -                 INFO: 프로젝트 User 컴파일 중...
2024-04-01 19:30:44.404    INFO [Project-ASet-worker        ] -                 INFO: 프로젝트 ASet 컴파일 중...
2024-04-01 19:31:16.209   DEBUG [Project-eval-worker-2      ] -            JobLocker: 부모 Project-ASet-worker 의 모든 작업 release 완료
2024-04-01 19:31:16.231    INFO [Project-User-worker-1      ] -                 INFO: 프로젝트 User 컴파일 중...
2024-04-01 19:31:16.306    INFO [Project-ASet-worker        ] -                 INFO: ASet[Loop]: Loop Start
undefined
2024-04-01 19:31:16.316    INFO [Project-ASet-worker        ] -                 INFO: ASet[Stars Refresh]: 1
2024-04-01 19:31:16.324    INFO [Project-ASet-worker        ] -                 INFO: ASet[Stars Count]: 1
2024-04-01 19:31:16.324    INFO [Project-ASet-worker        ] -                 INFO: ASet[for]: for End
2024-04-01 19:31:16.330    INFO [Project-ASet-worker        ] -                 INFO: ASet[Stars Refresh]: 1
2024-04-01 19:31:16.338    INFO [Project-ASet-worker        ] -                 INFO: ASet[Stars Count]: 1
2024-04-01 19:31:16.338    INFO [Project-ASet-worker        ] -                 INFO: ASet[for]: for End
2024-04-01 19:31:16.339    INFO [Project-ASet-worker        ] -                 INFO: ASet[Loop]: Loop End
{"S":["DVHQB","T4OE4"],"LS":[]}
2024-04-01 19:31:59.382    INFO [Project-User-worker-2      ] -                 INFO: 프로젝트 User 컴파일 중...
2024-04-01 19:32:16.347    INFO [Project-ASet-worker        ] -                 INFO: ASet[Loop]: Loop Start
undefined
2024-04-01 19:32:16.352    INFO [Project-ASet-worker        ] -                 INFO: ASet[for]: for End
2024-04-01 19:32:16.354    INFO [Project-ASet-worker        ] -                 INFO: ASet[for]: for End
2024-04-01 19:32:16.356    INFO [Project-ASet-worker        ] -                 INFO: ASet[Loop]: Loop End
{"S":["DVHQB","T4OE4"],"LS":[]}
2024-04-01 19:33:16.364    INFO [Project-ASet-worker        ] -                 INFO: ASet[Loop]: Loop Start
undefined
2024-04-01 19:33:16.370    INFO [Project-ASet-worker        ] -                 INFO: ASet[for]: for End
2024-04-01 19:33:16.376    INFO [Project-ASet-worker        ] -                 INFO: ASet[for]: for End
2024-04-01 19:33:16.377    INFO [Project-ASet-worker        ] -                 INFO: ASet[Loop]: Loop End
{"S":["DVHQB","T4OE4"],"LS":[]}
2024-04-01 19:33:51.915    INFO [Project-ASet-worker        ] -                 INFO: 프로젝트 ASet 컴파일 중...
2024-04-01 19:34:05.611    INFO [Project-User-worker-3      ] -                 INFO: 프로젝트 User 컴파일 중...
2024-04-01 19:34:05.673   DEBUG [Project-ASet-worker        ] -            JobLocker: 부모 Project-ASet-worker 의 모든 작업 release 완료
2024-04-01 19:34:05.674    INFO [Project-ASet-worker        ] -            JobLocker: 작업 release를 기다리지 못함: 작업 Project-ASet-worker 가 등록되지 않았거나 이미 release됨
2024-04-01 19:34:05.674    INFO [Project-ASet-worker        ] -                 INFO: interruptThreads (0)
2024-04-01 19:34:16.386    INFO [Project-ASet-worker        ] -                 INFO: ASet[Loop]: Loop Start
undefined
2024-04-01 19:34:16.391    INFO [Project-ASet-worker        ] -                 INFO: ASet[for]: for End
2024-04-01 19:34:16.394    INFO [Project-ASet-worker        ] -                 INFO: ASet[for]: for End
2024-04-01 19:34:16.398    INFO [Project-ASet-worker        ] -                 INFO: ASet[Loop]: Loop End
{"S":["DVHQB","T4OE4"],"LS":[]}
2024-04-01 19:35:16.407    INFO [Project-ASet-worker        ] -                 INFO: ASet[Loop]: Loop Start
undefined
2024-04-01 19:35:16.414    INFO [Project-ASet-worker        ] -                 INFO: ASet[for]: for End
2024-04-01 19:35:16.416    INFO [Project-ASet-worker        ] -                 INFO: ASet[for]: for End
2024-04-01 19:35:16.418    INFO [Project-ASet-worker        ] -                 INFO: ASet[Loop]: Loop End
{"S":["DVHQB","T4OE4"],"LS":[]}
2024-04-01 19:36:16.427    INFO [Project-ASet-worker        ] -                 INFO: ASet[Loop]: Loop Start
undefined
2024-04-01 19:36:16.440    INFO [Project-ASet-worker        ] -                 INFO: ASet[for]: for End
2024-04-01 19:36:16.442    INFO [Project-ASet-worker        ] -                 INFO: ASet[for]: for End
2024-04-01 19:36:16.443    INFO [Project-ASet-worker        ] -                 INFO: ASet[Loop]: Loop End
{"S":["DVHQB","T4OE4"],"LS":[]}
2024-04-01 19:37:16.453    INFO [Project-ASet-worker        ] -                 INFO: ASet[Loop]: Loop Start
undefined
2024-04-01 19:37:16.459    INFO [Project-ASet-worker        ] -                 INFO: ASet[for]: for End
2024-04-01 19:37:16.461    INFO [Project-ASet-worker        ] -                 INFO: ASet[for]: for End
2024-04-01 19:37:16.462    INFO [Project-ASet-worker        ] -                 INFO: ASet[Loop]: Loop End
{"S":["DVHQB","T4OE4"],"LS":[]}
2024-04-01 19:38:16.471    INFO [Project-ASet-worker        ] -                 INFO: ASet[Loop]: Loop Start
undefined
2024-04-01 19:38:16.476    INFO [Project-ASet-worker        ] -                 INFO: ASet[for]: for End
2024-04-01 19:38:16.477    INFO [Project-ASet-worker        ] -                 INFO: ASet[for]: for End
2024-04-01 19:38:16.478    INFO [Project-ASet-worker        ] -                 INFO: ASet[Loop]: Loop End
{"S":["DVHQB","T4OE4"],"LS":[]}
2024-04-01 19:38:28.882    INFO [Project-User-worker-1      ] -                 INFO: 프로젝트 User 컴파일 중...
2024-04-01 19:38:28.932    INFO [Project-ASet-worker        ] -            JobLocker: 작업 release를 기다리지 못함: 작업 Project-ASet-worker 가 등록되지 않았거나 이미 release됨
2024-04-01 19:38:28.931   DEBUG [Project-ASet-worker        ] -            JobLocker: 부모 Project-ASet-worker 의 모든 작업 release 완료
2024-04-01 19:38:28.932    INFO [Project-ASet-worker        ] -                 INFO: interruptThreads (0)
2024-04-01 19:39:16.487    INFO [Project-ASet-worker        ] -                 INFO: ASet[Loop]: Loop Start
undefined
2024-04-01 19:39:16.494    INFO [Project-ASet-worker        ] -                 INFO: ASet[for]: for End
2024-04-01 19:39:16.497    INFO [Project-ASet-worker        ] -                 INFO: ASet[for]: for End
2024-04-01 19:39:16.502    INFO [Project-ASet-worker        ] -                 INFO: ASet[Loop]: Loop End
{"S":["DVHQB","T4OE4"],"LS":[]}
2024-04-01 19:40:16.511    INFO [Project-ASet-worker        ] -                 INFO: ASet[Loop]: Loop Start
undefined
2024-04-01 19:40:16.519    INFO [Project-ASet-worker        ] -                 INFO: ASet[for]: for End
2024-04-01 19:40:16.517    INFO [Project-ASet-worker        ] -                 INFO: ASet[for]: for End
2024-04-01 19:40:16.526    INFO [Project-ASet-worker        ] -                 INFO: ASet[Loop]: Loop End
{"S":["DVHQB","T4OE4"],"LS":[]}
2024-04-01 19:41:16.535    INFO [Project-ASet-worker        ] -                 INFO: ASet[Loop]: Loop Start
undefined
2024-04-01 19:41:16.541    INFO [Project-ASet-worker        ] -                 INFO: ASet[for]: for End
2024-04-01 19:41:16.547    INFO [Project-ASet-worker        ] -                 INFO: ASet[for]: for End
2024-04-01 19:41:16.554    INFO [Project-ASet-worker        ] -                 INFO: ASet[Loop]: Loop End
{"S":["DVHQB","T4OE4"],"LS":[]}
2024-04-01 19:42:16.565    INFO [Project-ASet-worker        ] -                 INFO: ASet[Loop]: Loop Start
undefined
2024-04-01 19:42:16.571    INFO [Project-ASet-worker        ] -                 INFO: ASet[for]: for End
2024-04-01 19:42:16.576    INFO [Project-ASet-worker        ] -                 INFO: ASet[Loop]: Loop End
{"S":["DVHQB","T4OE4"],"LS":[]}
2024-04-01 19:42:16.574    INFO [Project-ASet-worker        ] -                 INFO: ASet[for]: for End
2024-04-01 19:43:14.465    INFO [Project-ASet-worker        ] -                 INFO: ASet[Loop]: Loop Start
undefined
2024-04-01 19:43:14.469    INFO [Project-ASet-worker        ] -                 INFO: ASet[for]: for End
2024-04-01 19:43:14.476    INFO [Project-ASet-worker        ] -                 INFO: ASet[for]: for End
2024-04-01 19:43:14.482    INFO [Project-ASet-worker        ] -                 INFO: ASet[Loop]: Loop End
{"S":["DVHQB","T4OE4"],"LS":[]}
2024-04-01 19:44:14.490    INFO [Project-ASet-worker        ] -                 INFO: ASet[Loop]: Loop Start
undefined
2024-04-01 19:44:14.496    INFO [Project-ASet-worker        ] -                 INFO: ASet[for]: for End
2024-04-01 19:44:14.498    INFO [Project-ASet-worker        ] -                 INFO: ASet[for]: for End
2024-04-01 19:44:14.500    INFO [Project-ASet-worker        ] -                 INFO: ASet[Loop]: Loop End
{"S":["DVHQB","T4OE4"],"LS":[]}
2024-04-01 19:44:22.067    INFO [Project-ASet-worker        ] -                 INFO: 프로젝트 ASet 컴파일 중...
2024-04-01 19:45:13.603    INFO [Project-User-worker-2      ] -                 INFO: 프로젝트 User 컴파일 중...
2024-04-01 19:45:13.655    INFO [Project-ASet-worker        ] -            JobLocker: 작업 release를 기다리지 못함: 작업 Project-ASet-worker 가 등록되지 않았거나 이미 release됨
2024-04-01 19:45:13.654   DEBUG [Project-ASet-worker        ] -            JobLocker: 부모 Project-ASet-worker 의 모든 작업 release 완료
2024-04-01 19:45:13.654    INFO [Project-ASet-worker        ] -                 INFO: interruptThreads (0)
2024-04-01 19:45:14.507    INFO [Project-ASet-worker        ] -                 INFO: ASet[Loop]: Loop Start
undefined
2024-04-01 19:45:14.515    INFO [Project-ASet-worker        ] -                 INFO: ASet[for]: for End
2024-04-01 19:45:14.521    INFO [Project-ASet-worker        ] -                 INFO: ASet[for]: for End
2024-04-01 19:45:14.522    INFO [Project-ASet-worker        ] -                 INFO: ASet[Loop]: Loop End
{"S":["DVHQB","T4OE4"],"LS":[]}
2024-04-01 19:46:14.155    INFO [Project-User-worker-3      ] -                 INFO: 프로젝트 User 컴파일 중...
2024-04-01 19:46:14.217   DEBUG [Project-ASet-worker        ] -            JobLocker: 부모 Project-ASet-worker 의 모든 작업 release 완료
2024-04-01 19:46:14.218    INFO [Project-ASet-worker        ] -            JobLocker: 작업 release를 기다리지 못함: 작업 Project-ASet-worker 가 등록되지 않았거나 이미 release됨
2024-04-01 19:46:14.217    INFO [Project-ASet-worker        ] -                 INFO: interruptThreads (0)
2024-04-01 19:46:14.532    INFO [Project-ASet-worker        ] -                 INFO: ASet[Loop]: Loop Start
undefined
2024-04-01 19:46:14.550    INFO [Project-ASet-worker        ] -                 INFO: ASet[for]: for End
2024-04-01 19:46:14.556    INFO [Project-ASet-worker        ] -                 INFO: ASet[for]: for End
2024-04-01 19:46:14.562    INFO [Project-ASet-worker        ] -                 INFO: ASet[Loop]: Loop End
{"S":["DVHQB","T4OE4"],"LS":[]}
2024-04-01 19:47:10.258    INFO [Project-User-worker-1      ] -                 INFO: 프로젝트 User 컴파일 중...
2024-04-01 19:47:10.311    INFO [Project-ASet-worker        ] -                 INFO: interruptThreads (0)
2024-04-01 19:47:10.312    INFO [Project-ASet-worker        ] -            JobLocker: 작업 release를 기다리지 못함: 작업 Project-ASet-worker 가 등록되지 않았거나 이미 release됨
2024-04-01 19:47:10.310   DEBUG [Project-ASet-worker        ] -            JobLocker: 부모 Project-ASet-worker 의 모든 작업 release 완료
2024-04-01 19:47:14.570    INFO [Project-ASet-worker        ] -                 INFO: ASet[Loop]: Loop Start
undefined
2024-04-01 19:47:14.578    INFO [Project-ASet-worker        ] -                 INFO: ASet[for]: for End
2024-04-01 19:47:14.582    INFO [Project-ASet-worker        ] -                 INFO: ASet[for]: for End
2024-04-01 19:47:14.586    INFO [Project-ASet-worker        ] -                 INFO: ASet[Loop]: Loop End
{"S":["DVHQB","T4OE4"],"LS":[]}
2024-04-01 19:47:20.750    INFO [Project-User-worker-2      ] -                 INFO: 프로젝트 User 컴파일 중...
2024-04-01 19:47:20.805   DEBUG [Project-ASet-worker        ] -            JobLocker: 부모 Project-ASet-worker 의 모든 작업 release 완료
2024-04-01 19:47:20.806    INFO [Project-ASet-worker        ] -                 INFO: interruptThreads (0)
2024-04-01 19:47:20.807    INFO [Project-ASet-worker        ] -            JobLocker: 작업 release를 기다리지 못함: 작업 Project-ASet-worker 가 등록되지 않았거나 이미 release됨
2024-04-01 19:47:31.163    INFO [Project-User-worker-3      ] -                 INFO: 프로젝트 User 컴파일 중...
2024-04-01 19:47:31.279   DEBUG [Project-ASet-worker        ] -            JobLocker: 부모 Project-ASet-worker 의 모든 작업 release 완료
2024-04-01 19:47:31.280    INFO [Project-ASet-worker        ] -                 INFO: interruptThreads (0)
2024-04-01 19:47:31.282    INFO [Project-ASet-worker        ] -            JobLocker: 작업 release를 기다리지 못함: 작업 Project-ASet-worker 가 등록되지 않았거나 이미 release됨
2024-04-01 19:47:44.531    INFO [Project-User-worker-1      ] -                 INFO: 프로젝트 User 컴파일 중...
2024-04-01 19:47:44.580   DEBUG [Project-ASet-worker        ] -            JobLocker: 부모 Project-ASet-worker 의 모든 작업 release 완료
2024-04-01 19:47:44.581    INFO [Project-ASet-worker        ] -            JobLocker: 작업 release를 기다리지 못함: 작업 Project-ASet-worker 가 등록되지 않았거나 이미 release됨
2024-04-01 19:47:44.581    INFO [Project-ASet-worker        ] -                 INFO: interruptThreads (0)
2024-04-01 19:48:14.607    INFO [Project-ASet-worker        ] -                 INFO: ASet[Loop]: Loop Start
undefined
2024-04-01 19:48:14.615    INFO [Project-ASet-worker        ] -                 INFO: ASet[for]: for End
2024-04-01 19:48:14.621    INFO [Project-ASet-worker        ] -                 INFO: ASet[for]: for End
2024-04-01 19:48:14.626    INFO [Project-ASet-worker        ] -                 INFO: ASet[Loop]: Loop End
{"S":["DVHQB","T4OE4"],"LS":[]}
2024-04-01 19:49:14.635    INFO [Project-ASet-worker        ] -                 INFO: ASet[Loop]: Loop Start
undefined
2024-04-01 19:49:14.643    INFO [Project-ASet-worker        ] -                 INFO: ASet[for]: for End
2024-04-01 19:49:14.647    INFO [Project-ASet-worker        ] -                 INFO: ASet[for]: for End
2024-04-01 19:49:14.650    INFO [Project-ASet-worker        ] -                 INFO: ASet[Loop]: Loop End
{"S":["DVHQB","T4OE4"],"LS":[]}
2024-04-01 19:49:32.118    INFO [Project-ASet-worker        ] -                 INFO: 프로젝트 ASet 컴파일 중...
2024-04-01 19:49:33.043    INFO [Project-ASet-worker        ] -                 INFO: 프로젝트 ASet 컴파일 중...
2024-04-01 19:50:14.659    INFO [Project-ASet-worker        ] -                 INFO: ASet[Loop]: Loop Start
undefined
2024-04-01 19:50:14.667    INFO [Project-ASet-worker        ] -                 INFO: ASet[for]: for End
2024-04-01 19:50:14.671    INFO [Project-ASet-worker        ] -                 INFO: ASet[for]: for End
2024-04-01 19:50:14.673    INFO [Project-ASet-worker        ] -                 INFO: ASet[Loop]: Loop End
{"S":["DVHQB","T4OE4"],"LS":[]}
2024-04-01 19:50:25.894    INFO [Project-ASet-worker        ] -                 INFO: 프로젝트 ASet 컴파일 중...
2024-04-01 19:50:26.893    INFO [Project-ASet-worker        ] -                 INFO: 프로젝트 ASet 컴파일 중...
2024-04-01 19:51:14.684    INFO [Project-ASet-worker        ] -                 INFO: ASet[Loop]: Loop Start
undefined
2024-04-01 19:51:14.692    INFO [Project-ASet-worker        ] -                 INFO: ASet[for]: for End
2024-04-01 19:51:14.696    INFO [Project-ASet-worker        ] -                 INFO: ASet[for]: for End
2024-04-01 19:51:14.699    INFO [Project-ASet-worker        ] -                 INFO: ASet[Loop]: Loop End
{"S":["DVHQB","T4OE4"],"LS":[]}
2024-04-01 19:52:14.709    INFO [Project-ASet-worker        ] -                 INFO: ASet[Loop]: Loop Start
undefined
2024-04-01 19:52:14.716    INFO [Project-ASet-worker        ] -                 INFO: ASet[for]: for End
2024-04-01 19:52:14.718    INFO [Project-ASet-worker        ] -                 INFO: ASet[for]: for End
2024-04-01 19:52:14.719    INFO [Project-ASet-worker        ] -                 INFO: ASet[Loop]: Loop End
{"S":["DVHQB","T4OE4"],"LS":[]}
2024-04-01 19:52:43.325    INFO [Project-ASet-worker        ] -                 INFO: 프로젝트 ASet 컴파일 중...
2024-04-01 19:52:44.378    INFO [Project-User-worker-3      ] -                 INFO: 프로젝트 User 컴파일 중...
2024-04-01 19:52:44.418    INFO [Project-atten-worker-1     ] -                 INFO: 프로젝트 atten 컴파일 중...
2024-04-01 19:52:44.750    INFO [Project-admin-worker-2     ] -                 INFO: 프로젝트 admin 컴파일 중...
2024-04-01 19:52:45.299    INFO [Project-Normal-worker-3    ] -                 INFO: 프로젝트 Normal 컴파일 중...
2024-04-01 19:52:45.492    INFO [Project-chat_history-worker] -                 INFO: 프로젝트 chat_history 컴파일 중...
2024-04-01 19:52:45.758    INFO [Project-mention-worker-3   ] -                 INFO: 프로젝트 mention 컴파일 중...
2024-04-01 19:52:45.976    INFO [Project-eval-worker-3      ] -                 INFO: 프로젝트 eval 컴파일 중...
2024-04-01 19:52:46.257    INFO [Project-Me-worker-3        ] -                 INFO: 프로젝트 Me 컴파일 중...
2024-04-01 19:52:46.462    INFO [Project-sign-up-worker-1   ] -                 INFO: 프로젝트 sign-up 컴파일 중...
2024-04-01 19:52:46.837    INFO [Project-reply-worker-1     ] -                 INFO: 프로젝트 reply 컴파일 중...
2024-04-01 19:52:47.393    INFO [Project-entrance-worker-1  ] -                 INFO: 프로젝트 entrance 컴파일 중...
2024-04-01 19:52:47.434    INFO [Project-stock-worker-1     ] -                 INFO: 프로젝트 stock 컴파일 중...
2024-04-01 19:52:47.915   DEBUG [Project-stock-worker-1     ] -                DEBUG: undefined
2024-04-01 19:52:47.920    INFO [Project-ASet-worker        ] -                 INFO: 프로젝트 ASet 컴파일 중...
2024-04-01 19:52:56.597    INFO [Project-User-worker-1      ] -                 INFO: 프로젝트 User 컴파일 중...
2024-04-01 19:52:56.639   DEBUG [Project-ASet-worker        ] -            JobLocker: 부모 Project-ASet-worker 의 모든 작업 release 완료
2024-04-01 19:52:56.643    INFO [Project-ASet-worker        ] -                 INFO: interruptThreads (0)
2024-04-01 19:52:56.644    INFO [Project-ASet-worker        ] -            JobLocker: 작업 release를 기다리지 못함: 작업 Project-ASet-worker 가 등록되지 않았거나 이미 release됨
2024-04-01 19:53:04.187    INFO [Project-User-worker-2      ] -                 INFO: 프로젝트 User 컴파일 중...
2024-04-01 19:53:04.254   DEBUG [Project-ASet-worker        ] -            JobLocker: 부모 Project-ASet-worker 의 모든 작업 release 완료
2024-04-01 19:53:04.256    INFO [Project-ASet-worker        ] -                 INFO: interruptThreads (0)
2024-04-01 19:53:04.256    INFO [Project-ASet-worker        ] -            JobLocker: 작업 release를 기다리지 못함: 작업 Project-ASet-worker 가 등록되지 않았거나 이미 release됨
2024-04-01 19:53:14.727    INFO [Project-ASet-worker        ] -                 INFO: ASet[Loop]: Loop Start
undefined
2024-04-01 19:53:14.732    INFO [Project-ASet-worker        ] -                 INFO: ASet[for]: for End
2024-04-01 19:53:14.736    INFO [Project-ASet-worker        ] -                 INFO: ASet[for]: for End
2024-04-01 19:53:14.740    INFO [Project-ASet-worker        ] -                 INFO: ASet[Loop]: Loop End
{"S":["DVHQB","T4OE4"],"LS":[]}
