2024-04-01 19:53:50.924    INFO [main                       ] -    GlobalApplication: 포그라운드 서비스 등록 성공!
2024-04-01 19:53:50.927    INFO [DefaultDispatcher-worker-2 ] -   ApplicationSession: 카카오톡 버전: 10.6.1
2024-04-01 19:53:50.927   DEBUG [DefaultDispatcher-worker-2 ] -   ApplicationSession: Initializing with locale KOREAN
2024-04-01 19:53:50.932    WARN [DefaultDispatcher-worker-2 ] -         PluginLoader: res/raw 경로는 더 이상 사용되지 않습니다. assets 경로를 사용하세요.
2024-04-01 19:53:50.939    WARN [DefaultDispatcher-worker-2 ] -         PluginLoader: res/raw 경로는 더 이상 사용되지 않습니다. assets 경로를 사용하세요.
2024-04-01 19:53:50.966   DEBUG [DefaultDispatcher-worker-2 ] -            AwtPlugin: Testing awt class loading, color = java.awt.Color[r=0,g=0,b=0]
2024-04-01 19:53:51.032   DEBUG [main                       ] - NotificationListener: Listener connected
2024-04-01 19:53:51.098   DEBUG [DefaultDispatcher-worker-2 ] -           ApiManager: Discord Api 등록 성공
2024-04-01 19:53:51.105   DEBUG [DefaultDispatcher-worker-2 ] -        DiscordPlugin: Starting discord client with intent: MESSAGE_CONTENT, DIRECT_MESSAGES, GUILD_MESSAGES, GUILD_MEMBERS
2024-04-01 19:53:53.421    INFO [DefaultDispatcher-worker-2 ] -        DiscordPlugin: 디스코드 클라이언트 시작 성공! [디코서버 도우미]Eric#0937 로 로그인했어요.
2024-04-01 19:53:53.423    INFO [DefaultDispatcher-worker-3 ] -       SplashActivity: 기본 라이브러리 로드중…
2024-04-01 19:53:53.455   DEBUG [DefaultDispatcher-worker-2 ] -           ApiManager: LanguageManager Api 등록 성공
2024-04-01 19:53:53.455   DEBUG [DefaultDispatcher-worker-2 ] -           ApiManager: Java Api 등록 성공
2024-04-01 19:53:53.455   DEBUG [DefaultDispatcher-worker-2 ] -           ApiManager: Log Api 등록 성공
2024-04-01 19:53:53.455   DEBUG [DefaultDispatcher-worker-2 ] -           ApiManager: ProjectManager Api 등록 성공
2024-04-01 19:53:53.455   DEBUG [DefaultDispatcher-worker-2 ] -           ApiManager: PluginManager Api 등록 성공
2024-04-01 19:53:53.455   DEBUG [DefaultDispatcher-worker-2 ] -           ApiManager: Notification Api 등록 성공
2024-04-01 19:53:53.455   DEBUG [DefaultDispatcher-worker-2 ] -           ApiManager: Env Api 등록 성공
2024-04-01 19:53:53.456   DEBUG [DefaultDispatcher-worker-2 ] -           ApiManager: Api Api 등록 성공
2024-04-01 19:53:53.455   DEBUG [DefaultDispatcher-worker-2 ] -           ApiManager: EventEmitter Api 등록 성공
2024-04-01 19:53:53.456   DEBUG [DefaultDispatcher-worker-2 ] -           ApiManager: Utils Api 등록 성공
2024-04-01 19:53:53.456   DEBUG [DefaultDispatcher-worker-2 ] -           ApiManager: Bridge Api 등록 성공
2024-04-01 19:53:53.456   DEBUG [DefaultDispatcher-worker-2 ] -           ApiManager: FileStream Api 등록 성공
2024-04-01 19:53:53.456   DEBUG [DefaultDispatcher-worker-2 ] -           ApiManager: DataBase Api 등록 성공
2024-04-01 19:53:53.456   DEBUG [DefaultDispatcher-worker-2 ] -           ApiManager: Device Api 등록 성공
2024-04-01 19:53:53.456   DEBUG [DefaultDispatcher-worker-2 ] -           ApiManager: App Api 등록 성공
2024-04-01 19:53:53.456   DEBUG [DefaultDispatcher-worker-2 ] -           ApiManager: Broadcast Api 등록 성공
2024-04-01 19:53:53.464    INFO [DefaultDispatcher-worker-4 ] -       SplashActivity: 프로젝트 로드중…
2024-04-01 19:53:53.562    INFO [Project-eval-worker-1      ] -                 INFO: 프로젝트 eval 컴파일 중...
2024-04-01 19:53:53.752    INFO [Project-User-worker-1      ] -                 INFO: 프로젝트 User 컴파일 중...
2024-04-01 19:53:53.770    INFO [Project-atten-worker-1     ] -                 INFO: 프로젝트 atten 컴파일 중...
2024-04-01 19:53:53.925    INFO [Project-Me-worker-1        ] -                 INFO: 프로젝트 Me 컴파일 중...
2024-04-01 19:53:54.074    INFO [Project-admin-worker-1     ] -                 INFO: 프로젝트 admin 컴파일 중...
2024-04-01 19:53:54.408    INFO [Project-sign-up-worker-1   ] -                 INFO: 프로젝트 sign-up 컴파일 중...
2024-04-01 19:53:54.600    INFO [Project-reply-worker-1     ] -                 INFO: 프로젝트 reply 컴파일 중...
2024-04-01 19:53:55.087    INFO [Project-Normal-worker-1    ] -                 INFO: 프로젝트 Normal 컴파일 중...
2024-04-01 19:53:55.279    INFO [Project-chat_history-worker] -                 INFO: 프로젝트 chat_history 컴파일 중...
2024-04-01 19:53:55.416    INFO [Project-entrance-worker-1  ] -                 INFO: 프로젝트 entrance 컴파일 중...
2024-04-01 19:53:55.440    INFO [Project-mention-worker-1   ] -                 INFO: 프로젝트 mention 컴파일 중...
2024-04-01 19:53:55.700    INFO [Project-ASet-worker        ] -                 INFO: 프로젝트 ASet 컴파일 중...
2024-04-01 19:53:55.953    INFO [DefaultDispatcher-worker-2 ] -               System: | Project ✦ StarLight |
Running PluginCore v0.2.0
