2024-04-01 20:08:50.436    INFO [main                       ] -    GlobalApplication: 포그라운드 서비스 등록 성공!
2024-04-01 20:08:50.438   DEBUG [DefaultDispatcher-worker-3 ] -   ApplicationSession: Initializing with locale KOREAN
2024-04-01 20:08:50.437    INFO [DefaultDispatcher-worker-3 ] -   ApplicationSession: 카카오톡 버전: 10.6.1
2024-04-01 20:08:50.449    WARN [DefaultDispatcher-worker-3 ] -         PluginLoader: res/raw 경로는 더 이상 사용되지 않습니다. assets 경로를 사용하세요.
2024-04-01 20:08:50.453    WARN [DefaultDispatcher-worker-3 ] -         PluginLoader: res/raw 경로는 더 이상 사용되지 않습니다. assets 경로를 사용하세요.
2024-04-01 20:08:50.462   DEBUG [main                       ] - NotificationListener: Listener connected
2024-04-01 20:08:50.488   DEBUG [DefaultDispatcher-worker-3 ] -            AwtPlugin: Testing awt class loading, color = java.awt.Color[r=0,g=0,b=0]
2024-04-01 20:08:50.599   DEBUG [DefaultDispatcher-worker-3 ] -           ApiManager: Discord Api 등록 성공
2024-04-01 20:08:50.605   DEBUG [DefaultDispatcher-worker-3 ] -        DiscordPlugin: Starting discord client with intent: MESSAGE_CONTENT, DIRECT_MESSAGES, GUILD_MESSAGES, GUILD_MEMBERS
2024-04-01 20:08:52.566    INFO [DefaultDispatcher-worker-3 ] -        DiscordPlugin: 디스코드 클라이언트 시작 성공! [디코서버 도우미]Eric#0937 로 로그인했어요.
2024-04-01 20:08:52.566    INFO [DefaultDispatcher-worker-2 ] -       SplashActivity: 기본 라이브러리 로드중…
2024-04-01 20:08:52.583   DEBUG [DefaultDispatcher-worker-3 ] -           ApiManager: LanguageManager Api 등록 성공
2024-04-01 20:08:52.584   DEBUG [DefaultDispatcher-worker-3 ] -           ApiManager: Log Api 등록 성공
2024-04-01 20:08:52.585   DEBUG [DefaultDispatcher-worker-3 ] -           ApiManager: Java Api 등록 성공
2024-04-01 20:08:52.585   DEBUG [DefaultDispatcher-worker-3 ] -           ApiManager: ProjectManager Api 등록 성공
2024-04-01 20:08:52.585   DEBUG [DefaultDispatcher-worker-3 ] -           ApiManager: PluginManager Api 등록 성공
2024-04-01 20:08:52.585   DEBUG [DefaultDispatcher-worker-3 ] -           ApiManager: Notification Api 등록 성공
2024-04-01 20:08:52.585   DEBUG [DefaultDispatcher-worker-3 ] -           ApiManager: Env Api 등록 성공
2024-04-01 20:08:52.586   DEBUG [DefaultDispatcher-worker-3 ] -           ApiManager: EventEmitter Api 등록 성공
2024-04-01 20:08:52.586   DEBUG [DefaultDispatcher-worker-3 ] -           ApiManager: Utils Api 등록 성공
2024-04-01 20:08:52.586   DEBUG [DefaultDispatcher-worker-3 ] -           ApiManager: Api Api 등록 성공
2024-04-01 20:08:52.587   DEBUG [DefaultDispatcher-worker-3 ] -           ApiManager: DataBase Api 등록 성공
2024-04-01 20:08:52.587   DEBUG [DefaultDispatcher-worker-3 ] -           ApiManager: Bridge Api 등록 성공
2024-04-01 20:08:52.587   DEBUG [DefaultDispatcher-worker-3 ] -           ApiManager: FileStream Api 등록 성공
2024-04-01 20:08:52.587   DEBUG [DefaultDispatcher-worker-3 ] -           ApiManager: Device Api 등록 성공
2024-04-01 20:08:52.588   DEBUG [DefaultDispatcher-worker-3 ] -           ApiManager: App Api 등록 성공
2024-04-01 20:08:52.588   DEBUG [DefaultDispatcher-worker-3 ] -           ApiManager: Broadcast Api 등록 성공
2024-04-01 20:08:52.593    INFO [DefaultDispatcher-worker-8 ] -       SplashActivity: 프로젝트 로드중…
2024-04-01 20:08:52.643    INFO [Project-eval-worker-1      ] -                 INFO: 프로젝트 eval 컴파일 중...
2024-04-01 20:08:52.752    INFO [Project-User-worker-1      ] -                 INFO: 프로젝트 User 컴파일 중...
2024-04-01 20:08:52.833    INFO [Project-atten-worker-1     ] -                 INFO: 프로젝트 atten 컴파일 중...
2024-04-01 20:08:52.974    INFO [Project-Me-worker-1        ] -                 INFO: 프로젝트 Me 컴파일 중...
2024-04-01 20:08:53.114    INFO [Project-admin-worker-1     ] -                 INFO: 프로젝트 admin 컴파일 중...
2024-04-01 20:08:53.526    INFO [Project-sign-up-worker-1   ] -                 INFO: 프로젝트 sign-up 컴파일 중...
2024-04-01 20:08:53.665    INFO [Project-reply-worker-1     ] -                 INFO: 프로젝트 reply 컴파일 중...
2024-04-01 20:08:54.069    INFO [Project-Normal-worker-1    ] -                 INFO: 프로젝트 Normal 컴파일 중...
2024-04-01 20:08:54.238    INFO [Project-chat_history-worker] -                 INFO: 프로젝트 chat_history 컴파일 중...
2024-04-01 20:08:54.407    INFO [Project-entrance-worker-1  ] -                 INFO: 프로젝트 entrance 컴파일 중...
2024-04-01 20:08:54.431    INFO [Project-mention-worker-1   ] -                 INFO: 프로젝트 mention 컴파일 중...
2024-04-01 20:08:54.662    INFO [Project-ASet-worker        ] -                 INFO: 프로젝트 ASet 컴파일 중...
2024-04-01 20:08:54.942    INFO [DefaultDispatcher-worker-3 ] -               System: | Project ✦ StarLight |
Running PluginCore v0.2.0
2024-04-01 20:08:57.941    INFO [Project-Discord-worker-1   ] -                 INFO: 프로젝트 Discord 컴파일 중...
2024-04-01 20:08:57.970   ERROR [Project-Discord-worker-1   ] -      Project-Discord: ECOMF: org.mozilla.javascript.EcmaError: ReferenceError: "require" is not defined. (Discord#40)
2024-04-01 20:08:58.374    INFO [DefaultDispatcher-worker-10] -      ProjectListItem: Discord 컴파일 실패
org.mozilla.javascript.EcmaError: ReferenceError: "require" is not defined. (Discord#40)
2024-04-01 20:09:12.267    INFO [Project-Discord-worker-1   ] -                 INFO: 프로젝트 Discord 컴파일 중...
2024-04-01 21:51:34.565    INFO [Project-Discord-worker-3   ] -                 INFO: 프로젝트 Discord 컴파일 중...
2024-04-01 21:51:44.287    INFO [main                       ] -        DiscordPlugin: 클라이언트 종료 중...
2024-04-01 21:51:44.290   DEBUG [main                       ] -        DiscordPlugin: 디스코드 클라이언트 로그아웃중...
2024-04-01 21:51:49.493    INFO [main                       ] -        DiscordPlugin: 클라이언트 시작 중...
2024-04-01 21:51:49.497   DEBUG [main                       ] -        DiscordPlugin: Starting discord client with intent: MESSAGE_CONTENT, DIRECT_MESSAGES, GUILD_MESSAGES, GUILD_MEMBERS
