2024-04-01 20:07:14.177    INFO [main                       ] -    GlobalApplication: 포그라운드 서비스 등록 성공!
2024-04-01 20:07:14.179   DEBUG [DefaultDispatcher-worker-3 ] -   ApplicationSession: Initializing with locale KOREAN
2024-04-01 20:07:14.178    INFO [DefaultDispatcher-worker-3 ] -   ApplicationSession: 카카오톡 버전: 10.6.1
2024-04-01 20:07:14.184    WARN [DefaultDispatcher-worker-3 ] -         PluginLoader: res/raw 경로는 더 이상 사용되지 않습니다. assets 경로를 사용하세요.
2024-04-01 20:07:14.189    WARN [DefaultDispatcher-worker-3 ] -         PluginLoader: res/raw 경로는 더 이상 사용되지 않습니다. assets 경로를 사용하세요.
2024-04-01 20:07:14.216   DEBUG [DefaultDispatcher-worker-3 ] -            AwtPlugin: Testing awt class loading, color = java.awt.Color[r=0,g=0,b=0]
2024-04-01 20:07:14.306   DEBUG [main                       ] - NotificationListener: Listener connected
2024-04-01 20:07:14.335   DEBUG [DefaultDispatcher-worker-3 ] -           ApiManager: Discord Api 등록 성공
2024-04-01 20:07:14.345   DEBUG [DefaultDispatcher-worker-3 ] -        DiscordPlugin: Starting discord client with intent: MESSAGE_CONTENT, DIRECT_MESSAGES, GUILD_MESSAGES, GUILD_MEMBERS
2024-04-01 20:07:16.630    INFO [DefaultDispatcher-worker-3 ] -        DiscordPlugin: 디스코드 클라이언트 시작 성공! [디코서버 도우미]Eric#0937 로 로그인했어요.
2024-04-01 20:07:16.632    INFO [DefaultDispatcher-worker-10] -       SplashActivity: 기본 라이브러리 로드중…
2024-04-01 20:07:16.656   DEBUG [DefaultDispatcher-worker-3 ] -           ApiManager: LanguageManager Api 등록 성공
2024-04-01 20:07:16.657   DEBUG [DefaultDispatcher-worker-3 ] -           ApiManager: Log Api 등록 성공
2024-04-01 20:07:16.657   DEBUG [DefaultDispatcher-worker-3 ] -           ApiManager: ProjectManager Api 등록 성공
2024-04-01 20:07:16.657   DEBUG [DefaultDispatcher-worker-3 ] -           ApiManager: PluginManager Api 등록 성공
2024-04-01 20:07:16.657   DEBUG [DefaultDispatcher-worker-3 ] -           ApiManager: Notification Api 등록 성공
2024-04-01 20:07:16.657   DEBUG [DefaultDispatcher-worker-3 ] -           ApiManager: Env Api 등록 성공
2024-04-01 20:07:16.657   DEBUG [DefaultDispatcher-worker-3 ] -           ApiManager: Java Api 등록 성공
2024-04-01 20:07:16.661    INFO [DefaultDispatcher-worker-4 ] -       SplashActivity: 프로젝트 로드중…
2024-04-01 20:07:16.657   DEBUG [DefaultDispatcher-worker-3 ] -           ApiManager: EventEmitter Api 등록 성공
2024-04-01 20:07:16.657   DEBUG [DefaultDispatcher-worker-3 ] -           ApiManager: Utils Api 등록 성공
2024-04-01 20:07:16.657   DEBUG [DefaultDispatcher-worker-3 ] -           ApiManager: Api Api 등록 성공
2024-04-01 20:07:16.658   DEBUG [DefaultDispatcher-worker-3 ] -           ApiManager: Bridge Api 등록 성공
2024-04-01 20:07:16.658   DEBUG [DefaultDispatcher-worker-3 ] -           ApiManager: FileStream Api 등록 성공
2024-04-01 20:07:16.658   DEBUG [DefaultDispatcher-worker-3 ] -           ApiManager: DataBase Api 등록 성공
2024-04-01 20:07:16.658   DEBUG [DefaultDispatcher-worker-3 ] -           ApiManager: Device Api 등록 성공
2024-04-01 20:07:16.658   DEBUG [DefaultDispatcher-worker-3 ] -           ApiManager: App Api 등록 성공
2024-04-01 20:07:16.658   DEBUG [DefaultDispatcher-worker-3 ] -           ApiManager: Broadcast Api 등록 성공
2024-04-01 20:07:16.827    INFO [Project-User-worker-1      ] -                 INFO: 프로젝트 User 컴파일 중...
2024-04-01 20:07:16.876    INFO [Project-atten-worker-1     ] -                 INFO: 프로젝트 atten 컴파일 중...
2024-04-01 20:07:17.042    INFO [Project-admin-worker-1     ] -                 INFO: 프로젝트 admin 컴파일 중...
2024-04-01 20:07:17.454    INFO [Project-Normal-worker-1    ] -                 INFO: 프로젝트 Normal 컴파일 중...
2024-04-01 20:07:17.642    INFO [Project-chat_history-worker] -                 INFO: 프로젝트 chat_history 컴파일 중...
2024-04-01 20:07:17.787    INFO [Project-mention-worker-1   ] -                 INFO: 프로젝트 mention 컴파일 중...
2024-04-01 20:07:18.061    INFO [Project-eval-worker-1      ] -                 INFO: 프로젝트 eval 컴파일 중...
2024-04-01 20:07:18.333    INFO [Project-Me-worker-1        ] -                 INFO: 프로젝트 Me 컴파일 중...
2024-04-01 20:07:18.539   ERROR [Project-Discord-worker-1   ] -      Project-Discord: ECOMF: java.lang.IllegalArgumentException: Main script Dicord.js is not a file.
2024-04-01 20:07:18.541    WARN [DefaultDispatcher-worker-3 ] -        ProjectLoader: Failed to pre-compile project Discord: java.lang.IllegalArgumentException: Main script Dicord.js is not a file.
2024-04-01 20:07:18.561    INFO [Project-sign-up-worker-1   ] -                 INFO: 프로젝트 sign-up 컴파일 중...
2024-04-01 20:07:18.830    INFO [Project-reply-worker-1     ] -                 INFO: 프로젝트 reply 컴파일 중...
2024-04-01 20:07:19.351    INFO [Project-entrance-worker-1  ] -                 INFO: 프로젝트 entrance 컴파일 중...
2024-04-01 20:07:19.375    INFO [Project-ASet-worker        ] -                 INFO: 프로젝트 ASet 컴파일 중...
2024-04-01 20:07:19.603    INFO [DefaultDispatcher-worker-3 ] -               System: | Project ✦ StarLight |
Running PluginCore v0.2.0
2024-04-01 20:07:23.386   ERROR [Project-Discord-worker-1   ] -      Project-Discord: ECOMF: java.lang.IllegalArgumentException: Main script Dicord.js is not a file.
2024-04-01 20:07:23.793    INFO [DefaultDispatcher-worker-4 ] -      ProjectListItem: Discord 컴파일 실패
java.lang.IllegalArgumentException: Main script Dicord.js is not a file.
2024-04-01 20:08:43.887   ERROR [Project-Discord-worker-2   ] -      Project-Discord: ECOMF: java.lang.IllegalArgumentException: Main script Dicord.js is not a file.
2024-04-01 20:08:44.295    INFO [DefaultDispatcher-worker-1 ] -      ProjectListItem: Discord 컴파일 실패
java.lang.IllegalArgumentException: Main script Dicord.js is not a file.
