2024-04-26 07:23:52.906    INFO [main                       ] -    GlobalApplication: 포그라운드 서비스 등록 성공!
2024-04-26 07:23:52.973   DEBUG [DefaultDispatcher-worker-4 ] -   ApplicationSession: Initializing with locale KOREAN
2024-04-26 07:23:52.973    INFO [DefaultDispatcher-worker-4 ] -   ApplicationSession: 카카오톡 버전: 10.7.1
2024-04-26 07:23:53.025    WARN [DefaultDispatcher-worker-4 ] -         PluginLoader: res/raw 경로는 더 이상 사용되지 않습니다. assets 경로를 사용하세요.
2024-04-26 07:23:53.053    WARN [DefaultDispatcher-worker-4 ] -         PluginLoader: res/raw 경로는 더 이상 사용되지 않습니다. assets 경로를 사용하세요.
2024-04-26 07:23:53.150   DEBUG [DefaultDispatcher-worker-4 ] -            AwtPlugin: Testing awt class loading, color = java.awt.Color[r=0,g=0,b=0]
2024-04-26 07:23:53.615   DEBUG [DefaultDispatcher-worker-4 ] -           ApiManager: Discord Api 등록 성공
2024-04-26 07:23:53.625   DEBUG [DefaultDispatcher-worker-4 ] -        DiscordPlugin: Starting discord client with intent: MESSAGE_CONTENT, DIRECT_MESSAGES, GUILD_MESSAGES, GUILD_MEMBERS
2024-04-26 07:23:55.181   DEBUG [main                       ] - NotificationListener: Listener connected
2024-04-26 07:23:59.898    INFO [DefaultDispatcher-worker-4 ] -        DiscordPlugin: 디스코드 클라이언트 시작 성공! [디코서버 도우미]Eric#0937 로 로그인했어요.
2024-04-26 07:23:59.940   DEBUG [DefaultDispatcher-worker-4 ] -           ApiManager: LanguageManager Api 등록 성공
2024-04-26 07:23:59.941   DEBUG [DefaultDispatcher-worker-4 ] -           ApiManager: Log Api 등록 성공
2024-04-26 07:23:59.942   DEBUG [DefaultDispatcher-worker-4 ] -           ApiManager: Notification Api 등록 성공
2024-04-26 07:23:59.942   DEBUG [DefaultDispatcher-worker-4 ] -           ApiManager: ProjectManager Api 등록 성공
2024-04-26 07:23:59.942   DEBUG [DefaultDispatcher-worker-4 ] -           ApiManager: PluginManager Api 등록 성공
2024-04-26 07:23:59.942   DEBUG [DefaultDispatcher-worker-4 ] -           ApiManager: Java Api 등록 성공
2024-04-26 07:23:59.942   DEBUG [DefaultDispatcher-worker-4 ] -           ApiManager: Env Api 등록 성공
2024-04-26 07:23:59.942   DEBUG [DefaultDispatcher-worker-4 ] -           ApiManager: EventEmitter Api 등록 성공
2024-04-26 07:23:59.942   DEBUG [DefaultDispatcher-worker-4 ] -           ApiManager: Api Api 등록 성공
2024-04-26 07:23:59.942   DEBUG [DefaultDispatcher-worker-4 ] -           ApiManager: Utils Api 등록 성공
2024-04-26 07:23:59.942   DEBUG [DefaultDispatcher-worker-4 ] -           ApiManager: Bridge Api 등록 성공
2024-04-26 07:23:59.943   DEBUG [DefaultDispatcher-worker-4 ] -           ApiManager: DataBase Api 등록 성공
2024-04-26 07:23:59.943   DEBUG [DefaultDispatcher-worker-4 ] -           ApiManager: FileStream Api 등록 성공
2024-04-26 07:23:59.943   DEBUG [DefaultDispatcher-worker-4 ] -           ApiManager: App Api 등록 성공
2024-04-26 07:23:59.943   DEBUG [DefaultDispatcher-worker-4 ] -           ApiManager: Device Api 등록 성공
2024-04-26 07:23:59.943   DEBUG [DefaultDispatcher-worker-4 ] -           ApiManager: Broadcast Api 등록 성공
2024-04-26 07:24:02.824    INFO [Project-atten-worker-1     ] -                 INFO: 프로젝트 atten 컴파일 중...
2024-04-26 07:24:03.473    INFO [Project-admin-worker-1     ] -                 INFO: 프로젝트 admin 컴파일 중...
2024-04-26 07:24:04.497    INFO [Project-Normal-worker-1    ] -                 INFO: 프로젝트 Normal 컴파일 중...
2024-04-26 07:24:04.687    INFO [Project-chat_history-worker] -                 INFO: 프로젝트 chat_history 컴파일 중...
2024-04-26 07:24:05.317    INFO [Project-mention-worker-1   ] -                 INFO: 프로젝트 mention 컴파일 중...
2024-04-26 07:24:05.862    INFO [Project-eval-worker-1      ] -                 INFO: 프로젝트 eval 컴파일 중...
2024-04-26 07:24:06.306    INFO [Project-Me-worker-1        ] -                 INFO: 프로젝트 Me 컴파일 중...
2024-04-26 07:24:06.600    INFO [Project-Discord-worker-1   ] -                 INFO: 프로젝트 Discord 컴파일 중...
2024-04-26 07:24:06.867    INFO [Project-sign-up-worker-1   ] -                 INFO: 프로젝트 sign-up 컴파일 중...
2024-04-26 07:24:07.289    INFO [Project-reply-worker-1     ] -                 INFO: 프로젝트 reply 컴파일 중...
2024-04-26 07:24:08.145    INFO [Project-entrance-worker-1  ] -                 INFO: 프로젝트 entrance 컴파일 중...
2024-04-26 07:24:08.262    INFO [Project-stock-worker-1     ] -                 INFO: 프로젝트 stock 컴파일 중...
2024-04-26 07:24:08.751   DEBUG [Project-stock-worker-1     ] -                DEBUG: [stock_m] delay: 5751250
2024-04-26 07:24:08.783    INFO [Project-ASet-worker        ] -                 INFO: 프로젝트 ASet 컴파일 중...
2024-04-26 07:24:09.194    INFO [DefaultDispatcher-worker-4 ] -               System: | Project ✦ StarLight |
Running PluginCore v0.2.0
2024-04-26 07:24:28.943    INFO [Project-ASet-worker        ] -                 INFO: ASet[Start] 대상 ID:DVHQB
2024-04-26 07:24:28.950    INFO [Project-ASet-worker        ] -                 INFO: ASet[Start] 대상 ID:T4OE4
2024-04-26 07:24:28.949    INFO [Project-ASet-worker        ] -                 INFO: ASet[Stars Count]: 26
2024-04-26 07:24:28.950    INFO [Project-ASet-worker        ] -                 INFO: ASet[Success]
2024-04-26 07:24:28.958    INFO [Project-ASet-worker        ] -                 INFO: ASet[Stars Count]: 26
2024-04-26 07:24:28.958    INFO [Project-ASet-worker        ] -                 INFO: ASet[Success]
2024-04-26 07:24:28.958    INFO [Project-ASet-worker        ] -                 INFO: ASet[Start] 대상 ID:FU11P
2024-04-26 07:24:28.958    INFO [Project-ASet-worker        ] -                 INFO: ASet[Success]
2024-04-26 07:24:28.958    INFO [Project-ASet-worker        ] -                 INFO: ASet[Start] 대상 ID:ZA6CT
2024-04-26 07:24:28.958    INFO [Project-ASet-worker        ] -                 INFO: ASet[Success]
2024-04-26 07:24:29.590    INFO [Project-ASet-worker        ] -                 INFO: ASet[Start] 대상 ID:DVHQB
2024-04-26 07:24:29.590    INFO [Project-ASet-worker        ] -                 INFO: ASet[Success]
2024-04-26 07:24:29.591    INFO [Project-ASet-worker        ] -                 INFO: ASet[Start] 대상 ID:T4OE4
2024-04-26 07:24:29.591    INFO [Project-ASet-worker        ] -                 INFO: ASet[Success]
2024-04-26 07:24:29.591    INFO [Project-ASet-worker        ] -                 INFO: ASet[Start] 대상 ID:FU11P
2024-04-26 07:24:29.591    INFO [Project-ASet-worker        ] -                 INFO: ASet[Success]
2024-04-26 07:24:29.592    INFO [Project-ASet-worker        ] -                 INFO: ASet[Start] 대상 ID:ZA6CT
2024-04-26 07:24:29.595    INFO [Project-ASet-worker        ] -                 INFO: ASet[Success]
2024-04-26 07:24:30.287    INFO [Project-ASet-worker        ] -                 INFO: ASet[Start] 대상 ID:DVHQB
2024-04-26 07:24:30.288    INFO [Project-ASet-worker        ] -                 INFO: ASet[Success]
2024-04-26 07:24:30.288    INFO [Project-ASet-worker        ] -                 INFO: ASet[Start] 대상 ID:T4OE4
2024-04-26 07:24:30.289    INFO [Project-ASet-worker        ] -                 INFO: ASet[Success]
2024-04-26 07:24:30.289    INFO [Project-ASet-worker        ] -                 INFO: ASet[Start] 대상 ID:FU11P
2024-04-26 07:24:30.289    INFO [Project-ASet-worker        ] -                 INFO: ASet[Success]
2024-04-26 07:24:30.290    INFO [Project-ASet-worker        ] -                 INFO: ASet[Start] 대상 ID:ZA6CT
2024-04-26 07:24:30.290    INFO [Project-ASet-worker        ] -                 INFO: ASet[Success]
2024-04-26 07:24:31.013    INFO [Project-ASet-worker        ] -                 INFO: ASet[Start] 대상 ID:DVHQB
2024-04-26 07:24:31.014    INFO [Project-ASet-worker        ] -                 INFO: ASet[Start] 대상 ID:T4OE4
2024-04-26 07:24:31.013    INFO [Project-ASet-worker        ] -                 INFO: ASet[Success]
2024-04-26 07:24:31.016    INFO [Project-ASet-worker        ] -                 INFO: ASet[Success]
2024-04-26 07:24:31.017    INFO [Project-ASet-worker        ] -                 INFO: ASet[Success]
2024-04-26 07:24:31.016    INFO [Project-ASet-worker        ] -                 INFO: ASet[Start] 대상 ID:FU11P
2024-04-26 07:24:31.016    INFO [Project-ASet-worker        ] -                 INFO: ASet[Success]
2024-04-26 07:24:31.017    INFO [Project-ASet-worker        ] -                 INFO: ASet[Start] 대상 ID:ZA6CT
2024-04-26 07:24:31.653    INFO [Project-ASet-worker        ] -                 INFO: ASet[Start] 대상 ID:ZA6CT
2024-04-26 07:24:31.653    INFO [Project-ASet-worker        ] -                 INFO: ASet[Success]
2024-04-26 07:24:31.652    INFO [Project-ASet-worker        ] -                 INFO: ASet[Start] 대상 ID:DVHQB
2024-04-26 07:24:31.653    INFO [Project-ASet-worker        ] -                 INFO: ASet[Success]
2024-04-26 07:24:31.653    INFO [Project-ASet-worker        ] -                 INFO: ASet[Start] 대상 ID:T4OE4
2024-04-26 07:24:31.653    INFO [Project-ASet-worker        ] -                 INFO: ASet[Success]
2024-04-26 07:24:31.653    INFO [Project-ASet-worker        ] -                 INFO: ASet[Start] 대상 ID:FU11P
2024-04-26 07:24:31.653    INFO [Project-ASet-worker        ] -                 INFO: ASet[Success]
2024-04-26 07:24:32.552    INFO [Project-ASet-worker        ] -                 INFO: ASet[Start] 대상 ID:DVHQB
2024-04-26 07:24:32.556    INFO [Project-ASet-worker        ] -                 INFO: ASet[Start] 대상 ID:FU11P
2024-04-26 07:24:32.553    INFO [Project-ASet-worker        ] -                 INFO: ASet[Success]
2024-04-26 07:24:32.554    INFO [Project-ASet-worker        ] -                 INFO: ASet[Start] 대상 ID:T4OE4
2024-04-26 07:24:32.555    INFO [Project-ASet-worker        ] -                 INFO: ASet[Success]
2024-04-26 07:24:32.569    INFO [Project-ASet-worker        ] -                 INFO: ASet[Success]
2024-04-26 07:24:32.570    INFO [Project-ASet-worker        ] -                 INFO: ASet[Start] 대상 ID:ZA6CT
2024-04-26 07:24:32.574    INFO [Project-ASet-worker        ] -                 INFO: ASet[Success]
2024-04-26 07:24:33.127    INFO [Project-ASet-worker        ] -                 INFO: ASet[Start] 대상 ID:DVHQB
2024-04-26 07:24:33.128    INFO [Project-ASet-worker        ] -                 INFO: ASet[Success]
2024-04-26 07:24:33.128    INFO [Project-ASet-worker        ] -                 INFO: ASet[Start] 대상 ID:T4OE4
2024-04-26 07:24:33.129    INFO [Project-ASet-worker        ] -                 INFO: ASet[Success]
2024-04-26 07:24:33.129    INFO [Project-ASet-worker        ] -                 INFO: ASet[Start] 대상 ID:FU11P
2024-04-26 07:24:33.129    INFO [Project-ASet-worker        ] -                 INFO: ASet[Success]
2024-04-26 07:24:33.129    INFO [Project-ASet-worker        ] -                 INFO: ASet[Success]
2024-04-26 07:24:33.129    INFO [Project-ASet-worker        ] -                 INFO: ASet[Start] 대상 ID:ZA6CT
2024-04-26 07:24:33.973    INFO [Project-ASet-worker        ] -                 INFO: ASet[Start] 대상 ID:DVHQB
2024-04-26 07:24:33.974    INFO [Project-ASet-worker        ] -                 INFO: ASet[Success]
2024-04-26 07:24:33.976    INFO [Project-ASet-worker        ] -                 INFO: ASet[Start] 대상 ID:FU11P
2024-04-26 07:24:33.974    INFO [Project-ASet-worker        ] -                 INFO: ASet[Start] 대상 ID:T4OE4
2024-04-26 07:24:33.975    INFO [Project-ASet-worker        ] -                 INFO: ASet[Success]
2024-04-26 07:24:33.976    INFO [Project-ASet-worker        ] -                 INFO: ASet[Success]
2024-04-26 07:24:33.976    INFO [Project-ASet-worker        ] -                 INFO: ASet[Start] 대상 ID:ZA6CT
2024-04-26 07:24:33.977    INFO [Project-ASet-worker        ] -                 INFO: ASet[Success]
2024-04-26 07:24:34.919    INFO [Project-ASet-worker        ] -                 INFO: ASet[Start] 대상 ID:DVHQB
2024-04-26 07:24:34.920    INFO [Project-ASet-worker        ] -                 INFO: ASet[Start] 대상 ID:T4OE4
2024-04-26 07:24:34.920    INFO [Project-ASet-worker        ] -                 INFO: ASet[Success]
2024-04-26 07:24:34.920    INFO [Project-ASet-worker        ] -                 INFO: ASet[Success]
2024-04-26 07:24:34.920    INFO [Project-ASet-worker        ] -                 INFO: ASet[Start] 대상 ID:FU11P
2024-04-26 07:24:34.920    INFO [Project-ASet-worker        ] -                 INFO: ASet[Success]
2024-04-26 07:24:34.920    INFO [Project-ASet-worker        ] -                 INFO: ASet[Start] 대상 ID:ZA6CT
2024-04-26 07:24:34.920    INFO [Project-ASet-worker        ] -                 INFO: ASet[Success]
2024-04-26 07:24:35.623    INFO [Project-ASet-worker        ] -                 INFO: ASet[Start] 대상 ID:DVHQB
2024-04-26 07:24:35.623    INFO [Project-ASet-worker        ] -                 INFO: ASet[Success]
2024-04-26 07:24:35.624    INFO [Project-ASet-worker        ] -                 INFO: ASet[Start] 대상 ID:T4OE4
2024-04-26 07:24:35.624    INFO [Project-ASet-worker        ] -                 INFO: ASet[Success]
2024-04-26 07:24:35.628    INFO [Project-ASet-worker        ] -                 INFO: ASet[Start] 대상 ID:FU11P
2024-04-26 07:24:35.629    INFO [Project-ASet-worker        ] -                 INFO: ASet[Success]
2024-04-26 07:24:35.633    INFO [Project-ASet-worker        ] -                 INFO: ASet[Start] 대상 ID:ZA6CT
2024-04-26 07:24:35.634    INFO [Project-ASet-worker        ] -                 INFO: ASet[Success]
2024-04-26 07:24:36.226    INFO [Project-ASet-worker        ] -                 INFO: ASet[Start] 대상 ID:DVHQB
2024-04-26 07:24:36.229    INFO [Project-ASet-worker        ] -                 INFO: ASet[Success]
2024-04-26 07:24:36.227    INFO [Project-ASet-worker        ] -                 INFO: ASet[Success]
2024-04-26 07:24:36.227    INFO [Project-ASet-worker        ] -                 INFO: ASet[Start] 대상 ID:T4OE4
2024-04-26 07:24:36.227    INFO [Project-ASet-worker        ] -                 INFO: ASet[Success]
2024-04-26 07:24:36.228    INFO [Project-ASet-worker        ] -                 INFO: ASet[Start] 대상 ID:FU11P
2024-04-26 07:24:36.228    INFO [Project-ASet-worker        ] -                 INFO: ASet[Success]
2024-04-26 07:24:36.228    INFO [Project-ASet-worker        ] -                 INFO: ASet[Start] 대상 ID:ZA6CT
2024-04-26 11:54:29.358   DEBUG [Timer-0                    ] -                DEBUG: 주식가격 변경되었습니다

{"TCSE":[3920,true,0,"신규 기능 출시로 기대감 상승",0,[]],"CAPE":[1728,true,1,"경영진 갈등으로 회사 내부 불안",1,[]],"COEN":[1679,true,2,"핵심 임직원 이탈로 조직 안정성 저하",2,[]],"CBEN":[3609,true,3,"콘텐츠 부진",1,[]]}
2024-04-26 11:54:29.379   DEBUG [Timer-0                    ] -                DEBUG: 주식가격 변경되었습니다

{"TCSE":[3943,true,0,"효율적인 비즈니스 프로세스 구축",0,[]],"CAPE":[1719,true,1,"감염 예방을 위한 새로운 의약품 개발",0,[]],"COEN":[1683,true,2,"환경 친화적 제품 라인업",0,[]],"CBEN":[3643,true,3,"글로벌 엔터테인먼트 트렌드를 반영",0,[]]}
2024-04-26 11:54:29.396   DEBUG [Timer-0                    ] -                DEBUG: 주식가격 변경되었습니다

{"TCSE":[3928,true,0,"기업 내부 정보 유출에 대한 우려",2,[]],"CAPE":[1720,true,1,"자연 속에 치유를 찾는 치유 여행 프로그램",0,[]],"COEN":[1683,true,2,"환경 책임 경영에 대한 긍정적 평가",0,[]],"CBEN":[3649,true,3,"최신 인기 콘텐츠 진행",0,[]]}
2024-04-26 12:28:52.248   DEBUG [Timer-0                    ] -                DEBUG: 주식가격 변경되었습니다

{"TCSE":[3943,true,0,"글로벌 경제 여건에 대한 대응력 강화",0,[]],"CAPE":[1727,true,1,"건강식품 수요 증가에 따른 성장",0,[]],"COEN":[1677,true,2,"환경 기술 혁신 부재",1,[]],"CBEN":[3651,true,3,"핵심 임직원 이탈로 조직 안정성 저하",2,[]]}
2024-04-26 16:03:59.424   DEBUG [Timer-0                    ] -                DEBUG: 주식가격 변경되었습니다

{"TCSE":[3945,true,0,"환경 친화적 제품 출시로 호감도 상승",0,[]],"CAPE":[1734,true,1,"감염 예방을 위한 새로운 의약품 개발",0,[]],"COEN":[1669,true,2,"환경 변화에 대한 대비 부족으로 리스크 상승",2,[]],"CBEN":[3624,true,3,"엔터테인먼트 기술 혁신",0,[]]}
2024-04-26 16:03:59.452   DEBUG [Timer-0                    ] -                DEBUG: 주식가격 변경되었습니다

{"TCSE":[3913,true,0,"품질 관리 미흡으로 불량률 상승",1,[]],"CAPE":[1738,true,1,"자연 속에 치유를 찾는 치유 여행 프로그램",0,[]],"COEN":[1667,true,2,"경영진의 투명성 부족으로 신뢰 감소",2,[]],"CBEN":[3624,true,3,"글로벌 엔터테인먼트 시장 선도적 역할",0,[]]}
2024-04-26 16:03:59.471   DEBUG [Timer-0                    ] -                DEBUG: 주식가격 변경되었습니다

{"TCSE":[3932,true,0,"코로나19 대유행으로 인한 경영 난관",2,[]],"CAPE":[1738,true,1,"소송 발생으로 리스크 증가",1,[]],"COEN":[1667,true,2,"코로나19 대유행으로 인한 경영 난관",2,[]],"CBEN":[3646,true,3,"글로벌 엔터테인먼트 시장 선도적 역할",0,[]]}
2024-04-26 16:03:59.485   DEBUG [Timer-0                    ] -                DEBUG: 주식가격 변경되었습니다

{"TCSE":[3932,true,0,"종업원 파업으로 인한 생산 차질",1,[]],"CAPE":[1741,true,1,"글로벌 이슈에 대한 대응 부재",2,[]],"COEN":[1665,true,2,"환경 친화적 제품 라인업",0,[]],"CBEN":[3621,true,3,"엔터테인먼트 기술 경쟁 치열",1,[]]}
2024-04-26 20:24:34.495    INFO [Project-ASet-worker        ] -                 INFO: ASet[Start] 대상 ID:DVHQB
2024-04-26 20:24:34.496    INFO [Project-ASet-worker        ] -                 INFO: ASet[Success]
2024-04-26 20:24:34.496    INFO [Project-ASet-worker        ] -                 INFO: ASet[Start] 대상 ID:T4OE4
2024-04-26 20:24:34.500    INFO [Project-ASet-worker        ] -                 INFO: ASet[Success]
2024-04-26 20:24:34.496    INFO [Project-ASet-worker        ] -                 INFO: ASet[Success]
2024-04-26 20:24:34.497    INFO [Project-ASet-worker        ] -                 INFO: ASet[Start] 대상 ID:FU11P
2024-04-26 20:24:34.497    INFO [Project-ASet-worker        ] -                 INFO: ASet[Success]
2024-04-26 20:24:34.499    INFO [Project-ASet-worker        ] -                 INFO: ASet[Start] 대상 ID:ZA6CT
2024-04-26 20:25:10.613    INFO [Project-ASet-worker        ] -                 INFO: ASet[Start] 대상 ID:DVHQB
2024-04-26 20:25:10.615    INFO [Project-ASet-worker        ] -                 INFO: ASet[Success]
2024-04-26 20:25:10.618    INFO [Project-ASet-worker        ] -                 INFO: ASet[Start] 대상 ID:T4OE4
2024-04-26 20:25:10.619    INFO [Project-ASet-worker        ] -                 INFO: ASet[Success]
2024-04-26 20:25:10.620    INFO [Project-ASet-worker        ] -                 INFO: ASet[Start] 대상 ID:FU11P
2024-04-26 20:25:10.642    INFO [Project-ASet-worker        ] -                 INFO: ASet[Success]
2024-04-26 20:25:10.643    INFO [Project-ASet-worker        ] -                 INFO: ASet[Success]
2024-04-26 20:25:10.643    INFO [Project-ASet-worker        ] -                 INFO: ASet[Start] 대상 ID:ZA6CT
2024-04-26 20:25:51.578    INFO [Project-ASet-worker        ] -                 INFO: ASet[Start] 대상 ID:DVHQB
2024-04-26 20:25:51.586    INFO [Project-ASet-worker        ] -                 INFO: ASet[Success]
2024-04-26 20:25:51.591    INFO [Project-ASet-worker        ] -                 INFO: ASet[Success]
2024-04-26 20:25:51.589    INFO [Project-ASet-worker        ] -                 INFO: ASet[Start] 대상 ID:T4OE4
2024-04-26 20:25:51.589    INFO [Project-ASet-worker        ] -                 INFO: ASet[Success]
2024-04-26 20:25:51.590    INFO [Project-ASet-worker        ] -                 INFO: ASet[Start] 대상 ID:FU11P
2024-04-26 20:25:51.590    INFO [Project-ASet-worker        ] -                 INFO: ASet[Success]
2024-04-26 20:25:51.591    INFO [Project-ASet-worker        ] -                 INFO: ASet[Start] 대상 ID:ZA6CT
2024-04-26 20:26:02.604    INFO [Project-ASet-worker        ] -                 INFO: ASet[Success]
2024-04-26 20:26:02.605    INFO [Project-ASet-worker        ] -                 INFO: ASet[Start] 대상 ID:FU11P
2024-04-26 20:26:02.604    INFO [Project-ASet-worker        ] -                 INFO: ASet[Start] 대상 ID:T4OE4
2024-04-26 20:26:02.605    INFO [Project-ASet-worker        ] -                 INFO: ASet[Success]
2024-04-26 20:26:02.603    INFO [Project-ASet-worker        ] -                 INFO: ASet[Start] 대상 ID:DVHQB
2024-04-26 20:26:02.606    INFO [Project-ASet-worker        ] -                 INFO: ASet[Success]
2024-04-26 20:26:02.606    INFO [Project-ASet-worker        ] -                 INFO: ASet[Start] 대상 ID:ZA6CT
2024-04-26 20:26:02.607    INFO [Project-ASet-worker        ] -                 INFO: ASet[Success]
2024-04-26 20:26:52.831    INFO [Project-ASet-worker        ] -                 INFO: ASet[Start] 대상 ID:DVHQB
2024-04-26 20:26:52.839    INFO [Project-ASet-worker        ] -                 INFO: ASet[Success]
2024-04-26 20:26:52.847    INFO [Project-ASet-worker        ] -                 INFO: ASet[Start] 대상 ID:T4OE4
2024-04-26 20:26:52.848    INFO [Project-ASet-worker        ] -                 INFO: ASet[Success]
2024-04-26 20:26:52.848    INFO [Project-ASet-worker        ] -                 INFO: ASet[Start] 대상 ID:FU11P
2024-04-26 20:26:52.848    INFO [Project-ASet-worker        ] -                 INFO: ASet[Success]
2024-04-26 20:26:52.849    INFO [Project-ASet-worker        ] -                 INFO: ASet[Start] 대상 ID:ZA6CT
2024-04-26 20:26:52.850    INFO [Project-ASet-worker        ] -                 INFO: ASet[Success]
2024-04-26 20:27:05.933    INFO [Project-ASet-worker        ] -                 INFO: ASet[Success]
2024-04-26 20:27:05.934    INFO [Project-ASet-worker        ] -                 INFO: ASet[Success]
2024-04-26 20:27:05.933    INFO [Project-ASet-worker        ] -                 INFO: ASet[Start] 대상 ID:T4OE4
2024-04-26 20:27:05.932    INFO [Project-ASet-worker        ] -                 INFO: ASet[Start] 대상 ID:DVHQB
2024-04-26 20:27:05.934    INFO [Project-ASet-worker        ] -                 INFO: ASet[Start] 대상 ID:FU11P
2024-04-26 20:27:05.935    INFO [Project-ASet-worker        ] -                 INFO: ASet[Success]
2024-04-26 20:27:05.935    INFO [Project-ASet-worker        ] -                 INFO: ASet[Success]
2024-04-26 20:27:05.935    INFO [Project-ASet-worker        ] -                 INFO: ASet[Start] 대상 ID:ZA6CT
2024-04-26 20:27:50.239    INFO [Project-ASet-worker        ] -                 INFO: ASet[Start] 대상 ID:DVHQB
2024-04-26 20:27:50.250    INFO [Project-ASet-worker        ] -                 INFO: ASet[Success]
2024-04-26 20:27:50.253    INFO [Project-ASet-worker        ] -                 INFO: ASet[Success]
2024-04-26 20:27:50.252    INFO [Project-ASet-worker        ] -                 INFO: ASet[Start] 대상 ID:T4OE4
2024-04-26 20:27:50.254    INFO [Project-ASet-worker        ] -                 INFO: ASet[Start] 대상 ID:FU11P
2024-04-26 20:27:50.255    INFO [Project-ASet-worker        ] -                 INFO: ASet[Success]
2024-04-26 20:27:50.256    INFO [Project-ASet-worker        ] -                 INFO: ASet[Start] 대상 ID:ZA6CT
2024-04-26 20:27:50.257    INFO [Project-ASet-worker        ] -                 INFO: ASet[Success]
2024-04-26 20:27:59.640    INFO [Project-ASet-worker        ] -                 INFO: ASet[Start] 대상 ID:DVHQB
2024-04-26 20:27:59.657    INFO [Project-ASet-worker        ] -                 INFO: ASet[Start] 대상 ID:ZA6CT
2024-04-26 20:27:59.658    INFO [Project-ASet-worker        ] -                 INFO: ASet[Success]
2024-04-26 20:27:59.653    INFO [Project-ASet-worker        ] -                 INFO: ASet[Success]
2024-04-26 20:27:59.655    INFO [Project-ASet-worker        ] -                 INFO: ASet[Start] 대상 ID:T4OE4
2024-04-26 20:27:59.656    INFO [Project-ASet-worker        ] -                 INFO: ASet[Success]
2024-04-26 20:27:59.657    INFO [Project-ASet-worker        ] -                 INFO: ASet[Success]
2024-04-26 20:27:59.656    INFO [Project-ASet-worker        ] -                 INFO: ASet[Start] 대상 ID:FU11P
2024-04-26 20:28:55.860    INFO [Project-ASet-worker        ] -                 INFO: ASet[Start] 대상 ID:DVHQB
2024-04-26 20:28:55.867    INFO [Project-ASet-worker        ] -                 INFO: ASet[Start] 대상 ID:T4OE4
2024-04-26 20:28:55.862    INFO [Project-ASet-worker        ] -                 INFO: ASet[Success]
2024-04-26 20:28:55.868    INFO [Project-ASet-worker        ] -                 INFO: ASet[Success]
2024-04-26 20:28:55.875    INFO [Project-ASet-worker        ] -                 INFO: ASet[Start] 대상 ID:FU11P
2024-04-26 20:28:55.875    INFO [Project-ASet-worker        ] -                 INFO: ASet[Success]
2024-04-26 20:28:55.876    INFO [Project-ASet-worker        ] -                 INFO: ASet[Success]
2024-04-26 20:28:55.876    INFO [Project-ASet-worker        ] -                 INFO: ASet[Start] 대상 ID:ZA6CT
2024-04-26 20:53:50.585   DEBUG [Timer-0                    ] -                DEBUG: 주식가격 변경되었습니다

{"TCSE":[3898,true,0,"지속 가능한 경영으로 사회적 기업 이미지 강화",0,[]],"CAPE":[1737,true,1,"사용자 데이터 유출 사건으로 신뢰 손상",1,[]],"COEN":[1657,true,2,"경영진의 투명성 부족으로 신뢰 감소",2,[]],"CBEN":[3625,true,3,"글로벌 엔터테인먼트 전략 부재",2,[]]}
2024-04-26 20:53:50.604   DEBUG [Timer-0                    ] -                DEBUG: 주식가격 변경되었습니다

{"TCSE":[3898,true,0,"전략적 파트너십 해지로 영업 손실",1,[]],"CAPE":[1739,true,1,"글로벌 이슈에 대한 대응 부재",2,[]],"COEN":[1647,true,2,"환경 기업 내부 정보 유출에 대한 우려",2,[]],"CBEN":[3589,true,3,"엔터테인먼트 기술 경쟁 치열",1,[]]}
2024-04-26 20:53:50.628   DEBUG [Timer-0                    ] -                DEBUG: 주식가격 변경되었습니다

{"TCSE":[3890,true,0,"사회적 책임에 대한 불만이 커지는 추세",2,[]],"CAPE":[1731,true,1,"신기술 도입으로 미래 전망 긍정적",2,[]],"COEN":[1644,true,2,"사회적 책임에 대한 불만이 커지는 추세",2,[]],"CBEN":[3619,true,3,"글로벌 경제 불안",1,[]]}
2024-04-26 20:53:50.654   DEBUG [Timer-0                    ] -                DEBUG: 주식가격 변경되었습니다

{"TCSE":[3909,true,0,"전략적 비전 부재로 사업 방향성 불분명",2,[]],"CAPE":[1726,true,1,"글로벌 이슈에 대한 대응 부재",2,[]],"COEN":[1643,true,2,"환경 전략 부재로 사업 방향성 불분명",2,[]],"CBEN":[3614,true,3,"글로벌 엔터테인먼트 트렌드 미흡",1,[]]}
2024-04-26 21:23:12.696   DEBUG [Timer-0                    ] -                DEBUG: 주식가격 변경되었습니다

{"TCSE":[3904,true,0,"신기술 도입으로 미래 전망 긍정적",2,[]],"CAPE":[1722,true,1,"예측불가능한 사건으로 인한 영향 파악 어려움",2,[]],"COEN":[1644,true,2,"환경 기업 내부 정보 유출에 대한 우려",2,[]],"CBEN":[3621,true,3,"엔터테인먼트 기술 혁신",0,[]]}
2024-04-27 01:15:48.261   DEBUG [Timer-0                    ] -                DEBUG: 주식가격 변경되었습니다

{"TCSE":[3896,true,0,"기업 내부 정보 유출에 대한 우려",2,[]],"CAPE":[1723,true,1,"코로나19 대유행으로 인한 경영 난관",2,[]],"COEN":[1645,true,2,"자원 확보 어려움으로 인한 생산 차질",2,[]],"CBEN":[3649,true,3,"엔터테인먼트 기술 혁신",0,[]]}
2024-04-27 01:15:48.285   DEBUG [Timer-0                    ] -                DEBUG: 주식가격 변경되었습니다

{"TCSE":[3894,true,0,"서비스 장애로 불만족 증가",1,[]],"CAPE":[1722,true,1,"사용자 데이터 유출 사건으로 신뢰 손상",1,[]],"COEN":[1646,true,2,"자원 확보 어려움으로 인한 생산 차질",2,[]],"CBEN":[3662,true,3,"수익 하락",1,[]]}
2024-04-27 01:15:48.306   DEBUG [Timer-0                    ] -                DEBUG: 주식가격 변경되었습니다

{"TCSE":[3865,true,0,"금융 위기로 인한 영향 커짐",1,[]],"CAPE":[1732,true,1,"건강식품 수요 증가에 따른 성장",0,[]],"COEN":[1644,true,2,"환경 변화에 대한 대비 부족으로 리스크 상승",2,[]],"CBEN":[3636,true,3,"시장 경쟁 악화",1,[]]}
2024-04-27 01:15:48.327   DEBUG [Timer-0                    ] -                DEBUG: 주식가격 변경되었습니다

{"TCSE":[3866,true,0,"신뢰성 높은 보안 시스템 도입",0,[]],"CAPE":[1723,true,1,"신기술 도입으로 미래 전망 긍정적",2,[]],"COEN":[1659,true,2,"친환경 인프라 사업",0,[]],"CBEN":[3636,true,3,"수요 증가에 따른 수익 상승",0,[]]}
2024-04-27 03:45:25.039   DEBUG [Timer-0                    ] -                DEBUG: 주식가격 변경되었습니다

{"TCSE":[3867,true,0,"긍정적인 인터뷰로 신뢰 회복",0,[]],"CAPE":[1730,true,1,"글로벌 경제 불안으로 인한 영향",2,[]],"COEN":[1657,true,2,"사회적 책임에 대한 불만이 커지는 추세",2,[]],"CBEN":[3626,true,3,"경영진 변동",1,[]]}
2024-04-27 03:45:25.062   DEBUG [Timer-0                    ] -                DEBUG: 주식가격 변경되었습니다

{"TCSE":[3828,true,0,"글로벌 경제 여건에 대한 대응력 강화",0,[]],"CAPE":[1720,true,1,"긴급 상황 대비를 위한 응급 의료 솔루션 개발",0,[]],"COEN":[1665,true,2,"환경 보호 정책 불확실성",1,[]],"CBEN":[3653,true,3,"시장 경쟁 악화",1,[]]}
2024-04-27 04:45:15.102   DEBUG [Timer-0                    ] -                DEBUG: 주식가격 변경되었습니다

{"TCSE":[3809,true,0,"신기술 도입으로 미래 전망 긍정적",2,[]],"CAPE":[1718,true,1,"전략적 파트너십 해지로 영업 손실",1,[]],"COEN":[1670,true,2,"환경 친화적 제품 라인업",0,[]],"CBEN":[3652,true,3,"글로벌 경제 불안으로 인한 영향",2,[]]}
2024-04-27 05:41:48.795   DEBUG [Timer-0                    ] -                DEBUG: 주식가격 변경되었습니다

{"TCSE":[3783,true,0,"긍정적인 인터뷰로 신뢰 회복",0,[]],"CAPE":[1734,true,1,"비즈니스 모델 쇠퇴로 수익 감소",1,[]],"COEN":[1662,true,2,"예측불가능한 환경 변화",2,[]],"CBEN":[3673,true,3,"엔터테인먼트 기업 내부 정보 유출에 대한 우려",2,[]]}
2024-04-27 07:23:22.040   DEBUG [Timer-0                    ] -                DEBUG: 주식가격 변경되었습니다

{"TCSE":[3797,true,0,"기술력 미흡으로 시장 경쟁력 하락",2,[]],"CAPE":[1741,true,1,"기술 문제로 제품 불만족이 급증",1,[]],"COEN":[1655,true,2,"환경 보호 정책의 긍정적 영향",0,[]],"CBEN":[3653,true,3,"경영진의 투명성 부족으로 신뢰 감소",2,[]]}
2024-04-27 07:23:22.062   DEBUG [Timer-0                    ] -                DEBUG: 주식가격 변경되었습니다

{"TCSE":[3770,true,0,"보안 취약점으로 우려 상승",1,[]],"CAPE":[1744,true,1,"환자 경험 개선으로 긍정적 평가",0,[]],"COEN":[1650,true,2,"글로벌 경제 불안으로 인한 영향",2,[]],"CBEN":[3651,true,3,"사회적 책임에 대한 불만이 커지는 추세",2,[]]}
2024-04-27 08:23:42.091   DEBUG [Timer-0                    ] -                DEBUG: 주식가격 변경되었습니다

{"TCSE":[3745,true,0,"사용자 데이터 유출 사건으로 신뢰 손상",1,[]],"CAPE":[1744,true,1,"의료 기술 혁신으로 인한 업계 선도",0,[]],"COEN":[1646,true,2,"코로나19 대유행으로 인한 경영 난관",2,[]],"CBEN":[3618,true,3,"엔터테인먼트 기술 혁신",2,[]]}
2024-04-27 09:00:00.058   DEBUG [Timer-0                    ] -                DEBUG: 주식가격 변경되었습니다

{"TCSE":[3758,true,0,"사내 인재 발굴 및 육성으로 업무 성과 향상",0,[]],"CAPE":[1740,true,1,"자원 확보 어려움으로 인한 생산 차질",2,[]],"COEN":[1634,true,2,"환경 친화적 제품 수요 부진",1,[]],"CBEN":[3618,true,3,"콘텐츠 부진",1,[]]}
2024-04-27 11:38:16.253   DEBUG [Timer-0                    ] -                DEBUG: 주식가격 변경되었습니다

{"TCSE":[3724,true,0,"비즈니스 모델 쇠퇴로 수익 감소",1,[]],"CAPE":[1736,true,1,"지속적인 연구 및 개발 부재로 혁신성 부족",2,[]],"COEN":[1635,true,2,"지속적인 연구 및 개발 부재로 혁신성 부족",2,[]],"CBEN":[3637,true,3,"코로나19 대유행으로 인한 경영 난관",2,[]]}
2024-04-27 11:38:16.277   DEBUG [Timer-0                    ] -                DEBUG: 주식가격 변경되었습니다

{"TCSE":[3724,true,0,"금융 위기로 인한 영향 커짐",1,[]],"CAPE":[1746,true,1,"전략적 비전 부재로 사업 방향성 불분명",2,[]],"COEN":[1647,true,2,"지속 가능한 비즈니스 전략",0,[]],"CBEN":[3635,true,3,"판권 문제로 수익 부진",1,[]]}
2024-04-27 11:46:13.130    INFO [Project-atten-worker-3     ] -                 INFO: 프로젝트 atten 컴파일 중...
2024-04-27 11:46:13.132    INFO [Project-ASet-worker        ] -                 INFO: ASet[Start] 대상 ID:DVHQB
2024-04-27 11:46:13.153    INFO [Project-ASet-worker        ] -                 INFO: ASet[Stars Count]: 27
2024-04-27 11:46:13.157    INFO [Project-ASet-worker        ] -                 INFO: ASet[Success]
2024-04-27 11:46:13.159    INFO [Project-ASet-worker        ] -                 INFO: ASet[Start] 대상 ID:T4OE4
2024-04-27 11:46:13.182    INFO [Project-ASet-worker        ] -                 INFO: ASet[Stars Count]: 27
2024-04-27 11:46:13.183    INFO [Project-ASet-worker        ] -                 INFO: ASet[Success]
2024-04-27 11:46:13.184    INFO [Project-ASet-worker        ] -                 INFO: ASet[Start] 대상 ID:FU11P
2024-04-27 11:46:13.185    INFO [Project-ASet-worker        ] -                 INFO: ASet[Success]
2024-04-27 11:46:13.193    INFO [Project-ASet-worker        ] -                 INFO: ASet[Success]
2024-04-27 11:46:13.192    INFO [Project-ASet-worker        ] -                 INFO: ASet[Start] 대상 ID:ZA6CT
2024-04-27 11:46:14.116    INFO [Project-admin-worker-3     ] -                 INFO: 프로젝트 admin 컴파일 중...
2024-04-27 11:46:16.394    INFO [Project-Normal-worker-2    ] -                 INFO: 프로젝트 Normal 컴파일 중...
2024-04-27 11:46:16.844    INFO [Project-chat_history-worker] -                 INFO: 프로젝트 chat_history 컴파일 중...
2024-04-27 11:46:17.498    INFO [Project-mention-worker-3   ] -                 INFO: 프로젝트 mention 컴파일 중...
2024-04-27 11:46:17.973    INFO [Project-eval-worker-2      ] -                 INFO: 프로젝트 eval 컴파일 중...
2024-04-27 11:46:18.683    INFO [Project-Me-worker-3        ] -                 INFO: 프로젝트 Me 컴파일 중...
2024-04-27 11:46:19.153    INFO [Project-Discord-worker-1   ] -                 INFO: 프로젝트 Discord 컴파일 중...
2024-04-27 11:46:19.655    INFO [Project-sign-up-worker-3   ] -                 INFO: 프로젝트 sign-up 컴파일 중...
2024-04-27 11:46:20.141    INFO [Project-reply-worker-3     ] -                 INFO: 프로젝트 reply 컴파일 중...
2024-04-27 11:46:21.759    INFO [Project-entrance-worker-3  ] -                 INFO: 프로젝트 entrance 컴파일 중...
2024-04-27 11:46:21.792    INFO [Project-stock-worker-3     ] -                 INFO: 프로젝트 stock 컴파일 중...
2024-04-27 11:46:23.285   DEBUG [Project-stock-worker-3     ] -                DEBUG: [stock_m] delay: undefined
2024-04-27 11:46:23.302    INFO [Project-ASet-worker        ] -                 INFO: 프로젝트 ASet 컴파일 중...
2024-04-27 11:46:39.081   ERROR [Project-ASet-worker        ] -         Project-ASet: Error while running: org.mozilla.javascript.EcmaError: TypeError: Cannot find function read in object [object Object]. (ASet#56)
2024-04-27 11:46:39.096   ERROR [Project-ASet-worker        ] -                 ASet: 프로젝트 'ASet' 종료중...
2024-04-27 11:46:39.098   DEBUG [Project-ASet-worker        ] -            JobLocker: 부모 Project-ASet-worker 의 모든 작업 release 완료
2024-04-27 11:46:39.100   ERROR [Project-ASet-worker        ] - NotificationListener: 프로젝트 'ASet'의 이벤트 호출 실패: org.mozilla.javascript.EcmaError: TypeError: Cannot find function read in object [object Object]. (ASet#56)
2024-04-27 11:46:39.101    INFO [Project-ASet-worker        ] -            JobLocker: 작업 release를 기다리지 못함: 작업 Project-ASet-worker 가 등록되지 않았거나 이미 release됨
2024-04-27 11:47:16.841    INFO [Project-ASet-worker        ] -                 INFO: 프로젝트 ASet 컴파일 중...
2024-04-27 11:47:35.527   ERROR [Project-eval-worker-3      ] -         Project-eval: Error while running: org.mozilla.javascript.EcmaError: TypeError: Cannot find function read in object [object Object]. (eval#81)
2024-04-27 11:47:35.539   ERROR [Project-eval-worker-3      ] - NotificationListener: 프로젝트 'eval'의 이벤트 호출 실패: org.mozilla.javascript.EcmaError: TypeError: Cannot find function read in object [object Object]. (eval#81)
2024-04-27 11:47:50.387   ERROR [Project-eval-worker-1      ] -         Project-eval: Error while running: org.mozilla.javascript.EcmaError: TypeError: Cannot find function read in object [object Object]. (eval#81)
2024-04-27 11:47:50.395   ERROR [Project-eval-worker-1      ] - NotificationListener: 프로젝트 'eval'의 이벤트 호출 실패: org.mozilla.javascript.EcmaError: TypeError: Cannot find function read in object [object Object]. (eval#81)
2024-04-27 11:47:56.181   ERROR [Project-eval-worker-2      ] -         Project-eval: Error while running: org.mozilla.javascript.EcmaError: TypeError: Cannot find function read in object [object Object]. (eval#81)
2024-04-27 11:47:56.186   ERROR [Project-eval-worker-2      ] - NotificationListener: 프로젝트 'eval'의 이벤트 호출 실패: org.mozilla.javascript.EcmaError: TypeError: Cannot find function read in object [object Object]. (eval#81)
2024-04-27 11:50:14.267    INFO [Project-eval-worker-3      ] -                 INFO: 프로젝트 eval 컴파일 중...
2024-04-27 11:50:21.216   ERROR [Project-eval-worker-1      ] -         Project-eval: Error while running: org.mozilla.javascript.EcmaError: TypeError: Cannot find function read in object [object Object]. (eval#81)
2024-04-27 11:50:21.221   ERROR [Project-eval-worker-1      ] - NotificationListener: 프로젝트 'eval'의 이벤트 호출 실패: org.mozilla.javascript.EcmaError: TypeError: Cannot find function read in object [object Object]. (eval#81)
2024-04-27 11:52:27.602    INFO [Project-atten-worker-2     ] -                 INFO: 프로젝트 atten 컴파일 중...
2024-04-27 11:52:27.874    INFO [Project-admin-worker-2     ] -                 INFO: 프로젝트 admin 컴파일 중...
2024-04-27 11:52:28.381    INFO [Project-Normal-worker-1    ] -                 INFO: 프로젝트 Normal 컴파일 중...
2024-04-27 11:52:28.811    INFO [Project-chat_history-worker] -                 INFO: 프로젝트 chat_history 컴파일 중...
2024-04-27 11:52:29.033    INFO [Project-mention-worker-2   ] -                 INFO: 프로젝트 mention 컴파일 중...
2024-04-27 11:52:29.254    INFO [Project-eval-worker-3      ] -                 INFO: 프로젝트 eval 컴파일 중...
2024-04-27 11:52:29.586    INFO [Project-Me-worker-1        ] -                 INFO: 프로젝트 Me 컴파일 중...
2024-04-27 11:52:29.847    INFO [Project-Discord-worker-2   ] -                 INFO: 프로젝트 Discord 컴파일 중...
2024-04-27 11:52:30.080    INFO [Project-sign-up-worker-1   ] -                 INFO: 프로젝트 sign-up 컴파일 중...
2024-04-27 11:52:30.423    INFO [Project-reply-worker-2     ] -                 INFO: 프로젝트 reply 컴파일 중...
2024-04-27 11:52:31.049    INFO [Project-entrance-worker-2  ] -                 INFO: 프로젝트 entrance 컴파일 중...
2024-04-27 11:52:31.079    INFO [Project-stock-worker-1     ] -                 INFO: 프로젝트 stock 컴파일 중...
2024-04-27 11:52:31.425   DEBUG [Project-stock-worker-1     ] -                DEBUG: [stock_m] delay: undefined
2024-04-27 11:52:31.429    INFO [Project-ASet-worker        ] -                 INFO: 프로젝트 ASet 컴파일 중...
2024-04-27 11:52:45.741   ERROR [Project-eval-worker-2      ] -         Project-eval: Error while running: org.mozilla.javascript.EcmaError: TypeError: Cannot find function read in object [object Object]. (eval#81)
2024-04-27 11:52:45.746   ERROR [Project-eval-worker-2      ] - NotificationListener: 프로젝트 'eval'의 이벤트 호출 실패: org.mozilla.javascript.EcmaError: TypeError: Cannot find function read in object [object Object]. (eval#81)
2024-04-27 11:53:55.713    INFO [Project-atten-worker-3     ] -                 INFO: 프로젝트 atten 컴파일 중...
2024-04-27 11:53:56.017    INFO [Project-admin-worker-3     ] -                 INFO: 프로젝트 admin 컴파일 중...
2024-04-27 11:53:56.474    INFO [Project-Normal-worker-3    ] -                 INFO: 프로젝트 Normal 컴파일 중...
2024-04-27 11:53:56.740    INFO [Project-chat_history-worker] -                 INFO: 프로젝트 chat_history 컴파일 중...
2024-04-27 11:53:57.021    INFO [Project-mention-worker-3   ] -                 INFO: 프로젝트 mention 컴파일 중...
2024-04-27 11:53:57.205    INFO [Project-eval-worker-2      ] -                 INFO: 프로젝트 eval 컴파일 중...
2024-04-27 11:53:57.639    INFO [Project-Me-worker-3        ] -                 INFO: 프로젝트 Me 컴파일 중...
2024-04-27 11:53:58.116    INFO [Project-Discord-worker-1   ] -                 INFO: 프로젝트 Discord 컴파일 중...
2024-04-27 11:53:58.320    INFO [Project-sign-up-worker-3   ] -                 INFO: 프로젝트 sign-up 컴파일 중...
2024-04-27 11:53:58.639    INFO [Project-reply-worker-3     ] -                 INFO: 프로젝트 reply 컴파일 중...
2024-04-27 11:53:59.166    INFO [Project-entrance-worker-3  ] -                 INFO: 프로젝트 entrance 컴파일 중...
2024-04-27 11:53:59.200    INFO [Project-stock-worker-3     ] -                 INFO: 프로젝트 stock 컴파일 중...
2024-04-27 11:53:59.630   DEBUG [Project-stock-worker-3     ] -                DEBUG: [stock_m] delay: undefined
2024-04-27 11:53:59.639    INFO [Project-ASet-worker        ] -                 INFO: 프로젝트 ASet 컴파일 중...
2024-04-27 11:55:27.108   ERROR [Project-eval-worker-1      ] -         Project-eval: Error while running: java.lang.StackOverflowError: stack size 1039KB
2024-04-27 11:55:27.268   ERROR [Project-eval-worker-1      ] - NotificationListener: 프로젝트 'eval'의 이벤트 호출 실패: java.lang.StackOverflowError: stack size 1039KB
2024-04-27 12:00:00.035   DEBUG [Timer-0                    ] -                DEBUG: 주식가격 변경되었습니다

{"TCSE":[3736,true,0,"품질 관리 미흡으로 불량률 상승",1,[]],"CAPE":[1746,true,1,"생활습관 개선 프로그램으로 긍정적 평가",0,[]],"COEN":[1636,true,2,"환경 문제로 인한 사회적 불신",1,[]],"CBEN":[3619,true,3,"경영 전략 부재",2,[]]}
2024-04-27 13:07:37.255   DEBUG [Timer-0                    ] -                DEBUG: 주식가격 변경되었습니다

{"TCSE":[3757,true,0,"긍정적인 인터뷰로 신뢰 회복",0,[]],"CAPE":[1728,true,1,"품질 관리 미흡으로 불량률 상승",1,[]],"COEN":[1633,true,2,"환경 보호 정책의 긍정적 영향",0,[]],"CBEN":[3640,true,3,"경영 전략 부재",2,[]]}
2024-04-27 14:00:00.044   DEBUG [Timer-0                    ] -                DEBUG: 주식가격 변경되었습니다

{"TCSE":[3757,true,0,"기술 문제로 제품 불만족이 급증",1,[]],"CAPE":[1713,true,1,"글로벌 건강 트렌드에 부응하여 성과 향상",0,[]],"COEN":[1633,true,2,"환경 보호 정책 불확실성",1,[]],"CBEN":[3608,true,3,"판권 문제로 수익 부진",1,[]]}
2024-04-27 15:00:00.068   DEBUG [Timer-0                    ] -                DEBUG: 주식가격 변경되었습니다

{"TCSE":[3745,true,0,"경영진 갈등으로 회사 내부 불안",1,[]],"CAPE":[1714,true,1,"글로벌 이슈에 대한 대응 부재",2,[]],"COEN":[1623,true,2,"환경 기술 혁신",0,[]],"CBEN":[3592,true,3,"경영진의 투명성 부족으로 신뢰 감소",2,[]]}
2024-04-27 16:00:00.062   DEBUG [Timer-0                    ] -                DEBUG: 주식가격 변경되었습니다

{"TCSE":[3745,true,0,"보안 취약점으로 우려 상승",1,[]],"CAPE":[1706,true,1,"경영진 변동에 불안감 표출",1,[]],"COEN":[1623,true,2,"환경 규제 대응",0,[]],"CBEN":[3626,true,3,"엔터테인먼트 기술 혁신",0,[]]}
2024-04-27 17:00:00.041   DEBUG [Timer-0                    ] -                DEBUG: 주식가격 변경되었습니다

{"TCSE":[3747,true,0,"신뢰성 높은 보안 시스템 도입",0,[]],"CAPE":[1706,true,1,"환자 경험 개선으로 긍정적 평가",0,[]],"COEN":[1620,true,2,"자원 확보 어려움으로 인한 생산 차질",2,[]],"CBEN":[3598,true,3,"새로운 엔터테인먼트 플랫폼 도입",0,[]]}
2024-04-27 18:00:00.044   DEBUG [Timer-0                    ] -                DEBUG: 주식가격 변경되었습니다

{"TCSE":[3743,true,0,"글로벌 이슈에 대한 대응 부재",2,[]],"CAPE":[1712,true,1,"경영진의 투명성 부족으로 신뢰 감소",2,[]],"COEN":[1625,true,2,"환경 전략 부재로 사업 방향성 불분명",2,[]],"CBEN":[3600,true,3,"엔터테인먼트 기술 혁신",0,[]]}
2024-04-27 18:47:09.676    INFO [Project-atten-worker-1     ] -                 INFO: 프로젝트 atten 컴파일 중...
2024-04-27 18:47:10.431    INFO [Project-admin-worker-1     ] -                 INFO: 프로젝트 admin 컴파일 중...
2024-04-27 18:47:12.308    INFO [Project-Normal-worker-3    ] -                 INFO: 프로젝트 Normal 컴파일 중...
2024-04-27 18:47:12.973    INFO [Project-chat_history-worker] -                 INFO: 프로젝트 chat_history 컴파일 중...
2024-04-27 18:47:13.863    INFO [Project-mention-worker-1   ] -                 INFO: 프로젝트 mention 컴파일 중...
2024-04-27 18:47:14.446    INFO [Project-eval-worker-1      ] -                 INFO: 프로젝트 eval 컴파일 중...
2024-04-27 18:47:15.352    INFO [Project-Me-worker-2        ] -                 INFO: 프로젝트 Me 컴파일 중...
2024-04-27 18:47:16.135    INFO [Project-Discord-worker-3   ] -                 INFO: 프로젝트 Discord 컴파일 중...
2024-04-27 18:47:16.597    INFO [Project-sign-up-worker-2   ] -                 INFO: 프로젝트 sign-up 컴파일 중...
2024-04-27 18:47:17.163    INFO [Project-reply-worker-1     ] -                 INFO: 프로젝트 reply 컴파일 중...
2024-04-27 18:47:19.071    INFO [Project-entrance-worker-1  ] -                 INFO: 프로젝트 entrance 컴파일 중...
2024-04-27 18:47:19.109    INFO [Project-stock-worker-2     ] -                 INFO: 프로젝트 stock 컴파일 중...
2024-04-27 18:47:20.170   DEBUG [Project-stock-worker-2     ] -                DEBUG: [stock_m] delay: undefined
2024-04-27 18:47:20.184    INFO [Project-ASet-worker        ] -                 INFO: 프로젝트 ASet 컴파일 중...
2024-04-27 19:00:00.040   DEBUG [Timer-0                    ] -                DEBUG: 주식가격 변경되었습니다

{"TCSE":[3757,true,0,"기술력 미흡으로 시장 경쟁력 하락",2,[]],"CAPE":[1715,true,1,"경영진의 투명성 부족으로 신뢰 감소",2,[]],"COEN":[1625,true,2,"환경 친화적 제품 라인업",0,[]],"CBEN":[3574,true,3,"경영 전략 부재",2,[]]}
2024-04-27 19:12:19.033    INFO [Project-atten-worker-2     ] -                 INFO: 프로젝트 atten 컴파일 중...
2024-04-27 19:12:19.435    INFO [Project-admin-worker-2     ] -                 INFO: 프로젝트 admin 컴파일 중...
2024-04-27 19:12:20.032    INFO [Project-Normal-worker-2    ] -                 INFO: 프로젝트 Normal 컴파일 중...
2024-04-27 19:12:20.274    INFO [Project-chat_history-worker] -                 INFO: 프로젝트 chat_history 컴파일 중...
2024-04-27 19:12:20.540    INFO [Project-mention-worker-2   ] -                 INFO: 프로젝트 mention 컴파일 중...
2024-04-27 19:12:20.935    INFO [Project-eval-worker-2      ] -                 INFO: 프로젝트 eval 컴파일 중...
2024-04-27 19:12:21.416    INFO [Project-Me-worker-1        ] -                 INFO: 프로젝트 Me 컴파일 중...
2024-04-27 19:12:21.615    INFO [Project-Discord-worker-2   ] -                 INFO: 프로젝트 Discord 컴파일 중...
2024-04-27 19:12:21.874    INFO [Project-sign-up-worker-1   ] -                 INFO: 프로젝트 sign-up 컴파일 중...
2024-04-27 19:12:22.151    INFO [Project-reply-worker-2     ] -                 INFO: 프로젝트 reply 컴파일 중...
2024-04-27 19:12:22.693    INFO [Project-entrance-worker-2  ] -                 INFO: 프로젝트 entrance 컴파일 중...
2024-04-27 19:12:22.724    INFO [Project-stock-worker-1     ] -                 INFO: 프로젝트 stock 컴파일 중...
2024-04-27 19:12:23.269   DEBUG [Project-stock-worker-1     ] -                DEBUG: [stock_m] delay: undefined
2024-04-27 19:12:23.276    INFO [Project-ASet-worker        ] -                 INFO: 프로젝트 ASet 컴파일 중...
2024-04-27 19:13:50.235    INFO [Project-atten-worker-3     ] -                 INFO: 프로젝트 atten 컴파일 중...
2024-04-27 19:13:50.614    INFO [Project-admin-worker-3     ] -                 INFO: 프로젝트 admin 컴파일 중...
2024-04-27 19:13:51.084    INFO [Project-Normal-worker-3    ] -                 INFO: 프로젝트 Normal 컴파일 중...
2024-04-27 19:13:51.297    INFO [Project-chat_history-worker] -                 INFO: 프로젝트 chat_history 컴파일 중...
2024-04-27 19:13:51.494    INFO [Project-mention-worker-3   ] -                 INFO: 프로젝트 mention 컴파일 중...
2024-04-27 19:13:51.736    INFO [Project-eval-worker-2      ] -                 INFO: 프로젝트 eval 컴파일 중...
2024-04-27 19:13:52.021    INFO [Project-Me-worker-3        ] -                 INFO: 프로젝트 Me 컴파일 중...
2024-04-27 19:13:52.197    INFO [Project-Discord-worker-1   ] -                 INFO: 프로젝트 Discord 컴파일 중...
2024-04-27 19:13:52.491    INFO [Project-sign-up-worker-3   ] -                 INFO: 프로젝트 sign-up 컴파일 중...
2024-04-27 19:13:52.814    INFO [Project-reply-worker-3     ] -                 INFO: 프로젝트 reply 컴파일 중...
2024-04-27 19:13:53.323    INFO [Project-entrance-worker-3  ] -                 INFO: 프로젝트 entrance 컴파일 중...
2024-04-27 19:13:53.355    INFO [Project-stock-worker-3     ] -                 INFO: 프로젝트 stock 컴파일 중...
2024-04-27 19:13:53.886   DEBUG [Project-stock-worker-3     ] -                DEBUG: [stock_m] delay: undefined
2024-04-27 19:13:53.894    INFO [Project-ASet-worker        ] -                 INFO: 프로젝트 ASet 컴파일 중...
2024-04-27 19:16:10.993    INFO [Project-atten-worker-1     ] -                 INFO: 프로젝트 atten 컴파일 중...
2024-04-27 19:16:11.361    INFO [Project-admin-worker-1     ] -                 INFO: 프로젝트 admin 컴파일 중...
2024-04-27 19:16:11.893    INFO [Project-Normal-worker-1    ] -                 INFO: 프로젝트 Normal 컴파일 중...
2024-04-27 19:16:12.264    INFO [Project-chat_history-worker] -                 INFO: 프로젝트 chat_history 컴파일 중...
2024-04-27 19:16:12.453    INFO [Project-mention-worker-1   ] -                 INFO: 프로젝트 mention 컴파일 중...
2024-04-27 19:16:12.757    INFO [Project-eval-worker-1      ] -                 INFO: 프로젝트 eval 컴파일 중...
2024-04-27 19:16:13.188    INFO [Project-Me-worker-2        ] -                 INFO: 프로젝트 Me 컴파일 중...
2024-04-27 19:16:13.533    INFO [Project-Discord-worker-3   ] -                 INFO: 프로젝트 Discord 컴파일 중...
2024-04-27 19:16:13.931    INFO [Project-sign-up-worker-2   ] -                 INFO: 프로젝트 sign-up 컴파일 중...
2024-04-27 19:16:14.171    INFO [Project-reply-worker-1     ] -                 INFO: 프로젝트 reply 컴파일 중...
2024-04-27 19:16:14.688    INFO [Project-entrance-worker-1  ] -                 INFO: 프로젝트 entrance 컴파일 중...
2024-04-27 19:16:14.721    INFO [Project-stock-worker-2     ] -                 INFO: 프로젝트 stock 컴파일 중...
2024-04-27 19:16:15.413   DEBUG [Project-stock-worker-2     ] -                DEBUG: [stock_m] delay: undefined
2024-04-27 19:16:15.426    INFO [Project-ASet-worker        ] -                 INFO: 프로젝트 ASet 컴파일 중...
2024-04-27 19:16:45.982    INFO [Project-atten-worker-2     ] -                 INFO: 프로젝트 atten 컴파일 중...
2024-04-27 19:16:46.223    INFO [Project-admin-worker-2     ] -                 INFO: 프로젝트 admin 컴파일 중...
2024-04-27 19:16:46.723    INFO [Project-Normal-worker-3    ] -                 INFO: 프로젝트 Normal 컴파일 중...
2024-04-27 19:16:47.088    INFO [Project-chat_history-worker] -                 INFO: 프로젝트 chat_history 컴파일 중...
2024-04-27 19:16:47.255    INFO [Project-mention-worker-2   ] -                 INFO: 프로젝트 mention 컴파일 중...
2024-04-27 19:16:47.559    INFO [Project-eval-worker-3      ] -                 INFO: 프로젝트 eval 컴파일 중...
2024-04-27 19:16:47.961    INFO [Project-Me-worker-1        ] -                 INFO: 프로젝트 Me 컴파일 중...
2024-04-27 19:16:48.238    INFO [Project-Discord-worker-2   ] -                 INFO: 프로젝트 Discord 컴파일 중...
2024-04-27 19:16:48.663    INFO [Project-sign-up-worker-1   ] -                 INFO: 프로젝트 sign-up 컴파일 중...
2024-04-27 19:16:48.862    INFO [Project-reply-worker-2     ] -                 INFO: 프로젝트 reply 컴파일 중...
2024-04-27 19:16:49.302    INFO [Project-entrance-worker-2  ] -                 INFO: 프로젝트 entrance 컴파일 중...
2024-04-27 19:16:49.337    INFO [Project-stock-worker-1     ] -                 INFO: 프로젝트 stock 컴파일 중...
2024-04-27 19:16:49.962   DEBUG [Project-stock-worker-1     ] -                DEBUG: [stock_m] delay: undefined
2024-04-27 19:16:49.976    INFO [Project-ASet-worker        ] -                 INFO: 프로젝트 ASet 컴파일 중...
2024-04-27 19:18:25.088    INFO [Project-atten-worker-3     ] -                 INFO: 프로젝트 atten 컴파일 중...
2024-04-27 19:18:25.329    INFO [Project-admin-worker-3     ] -                 INFO: 프로젝트 admin 컴파일 중...
2024-04-27 19:18:25.894    INFO [Project-Normal-worker-2    ] -                 INFO: 프로젝트 Normal 컴파일 중...
2024-04-27 19:18:26.313    INFO [Project-chat_history-worker] -                 INFO: 프로젝트 chat_history 컴파일 중...
2024-04-27 19:18:26.448    INFO [Project-mention-worker-3   ] -                 INFO: 프로젝트 mention 컴파일 중...
2024-04-27 19:18:26.735    INFO [Project-eval-worker-3      ] -                 INFO: 프로젝트 eval 컴파일 중...
2024-04-27 19:18:27.155    INFO [Project-Me-worker-3        ] -                 INFO: 프로젝트 Me 컴파일 중...
2024-04-27 19:18:27.438    INFO [Project-Discord-worker-1   ] -                 INFO: 프로젝트 Discord 컴파일 중...
2024-04-27 19:18:27.826    INFO [Project-sign-up-worker-3   ] -                 INFO: 프로젝트 sign-up 컴파일 중...
2024-04-27 19:18:28.031    INFO [Project-reply-worker-3     ] -                 INFO: 프로젝트 reply 컴파일 중...
2024-04-27 19:18:28.508    INFO [Project-entrance-worker-3  ] -                 INFO: 프로젝트 entrance 컴파일 중...
2024-04-27 19:18:28.536    INFO [Project-stock-worker-3     ] -                 INFO: 프로젝트 stock 컴파일 중...
2024-04-27 19:18:29.161   DEBUG [Project-stock-worker-3     ] -                DEBUG: [stock_m] delay: undefined
2024-04-27 19:18:29.171    INFO [Project-ASet-worker        ] -                 INFO: 프로젝트 ASet 컴파일 중...
2024-04-27 19:22:29.199    INFO [Project-eval-worker-1      ] -                 INFO: 프로젝트 eval 컴파일 중...
2024-04-27 19:23:40.483    INFO [Project-eval-worker-3      ] -                 INFO: 프로젝트 eval 컴파일 중...
2024-04-27 19:28:50.393   ERROR [Project-eval-worker-2      ] -              JSRhino: runtime eval#87(eval)#2: The choice of Java method android.content.ContentValues.put matching JavaScript argument types (string,number) is ambiguous; candidate methods are: 
    void put(java.lang.String,java.lang.Byte)
    void put(java.lang.String,java.lang.Double)
    void put(java.lang.String,java.lang.Float)
    void put(java.lang.String,java.lang.Integer)
    void put(java.lang.String,java.lang.Long)
    void put(java.lang.String,java.lang.Short)
2024-04-27 19:37:41.246    INFO [Project-eval-worker-3      ] -                 INFO: 프로젝트 eval 컴파일 중...
2024-04-27 19:37:54.150    INFO [Project-atten-worker-1     ] -                 INFO: 프로젝트 atten 컴파일 중...
2024-04-27 19:37:54.598    INFO [Project-admin-worker-1     ] -                 INFO: 프로젝트 admin 컴파일 중...
2024-04-27 19:37:55.283    INFO [Project-Normal-worker-1    ] -                 INFO: 프로젝트 Normal 컴파일 중...
2024-04-27 19:37:55.698    INFO [Project-chat_history-worker] -                 INFO: 프로젝트 chat_history 컴파일 중...
2024-04-27 19:37:55.895    INFO [Project-mention-worker-1   ] -                 INFO: 프로젝트 mention 컴파일 중...
2024-04-27 19:37:56.226    INFO [Project-eval-worker-3      ] -                 INFO: 프로젝트 eval 컴파일 중...
2024-04-27 19:37:56.624    INFO [Project-Me-worker-2        ] -                 INFO: 프로젝트 Me 컴파일 중...
2024-04-27 19:37:56.933    INFO [Project-Discord-worker-3   ] -                 INFO: 프로젝트 Discord 컴파일 중...
2024-04-27 19:37:57.278    INFO [Project-sign-up-worker-2   ] -                 INFO: 프로젝트 sign-up 컴파일 중...
2024-04-27 19:37:57.480    INFO [Project-reply-worker-1     ] -                 INFO: 프로젝트 reply 컴파일 중...
2024-04-27 19:37:58.021    INFO [Project-entrance-worker-1  ] -                 INFO: 프로젝트 entrance 컴파일 중...
2024-04-27 19:37:58.053    INFO [Project-stock-worker-2     ] -                 INFO: 프로젝트 stock 컴파일 중...
2024-04-27 19:37:58.581   DEBUG [Project-stock-worker-2     ] -                DEBUG: [stock_m] delay: undefined
2024-04-27 19:37:58.590    INFO [Project-ASet-worker        ] -                 INFO: 프로젝트 ASet 컴파일 중...
2024-04-27 20:00:00.040   DEBUG [Timer-0                    ] -                DEBUG: 주식가격 변경되었습니다

{"TCSE":[3767,true,0,"긍정적인 인터뷰로 신뢰 회복",0,[]],"CAPE":[1715,true,1,"비즈니스 모델 쇠퇴로 수익 감소",1,[]],"COEN":[1629,true,2,"환경 규제 변화",1,[]],"CBEN":[3554,true,3,"엔터테인먼트 기술 부재",1,[]]}
2024-04-27 21:00:00.037   DEBUG [Timer-0                    ] -                DEBUG: 주식가격 변경되었습니다

{"TCSE":[3804,true,0,"긍정적인 인터뷰로 신뢰 회복",0,[]],"CAPE":[1718,true,1,"환경 변화에 대한 대비 부족으로 리스크 상승",2,[]],"COEN":[1632,true,2,"환경 비용 증가에 따른 수익 감소",2,[]],"CBEN":[3555,true,3,"엔터테인먼트 기술 혁신",2,[]]}
2024-04-27 22:00:00.039   DEBUG [Timer-0                    ] -                DEBUG: 주식가격 변경되었습니다

{"TCSE":[3793,true,0,"사용자 데이터 유출 사건으로 신뢰 손상",1,[]],"CAPE":[1708,true,1,"금융 위기로 인한 영향 커짐",1,[]],"COEN":[1641,true,2,"환경 산업 리더십 인정",0,[]],"CBEN":[3547,true,3,"엔터테인먼트 기술 혁신",0,[]]}
2024-04-27 23:00:00.036   DEBUG [Timer-0                    ] -                DEBUG: 주식가격 변경되었습니다

{"TCSE":[3793,true,0,"소송 발생으로 리스크 증가",1,[]],"CAPE":[1718,true,1,"금융 위기로 인한 영향 커짐",1,[]],"COEN":[1641,true,2,"탄소 배출 감소에 따른 긍정적 평가",0,[]],"CBEN":[3536,true,3,"차별화된 콘텐츠 전략",0,[]]}
2024-04-28 00:00:00.053   DEBUG [Timer-0                    ] -                DEBUG: 주식가격 변경되었습니다

{"TCSE":[3784,true,0,"자원 확보 어려움으로 인한 생산 차질",2,[]],"CAPE":[1730,true,1,"소송 발생으로 리스크 증가",1,[]],"COEN":[1632,true,2,"환경 규제 변화",1,[]],"CBEN":[3512,true,3,"엔터테인먼트 기술 부재",1,[]]}
2024-04-28 01:00:00.074   DEBUG [Timer-0                    ] -                DEBUG: 주식가격 변경되었습니다

{"TCSE":[3787,true,0,"신뢰성 높은 보안 시스템 도입",0,[]],"CAPE":[1716,true,1,"서비스 장애로 불만족 증가",1,[]],"COEN":[1646,true,2,"환경 혁신 기술 개발",0,[]],"CBEN":[3521,true,3,"엔터테인먼트 기술 부재",1,[]]}
2024-04-28 02:00:54.340   DEBUG [Timer-0                    ] -                DEBUG: 주식가격 변경되었습니다

{"TCSE":[3792,true,0,"새로운 비즈니스 모델 도입으로 수익성 향상",0,[]],"CAPE":[1716,true,1,"고객 서비스 품질 하락으로 불신 증가",1,[]],"COEN":[1648,true,2,"친환경 인프라 사업",0,[]],"CBEN":[3535,true,3,"콘텐츠 기획 실패",1,[]]}
2024-04-28 03:00:00.052   DEBUG [Timer-0                    ] -                DEBUG: 주식가격 변경되었습니다

{"TCSE":[3811,true,0,"금융 위기로 인한 영향 커짐",1,[]],"CAPE":[1707,true,1,"기업 내부 정보 유출에 대한 우려",2,[]],"COEN":[1640,true,2,"환경 전략 부재로 사업 방향성 불분명",2,[]],"CBEN":[3547,true,3,"새로운 엔터테인먼트 플랫폼 도입",0,[]]}
2024-04-28 04:00:00.043   DEBUG [Timer-0                    ] -                DEBUG: 주식가격 변경되었습니다

{"TCSE":[3807,true,0,"품질 관리 미흡으로 불량률 상승",1,[]],"CAPE":[1721,true,1,"사용자 데이터 유출 사건으로 신뢰 손상",1,[]],"COEN":[1638,true,2,"환경 산업 리더십 인정",0,[]],"CBEN":[3515,true,3,"자원 확보 어려움으로 인한 생산 차질",2,[]]}
2024-04-28 11:59:15.168   DEBUG [Timer-0                    ] -                DEBUG: 주식가격 변경되었습니다

{"TCSE":[3807,true,0,"사용자 데이터 보호 강화로 신뢰 회복",0,[]],"CAPE":[1721,true,1,"경영진 변동에 불안감 표출",1,[]],"COEN":[1640,true,2,"사회적 책임에 대한 불만이 커지는 추세",2,[]],"CBEN":[3519,true,3,"창의적인 콘텐츠 기획",0,[]]}
2024-04-28 11:59:15.196   DEBUG [Timer-0                    ] -                DEBUG: 주식가격 변경되었습니다

{"TCSE":[3777,true,0,"경영진 변동에 불안감 표출",1,[]],"CAPE":[1723,true,1,"코로나19 대유행으로 인한 경영 난관",2,[]],"COEN":[1644,true,2,"지속 가능한 경영 실패",1,[]],"CBEN":[3529,true,3,"엔터테인먼트 기술 혁신",0,[]]}
2024-04-28 11:59:15.212   DEBUG [Timer-0                    ] -                DEBUG: 주식가격 변경되었습니다

{"TCSE":[3777,true,0,"사용자 데이터 보호 강화로 신뢰 회복",0,[]],"CAPE":[1726,true,1,"예측불가능한 사건으로 인한 영향 파악 어려움",2,[]],"COEN":[1640,true,2,"환경 인프라 사업 어려움",1,[]],"CBEN":[3534,true,3,"기술력 미흡으로 시장 경쟁력 하락",2,[]]}
2024-04-28 11:59:15.251   DEBUG [Timer-0                    ] -                DEBUG: 주식가격 변경되었습니다

{"TCSE":[3793,true,0,"환경 친화적 제품 출시로 호감도 상승",0,[]],"CAPE":[1720,true,1,"관련 법규 위반으로 인한 소송 발생",1,[]],"COEN":[1628,true,2,"환경 산업 부정적 전망",1,[]],"CBEN":[3566,true,3,"독창적인 콘텐츠 생산",0,[]]}
2024-04-28 11:59:15.297   DEBUG [Timer-0                    ] -                DEBUG: 주식가격 변경되었습니다

{"TCSE":[3783,true,0,"예측불가능한 사건으로 인한 영향 파악 어려움",2,[]],"CAPE":[1725,true,1,"환자 중심의 의료 서비스로 신뢰 회복",0,[]],"COEN":[1632,true,2,"예측불가능한 환경 변화",2,[]],"CBEN":[3578,true,3,"경영 전략 부재",2,[]]}
2024-04-28 11:59:15.328   DEBUG [Timer-0                    ] -                DEBUG: 주식가격 변경되었습니다

{"TCSE":[3804,true,0,"혁신적인 마케팅 전략으로 주목받음",0,[]],"CAPE":[1725,true,1,"고객 서비스 품질 하락으로 불신 증가",1,[]],"COEN":[1628,true,2,"지속 가능한 경영 실패",1,[]],"CBEN":[3583,true,3,"새로운 엔터테인먼트 플랫폼 도입",0,[]]}
2024-04-28 11:59:15.366   DEBUG [Timer-0                    ] -                DEBUG: 주식가격 변경되었습니다

{"TCSE":[3779,true,0,"소송 발생으로 리스크 증가",1,[]],"CAPE":[1728,true,1,"환경 변화에 대한 대비 부족으로 리스크 상승",2,[]],"COEN":[1643,true,2,"환경 산업 지속적인 성장",0,[]],"CBEN":[3564,true,3,"엔터테인먼트 기업 내부 정보 유출에 대한 우려",2,[]]}
2024-04-28 12:05:41.834   DEBUG [Timer-0                    ] -                DEBUG: 주식가격 변경되었습니다

{"TCSE":[3779,true,0,"경영진 변동에 불안감 표출",1,[]],"CAPE":[1730,true,1,"핵심 임직원 이탈로 조직 안정성 저하",2,[]],"COEN":[1652,true,2,"환경 투자 부진",1,[]],"CBEN":[3550,true,3,"경영 전략 부재",2,[]]}
2024-04-28 13:14:42.188   DEBUG [Timer-0                    ] -                DEBUG: 주식가격 변경되었습니다

{"TCSE":[3755,true,0,"파트너십 강화로 사업 다각화",0,[]],"CAPE":[1717,true,1,"금융 위기로 인한 영향 커짐",1,[]],"COEN":[1652,true,2,"환경 인프라 사업 어려움",1,[]],"CBEN":[3558,true,3,"엔터테인먼트 기술 혁신",0,[]]}
2024-04-28 14:26:10.412   DEBUG [Timer-0                    ] -                DEBUG: 주식가격 변경되었습니다

{"TCSE":[3750,true,0,"환경 친화적 제품 출시로 호감도 상승",0,[]],"CAPE":[1717,true,1,"소송 발생으로 리스크 증가",1,[]],"COEN":[1638,true,2,"환경 산업 리더십 인정",0,[]],"CBEN":[3544,true,3,"엔터테인먼트 기술 혁신",2,[]]}
2024-04-28 15:00:00.047   DEBUG [Timer-0                    ] -                DEBUG: 주식가격 변경되었습니다

{"TCSE":[3761,true,0,"전략적 비전 부재로 사업 방향성 불분명",2,[]],"CAPE":[1718,true,1,"생활습관 개선 프로그램으로 긍정적 평가",0,[]],"COEN":[1638,true,2,"글로벌 환경 이슈에 대한 대응 부재",2,[]],"CBEN":[3559,true,3,"기술력 미흡으로 시장 경쟁력 하락",2,[]]}
2024-04-28 16:00:00.073   DEBUG [Timer-0                    ] -                DEBUG: 주식가격 변경되었습니다

{"TCSE":[3744,true,0,"사내 인재 발굴 및 육성으로 업무 성과 향상",0,[]],"CAPE":[1718,true,1,"감염 예방을 위한 새로운 의약품 개발",0,[]],"COEN":[1639,true,2,"자원 확보 어려움으로 인한 생산 차질",2,[]],"CBEN":[3559,true,3,"판권 문제로 수익 부진",1,[]]}
2024-04-28 17:00:00.038   DEBUG [Timer-0                    ] -                DEBUG: 주식가격 변경되었습니다

{"TCSE":[3776,true,0,"글로벌 시장에서 호조를 보이는 추세",0,[]],"CAPE":[1715,true,1,"사회적 책임에 대한 불만이 커지는 추세",2,[]],"COEN":[1628,true,2,"지속적인 연구 및 개발 부재로 혁신성 부족",2,[]],"CBEN":[3586,true,3,"수익 하락",1,[]]}
2024-04-28 18:00:00.062   DEBUG [Timer-0                    ] -                DEBUG: 주식가격 변경되었습니다

{"TCSE":[3789,true,0,"글로벌 경제 불안으로 인한 영향",2,[]],"CAPE":[1713,true,1,"전략적 파트너십 해지로 영업 손실",1,[]],"COEN":[1636,true,2,"환경 투자 수익 미달",1,[]],"CBEN":[3582,true,3,"글로벌 엔터테인먼트 시장 불확실성",1,[]]}
2024-04-28 19:00:00.056   DEBUG [Timer-0                    ] -                DEBUG: 주식가격 변경되었습니다

{"TCSE":[3789,true,0,"사용자 데이터 유출 사건으로 신뢰 손상",1,[]],"CAPE":[1718,true,1,"자연 속에 치유를 찾는 치유 여행 프로그램",0,[]],"COEN":[1631,true,2,"환경 산업 지속적인 성장",0,[]],"CBEN":[3556,true,3,"수익 하락",1,[]]}
2024-04-28 20:00:00.047   DEBUG [Timer-0                    ] -                DEBUG: 주식가격 변경되었습니다

{"TCSE":[3798,true,0,"사회적 책임에 대한 불만이 커지는 추세",2,[]],"CAPE":[1719,true,1,"핵심 임직원 이탈로 조직 안정성 저하",2,[]],"COEN":[1629,true,2,"환경 기업 내부 정보 유출에 대한 우려",2,[]],"CBEN":[3547,true,3,"수요 부진으로 수익 하락",1,[]]}
2024-04-28 21:00:00.064   DEBUG [Timer-0                    ] -                DEBUG: 주식가격 변경되었습니다

{"TCSE":[3792,true,0,"글로벌 경제 불안으로 인한 영향",2,[]],"CAPE":[1719,true,1,"새로운 치료법 개발로 기대감 상승",0,[]],"COEN":[1636,true,2,"환경 산업 지속적인 성장",0,[]],"CBEN":[3547,true,3,"다양한 협업 및 파트너십",0,[]]}
2024-04-28 22:00:00.093   DEBUG [Timer-0                    ] -                DEBUG: 주식가격 변경되었습니다

{"TCSE":[3827,true,0,"경영진의 투명성 부족으로 신뢰 감소",2,[]],"CAPE":[1725,true,1,"기업 내부 정보 유출에 대한 우려",2,[]],"COEN":[1651,true,2,"핵심 임직원 이탈로 조직 안정성 저하",2,[]],"CBEN":[3561,true,3,"다양한 협업 및 파트너십",0,[]]}
2024-04-29 00:29:30.772   DEBUG [Timer-0                    ] -                DEBUG: 주식가격 변경되었습니다

{"TCSE":[3797,true,0,"파트너십 강화로 사업 다각화",0,[]],"CAPE":[1722,true,1,"비즈니스 모델 쇠퇴로 수익 감소",1,[]],"COEN":[1651,true,2,"환경 변화에 대한 기업 대응 부재",1,[]],"CBEN":[3572,true,3,"새로운 엔터테인먼트 플랫폼 도입",0,[]]}
2024-04-29 00:29:30.811   DEBUG [Timer-0                    ] -                DEBUG: 주식가격 변경되었습니다

{"TCSE":[3813,true,0,"사용자 데이터 유출 사건으로 신뢰 손상",1,[]],"CAPE":[1737,true,1,"환자 경험 개선으로 긍정적 평가",0,[]],"COEN":[1653,true,2,"지속 가능한 비즈니스 전략",0,[]],"CBEN":[3563,true,3,"코로나19 대유행으로 인한 경영 난관",2,[]]}
2024-04-29 04:54:23.598   DEBUG [Timer-0                    ] -                DEBUG: 주식가격 변경되었습니다

{"TCSE":[3841,true,0,"기업 내부 정보 유출에 대한 우려",2,[]],"CAPE":[1741,true,1,"긴급 상황 대비를 위한 응급 의료 솔루션 개발",0,[]],"COEN":[1650,true,2,"신재생 에너지 투자진행",0,[]],"CBEN":[3579,true,3,"엔터테인먼트 기술 부재",1,[]]}
2024-04-29 04:54:23.623   DEBUG [Timer-0                    ] -                DEBUG: 주식가격 변경되었습니다

{"TCSE":[3835,true,0,"예측불가능한 사건으로 인한 영향 파악 어려움",2,[]],"CAPE":[1757,true,1,"건강 관리 솔루션으로 소비자 만족도 상승",0,[]],"COEN":[1644,true,2,"친환경 투자 기대에 못미침",1,[]],"CBEN":[3590,true,3,"글로벌 엔터테인먼트 전략 부재",2,[]]}
2024-04-29 04:54:23.643   DEBUG [Timer-0                    ] -                DEBUG: 주식가격 변경되었습니다

{"TCSE":[3847,true,0,"신기술 도입으로 미래 전망 긍정적",2,[]],"CAPE":[1757,true,1,"새로운 치료법 개발로 기대감 상승",0,[]],"COEN":[1644,true,2,"지속 가능한 경영 실패",1,[]],"CBEN":[3590,true,3,"수익 하락",1,[]]}
2024-04-29 04:54:23.665   DEBUG [Timer-0                    ] -                DEBUG: 주식가격 변경되었습니다

{"TCSE":[3847,true,0,"서비스 장애로 불만족 증가",1,[]],"CAPE":[1759,true,1,"서비스 장애로 불만족 증가",1,[]],"COEN":[1634,true,2,"환경 인프라 사업 어려움",1,[]],"CBEN":[3573,true,3,"지속적인 연구 및 개발 부재로 혁신성 부족",2,[]]}
2024-04-29 05:33:14.380   DEBUG [Timer-0                    ] -                DEBUG: 주식가격 변경되었습니다

{"TCSE":[3830,true,0,"비즈니스 모델 쇠퇴로 수익 감소",1,[]],"CAPE":[1765,true,1,"보안 취약점으로 우려 상승",1,[]],"COEN":[1645,true,2,"환경 규제 대응",0,[]],"CBEN":[3542,true,3,"경영진 변동",1,[]]}
2024-04-29 09:33:54.627   DEBUG [Timer-0                    ] -                DEBUG: 주식가격 변경되었습니다

{"TCSE":[3814,true,0,"글로벌 이슈에 대한 대응 부재",2,[]],"CAPE":[1779,true,1,"건강 캠페인 및 교육으로 사회 기여 강화",0,[]],"COEN":[1637,true,2,"환경 기업 내부 정보 유출에 대한 우려",2,[]],"CBEN":[3554,true,3,"글로벌 엔터테인먼트 전략 부재",2,[]]}
2024-04-29 09:33:54.657   DEBUG [Timer-0                    ] -                DEBUG: 주식가격 변경되었습니다

{"TCSE":[3787,true,0,"경영진 변동에 불안감 표출",1,[]],"CAPE":[1770,true,1,"지역사회 건강 증진 프로젝트로 긍정적 평가",0,[]],"COEN":[1653,true,2,"환경 산업 성과 부진",1,[]],"CBEN":[3550,true,3,"급격한 시장 변화",1,[]]}
2024-04-29 09:33:54.680   DEBUG [Timer-0                    ] -                DEBUG: 주식가격 변경되었습니다

{"TCSE":[3771,true,0,"사용자 데이터 유출 사건으로 신뢰 손상",1,[]],"CAPE":[1765,true,1,"서비스 장애로 불만족 증가",1,[]],"COEN":[1643,true,2,"환경 산업 기술적 한계",1,[]],"CBEN":[3570,true,3,"핵심 임직원 이탈로 조직 안정성 저하",2,[]]}
2024-04-29 09:33:54.710   DEBUG [Timer-0                    ] -                DEBUG: 주식가격 변경되었습니다

{"TCSE":[3744,true,0,"품질 관리 미흡으로 불량률 상승",1,[]],"CAPE":[1752,true,1,"전략적 비전 부재로 사업 방향성 불분명",2,[]],"COEN":[1649,true,2,"환경 규제 대응",0,[]],"CBEN":[3585,true,3,"글로벌 경제 불안으로 인한 영향",2,[]]}
2024-04-29 12:31:55.083   DEBUG [Timer-0                    ] -                DEBUG: 주식가격 변경되었습니다

{"TCSE":[3762,true,0,"보안 취약점으로 우려 상승",1,[]],"CAPE":[1752,true,1,"지속적인 연구 및 개발 부재로 혁신성 부족",2,[]],"COEN":[1636,true,2,"환경 문제로 인한 사회적 불신",1,[]],"CBEN":[3585,true,3,"글로벌 경제 불안",1,[]]}
2024-04-29 12:31:55.142   DEBUG [Timer-0                    ] -                DEBUG: 주식가격 변경되었습니다

{"TCSE":[3792,true,0,"품질 관리 미흡으로 불량률 상승",1,[]],"CAPE":[1758,true,1,"자원 확보 어려움으로 인한 생산 차질",2,[]],"COEN":[1625,true,2,"친환경 투자의 긍정적 영향",0,[]],"CBEN":[3602,true,3,"콘텐츠 기획 실패",1,[]]}
2024-04-29 12:31:55.159   DEBUG [Timer-0                    ] -                DEBUG: 주식가격 변경되었습니다

{"TCSE":[3829,true,0,"파트너십 강화로 사업 다각화",0,[]],"CAPE":[1750,true,1,"품질 관리 미흡으로 불량률 상승",1,[]],"COEN":[1628,true,2,"환경 비용 증가에 따른 수익 감소",2,[]],"CBEN":[3604,true,3,"글로벌 엔터테인먼트 전략 부재",2,[]]}
2024-04-29 16:44:50.485   DEBUG [Timer-0                    ] -                DEBUG: 주식가격 변경되었습니다

{"TCSE":[3834,true,0,"자원 확보 어려움으로 인한 생산 차질",2,[]],"CAPE":[1744,true,1,"서비스 장애로 불만족 증가",1,[]],"COEN":[1636,true,2,"환경 전략 부재로 사업 방향성 불분명",2,[]],"CBEN":[3607,true,3,"지속적인 연구 및 개발 부재로 혁신성 부족",2,[]]}
2024-04-29 16:44:50.508   DEBUG [Timer-0                    ] -                DEBUG: 주식가격 변경되었습니다

{"TCSE":[3805,true,0,"경영진 변동에 불안감 표출",1,[]],"CAPE":[1759,true,1,"신기술 도입으로 미래 전망 긍정적",2,[]],"COEN":[1620,true,2,"환경 변화에 대한 기업 대응 부재",1,[]],"CBEN":[3603,true,3,"코로나19 대유행으로 인한 경영 난관",2,[]]}
2024-04-29 16:44:50.529   DEBUG [Timer-0                    ] -                DEBUG: 주식가격 변경되었습니다

{"TCSE":[3814,true,0,"품질 관리 미흡으로 불량률 상승",1,[]],"CAPE":[1764,true,1,"사용자 데이터 유출 사건으로 신뢰 손상",1,[]],"COEN":[1620,true,2,"환경 기술 혁신 부재",1,[]],"CBEN":[3617,true,3,"엔터테인먼트 기술 혁신",0,[]]}
2024-04-29 16:44:50.547   DEBUG [Timer-0                    ] -                DEBUG: 주식가격 변경되었습니다

{"TCSE":[3814,true,0,"서비스 장애로 불만족 증가",1,[]],"CAPE":[1766,true,1,"핵심 임직원 이탈로 조직 안정성 저하",2,[]],"COEN":[1604,true,2,"환경 산업 경쟁 심화",1,[]],"CBEN":[3627,true,3,"수요 증가에 따른 수익 상승",0,[]]}
2024-04-29 18:48:26.107   DEBUG [Timer-0                    ] -                DEBUG: 주식가격 변경되었습니다

{"TCSE":[3777,true,0,"파트너십 강화로 사업 다각화",0,[]],"CAPE":[1767,true,1,"경영진 갈등으로 회사 내부 불안",1,[]],"COEN":[1603,true,2,"환경 인프라 사업 어려움",1,[]],"CBEN":[3612,true,3,"코로나19 대유행으로 인한 경영 난관",2,[]]}
2024-04-29 18:48:26.145   DEBUG [Timer-0                    ] -                DEBUG: 주식가격 변경되었습니다

{"TCSE":[3794,true,0,"예측불가능한 사건으로 인한 영향 파악 어려움",2,[]],"CAPE":[1769,true,1,"지속적인 연구 및 개발 부재로 혁신성 부족",2,[]],"COEN":[1612,true,2,"기술력 미흡으로 시장 경쟁력 하락",2,[]],"CBEN":[3576,true,3,"차별화된 콘텐츠 전략",0,[]]}
2024-04-29 20:35:22.340   DEBUG [Timer-0                    ] -                DEBUG: 주식가격 변경되었습니다

{"TCSE":[3794,true,0,"긍정적인 인터뷰로 신뢰 회복",0,[]],"CAPE":[1784,true,1,"사용자 데이터 유출 사건으로 신뢰 손상",1,[]],"COEN":[1605,true,2,"환경 산업 경쟁 심화",1,[]],"CBEN":[3572,true,3,"엔터테인먼트 기술 부재",1,[]]}
2024-04-29 20:35:22.365   DEBUG [Timer-0                    ] -                DEBUG: 주식가격 변경되었습니다

{"TCSE":[3825,true,0,"사내 인재 발굴 및 육성으로 업무 성과 향상",0,[]],"CAPE":[1800,true,1,"환자 중심의 의료 서비스로 신뢰 회복",0,[]],"COEN":[1605,true,2,"환경 기술 혁신",0,[]],"CBEN":[3581,true,3,"기술력 미흡으로 시장 경쟁력 하락",2,[]]}
2024-04-30 00:08:00.486   DEBUG [Timer-0                    ] -                DEBUG: 주식가격 변경되었습니다

{"TCSE":[3846,true,0,"예측불가능한 사건으로 인한 영향 파악 어려움",2,[]],"CAPE":[1787,true,1,"고객 서비스 품질 하락으로 불신 증가",1,[]],"COEN":[1601,true,2,"지속 가능한 경영 실패",1,[]],"CBEN":[3545,true,3,"수요 증가에 따른 수익 상승",0,[]]}
2024-04-30 00:08:00.593   DEBUG [Timer-0                    ] -                DEBUG: 주식가격 변경되었습니다

{"TCSE":[3851,true,0,"환경 친화적 제품 출시로 호감도 상승",0,[]],"CAPE":[1792,true,1,"비용 증가에 따른 수익 감소",2,[]],"COEN":[1589,true,2,"환경 문제로 인한 사회적 불신",1,[]],"CBEN":[3531,true,3,"경영진 변동",1,[]]}
2024-04-30 00:08:00.692   DEBUG [Timer-0                    ] -                DEBUG: 주식가격 변경되었습니다

{"TCSE":[3863,true,0,"전략적 비전 부재로 사업 방향성 불분명",2,[]],"CAPE":[1792,true,1,"새로운 치료법 개발로 기대감 상승",0,[]],"COEN":[1602,true,2,"친환경 투자 기대에 못미침",1,[]],"CBEN":[3534,true,3,"경영진 변동",1,[]]}
2024-04-30 00:08:00.773   DEBUG [Timer-0                    ] -                DEBUG: 주식가격 변경되었습니다

{"TCSE":[3880,true,0,"관련 법규 위반으로 인한 소송 발생",1,[]],"CAPE":[1792,true,1,"기술력 미흡으로 시장 경쟁력 하락",2,[]],"COEN":[1594,true,2,"글로벌 경제 불안으로 인한 영향",2,[]],"CBEN":[3552,true,3,"차별화된 콘텐츠 전략",0,[]]}
2024-04-30 07:29:00.897   DEBUG [Timer-0                    ] -                DEBUG: 주식가격 변경되었습니다

{"TCSE":[3859,true,0,"경영진 변동에 불안감 표출",1,[]],"CAPE":[1799,true,1,"핵심 임직원 이탈로 조직 안정성 저하",2,[]],"COEN":[1594,true,2,"지속적인 연구 및 개발 부재로 혁신성 부족",2,[]],"CBEN":[3540,true,3,"글로벌 엔터테인먼트 전략 부재",2,[]]}
2024-04-30 07:29:00.917   DEBUG [Timer-0                    ] -                DEBUG: 주식가격 변경되었습니다

{"TCSE":[3845,true,0,"핵심 임직원 이탈로 조직 안정성 저하",2,[]],"CAPE":[1800,true,1,"자원 확보 어려움으로 인한 생산 차질",2,[]],"COEN":[1601,true,2,"기술력 미흡으로 시장 경쟁력 하락",2,[]],"CBEN":[3538,true,3,"수익 하락",1,[]]}
2024-04-30 07:29:00.936   DEBUG [Timer-0                    ] -                DEBUG: 주식가격 변경되었습니다

{"TCSE":[3877,true,0,"새로운 비즈니스 모델 도입으로 수익성 향상",0,[]],"CAPE":[1803,true,1,"코로나19 대유행으로 인한 경영 난관",2,[]],"COEN":[1587,true,2,"친환경 투자의 긍정적 영향",0,[]],"CBEN":[3568,true,3,"자원 확보 어려움으로 인한 생산 차질",2,[]]}
2024-04-30 07:29:00.952   DEBUG [Timer-0                    ] -                DEBUG: 주식가격 변경되었습니다

{"TCSE":[3883,true,0,"소송 발생으로 리스크 증가",1,[]],"CAPE":[1814,true,1,"글로벌 이슈에 대한 대응 부재",2,[]],"COEN":[1584,true,2,"환경 인프라 사업 어려움",1,[]],"CBEN":[3554,true,3,"글로벌 경제 불안",1,[]]}
2024-04-30 07:29:00.966   DEBUG [Timer-0                    ] -                DEBUG: 주식가격 변경되었습니다

{"TCSE":[3905,true,0,"고객 서비스 품질 하락으로 불신 증가",1,[]],"CAPE":[1796,true,1,"금융 위기로 인한 영향 커짐",1,[]],"COEN":[1599,true,2,"환경 변화에 대한 기업 대응 부재",1,[]],"CBEN":[3544,true,3,"코로나19 대유행으로 인한 경영 난관",2,[]]}
2024-04-30 07:29:00.988   DEBUG [Timer-0                    ] -                DEBUG: 주식가격 변경되었습니다

{"TCSE":[3870,true,0,"고객 서비스 품질 하락으로 불신 증가",1,[]],"CAPE":[1780,true,1,"소송 발생으로 리스크 증가",1,[]],"COEN":[1598,true,2,"환경 산업 성과 부진",1,[]],"CBEN":[3546,true,3,"새로운 엔터테인먼트 플랫폼 도입",0,[]]}
2024-04-30 07:29:01.005   DEBUG [Timer-0                    ] -                DEBUG: 주식가격 변경되었습니다

{"TCSE":[3870,true,0,"고객 중심의 서비스 개선",0,[]],"CAPE":[1796,true,1,"코로나19 대유행으로 인한 경영 난관",2,[]],"COEN":[1583,true,2,"환경 투자 부진",1,[]],"CBEN":[3580,true,3,"엔터테인먼트 기술 부재",1,[]]}
2024-04-30 12:11:06.398   DEBUG [Timer-0                    ] -                DEBUG: 주식가격 변경되었습니다

{"TCSE":[3870,true,0,"금융 위기로 인한 영향 커짐",1,[]],"CAPE":[1799,true,1,"건강 관리 솔루션으로 소비자 만족도 상승",0,[]],"COEN":[1590,true,2,"환경 기술 혁신",0,[]],"CBEN":[3606,true,3,"창의적인 콘텐츠 기획",0,[]]}
2024-04-30 12:11:06.432   DEBUG [Timer-0                    ] -                DEBUG: 주식가격 변경되었습니다

{"TCSE":[3873,true,0,"비용 증가에 따른 수익 감소",2,[]],"CAPE":[1792,true,1,"기술력 미흡으로 시장 경쟁력 하락",2,[]],"COEN":[1580,true,2,"환경 혁신 기술 개발",0,[]],"CBEN":[3636,true,3,"엔터테인먼트 기술 부재",1,[]]}
2024-04-30 12:11:06.470   DEBUG [Timer-0                    ] -                DEBUG: 주식가격 변경되었습니다

{"TCSE":[3888,true,0,"사내 인재 발굴 및 육성으로 업무 성과 향상",0,[]],"CAPE":[1781,true,1,"기업 내부 정보 유출에 대한 우려",2,[]],"COEN":[1577,true,2,"환경 투자 부진",1,[]],"CBEN":[3624,true,3,"수익성 하락",1,[]]}
2024-04-30 12:11:06.641   DEBUG [Timer-0                    ] -                DEBUG: 주식가격 변경되었습니다

{"TCSE":[3861,true,0,"경영진 갈등으로 회사 내부 불안",1,[]],"CAPE":[1763,true,1,"전략적 파트너십 해지로 영업 손실",1,[]],"COEN":[1570,true,2,"환경 산업 기술적 한계",1,[]],"CBEN":[3628,true,3,"엔터테인먼트 기업 내부 정보 유출에 대한 우려",2,[]]}
2024-04-30 12:11:06.721   DEBUG [Timer-0                    ] -                DEBUG: 주식가격 변경되었습니다

{"TCSE":[3887,true,0,"지속적인 연구 및 개발 부재로 혁신성 부족",2,[]],"CAPE":[1761,true,1,"지속적인 연구 및 개발 부재로 혁신성 부족",2,[]],"COEN":[1584,true,2,"신재생 에너지 투자진행",0,[]],"CBEN":[3649,true,3,"엔터테인먼트 기술 혁신",0,[]]}
2024-04-30 18:32:54.690   DEBUG [Timer-0                    ] -                DEBUG: 주식가격 변경되었습니다

{"TCSE":[3902,true,0,"글로벌 시장에서 호조를 보이는 추세",0,[]],"CAPE":[1761,true,1,"글로벌 건강 트렌드에 부응하여 성과 향상",0,[]],"COEN":[1577,true,2,"환경 친화적 제품 수요 부진",1,[]],"CBEN":[3649,true,3,"핵심 임직원 이탈로 조직 안정성 저하",2,[]]}
2024-04-30 18:32:54.722   DEBUG [Timer-0                    ] -                DEBUG: 주식가격 변경되었습니다

{"TCSE":[3902,true,0,"종업원 파업으로 인한 생산 차질",1,[]],"CAPE":[1767,true,1,"의료 기술 혁신으로 인한 업계 선도",0,[]],"COEN":[1591,true,2,"환경 산업 부정적 전망",1,[]],"CBEN":[3658,true,3,"코로나19 대유행으로 인한 경영 난관",2,[]]}
2024-04-30 18:32:54.740   DEBUG [Timer-0                    ] -                DEBUG: 주식가격 변경되었습니다

{"TCSE":[3931,true,0,"사내 인재 발굴 및 육성으로 업무 성과 향상",0,[]],"CAPE":[1767,true,1,"기술 문제로 제품 불만족이 급증",1,[]],"COEN":[1598,true,2,"환경 혁신 기술 개발",0,[]],"CBEN":[3643,true,3,"경영 전략 부재",2,[]]}
2024-04-30 18:32:54.759   DEBUG [Timer-0                    ] -                DEBUG: 주식가격 변경되었습니다

{"TCSE":[3912,true,0,"소송 발생으로 리스크 증가",1,[]],"CAPE":[1751,true,1,"소송 발생으로 리스크 증가",1,[]],"COEN":[1583,true,2,"코로나19 대유행으로 인한 경영 난관",2,[]],"CBEN":[3638,true,3,"글로벌 엔터테인먼트 시장 불확실성",1,[]]}
2024-04-30 18:32:54.780   DEBUG [Timer-0                    ] -                DEBUG: 주식가격 변경되었습니다

{"TCSE":[3948,true,0,"글로벌 경제 여건에 대한 대응력 강화",0,[]],"CAPE":[1736,true,1,"환자 경험 개선으로 긍정적 평가",0,[]],"COEN":[1580,true,2,"환경 비용 증가에 따른 수익 감소",2,[]],"CBEN":[3630,true,3,"글로벌 엔터테인먼트 이슈에 대한 대응 부재",2,[]]}
2024-04-30 18:32:54.798   DEBUG [Timer-0                    ] -                DEBUG: 주식가격 변경되었습니다

{"TCSE":[3911,true,0,"전략적 파트너십 해지로 영업 손실",1,[]],"CAPE":[1730,true,1,"코로나19 대유행으로 인한 경영 난관",2,[]],"COEN":[1585,true,2,"핵심 임직원 이탈로 조직 안정성 저하",2,[]],"CBEN":[3629,true,3,"차별화된 콘텐츠 전략",0,[]]}
2024-04-30 19:00:11.294   DEBUG [Timer-0                    ] -                DEBUG: 주식가격 변경되었습니다

{"TCSE":[3940,true,0,"경영진 갈등으로 회사 내부 불안",1,[]],"CAPE":[1741,true,1,"경영진 갈등으로 회사 내부 불안",1,[]],"COEN":[1586,true,2,"환경 산업 경쟁 심화",1,[]],"CBEN":[3593,true,3,"글로벌 엔터테인먼트 시장 불확실성",1,[]]}
2024-05-01 02:43:20.483   DEBUG [Timer-0                    ] -                DEBUG: 주식가격 변경되었습니다

{"TCSE":[3972,true,0,"경영진의 투명성 부족으로 신뢰 감소",2,[]],"CAPE":[1738,true,1,"비용 증가에 따른 수익 감소",2,[]],"COEN":[1596,true,2,"환경 인프라 사업 어려움",1,[]],"CBEN":[3592,true,3,"콘텐츠 기획 실패",1,[]]}
2024-05-01 02:43:20.510   DEBUG [Timer-0                    ] -                DEBUG: 주식가격 변경되었습니다

{"TCSE":[3966,true,0,"글로벌 경제 불안으로 인한 영향",2,[]],"CAPE":[1728,true,1,"긴급 상황 대비를 위한 응급 의료 솔루션 개발",0,[]],"COEN":[1591,true,2,"환경 산업 경쟁 심화",1,[]],"CBEN":[3591,true,3,"경영진 변동",1,[]]}
2024-05-01 02:43:20.536   DEBUG [Timer-0                    ] -                DEBUG: 주식가격 변경되었습니다

{"TCSE":[3991,true,0,"환경 친화적 제품 출시로 호감도 상승",0,[]],"CAPE":[1725,true,1,"종업원 파업으로 인한 생산 차질",1,[]],"COEN":[1602,true,2,"환경 혁신 기술 개발",0,[]],"CBEN":[3563,true,3,"엔터테인먼트 기술 경쟁 치열",1,[]]}
2024-05-01 02:43:20.565   DEBUG [Timer-0                    ] -                DEBUG: 주식가격 변경되었습니다

{"TCSE":[4015,true,0,"자원 확보 어려움으로 인한 생산 차질",2,[]],"CAPE":[1742,true,1,"관련 법규 위반으로 인한 소송 발생",1,[]],"COEN":[1602,true,2,"환경 산업 성과 부진",1,[]],"CBEN":[3570,true,3,"엔터테인먼트 기술 부재",1,[]]}
2024-05-01 02:43:20.588   DEBUG [Timer-0                    ] -                DEBUG: 주식가격 변경되었습니다

{"TCSE":[3986,true,0,"서비스 장애로 불만족 증가",1,[]],"CAPE":[1747,true,1,"기술력 미흡으로 시장 경쟁력 하락",2,[]],"COEN":[1592,true,2,"환경 규제 대응",0,[]],"CBEN":[3574,true,3,"엔터테인먼트 기술 부재",1,[]]}
2024-05-01 02:43:20.605   DEBUG [Timer-0                    ] -                DEBUG: 주식가격 변경되었습니다

{"TCSE":[3986,true,0,"관련 법규 위반으로 인한 소송 발생",1,[]],"CAPE":[1741,true,1,"자원 확보 어려움으로 인한 생산 차질",2,[]],"COEN":[1589,true,2,"환경 비용 증가에 따른 수익 감소",2,[]],"CBEN":[3556,true,3,"글로벌 팬덤 확대",0,[]]}
2024-05-01 02:43:20.621   DEBUG [Timer-0                    ] -                DEBUG: 주식가격 변경되었습니다

{"TCSE":[3976,true,0,"경영진 변동에 불안감 표출",1,[]],"CAPE":[1747,true,1,"사회적 책임에 대한 불만이 커지는 추세",2,[]],"COEN":[1590,true,2,"친환경 인프라 사업",0,[]],"CBEN":[3543,true,3,"수요 증가에 따른 수익 상승",0,[]]}
2024-05-01 05:26:03.096   DEBUG [Timer-0                    ] -                DEBUG: 주식가격 변경되었습니다

{"TCSE":[3976,true,0,"신뢰성 높은 보안 시스템 도입",0,[]],"CAPE":[1752,true,1,"협력 기관과의 파트너십 강화로 사업 다각화",0,[]],"COEN":[1595,true,2,"코로나19 대유행으로 인한 경영 난관",2,[]],"CBEN":[3551,true,3,"코로나19 대유행으로 인한 경영 난관",2,[]]}
2024-05-01 05:26:03.129   DEBUG [Timer-0                    ] -                DEBUG: 주식가격 변경되었습니다

{"TCSE":[3997,true,0,"긍정적인 인터뷰로 신뢰 회복",0,[]],"CAPE":[1757,true,1,"환자 중심의 의료 서비스로 신뢰 회복",0,[]],"COEN":[1595,true,2,"환경 보호 정책 불확실성",1,[]],"CBEN":[3565,true,3,"코로나19 대유행으로 인한 경영 난관",2,[]]}
2024-05-01 05:26:03.164   DEBUG [Timer-0                    ] -                DEBUG: 주식가격 변경되었습니다

{"TCSE":[4028,true,0,"환경 친화적 제품 출시로 호감도 상승",0,[]],"CAPE":[1760,true,1,"건강 관리 솔루션으로 소비자 만족도 상승",0,[]],"COEN":[1583,true,2,"친환경 투자의 긍정적 영향",0,[]],"CBEN":[3568,true,3,"경영진의 투명성 부족으로 신뢰 감소",2,[]]}
2024-05-01 10:26:11.105   DEBUG [Timer-0                    ] -                DEBUG: 주식가격 변경되었습니다

{"TCSE":[4040,true,0,"사용자 경험 개선에 긍정적인 피드백",0,[]],"CAPE":[1771,true,1,"환자 경험 개선으로 긍정적 평가",0,[]],"COEN":[1584,true,2,"지속적인 연구 및 개발 부재로 혁신성 부족",2,[]],"CBEN":[3596,true,3,"급격한 시장 변화",1,[]]}
2024-05-01 10:26:11.148   DEBUG [Timer-0                    ] -                DEBUG: 주식가격 변경되었습니다

{"TCSE":[4005,true,0,"신뢰성 높은 보안 시스템 도입",0,[]],"CAPE":[1778,true,1,"금융 위기로 인한 영향 커짐",1,[]],"COEN":[1596,true,2,"환경 보호 정책의 긍정적 영향",0,[]],"CBEN":[3576,true,3,"창의적인 콘텐츠 기획",0,[]]}
2024-05-01 10:26:11.167   DEBUG [Timer-0                    ] -                DEBUG: 주식가격 변경되었습니다

{"TCSE":[4018,true,0,"비용 증가에 따른 수익 감소",2,[]],"CAPE":[1774,true,1,"환경 변화에 대한 대비 부족으로 리스크 상승",2,[]],"COEN":[1593,true,2,"환경 혁신 기술 개발",0,[]],"CBEN":[3603,true,3,"사회적 책임에 대한 불만이 커지는 추세",2,[]]}
2024-05-01 10:26:11.188   DEBUG [Timer-0                    ] -                DEBUG: 주식가격 변경되었습니다

{"TCSE":[4016,true,0,"새로운 비즈니스 모델 도입으로 수익성 향상",0,[]],"CAPE":[1778,true,1,"예측불가능한 사건으로 인한 영향 파악 어려움",2,[]],"COEN":[1580,true,2,"환경 산업 경쟁 심화",1,[]],"CBEN":[3632,true,3,"글로벌 엔터테인먼트 트렌드 미흡",1,[]]}
2024-05-01 10:26:11.205   DEBUG [Timer-0                    ] -                DEBUG: 주식가격 변경되었습니다

{"TCSE":[4019,true,0,"종업원 파업으로 인한 생산 차질",1,[]],"CAPE":[1764,true,1,"고객 서비스 품질 하락으로 불신 증가",1,[]],"COEN":[1575,true,2,"환경 규제 변화",1,[]],"CBEN":[3632,true,3,"수익성 하락",1,[]]}
