2024-03-01 12:20:08.373    INFO [main                       ] -    GlobalApplication: 포그라운드 서비스 등록 성공!
2024-03-01 12:20:08.379    INFO [DefaultDispatcher-worker-2 ] -   ApplicationSession: 카카오톡 버전: 10.5.5
2024-03-01 12:20:08.380   DEBUG [DefaultDispatcher-worker-2 ] -   ApplicationSession: Initializing with locale KOREAN
2024-03-01 12:20:08.483   DEBUG [DefaultDispatcher-worker-2 ] -           ApiManager: LanguageManager Api 등록 성공
2024-03-01 12:20:08.484   DEBUG [DefaultDispatcher-worker-2 ] -           ApiManager: PluginManager Api 등록 성공
2024-03-01 12:20:08.484   DEBUG [DefaultDispatcher-worker-2 ] -           ApiManager: Log Api 등록 성공
2024-03-01 12:20:08.484   DEBUG [DefaultDispatcher-worker-2 ] -           ApiManager: ProjectManager Api 등록 성공
2024-03-01 12:20:08.484   DEBUG [DefaultDispatcher-worker-2 ] -           ApiManager: Notification Api 등록 성공
2024-03-01 12:20:08.485   DEBUG [DefaultDispatcher-worker-2 ] -           ApiManager: Env Api 등록 성공
2024-03-01 12:20:08.485   DEBUG [DefaultDispatcher-worker-2 ] -           ApiManager: Java Api 등록 성공
2024-03-01 12:20:08.487   DEBUG [DefaultDispatcher-worker-2 ] -           ApiManager: EventEmitter Api 등록 성공
2024-03-01 12:20:08.488   DEBUG [DefaultDispatcher-worker-2 ] -           ApiManager: Utils Api 등록 성공
2024-03-01 12:20:08.488   DEBUG [DefaultDispatcher-worker-2 ] -           ApiManager: Api Api 등록 성공
2024-03-01 12:20:08.489   DEBUG [DefaultDispatcher-worker-2 ] -           ApiManager: Bridge Api 등록 성공
2024-03-01 12:20:08.490   DEBUG [DefaultDispatcher-worker-2 ] -           ApiManager: FileStream Api 등록 성공
2024-03-01 12:20:08.490   DEBUG [DefaultDispatcher-worker-2 ] -           ApiManager: DataBase Api 등록 성공
2024-03-01 12:20:08.490   DEBUG [DefaultDispatcher-worker-2 ] -           ApiManager: Device Api 등록 성공
2024-03-01 12:20:08.491   DEBUG [DefaultDispatcher-worker-2 ] -           ApiManager: Broadcast Api 등록 성공
2024-03-01 12:20:08.490   DEBUG [DefaultDispatcher-worker-2 ] -           ApiManager: App Api 등록 성공
2024-03-01 12:20:08.496   DEBUG [main                       ] - NotificationListener: Listener connected
2024-03-01 12:20:08.508    INFO [DefaultDispatcher-worker-7 ] -       SplashActivity: 프로젝트 로드중…
2024-03-01 12:20:08.573    INFO [DefaultDispatcher-worker-2 ] -               System: | Project ✦ StarLight |
Running PluginCore v0.2.0
2024-03-01 12:22:35.678    INFO [Project-Normal-worker-1    ] -                 INFO: 프로젝트 Normal 컴파일 중...
2024-03-01 12:22:39.092    INFO [Project-Me-worker-1        ] -                 INFO: 프로젝트 Me 컴파일 중...
2024-03-01 12:22:41.601    INFO [Project-User-worker-1      ] -                 INFO: 프로젝트 User 컴파일 중...
2024-03-01 12:22:43.643    INFO [Project-admin-worker-1     ] -                 INFO: 프로젝트 admin 컴파일 중...
2024-03-01 12:22:45.834    INFO [Project-atten-worker-1     ] -                 INFO: 프로젝트 atten 컴파일 중...
2024-03-01 12:22:48.135    INFO [Project-eval-worker-1      ] -                 INFO: 프로젝트 eval 컴파일 중...
2024-03-01 12:22:50.958    INFO [Project-mention-worker-1   ] -                 INFO: 프로젝트 mention 컴파일 중...
2024-03-01 12:22:53.326    INFO [Project-reply-worker-1     ] -                 INFO: 프로젝트 reply 컴파일 중...
2024-03-01 12:22:56.223    INFO [Project-sign-up-worker-1   ] -                 INFO: 프로젝트 sign-up 컴파일 중...
