2024-03-01 14:36:07.677    INFO [main                       ] -    GlobalApplication: 포그라운드 서비스 등록 성공!
2024-03-01 14:36:07.679    INFO [DefaultDispatcher-worker-1 ] -   ApplicationSession: 카카오톡 버전: 10.5.5
2024-03-01 14:36:07.680   DEBUG [DefaultDispatcher-worker-1 ] -   ApplicationSession: Initializing with locale KOREAN
2024-03-01 14:36:07.770   DEBUG [DefaultDispatcher-worker-1 ] -           ApiManager: LanguageManager Api 등록 성공
2024-03-01 14:36:07.771   DEBUG [DefaultDispatcher-worker-1 ] -           ApiManager: Log Api 등록 성공
2024-03-01 14:36:07.771   DEBUG [DefaultDispatcher-worker-1 ] -           ApiManager: ProjectManager Api 등록 성공
2024-03-01 14:36:07.771   DEBUG [DefaultDispatcher-worker-1 ] -           ApiManager: Notification Api 등록 성공
2024-03-01 14:36:07.771   DEBUG [DefaultDispatcher-worker-1 ] -           ApiManager: PluginManager Api 등록 성공
2024-03-01 14:36:07.772   DEBUG [DefaultDispatcher-worker-1 ] -           ApiManager: Env Api 등록 성공
2024-03-01 14:36:07.772   DEBUG [DefaultDispatcher-worker-1 ] -           ApiManager: Java Api 등록 성공
2024-03-01 14:36:07.773   DEBUG [DefaultDispatcher-worker-1 ] -           ApiManager: EventEmitter Api 등록 성공
2024-03-01 14:36:07.775   DEBUG [DefaultDispatcher-worker-1 ] -           ApiManager: Utils Api 등록 성공
2024-03-01 14:36:07.776   DEBUG [DefaultDispatcher-worker-1 ] -           ApiManager: Api Api 등록 성공
2024-03-01 14:36:07.777   DEBUG [DefaultDispatcher-worker-1 ] -           ApiManager: Bridge Api 등록 성공
2024-03-01 14:36:07.777   DEBUG [DefaultDispatcher-worker-1 ] -           ApiManager: DataBase Api 등록 성공
2024-03-01 14:36:07.777   DEBUG [DefaultDispatcher-worker-1 ] -           ApiManager: FileStream Api 등록 성공
2024-03-01 14:36:07.778   DEBUG [DefaultDispatcher-worker-1 ] -           ApiManager: Broadcast Api 등록 성공
2024-03-01 14:36:07.778   DEBUG [DefaultDispatcher-worker-1 ] -           ApiManager: Device Api 등록 성공
2024-03-01 14:36:07.778   DEBUG [DefaultDispatcher-worker-1 ] -           ApiManager: App Api 등록 성공
2024-03-01 14:36:07.826   DEBUG [main                       ] - NotificationListener: Listener connected
2024-03-01 14:36:07.828    INFO [DefaultDispatcher-worker-10] -       SplashActivity: 프로젝트 로드중…
2024-03-01 14:36:07.915    INFO [Project-eval-worker-1      ] -                 INFO: 프로젝트 eval 컴파일 중...
2024-03-01 14:36:08.442    INFO [Project-User-worker-1      ] -                 INFO: 프로젝트 User 컴파일 중...
2024-03-01 14:36:08.526    INFO [Project-atten-worker-1     ] -                 INFO: 프로젝트 atten 컴파일 중...
2024-03-01 14:36:08.870    INFO [Project-Me-worker-1        ] -                 INFO: 프로젝트 Me 컴파일 중...
2024-03-01 14:36:09.133    INFO [Project-admin-worker-1     ] -                 INFO: 프로젝트 admin 컴파일 중...
2024-03-01 14:36:09.781    INFO [Project-sign-up-worker-1   ] -                 INFO: 프로젝트 sign-up 컴파일 중...
2024-03-01 14:36:10.022    INFO [Project-reply-worker-1     ] -                 INFO: 프로젝트 reply 컴파일 중...
2024-03-01 14:36:10.474    INFO [Project-Normal-worker-1    ] -                 INFO: 프로젝트 Normal 컴파일 중...
2024-03-01 14:36:10.757    INFO [Project-chat_history-worker] -                 INFO: 프로젝트 chat_history 컴파일 중...
2024-03-01 14:36:11.004    INFO [Project-entrance-worker-1  ] -                 INFO: 프로젝트 entrance 컴파일 중...
2024-03-01 14:36:11.047    INFO [Project-mention-worker-1   ] -                 INFO: 프로젝트 mention 컴파일 중...
2024-03-01 14:36:11.334    INFO [Project-ASet-worker-1      ] -                 INFO: 프로젝트 ASet 컴파일 중...
2024-03-01 14:36:11.577    INFO [DefaultDispatcher-worker-1 ] -               System: | Project ✦ StarLight |
Running PluginCore v0.2.0
2024-03-01 14:36:38.209    INFO [Project-stock-worker-1     ] -                 INFO: 프로젝트 stock 컴파일 중...
2024-03-01 14:36:38.475   ERROR [Project-stock-worker-1     ] -        Project-stock: ECOMF: org.mozilla.javascript.EcmaError: TypeError: Cannot read property "0" from undefined (file:/storage/emulated/0/StarLight/projects/stock/stock.js#23)
2024-03-01 14:36:38.885    INFO [DefaultDispatcher-worker-9 ] -      ProjectListItem: stock 컴파일 실패
org.mozilla.javascript.EcmaError: TypeError: Cannot read property "0" from undefined (file:/storage/emulated/0/StarLight/projects/stock/stock.js#23)
2024-03-01 14:37:31.165    INFO [Project-stock-worker-1     ] -                 INFO: 프로젝트 stock 컴파일 중...
2024-03-01 14:37:31.446   ERROR [Project-stock-worker-1     ] -        Project-stock: ECOMF: org.mozilla.javascript.EcmaError: TypeError: Cannot read property "date" from null (file:/storage/emulated/0/StarLight/modules/stock_m.js#195)
2024-03-01 14:37:31.852    INFO [DefaultDispatcher-worker-11] -      ProjectListItem: stock 컴파일 실패
org.mozilla.javascript.EcmaError: TypeError: Cannot read property "date" from null (file:/storage/emulated/0/StarLight/modules/stock_m.js#195)
2024-03-01 14:38:15.615    INFO [Project-stock-worker-2     ] -                 INFO: 프로젝트 stock 컴파일 중...
2024-03-01 14:38:18.623    INFO [DefaultDispatcher-worker-3 ] -      ProjectListItem: stock 컴파일 실패
java.lang.StackOverflowError: stack size 1039KB
2024-03-01 14:38:25.553    INFO [Project-stock-worker-1     ] -                 INFO: 프로젝트 stock 컴파일 중...
2024-03-01 14:38:28.555    INFO [DefaultDispatcher-worker-10] -      ProjectListItem: stock 컴파일 실패
java.lang.StackOverflowError: stack size 1039KB
