2024-03-01 14:39:45.952    INFO [main                       ] -    GlobalApplication: 포그라운드 서비스 등록 성공!
2024-03-01 14:39:45.956    INFO [DefaultDispatcher-worker-2 ] -   ApplicationSession: 카카오톡 버전: 10.5.5
2024-03-01 14:39:45.956   DEBUG [DefaultDispatcher-worker-2 ] -   ApplicationSession: Initializing with locale KOREAN
2024-03-01 14:39:45.966    WARN [DefaultDispatcher-worker-2 ] -         PluginLoader: res/raw 경로는 더 이상 사용되지 않습니다. assets 경로를 사용하세요.
2024-03-01 14:39:45.981    WARN [DefaultDispatcher-worker-2 ] -         PluginLoader: res/raw 경로는 더 이상 사용되지 않습니다. assets 경로를 사용하세요.
2024-03-01 14:39:46.003   DEBUG [DefaultDispatcher-worker-2 ] -         PluginLoader: Found new version of asset(-1 -> 0), loading assets...
2024-03-01 14:39:46.009   DEBUG [DefaultDispatcher-worker-2 ] -            AwtPlugin: Testing awt class loading, color = java.awt.Color[r=0,g=0,b=0]
2024-03-01 14:39:46.029    INFO [DefaultDispatcher-worker-7 ] -       SplashActivity: [Discord] 로드중…
2024-03-01 14:39:46.069   DEBUG [main                       ] - NotificationListener: Listener connected
2024-03-01 14:39:46.153   DEBUG [DefaultDispatcher-worker-2 ] -         PluginLoader: Found new version of asset(-1 -> 0), loading assets...
2024-03-01 14:39:46.162   DEBUG [DefaultDispatcher-worker-2 ] -           ApiManager: Discord Api 등록 성공
2024-03-01 14:39:46.177   DEBUG [DefaultDispatcher-worker-2 ] -        DiscordPlugin: Starting discord client with intent: MESSAGE_CONTENT, DIRECT_MESSAGES, GUILD_MESSAGES, GUILD_MEMBERS
2024-03-01 14:39:48.827    INFO [DefaultDispatcher-worker-2 ] -        DiscordPlugin: 디스코드 클라이언트 시작 성공! [디코서버 도우미]Eric#0937 로 로그인했어요.
2024-03-01 14:39:48.829    INFO [DefaultDispatcher-worker-3 ] -       SplashActivity: 기본 라이브러리 로드중…
2024-03-01 14:39:48.910   DEBUG [DefaultDispatcher-worker-2 ] -           ApiManager: Env Api 등록 성공
2024-03-01 14:39:48.908   DEBUG [DefaultDispatcher-worker-2 ] -           ApiManager: LanguageManager Api 등록 성공
2024-03-01 14:39:48.909   DEBUG [DefaultDispatcher-worker-2 ] -           ApiManager: Log Api 등록 성공
2024-03-01 14:39:48.909   DEBUG [DefaultDispatcher-worker-2 ] -           ApiManager: ProjectManager Api 등록 성공
2024-03-01 14:39:48.909   DEBUG [DefaultDispatcher-worker-2 ] -           ApiManager: PluginManager Api 등록 성공
2024-03-01 14:39:48.910   DEBUG [DefaultDispatcher-worker-2 ] -           ApiManager: Notification Api 등록 성공
2024-03-01 14:39:48.910   DEBUG [DefaultDispatcher-worker-2 ] -           ApiManager: Java Api 등록 성공
2024-03-01 14:39:48.910   DEBUG [DefaultDispatcher-worker-2 ] -           ApiManager: EventEmitter Api 등록 성공
2024-03-01 14:39:48.911   DEBUG [DefaultDispatcher-worker-2 ] -           ApiManager: Utils Api 등록 성공
2024-03-01 14:39:48.911   DEBUG [DefaultDispatcher-worker-2 ] -           ApiManager: Api Api 등록 성공
2024-03-01 14:39:48.911   DEBUG [DefaultDispatcher-worker-2 ] -           ApiManager: Bridge Api 등록 성공
2024-03-01 14:39:48.912   DEBUG [DefaultDispatcher-worker-2 ] -           ApiManager: FileStream Api 등록 성공
2024-03-01 14:39:48.912   DEBUG [DefaultDispatcher-worker-2 ] -           ApiManager: DataBase Api 등록 성공
2024-03-01 14:39:48.913   DEBUG [DefaultDispatcher-worker-2 ] -           ApiManager: Broadcast Api 등록 성공
2024-03-01 14:39:48.912   DEBUG [DefaultDispatcher-worker-2 ] -           ApiManager: App Api 등록 성공
2024-03-01 14:39:48.912   DEBUG [DefaultDispatcher-worker-2 ] -           ApiManager: Device Api 등록 성공
2024-03-01 14:39:48.925    INFO [DefaultDispatcher-worker-4 ] -       SplashActivity: 프로젝트 로드중…
2024-03-01 14:39:49.052    INFO [Project-eval-worker-1      ] -                 INFO: 프로젝트 eval 컴파일 중...
2024-03-01 14:39:49.620    INFO [Project-User-worker-1      ] -                 INFO: 프로젝트 User 컴파일 중...
2024-03-01 14:39:49.720    INFO [Project-atten-worker-1     ] -                 INFO: 프로젝트 atten 컴파일 중...
2024-03-01 14:39:50.161    INFO [Project-Me-worker-1        ] -                 INFO: 프로젝트 Me 컴파일 중...
2024-03-01 14:39:50.517    INFO [Project-admin-worker-1     ] -                 INFO: 프로젝트 admin 컴파일 중...
2024-03-01 14:39:51.030    INFO [Project-sign-up-worker-1   ] -                 INFO: 프로젝트 sign-up 컴파일 중...
2024-03-01 14:39:51.331    INFO [Project-reply-worker-1     ] -                 INFO: 프로젝트 reply 컴파일 중...
2024-03-01 14:39:51.822    INFO [Project-Normal-worker-1    ] -                 INFO: 프로젝트 Normal 컴파일 중...
2024-03-01 14:39:52.115    INFO [Project-chat_history-worker] -                 INFO: 프로젝트 chat_history 컴파일 중...
2024-03-01 14:39:52.470    INFO [Project-entrance-worker-1  ] -                 INFO: 프로젝트 entrance 컴파일 중...
2024-03-01 14:39:52.512    INFO [Project-mention-worker-1   ] -                 INFO: 프로젝트 mention 컴파일 중...
2024-03-01 14:39:52.771    INFO [Project-ASet-worker-1      ] -                 INFO: 프로젝트 ASet 컴파일 중...
2024-03-01 14:39:53.036    INFO [DefaultDispatcher-worker-2 ] -               System: | Project ✦ StarLight |
Running PluginCore v0.2.0
2024-03-01 14:39:59.378    INFO [main                       ] -        DiscordPlugin: 클라이언트 종료 중...
2024-03-01 14:39:59.379   DEBUG [main                       ] -        DiscordPlugin: 디스코드 클라이언트 로그아웃중...
2024-03-01 14:40:04.622    INFO [main                       ] -        DiscordPlugin: 클라이언트 시작 중...
2024-03-01 14:40:04.628   DEBUG [main                       ] -        DiscordPlugin: Starting discord client with intent: MESSAGE_CONTENT, DIRECT_MESSAGES, GUILD_MESSAGES, GUILD_MEMBERS
2024-03-01 14:59:33.687    INFO [Project-User-worker-1      ] -                 INFO: 프로젝트 User 컴파일 중...
2024-03-01 14:59:33.837    INFO [Project-atten-worker-1     ] -                 INFO: 프로젝트 atten 컴파일 중...
2024-03-01 14:59:34.964    INFO [Project-admin-worker-3     ] -                 INFO: 프로젝트 admin 컴파일 중...
2024-03-01 14:59:37.002    INFO [Project-Normal-worker-1    ] -                 INFO: 프로젝트 Normal 컴파일 중...
2024-03-01 14:59:37.990    INFO [Project-chat_history-worker] -                 INFO: 프로젝트 chat_history 컴파일 중...
2024-03-01 14:59:38.737    INFO [Project-mention-worker-2   ] -                 INFO: 프로젝트 mention 컴파일 중...
2024-03-01 14:59:39.609    INFO [Project-eval-worker-1      ] -                 INFO: 프로젝트 eval 컴파일 중...
2024-03-01 14:59:40.616    INFO [Project-Me-worker-1        ] -                 INFO: 프로젝트 Me 컴파일 중...
2024-03-01 14:59:41.359    INFO [Project-sign-up-worker-2   ] -                 INFO: 프로젝트 sign-up 컴파일 중...
2024-03-01 14:59:42.150    INFO [Project-reply-worker-2     ] -                 INFO: 프로젝트 reply 컴파일 중...
2024-03-01 14:59:43.857    INFO [Project-entrance-worker-3  ] -                 INFO: 프로젝트 entrance 컴파일 중...
2024-03-01 14:59:43.933    INFO [Project-stock-worker-1     ] -                 INFO: 프로젝트 stock 컴파일 중...
2024-03-01 14:59:48.796    INFO [Project-ASet-worker-2      ] -                 INFO: 프로젝트 ASet 컴파일 중...
2024-03-01 14:59:49.653    INFO [Project-User-worker-3      ] -                 INFO: 프로젝트 User 컴파일 중...
2024-03-01 14:59:49.778    INFO [Project-atten-worker-3     ] -                 INFO: 프로젝트 atten 컴파일 중...
2024-03-01 14:59:50.742    INFO [Project-admin-worker-2     ] -                 INFO: 프로젝트 admin 컴파일 중...
2024-03-01 14:59:52.607    INFO [Project-Normal-worker-3    ] -                 INFO: 프로젝트 Normal 컴파일 중...
2024-03-01 14:59:53.357    INFO [Project-chat_history-worker] -                 INFO: 프로젝트 chat_history 컴파일 중...
2024-03-01 14:59:54.393    INFO [Project-mention-worker-3   ] -                 INFO: 프로젝트 mention 컴파일 중...
2024-03-01 14:59:55.220    INFO [Project-eval-worker-3      ] -                 INFO: 프로젝트 eval 컴파일 중...
2024-03-01 14:59:56.324    INFO [Project-Me-worker-3        ] -                 INFO: 프로젝트 Me 컴파일 중...
2024-03-01 14:59:57.051    INFO [Project-sign-up-worker-3   ] -                 INFO: 프로젝트 sign-up 컴파일 중...
2024-03-01 14:59:57.807    INFO [Project-reply-worker-3     ] -                 INFO: 프로젝트 reply 컴파일 중...
2024-03-01 14:59:59.478    INFO [Project-entrance-worker-2  ] -                 INFO: 프로젝트 entrance 컴파일 중...
2024-03-01 14:59:59.526    INFO [Project-stock-worker-1     ] -                 INFO: 프로젝트 stock 컴파일 중...
2024-03-01 15:00:04.277    INFO [Project-ASet-worker-3      ] -                 INFO: 프로젝트 ASet 컴파일 중...
2024-03-01 15:46:27.490    INFO [Project-User-worker-1      ] -                 INFO: 프로젝트 User 컴파일 중...
2024-03-01 15:46:27.680    INFO [Project-atten-worker-1     ] -                 INFO: 프로젝트 atten 컴파일 중...
2024-03-01 15:46:28.898    INFO [Project-admin-worker-3     ] -                 INFO: 프로젝트 admin 컴파일 중...
2024-03-01 15:46:30.830    INFO [Project-Normal-worker-1    ] -                 INFO: 프로젝트 Normal 컴파일 중...
2024-03-01 15:46:31.881    INFO [Project-chat_history-worker] -                 INFO: 프로젝트 chat_history 컴파일 중...
2024-03-01 15:46:32.896    INFO [Project-mention-worker-2   ] -                 INFO: 프로젝트 mention 컴파일 중...
2024-03-01 15:46:33.657    INFO [Project-eval-worker-1      ] -                 INFO: 프로젝트 eval 컴파일 중...
2024-03-01 15:46:34.311    INFO [Project-Me-worker-1        ] -                 INFO: 프로젝트 Me 컴파일 중...
2024-03-01 15:46:35.127    INFO [Project-sign-up-worker-2   ] -                 INFO: 프로젝트 sign-up 컴파일 중...
2024-03-01 15:46:36.199    INFO [Project-reply-worker-2     ] -                 INFO: 프로젝트 reply 컴파일 중...
2024-03-01 15:46:37.782    INFO [Project-entrance-worker-3  ] -                 INFO: 프로젝트 entrance 컴파일 중...
2024-03-01 15:46:37.833    INFO [Project-stock-worker-2     ] -                 INFO: 프로젝트 stock 컴파일 중...
2024-03-01 15:46:42.292    INFO [Project-ASet-worker-3      ] -                 INFO: 프로젝트 ASet 컴파일 중...
2024-03-01 15:46:43.504    INFO [Project-User-worker-3      ] -                 INFO: 프로젝트 User 컴파일 중...
2024-03-01 15:46:43.617    INFO [Project-atten-worker-3     ] -                 INFO: 프로젝트 atten 컴파일 중...
2024-03-01 15:46:44.533    INFO [Project-admin-worker-2     ] -                 INFO: 프로젝트 admin 컴파일 중...
2024-03-01 15:46:46.772    INFO [Project-Normal-worker-3    ] -                 INFO: 프로젝트 Normal 컴파일 중...
2024-03-01 15:46:48.595    INFO [Project-chat_history-worker] -                 INFO: 프로젝트 chat_history 컴파일 중...
2024-03-01 15:46:49.233    INFO [Project-mention-worker-3   ] -                 INFO: 프로젝트 mention 컴파일 중...
2024-03-01 15:46:50.358    INFO [Project-eval-worker-3      ] -                 INFO: 프로젝트 eval 컴파일 중...
2024-03-01 15:46:51.077    INFO [Project-Me-worker-3        ] -                 INFO: 프로젝트 Me 컴파일 중...
2024-03-01 15:47:01.917    INFO [Project-sign-up-worker-3   ] -                 INFO: 프로젝트 sign-up 컴파일 중...
2024-03-01 15:47:02.463    INFO [Project-reply-worker-3     ] -                 INFO: 프로젝트 reply 컴파일 중...
2024-03-01 15:47:25.109    INFO [Project-entrance-worker-2  ] -                 INFO: 프로젝트 entrance 컴파일 중...
2024-03-01 15:47:25.168    INFO [Project-stock-worker-1     ] -                 INFO: 프로젝트 stock 컴파일 중...
2024-03-01 15:48:42.290    INFO [Project-ASet-worker-1      ] -                 INFO: 프로젝트 ASet 컴파일 중...
2024-03-02 14:53:07.289    INFO [Project-User-worker-2      ] -                 INFO: 프로젝트 User 컴파일 중...
2024-03-02 14:53:07.436    INFO [Project-atten-worker-2     ] -                 INFO: 프로젝트 atten 컴파일 중...
2024-03-02 14:53:08.260    INFO [Project-admin-worker-1     ] -                 INFO: 프로젝트 admin 컴파일 중...
2024-03-02 14:53:10.422    INFO [Project-Normal-worker-2    ] -                 INFO: 프로젝트 Normal 컴파일 중...
2024-03-02 14:53:11.230    INFO [Project-chat_history-worker] -                 INFO: 프로젝트 chat_history 컴파일 중...
2024-03-02 14:53:11.906    INFO [Project-mention-worker-1   ] -                 INFO: 프로젝트 mention 컴파일 중...
2024-03-02 14:53:13.097    INFO [Project-eval-worker-2      ] -                 INFO: 프로젝트 eval 컴파일 중...
2024-03-02 14:53:13.757    INFO [Project-Me-worker-2        ] -                 INFO: 프로젝트 Me 컴파일 중...
2024-03-02 14:53:14.491    INFO [Project-sign-up-worker-1   ] -                 INFO: 프로젝트 sign-up 컴파일 중...
2024-03-02 14:53:15.166    INFO [Project-reply-worker-1     ] -                 INFO: 프로젝트 reply 컴파일 중...
2024-03-02 14:53:16.781    INFO [Project-entrance-worker-1  ] -                 INFO: 프로젝트 entrance 컴파일 중...
2024-03-02 14:53:16.829    INFO [Project-stock-worker-3     ] -                 INFO: 프로젝트 stock 컴파일 중...
2024-03-02 14:53:18.244    INFO [Project-ASet-worker-3      ] -                 INFO: 프로젝트 ASet 컴파일 중...
2024-03-02 14:53:18.261 CRITICA [Timer-6                    ] -   ApplicationSession: *** 치명적인 오류가 발생했습니다. 앱을 종료하는 중... ***
[버그 제보시 아래 메세지를 첨부해주세요.]
──────────
StarLight v0.2.1a-240209(build 3)
PluginCore v0.2.0
Build.VERSION.SDK_INT: 31
Build.DEVICE: d1x
thread  : Timer-6
message : ReferenceError: "scriptName" is not defined. (file:/storage/emulated/0/StarLight/modules/stock_m.js#205)
cause   : null
┉┉┉┉┉┉┉┉┉┉
Stack Trace:
org.mozilla.javascript.EcmaError: ReferenceError: "scriptName" is not defined. (file:/storage/emulated/0/StarLight/modules/stock_m.js#205)
	at org.mozilla.javascript.ScriptRuntime.constructError(ScriptRuntime.java:4280)
	at org.mozilla.javascript.ScriptRuntime.constructError(ScriptRuntime.java:4258)
	at org.mozilla.javascript.ScriptRuntime.notFoundError(ScriptRuntime.java:4348)
	at org.mozilla.javascript.ScriptRuntime.nameOrFunction(ScriptRuntime.java:2012)
	at org.mozilla.javascript.ScriptRuntime.name(ScriptRuntime.java:1951)
	at org.mozilla.javascript.gen.file__storage_emulated_0_StarLight_modules_stock_m_js_271._c_anonymous_10(file:/storage/emulated/0/StarLight/modules/stock_m.js:205)
	at org.mozilla.javascript.gen.file__storage_emulated_0_StarLight_modules_stock_m_js_271.call(Unknown Source:95)
	at org.mozilla.javascript.ArrowFunction.call(ArrowFunction.java:43)
	at org.mozilla.javascript.optimizer.OptRuntime.callName0(OptRuntime.java:87)
	at org.mozilla.javascript.gen.file__storage_emulated_0_StarLight_modules_stock_m_js_271._c_anonymous_4(file:/storage/emulated/0/StarLight/modules/stock_m.js:85)
	at org.mozilla.javascript.gen.file__storage_emulated_0_StarLight_modules_stock_m_js_271.call(Unknown Source:59)
	at org.mozilla.javascript.ContextFactory.doTopCall(ContextFactory.java:412)
	at org.mozilla.javascript.ScriptRuntime.doTopCall(ScriptRuntime.java:3578)
	at org.mozilla.javascript.gen.file__storage_emulated_0_StarLight_modules_stock_m_js_271.call(Unknown Source:18)
	at org.mozilla.javascript.Context.lambda$call$0(Context.java:545)
	at org.mozilla.javascript.Context$$ExternalSyntheticLambda0.run(Unknown Source:8)
	at org.mozilla.javascript.Context.call(Context.java:554)
	at org.mozilla.javascript.Context.call(Context.java:545)
	at org.mozilla.javascript.JavaAdapter.callMethod(JavaAdapter.java:589)
	at adapter1.run(Unknown Source:21)
	at java.util.TimerThread.mainLoop(Timer.java:562)
	at java.util.TimerThread.run(Timer.java:512)

──────────
2024-03-02 14:53:18.313   DEBUG [Timer-6                    ] -        DiscordPlugin: 디스코드 클라이언트 로그아웃중...
2024-03-02 14:53:18.627   DEBUG [Timer-6                    ] -            JobLocker: 부모 Project-ASet-worker 의 모든 작업 release 완료
