2024-03-01 14:35:47.368    INFO [main                       ] -    GlobalApplication: 포그라운드 서비스 등록 성공!
2024-03-01 14:35:47.372    INFO [DefaultDispatcher-worker-4 ] -   ApplicationSession: 카카오톡 버전: 10.5.5
2024-03-01 14:35:47.376   DEBUG [DefaultDispatcher-worker-4 ] -   ApplicationSession: Initializing with locale KOREAN
2024-03-01 14:35:47.483   DEBUG [DefaultDispatcher-worker-4 ] -           ApiManager: Log Api 등록 성공
2024-03-01 14:35:47.482   DEBUG [DefaultDispatcher-worker-4 ] -           ApiManager: LanguageManager Api 등록 성공
2024-03-01 14:35:47.483   DEBUG [DefaultDispatcher-worker-4 ] -           ApiManager: PluginManager Api 등록 성공
2024-03-01 14:35:47.483   DEBUG [DefaultDispatcher-worker-4 ] -           ApiManager: ProjectManager Api 등록 성공
2024-03-01 14:35:47.483   DEBUG [DefaultDispatcher-worker-4 ] -           ApiManager: Notification Api 등록 성공
2024-03-01 14:35:47.484   DEBUG [DefaultDispatcher-worker-4 ] -           ApiManager: Java Api 등록 성공
2024-03-01 14:35:47.484   DEBUG [DefaultDispatcher-worker-4 ] -           ApiManager: Env Api 등록 성공
2024-03-01 14:35:47.484   DEBUG [DefaultDispatcher-worker-4 ] -           ApiManager: EventEmitter Api 등록 성공
2024-03-01 14:35:47.484   DEBUG [DefaultDispatcher-worker-4 ] -           ApiManager: Utils Api 등록 성공
2024-03-01 14:35:47.485   DEBUG [DefaultDispatcher-worker-4 ] -           ApiManager: Bridge Api 등록 성공
2024-03-01 14:35:47.485   DEBUG [DefaultDispatcher-worker-4 ] -           ApiManager: Api Api 등록 성공
2024-03-01 14:35:47.485   DEBUG [DefaultDispatcher-worker-4 ] -           ApiManager: FileStream Api 등록 성공
2024-03-01 14:35:47.485   DEBUG [DefaultDispatcher-worker-4 ] -           ApiManager: DataBase Api 등록 성공
2024-03-01 14:35:47.486   DEBUG [DefaultDispatcher-worker-4 ] -           ApiManager: Device Api 등록 성공
2024-03-01 14:35:47.486   DEBUG [DefaultDispatcher-worker-4 ] -           ApiManager: App Api 등록 성공
2024-03-01 14:35:47.486   DEBUG [DefaultDispatcher-worker-4 ] -           ApiManager: Broadcast Api 등록 성공
2024-03-01 14:35:47.503   DEBUG [main                       ] - NotificationListener: Listener connected
2024-03-01 14:35:47.507    INFO [DefaultDispatcher-worker-5 ] -       SplashActivity: 프로젝트 로드중…
2024-03-01 14:35:47.599    INFO [Project-eval-worker-1      ] -                 INFO: 프로젝트 eval 컴파일 중...
2024-03-01 14:35:48.131    INFO [Project-User-worker-1      ] -                 INFO: 프로젝트 User 컴파일 중...
2024-03-01 14:35:48.190    INFO [Project-atten-worker-1     ] -                 INFO: 프로젝트 atten 컴파일 중...
2024-03-01 14:35:48.556    INFO [Project-Me-worker-1        ] -                 INFO: 프로젝트 Me 컴파일 중...
2024-03-01 14:35:48.847    INFO [Project-admin-worker-1     ] -                 INFO: 프로젝트 admin 컴파일 중...
2024-03-01 14:35:49.395    INFO [Project-sign-up-worker-1   ] -                 INFO: 프로젝트 sign-up 컴파일 중...
2024-03-01 14:35:49.643    INFO [Project-reply-worker-1     ] -                 INFO: 프로젝트 reply 컴파일 중...
2024-03-01 14:35:50.116    INFO [Project-Normal-worker-1    ] -                 INFO: 프로젝트 Normal 컴파일 중...
2024-03-01 14:35:50.394    INFO [Project-chat_history-worker] -                 INFO: 프로젝트 chat_history 컴파일 중...
2024-03-01 14:35:50.679    INFO [Project-entrance-worker-1  ] -                 INFO: 프로젝트 entrance 컴파일 중...
2024-03-01 14:35:50.728    INFO [Project-mention-worker-1   ] -                 INFO: 프로젝트 mention 컴파일 중...
2024-03-01 14:35:51.057    INFO [Project-ASet-worker-1      ] -                 INFO: 프로젝트 ASet 컴파일 중...
2024-03-01 14:35:51.324    INFO [DefaultDispatcher-worker-4 ] -               System: | Project ✦ StarLight |
Running PluginCore v0.2.0
