2024-03-24 15:48:03.744    INFO [main                       ] -    GlobalApplication: 포그라운드 서비스 등록 성공!
2024-03-24 15:48:03.760   DEBUG [DefaultDispatcher-worker-4 ] -   ApplicationSession: Initializing with locale KOREAN
2024-03-24 15:48:03.759    INFO [DefaultDispatcher-worker-4 ] -   ApplicationSession: 카카오톡 버전: 10.6.1
2024-03-24 15:48:03.779    WARN [DefaultDispatcher-worker-4 ] -         PluginLoader: res/raw 경로는 더 이상 사용되지 않습니다. assets 경로를 사용하세요.
2024-03-24 15:48:03.793    WARN [DefaultDispatcher-worker-4 ] -         PluginLoader: res/raw 경로는 더 이상 사용되지 않습니다. assets 경로를 사용하세요.
2024-03-24 15:48:03.844   DEBUG [DefaultDispatcher-worker-4 ] -            AwtPlugin: Testing awt class loading, color = java.awt.Color[r=0,g=0,b=0]
2024-03-24 15:48:04.311   DEBUG [DefaultDispatcher-worker-4 ] -           ApiManager: Discord Api 등록 성공
2024-03-24 15:48:04.341   DEBUG [DefaultDispatcher-worker-4 ] -        DiscordPlugin: Starting discord client with intent: MESSAGE_CONTENT, DIRECT_MESSAGES, GUILD_MESSAGES, GUILD_MEMBERS
2024-03-24 15:48:07.808   DEBUG [main                       ] - NotificationListener: Listener connected
2024-03-24 15:48:08.594    INFO [DefaultDispatcher-worker-4 ] -        DiscordPlugin: 디스코드 클라이언트 시작 성공! [디코서버 도우미]Eric#0937 로 로그인했어요.
2024-03-24 15:48:08.650   DEBUG [DefaultDispatcher-worker-4 ] -           ApiManager: LanguageManager Api 등록 성공
2024-03-24 15:48:08.650   DEBUG [DefaultDispatcher-worker-4 ] -           ApiManager: Log Api 등록 성공
2024-03-24 15:48:08.650   DEBUG [DefaultDispatcher-worker-4 ] -           ApiManager: ProjectManager Api 등록 성공
2024-03-24 15:48:08.650   DEBUG [DefaultDispatcher-worker-4 ] -           ApiManager: PluginManager Api 등록 성공
2024-03-24 15:48:08.650   DEBUG [DefaultDispatcher-worker-4 ] -           ApiManager: Notification Api 등록 성공
2024-03-24 15:48:08.650   DEBUG [DefaultDispatcher-worker-4 ] -           ApiManager: Env Api 등록 성공
2024-03-24 15:48:08.650   DEBUG [DefaultDispatcher-worker-4 ] -           ApiManager: Java Api 등록 성공
2024-03-24 15:48:08.651   DEBUG [DefaultDispatcher-worker-4 ] -           ApiManager: EventEmitter Api 등록 성공
2024-03-24 15:48:08.652   DEBUG [DefaultDispatcher-worker-4 ] -           ApiManager: DataBase Api 등록 성공
2024-03-24 15:48:08.651   DEBUG [DefaultDispatcher-worker-4 ] -           ApiManager: Utils Api 등록 성공
2024-03-24 15:48:08.651   DEBUG [DefaultDispatcher-worker-4 ] -           ApiManager: Bridge Api 등록 성공
2024-03-24 15:48:08.652   DEBUG [DefaultDispatcher-worker-4 ] -           ApiManager: FileStream Api 등록 성공
2024-03-24 15:48:08.651   DEBUG [DefaultDispatcher-worker-4 ] -           ApiManager: Api Api 등록 성공
2024-03-24 15:48:08.652   DEBUG [DefaultDispatcher-worker-4 ] -           ApiManager: Device Api 등록 성공
2024-03-24 15:48:08.652   DEBUG [DefaultDispatcher-worker-4 ] -           ApiManager: App Api 등록 성공
2024-03-24 15:48:08.652   DEBUG [DefaultDispatcher-worker-4 ] -           ApiManager: Broadcast Api 등록 성공
2024-03-24 15:48:08.851    INFO [Project-eval-worker-1      ] -                 INFO: 프로젝트 eval 컴파일 중...
2024-03-24 15:48:09.158    INFO [Project-User-worker-1      ] -                 INFO: 프로젝트 User 컴파일 중...
2024-03-24 15:48:09.188    INFO [Project-atten-worker-1     ] -                 INFO: 프로젝트 atten 컴파일 중...
2024-03-24 15:48:09.421    INFO [Project-Me-worker-1        ] -                 INFO: 프로젝트 Me 컴파일 중...
2024-03-24 15:48:09.628    INFO [Project-admin-worker-1     ] -                 INFO: 프로젝트 admin 컴파일 중...
2024-03-24 15:48:10.087    INFO [Project-sign-up-worker-1   ] -                 INFO: 프로젝트 sign-up 컴파일 중...
2024-03-24 15:48:10.223    INFO [Project-reply-worker-1     ] -                 INFO: 프로젝트 reply 컴파일 중...
2024-03-24 15:48:10.629    INFO [Project-Normal-worker-1    ] -                 INFO: 프로젝트 Normal 컴파일 중...
2024-03-24 15:48:10.944    INFO [Project-chat_history-worker] -                 INFO: 프로젝트 chat_history 컴파일 중...
2024-03-24 15:48:11.647    INFO [Project-entrance-worker-1  ] -                 INFO: 프로젝트 entrance 컴파일 중...
2024-03-24 15:48:11.662    INFO [Project-stock-worker-1     ] -                 INFO: 프로젝트 stock 컴파일 중...
2024-03-24 15:48:12.076   DEBUG [Project-stock-worker-1     ] -                DEBUG: undefined
2024-03-24 15:48:12.146    INFO [Project-mention-worker-1   ] -                 INFO: 프로젝트 mention 컴파일 중...
2024-03-24 15:48:12.445    INFO [DefaultDispatcher-worker-4 ] -               System: | Project ✦ StarLight |
Running PluginCore v0.2.0
2024-03-24 16:59:56.020    INFO [Project-ASet-worker-1      ] -                 INFO: 프로젝트 ASet 컴파일 중...
2024-03-24 17:37:26.780    INFO [Project-ASet-worker-1      ] -                 INFO: 프로젝트 ASet 컴파일 중...
2024-03-24 17:37:31.202    INFO [Project-ASet-worker-2      ] -                 INFO: 프로젝트 ASet 컴파일 중...
2024-03-24 17:37:41.032    INFO [Project-User-worker-3      ] -                 INFO: 프로젝트 User 컴파일 중...
2024-03-24 17:37:41.066    INFO [Project-atten-worker-1     ] -                 INFO: 프로젝트 atten 컴파일 중...
2024-03-24 17:37:41.362    INFO [Project-admin-worker-1     ] -                 INFO: 프로젝트 admin 컴파일 중...
2024-03-24 17:37:41.982    INFO [Project-Normal-worker-1    ] -                 INFO: 프로젝트 Normal 컴파일 중...
2024-03-24 17:37:42.160    INFO [Project-chat_history-worker] -                 INFO: 프로젝트 chat_history 컴파일 중...
2024-03-24 17:37:42.469    INFO [Project-mention-worker-1   ] -                 INFO: 프로젝트 mention 컴파일 중...
2024-03-24 17:37:42.661    INFO [Project-eval-worker-2      ] -                 INFO: 프로젝트 eval 컴파일 중...
2024-03-24 17:37:42.957    INFO [Project-Me-worker-1        ] -                 INFO: 프로젝트 Me 컴파일 중...
2024-03-24 17:37:43.190    INFO [Project-sign-up-worker-1   ] -                 INFO: 프로젝트 sign-up 컴파일 중...
2024-03-24 17:37:43.584    INFO [Project-reply-worker-1     ] -                 INFO: 프로젝트 reply 컴파일 중...
2024-03-24 17:37:44.167    INFO [Project-entrance-worker-1  ] -                 INFO: 프로젝트 entrance 컴파일 중...
2024-03-24 17:37:44.198    INFO [Project-stock-worker-1     ] -                 INFO: 프로젝트 stock 컴파일 중...
2024-03-24 17:37:44.701   DEBUG [Project-stock-worker-1     ] -                DEBUG: undefined
2024-03-24 17:37:44.705    INFO [Project-ASet-worker-1      ] -                 INFO: 프로젝트 ASet 컴파일 중...
2024-03-24 17:37:45.024    WARN [Project-Normal-worker-2    ] -            LegacyApi: 메세지가 수신되지 않은 방 'TeamCloud 팀원' 에 메세지를 보낼 수 없습니다.
2024-03-24 17:37:56.657    INFO [Project-User-worker-2      ] -                 INFO: 프로젝트 User 컴파일 중...
2024-03-24 17:37:57.674    INFO [Project-User-worker-3      ] -                 INFO: 프로젝트 User 컴파일 중...
2024-03-24 17:37:57.707    INFO [Project-atten-worker-3     ] -                 INFO: 프로젝트 atten 컴파일 중...
2024-03-24 17:37:58.008    INFO [Project-admin-worker-2     ] -                 INFO: 프로젝트 admin 컴파일 중...
2024-03-24 17:37:58.495    INFO [Project-Normal-worker-3    ] -                 INFO: 프로젝트 Normal 컴파일 중...
2024-03-24 17:37:58.694    INFO [Project-chat_history-worker] -                 INFO: 프로젝트 chat_history 컴파일 중...
2024-03-24 17:37:58.957    INFO [Project-mention-worker-2   ] -                 INFO: 프로젝트 mention 컴파일 중...
2024-03-24 17:37:59.144    INFO [Project-eval-worker-2      ] -                 INFO: 프로젝트 eval 컴파일 중...
2024-03-24 17:37:59.399    INFO [Project-Me-worker-2        ] -                 INFO: 프로젝트 Me 컴파일 중...
2024-03-24 17:37:59.595    INFO [Project-sign-up-worker-2   ] -                 INFO: 프로젝트 sign-up 컴파일 중...
2024-03-24 17:37:59.997    INFO [Project-reply-worker-3     ] -                 INFO: 프로젝트 reply 컴파일 중...
2024-03-24 17:38:00.567    INFO [Project-entrance-worker-2  ] -                 INFO: 프로젝트 entrance 컴파일 중...
2024-03-24 17:38:00.605    INFO [Project-stock-worker-2     ] -                 INFO: 프로젝트 stock 컴파일 중...
2024-03-24 17:38:01.126   DEBUG [Project-stock-worker-2     ] -                DEBUG: undefined
2024-03-24 17:38:01.130    INFO [Project-ASet-worker-1      ] -                 INFO: 프로젝트 ASet 컴파일 중...
2024-03-24 17:38:19.168    INFO [Project-User-worker-1      ] -                 INFO: 프로젝트 User 컴파일 중...
2024-03-24 17:38:38.532    INFO [Project-User-worker-2      ] -                 INFO: 프로젝트 User 컴파일 중...
2024-03-24 17:39:11.298   DEBUG [main                       ] -            JobLocker: 부모 Project-ASet-worker 의 모든 작업 release 완료
2024-03-24 17:46:04.685    INFO [Project-User-worker-2      ] -                 INFO: 프로젝트 User 컴파일 중...
2024-03-24 17:46:04.713    INFO [Project-atten-worker-3     ] -                 INFO: 프로젝트 atten 컴파일 중...
2024-03-24 17:46:04.887    INFO [Project-admin-worker-2     ] -                 INFO: 프로젝트 admin 컴파일 중...
2024-03-24 17:46:05.325    INFO [Project-Normal-worker-2    ] -                 INFO: 프로젝트 Normal 컴파일 중...
2024-03-24 17:46:05.511    INFO [Project-chat_history-worker] -                 INFO: 프로젝트 chat_history 컴파일 중...
2024-03-24 17:46:05.674    INFO [Project-mention-worker-2   ] -                 INFO: 프로젝트 mention 컴파일 중...
2024-03-24 17:46:05.979    INFO [Project-eval-worker-3      ] -                 INFO: 프로젝트 eval 컴파일 중...
2024-03-24 17:46:06.245    INFO [Project-Me-worker-2        ] -                 INFO: 프로젝트 Me 컴파일 중...
2024-03-24 17:46:06.410    INFO [Project-sign-up-worker-2   ] -                 INFO: 프로젝트 sign-up 컴파일 중...
2024-03-24 17:46:06.775    INFO [Project-reply-worker-3     ] -                 INFO: 프로젝트 reply 컴파일 중...
2024-03-24 17:46:07.269    INFO [Project-entrance-worker-2  ] -                 INFO: 프로젝트 entrance 컴파일 중...
2024-03-24 17:46:07.295    INFO [Project-stock-worker-2     ] -                 INFO: 프로젝트 stock 컴파일 중...
2024-03-24 17:46:07.613   DEBUG [Project-stock-worker-2     ] -                DEBUG: undefined
2024-03-24 17:46:07.622    INFO [Project-ASet-worker-1      ] -                 INFO: 프로젝트 ASet 컴파일 중...
2024-03-24 17:46:25.363    INFO [Project-ASet-worker-1      ] -                 INFO: 프로젝트 ASet 컴파일 중...
2024-03-24 17:46:38.585    INFO [Project-ASet-worker-2      ] -                 INFO: 프로젝트 ASet 컴파일 중...
2024-03-24 17:46:58.730    INFO [Project-User-worker-3      ] -                 INFO: 프로젝트 User 컴파일 중...
2024-03-24 17:46:59.000    INFO [Project-ASet-worker-1      ] -                 INFO: ASet[Loop]: Loop Complete
2024-03-24 17:47:01.008    INFO [Project-ASet-worker-1      ] -                 INFO: ASet[Loop]: Loop Complete
2024-03-24 17:47:03.014    INFO [Project-ASet-worker-1      ] -                 INFO: ASet[Loop]: Loop Complete
2024-03-24 17:47:05.018    INFO [Project-ASet-worker-1      ] -                 INFO: ASet[Loop]: Loop Complete
2024-03-24 17:47:07.025    INFO [Project-ASet-worker-1      ] -                 INFO: ASet[Loop]: Loop Complete
2024-03-24 17:47:09.034    INFO [Project-ASet-worker-1      ] -                 INFO: ASet[Loop]: Loop Complete
2024-03-24 17:47:11.038    INFO [Project-ASet-worker-1      ] -                 INFO: ASet[Loop]: Loop Complete
2024-03-24 17:47:13.041    INFO [Project-ASet-worker-1      ] -                 INFO: ASet[Loop]: Loop Complete
2024-03-24 17:47:15.036    INFO [Project-ASet-worker-2      ] -            JobLocker: 작업 release를 기다리지 못함: 작업 Project-ASet-worker-2 가 등록되지 않았거나 이미 release됨
2024-03-24 17:47:16.346    INFO [Project-ASet-worker-1      ] -            JobLocker: 작업 release를 기다리지 못함: 작업 Project-ASet-worker-1 가 등록되지 않았거나 이미 release됨
2024-03-24 17:47:16.559    INFO [Project-ASet-worker-3      ] -            JobLocker: 작업 release를 기다리지 못함: 작업 Project-ASet-worker-3 가 등록되지 않았거나 이미 release됨
2024-03-24 17:47:37.297    INFO [Project-User-worker-1      ] -                 INFO: 프로젝트 User 컴파일 중...
2024-03-24 17:47:37.360    INFO [Project-ASet-worker-3      ] -                 INFO: ASet[Loop]: Loop Complete
2024-03-24 17:47:39.402    INFO [Project-ASet-worker-3      ] -                 INFO: ASet[Loop]: Loop Complete
2024-03-24 17:47:41.411    INFO [Project-ASet-worker-3      ] -                 INFO: ASet[Loop]: Loop Complete
2024-03-24 17:47:48.364    INFO [Project-User-worker-2      ] -                 INFO: 프로젝트 User 컴파일 중...
2024-03-24 17:48:01.039    INFO [Project-User-worker-3      ] -                 INFO: 프로젝트 User 컴파일 중...
2024-03-24 17:48:03.227    INFO [Project-User-worker-1      ] -                 INFO: 프로젝트 User 컴파일 중...
2024-03-24 17:48:12.425    INFO [Project-User-worker-2      ] -                 INFO: 프로젝트 User 컴파일 중...
2024-03-24 17:48:15.328    INFO [Project-User-worker-3      ] -                 INFO: 프로젝트 User 컴파일 중...
2024-03-24 17:49:06.050    INFO [Project-User-worker-1      ] -                 INFO: 프로젝트 User 컴파일 중...
2024-03-24 17:49:07.264    INFO [Project-User-worker-2      ] -                 INFO: 프로젝트 User 컴파일 중...
2024-03-24 17:49:09.235    INFO [Project-User-worker-3      ] -                 INFO: 프로젝트 User 컴파일 중...
2024-03-24 17:49:15.839    INFO [Project-User-worker-1      ] -                 INFO: 프로젝트 User 컴파일 중...
2024-03-24 17:49:24.929    INFO [Project-User-worker-2      ] -                 INFO: 프로젝트 User 컴파일 중...
2024-03-24 17:49:43.427    INFO [Project-User-worker-3      ] -                 INFO: 프로젝트 User 컴파일 중...
2024-03-24 17:49:55.624    INFO [Project-User-worker-1      ] -                 INFO: 프로젝트 User 컴파일 중...
2024-03-24 17:52:05.897    INFO [Project-User-worker-2      ] -                 INFO: 프로젝트 User 컴파일 중...
2024-03-24 17:52:27.111    INFO [Project-User-worker-3      ] -                 INFO: 프로젝트 User 컴파일 중...
2024-03-24 18:08:28.020    INFO [Project-User-worker-1      ] -                 INFO: 프로젝트 User 컴파일 중...
2024-03-24 18:08:28.072    INFO [Project-ASet-worker-3      ] -                 INFO: ASet[Loop]: Loop Complete
2024-03-24 18:08:30.078    INFO [Project-ASet-worker-3      ] -                 INFO: ASet[Loop]: Loop Complete
2024-03-24 18:08:32.088    INFO [Project-ASet-worker-3      ] -                 INFO: ASet[Loop]: Loop Complete
2024-03-24 18:08:34.095    INFO [Project-ASet-worker-3      ] -                 INFO: ASet[Loop]: Loop Complete
2024-03-24 18:08:36.103    INFO [Project-ASet-worker-3      ] -                 INFO: ASet[Loop]: Loop Complete
2024-03-24 18:08:38.111    INFO [Project-ASet-worker-3      ] -                 INFO: ASet[Loop]: Loop Complete
2024-03-24 18:08:40.122    INFO [Project-ASet-worker-3      ] -                 INFO: ASet[Loop]: Loop Complete
2024-03-24 18:08:42.132    INFO [Project-ASet-worker-3      ] -                 INFO: ASet[Loop]: Loop Complete
2024-03-24 18:08:44.144    INFO [Project-ASet-worker-3      ] -                 INFO: ASet[Loop]: Loop Complete
2024-03-24 18:08:46.154    INFO [Project-ASet-worker-3      ] -                 INFO: ASet[Loop]: Loop Complete
2024-03-24 18:08:48.165    INFO [Project-ASet-worker-3      ] -                 INFO: ASet[Loop]: Loop Complete
2024-03-24 18:08:50.175    INFO [Project-ASet-worker-3      ] -                 INFO: ASet[Loop]: Loop Complete
2024-03-24 18:08:52.184    INFO [Project-ASet-worker-3      ] -                 INFO: ASet[Loop]: Loop Complete
2024-03-24 18:08:54.194    INFO [Project-ASet-worker-3      ] -                 INFO: ASet[Loop]: Loop Complete
2024-03-24 18:08:56.207    INFO [Project-ASet-worker-3      ] -                 INFO: ASet[Loop]: Loop Complete
2024-03-24 18:08:58.218    INFO [Project-ASet-worker-3      ] -                 INFO: ASet[Loop]: Loop Complete
2024-03-24 18:09:00.227    INFO [Project-ASet-worker-3      ] -                 INFO: ASet[Loop]: Loop Complete
2024-03-24 18:09:02.240    INFO [Project-ASet-worker-3      ] -                 INFO: ASet[Loop]: Loop Complete
2024-03-24 18:09:04.249    INFO [Project-ASet-worker-3      ] -                 INFO: ASet[Loop]: Loop Complete
2024-03-24 18:09:06.258    INFO [Project-ASet-worker-3      ] -                 INFO: ASet[Loop]: Loop Complete
2024-03-24 18:09:08.268    INFO [Project-ASet-worker-3      ] -                 INFO: ASet[Loop]: Loop Complete
2024-03-24 18:09:10.278    INFO [Project-ASet-worker-3      ] -                 INFO: ASet[Loop]: Loop Complete
2024-03-24 18:09:12.288    INFO [Project-ASet-worker-3      ] -                 INFO: ASet[Loop]: Loop Complete
2024-03-24 18:09:14.298    INFO [Project-ASet-worker-3      ] -                 INFO: ASet[Loop]: Loop Complete
2024-03-24 18:09:16.307    INFO [Project-ASet-worker-3      ] -                 INFO: ASet[Loop]: Loop Complete
2024-03-24 18:09:18.317    INFO [Project-ASet-worker-3      ] -                 INFO: ASet[Loop]: Loop Complete
2024-03-24 18:09:20.328    INFO [Project-ASet-worker-3      ] -                 INFO: ASet[Loop]: Loop Complete
2024-03-24 18:09:22.343    INFO [Project-ASet-worker-3      ] -                 INFO: ASet[Loop]: Loop Complete
2024-03-24 18:09:24.355    INFO [Project-ASet-worker-3      ] -                 INFO: ASet[Loop]: Loop Complete
2024-03-24 18:09:26.364    INFO [Project-ASet-worker-3      ] -                 INFO: ASet[Loop]: Loop Complete
2024-03-24 18:09:28.377    INFO [Project-ASet-worker-3      ] -                 INFO: ASet[Loop]: Loop Complete
2024-03-24 18:09:30.387    INFO [Project-ASet-worker-3      ] -                 INFO: ASet[Loop]: Loop Complete
2024-03-24 18:09:32.397    INFO [Project-ASet-worker-3      ] -                 INFO: ASet[Loop]: Loop Complete
2024-03-24 18:09:34.407    INFO [Project-ASet-worker-3      ] -                 INFO: ASet[Loop]: Loop Complete
2024-03-24 18:09:36.416    INFO [Project-ASet-worker-3      ] -                 INFO: ASet[Loop]: Loop Complete
2024-03-24 18:09:38.425    INFO [Project-ASet-worker-3      ] -                 INFO: ASet[Loop]: Loop Complete
2024-03-24 18:09:40.441    INFO [Project-ASet-worker-3      ] -                 INFO: ASet[Loop]: Loop Complete
2024-03-24 18:09:42.451    INFO [Project-ASet-worker-3      ] -                 INFO: ASet[Loop]: Loop Complete
2024-03-24 18:09:44.460    INFO [Project-ASet-worker-3      ] -                 INFO: ASet[Loop]: Loop Complete
2024-03-24 18:09:46.469    INFO [Project-ASet-worker-3      ] -                 INFO: ASet[Loop]: Loop Complete
2024-03-24 18:09:48.485    INFO [Project-ASet-worker-3      ] -                 INFO: ASet[Loop]: Loop Complete
2024-03-24 19:32:55.217    INFO [Project-User-worker-3      ] -                 INFO: 프로젝트 User 컴파일 중...
2024-03-24 19:32:55.262    INFO [Project-atten-worker-3     ] -                 INFO: 프로젝트 atten 컴파일 중...
2024-03-24 19:32:55.485    INFO [Project-admin-worker-2     ] -                 INFO: 프로젝트 admin 컴파일 중...
2024-03-24 19:32:55.972    INFO [Project-Normal-worker-3    ] -                 INFO: 프로젝트 Normal 컴파일 중...
2024-03-24 19:32:56.177    INFO [Project-chat_history-worker] -                 INFO: 프로젝트 chat_history 컴파일 중...
2024-03-24 19:32:56.332    INFO [Project-mention-worker-2   ] -                 INFO: 프로젝트 mention 컴파일 중...
2024-03-24 19:32:56.674    INFO [Project-eval-worker-3      ] -                 INFO: 프로젝트 eval 컴파일 중...
2024-03-24 19:32:57.019    INFO [Project-Me-worker-2        ] -                 INFO: 프로젝트 Me 컴파일 중...
2024-03-24 19:32:57.210    INFO [Project-sign-up-worker-2   ] -                 INFO: 프로젝트 sign-up 컴파일 중...
2024-03-24 19:32:57.572    INFO [Project-reply-worker-3     ] -                 INFO: 프로젝트 reply 컴파일 중...
2024-03-24 19:32:58.085    INFO [Project-entrance-worker-2  ] -                 INFO: 프로젝트 entrance 컴파일 중...
2024-03-24 19:32:58.102    INFO [Project-stock-worker-2     ] -                 INFO: 프로젝트 stock 컴파일 중...
2024-03-24 19:32:58.455   DEBUG [Project-stock-worker-2     ] -                DEBUG: undefined
2024-03-24 19:32:58.476    INFO [Project-ASet-worker-2      ] -                 INFO: 프로젝트 ASet 컴파일 중...
2024-03-24 19:33:20.336    INFO [Project-User-worker-1      ] -                 INFO: 프로젝트 User 컴파일 중...
2024-03-24 19:33:20.375   ERROR [Project-ASet-worker-1      ] -         Project-ASet: Error while running: org.mozilla.javascript.EcmaError: TypeError: Cannot find function getDate in object [object Object]. (ASet#79)
2024-03-24 19:33:20.378   ERROR [Project-ASet-worker-1      ] -                 ASet: 프로젝트 'ASet' 종료중...
2024-03-24 19:33:20.382   DEBUG [Project-ASet-worker-1      ] -            JobLocker: 부모 Project-ASet-worker 의 모든 작업 release 완료
2024-03-24 19:33:20.388   ERROR [Project-ASet-worker-1      ] - NotificationListener: 프로젝트 'ASet'의 이벤트 호출 실패: org.mozilla.javascript.EcmaError: TypeError: Cannot find function getDate in object [object Object]. (ASet#79)
2024-03-24 19:33:20.389    INFO [Project-ASet-worker-1      ] -            JobLocker: 작업 release를 기다리지 못함: 작업 Project-ASet-worker-1 가 등록되지 않았거나 이미 release됨
2024-03-24 19:34:00.510    INFO [Project-User-worker-3      ] -                 INFO: 프로젝트 User 컴파일 중...
2024-03-24 19:34:00.556    INFO [Project-atten-worker-3     ] -                 INFO: 프로젝트 atten 컴파일 중...
2024-03-24 19:34:00.914    INFO [Project-admin-worker-2     ] -                 INFO: 프로젝트 admin 컴파일 중...
2024-03-24 19:34:01.494    INFO [Project-Normal-worker-3    ] -                 INFO: 프로젝트 Normal 컴파일 중...
2024-03-24 19:34:01.628    INFO [Project-chat_history-worker] -                 INFO: 프로젝트 chat_history 컴파일 중...
2024-03-24 19:34:01.794    INFO [Project-mention-worker-2   ] -                 INFO: 프로젝트 mention 컴파일 중...
2024-03-24 19:34:01.931    INFO [Project-eval-worker-3      ] -                 INFO: 프로젝트 eval 컴파일 중...
2024-03-24 19:34:02.224    INFO [Project-Me-worker-2        ] -                 INFO: 프로젝트 Me 컴파일 중...
2024-03-24 19:34:02.406    INFO [Project-sign-up-worker-2   ] -                 INFO: 프로젝트 sign-up 컴파일 중...
2024-03-24 19:34:02.558    INFO [Project-reply-worker-3     ] -                 INFO: 프로젝트 reply 컴파일 중...
2024-03-24 19:34:02.991    INFO [Project-entrance-worker-2  ] -                 INFO: 프로젝트 entrance 컴파일 중...
2024-03-24 19:34:02.998    INFO [Project-stock-worker-2     ] -                 INFO: 프로젝트 stock 컴파일 중...
2024-03-24 19:34:03.487   DEBUG [Project-stock-worker-2     ] -                DEBUG: undefined
2024-03-24 19:34:03.491    INFO [Project-ASet-worker-1      ] -                 INFO: 프로젝트 ASet 컴파일 중...
2024-03-24 19:34:06.588    INFO [Project-ASet-worker-1      ] -                 INFO: 프로젝트 ASet 컴파일 중...
2024-03-24 19:34:17.198    INFO [Project-User-worker-2      ] -                 INFO: 프로젝트 User 컴파일 중...
2024-03-24 19:34:17.264   ERROR [Project-ASet-worker-2      ] -         Project-ASet: Error while running: org.mozilla.javascript.EcmaError: TypeError: Cannot find function push in object [object Object]. (ASet#80)
2024-03-24 19:34:17.266   DEBUG [Project-ASet-worker-2      ] -            JobLocker: 부모 Project-ASet-worker 의 모든 작업 release 완료
2024-03-24 19:34:17.264   ERROR [Project-ASet-worker-2      ] -                 ASet: 프로젝트 'ASet' 종료중...
2024-03-24 19:34:17.268   ERROR [Project-ASet-worker-2      ] - NotificationListener: 프로젝트 'ASet'의 이벤트 호출 실패: org.mozilla.javascript.EcmaError: TypeError: Cannot find function push in object [object Object]. (ASet#80)
2024-03-24 19:34:17.268    INFO [Project-ASet-worker-2      ] -            JobLocker: 작업 release를 기다리지 못함: 작업 Project-ASet-worker-2 가 등록되지 않았거나 이미 release됨
2024-03-24 19:35:14.444    INFO [Project-User-worker-3      ] -                 INFO: 프로젝트 User 컴파일 중...
2024-03-24 19:35:14.492    INFO [Project-atten-worker-3     ] -                 INFO: 프로젝트 atten 컴파일 중...
2024-03-24 19:35:14.739    INFO [Project-admin-worker-2     ] -                 INFO: 프로젝트 admin 컴파일 중...
2024-03-24 19:35:15.274    INFO [Project-Normal-worker-1    ] -                 INFO: 프로젝트 Normal 컴파일 중...
2024-03-24 19:35:15.563    INFO [Project-chat_history-worker] -                 INFO: 프로젝트 chat_history 컴파일 중...
2024-03-24 19:35:15.733    INFO [Project-mention-worker-2   ] -                 INFO: 프로젝트 mention 컴파일 중...
2024-03-24 19:35:16.126    INFO [Project-eval-worker-3      ] -                 INFO: 프로젝트 eval 컴파일 중...
2024-03-24 19:35:16.267    INFO [Project-Me-worker-2        ] -                 INFO: 프로젝트 Me 컴파일 중...
2024-03-24 19:35:16.518    INFO [Project-sign-up-worker-2   ] -                 INFO: 프로젝트 sign-up 컴파일 중...
2024-03-24 19:35:16.751    INFO [Project-reply-worker-3     ] -                 INFO: 프로젝트 reply 컴파일 중...
2024-03-24 19:35:17.210    INFO [Project-entrance-worker-2  ] -                 INFO: 프로젝트 entrance 컴파일 중...
2024-03-24 19:35:17.240    INFO [Project-stock-worker-2     ] -                 INFO: 프로젝트 stock 컴파일 중...
2024-03-24 19:35:17.736   DEBUG [Project-stock-worker-2     ] -                DEBUG: undefined
2024-03-24 19:35:17.743    INFO [Project-ASet-worker-1      ] -                 INFO: 프로젝트 ASet 컴파일 중...
2024-03-24 19:35:23.946    INFO [Project-User-worker-3      ] -                 INFO: 프로젝트 User 컴파일 중...
2024-03-24 19:35:23.995    INFO [Project-ASet-worker-1      ] -                 INFO: ASet[Loop]: Loop Complete
2024-03-24 19:35:26.006    INFO [Project-ASet-worker-1      ] -                 INFO: ASet[Loop]: Loop Complete
2024-03-24 19:35:28.015    INFO [Project-ASet-worker-1      ] -                 INFO: ASet[Loop]: Loop Complete
2024-03-24 19:35:30.029    INFO [Project-ASet-worker-1      ] -                 INFO: ASet[Loop]: Loop Complete
2024-03-24 19:35:32.038    INFO [Project-ASet-worker-1      ] -                 INFO: ASet[Loop]: Loop Complete
2024-03-24 19:35:34.047    INFO [Project-ASet-worker-1      ] -                 INFO: ASet[Loop]: Loop Complete
2024-03-24 19:35:36.055    INFO [Project-ASet-worker-1      ] -                 INFO: ASet[Loop]: Loop Complete
2024-03-24 19:35:38.064    INFO [Project-ASet-worker-1      ] -                 INFO: ASet[Loop]: Loop Complete
2024-03-24 19:35:40.075    INFO [Project-ASet-worker-1      ] -                 INFO: ASet[Loop]: Loop Complete
2024-03-24 19:35:42.079    INFO [Project-ASet-worker-1      ] -                 INFO: ASet[Loop]: Loop Complete
2024-03-24 19:35:44.084    INFO [Project-ASet-worker-1      ] -                 INFO: ASet[Loop]: Loop Complete
2024-03-24 19:35:46.093    INFO [Project-ASet-worker-1      ] -                 INFO: ASet[Loop]: Loop Complete
2024-03-24 19:35:47.931    INFO [Project-ASet-worker-2      ] -                 INFO: 프로젝트 ASet 컴파일 중...
2024-03-24 19:35:48.097    INFO [Project-ASet-worker-1      ] -                 INFO: ASet[Loop]: Loop Complete
2024-03-24 19:35:50.101    INFO [Project-ASet-worker-1      ] -                 INFO: ASet[Loop]: Loop Complete
2024-03-24 19:35:52.107    INFO [Project-ASet-worker-1      ] -                 INFO: ASet[Loop]: Loop Complete
2024-03-24 19:35:54.114    INFO [Project-ASet-worker-1      ] -                 INFO: ASet[Loop]: Loop Complete
2024-03-24 19:35:56.125    INFO [Project-ASet-worker-1      ] -                 INFO: ASet[Loop]: Loop Complete
2024-03-24 19:35:58.134    INFO [Project-ASet-worker-1      ] -                 INFO: ASet[Loop]: Loop Complete
2024-03-24 19:36:00.145    INFO [Project-ASet-worker-1      ] -                 INFO: ASet[Loop]: Loop Complete
2024-03-24 19:36:02.158    INFO [Project-ASet-worker-1      ] -                 INFO: ASet[Loop]: Loop Complete
2024-03-24 19:36:04.168    INFO [Project-ASet-worker-1      ] -                 INFO: ASet[Loop]: Loop Complete
2024-03-24 19:36:06.183    INFO [Project-ASet-worker-1      ] -                 INFO: ASet[Loop]: Loop Complete
2024-03-24 19:36:08.192    INFO [Project-ASet-worker-1      ] -                 INFO: ASet[Loop]: Loop Complete
2024-03-24 19:36:10.205    INFO [Project-ASet-worker-1      ] -                 INFO: ASet[Loop]: Loop Complete
2024-03-24 19:36:12.215    INFO [Project-ASet-worker-1      ] -                 INFO: ASet[Loop]: Loop Complete
2024-03-24 19:36:14.229    INFO [Project-ASet-worker-1      ] -                 INFO: ASet[Loop]: Loop Complete
2024-03-24 19:36:16.239    INFO [Project-ASet-worker-1      ] -                 INFO: ASet[Loop]: Loop Complete
2024-03-24 19:36:17.959    INFO [Project-User-worker-1      ] -                 INFO: 프로젝트 User 컴파일 중...
2024-03-24 19:36:17.991    INFO [Project-atten-worker-3     ] -                 INFO: 프로젝트 atten 컴파일 중...
2024-03-24 19:36:18.189    INFO [Project-admin-worker-2     ] -                 INFO: 프로젝트 admin 컴파일 중...
2024-03-24 19:36:18.247    INFO [Project-ASet-worker-1      ] -                 INFO: ASet[Loop]: Loop Complete
2024-03-24 19:36:18.632    INFO [Project-Normal-worker-2    ] -                 INFO: 프로젝트 Normal 컴파일 중...
2024-03-24 19:36:18.900    INFO [Project-chat_history-worker] -                 INFO: 프로젝트 chat_history 컴파일 중...
2024-03-24 19:36:19.021    INFO [Project-mention-worker-2   ] -                 INFO: 프로젝트 mention 컴파일 중...
2024-03-24 19:36:19.374    INFO [Project-eval-worker-3      ] -                 INFO: 프로젝트 eval 컴파일 중...
2024-03-24 19:36:19.591    INFO [Project-Me-worker-2        ] -                 INFO: 프로젝트 Me 컴파일 중...
2024-03-24 19:36:19.612    INFO [Project-ASet-worker-3      ] -                 INFO: 프로젝트 ASet 컴파일 중...
2024-03-24 19:36:19.720    INFO [Project-sign-up-worker-2   ] -                 INFO: 프로젝트 sign-up 컴파일 중...
2024-03-24 19:36:20.038    INFO [Project-reply-worker-3     ] -                 INFO: 프로젝트 reply 컴파일 중...
2024-03-24 19:36:20.251    INFO [Project-ASet-worker-1      ] -                 INFO: ASet[Loop]: Loop Complete
2024-03-24 19:36:20.535    INFO [Project-entrance-worker-2  ] -                 INFO: 프로젝트 entrance 컴파일 중...
2024-03-24 19:36:20.554    INFO [Project-stock-worker-2     ] -                 INFO: 프로젝트 stock 컴파일 중...
2024-03-24 19:36:20.931    INFO [Project-ASet-worker-2      ] -                 INFO: 프로젝트 ASet 컴파일 중...
2024-03-24 19:36:21.041   DEBUG [Project-stock-worker-2     ] -                DEBUG: undefined
2024-03-24 19:36:21.046    INFO [Project-ASet-worker-3      ] -                 INFO: 프로젝트 ASet 컴파일 중...
2024-03-24 19:36:22.256    INFO [Project-ASet-worker-1      ] -                 INFO: ASet[Loop]: Loop Complete
2024-03-24 19:36:24.261    INFO [Project-ASet-worker-1      ] -                 INFO: ASet[Loop]: Loop Complete
2024-03-24 19:36:26.271    INFO [Project-ASet-worker-1      ] -                 INFO: ASet[Loop]: Loop Complete
2024-03-24 19:36:28.276    INFO [Project-ASet-worker-1      ] -                 INFO: ASet[Loop]: Loop Complete
2024-03-24 19:37:05.297    INFO [Project-User-worker-2      ] -                 INFO: 프로젝트 User 컴파일 중...
2024-03-24 19:37:05.352    INFO [Project-ASet-worker-2      ] -                 INFO: ASet[Loop]: Loop Complete
2024-03-24 19:37:12.967    INFO [Project-User-worker-3      ] -                 INFO: 프로젝트 User 컴파일 중...
2024-03-24 19:37:13.018    INFO [Project-ASet-worker-3      ] -                 INFO: ASet[Loop]: Loop Complete
2024-03-24 19:37:15.367    INFO [Project-ASet-worker-2      ] -                 INFO: ASet[Loop]: Loop Complete
2024-03-24 19:37:23.029    INFO [Project-ASet-worker-3      ] -                 INFO: ASet[Loop]: Loop Complete
2024-03-24 19:37:25.377    INFO [Project-ASet-worker-2      ] -                 INFO: ASet[Loop]: Loop Complete
2024-03-24 19:37:33.040    INFO [Project-ASet-worker-3      ] -                 INFO: ASet[Loop]: Loop Complete
2024-03-24 19:37:35.386    INFO [Project-ASet-worker-2      ] -                 INFO: ASet[Loop]: Loop Complete
2024-03-24 19:37:43.056    INFO [Project-ASet-worker-3      ] -                 INFO: ASet[Loop]: Loop Complete
2024-03-24 19:37:45.400    INFO [Project-ASet-worker-2      ] -                 INFO: ASet[Loop]: Loop Complete
2024-03-24 19:37:53.067    INFO [Project-ASet-worker-3      ] -                 INFO: ASet[Loop]: Loop Complete
2024-03-24 19:37:55.411    INFO [Project-ASet-worker-2      ] -                 INFO: ASet[Loop]: Loop Complete
2024-03-24 19:38:03.079    INFO [Project-ASet-worker-3      ] -                 INFO: ASet[Loop]: Loop Complete
2024-03-24 19:38:05.419    INFO [Project-ASet-worker-2      ] -                 INFO: ASet[Loop]: Loop Complete
2024-03-24 19:38:13.088    INFO [Project-ASet-worker-3      ] -                 INFO: ASet[Loop]: Loop Complete
2024-03-24 19:38:15.427    INFO [Project-ASet-worker-2      ] -                 INFO: ASet[Loop]: Loop Complete
2024-03-24 19:38:23.099    INFO [Project-ASet-worker-3      ] -                 INFO: ASet[Loop]: Loop Complete
2024-03-24 19:38:25.437    INFO [Project-ASet-worker-2      ] -                 INFO: ASet[Loop]: Loop Complete
2024-03-24 19:38:33.111    INFO [Project-ASet-worker-3      ] -                 INFO: ASet[Loop]: Loop Complete
2024-03-24 19:38:35.446    INFO [Project-ASet-worker-2      ] -                 INFO: ASet[Loop]: Loop Complete
2024-03-24 19:38:43.123    INFO [Project-ASet-worker-3      ] -                 INFO: ASet[Loop]: Loop Complete
2024-03-24 19:38:45.455    INFO [Project-ASet-worker-2      ] -                 INFO: ASet[Loop]: Loop Complete
2024-03-24 19:38:53.129    INFO [Project-ASet-worker-3      ] -                 INFO: ASet[Loop]: Loop Complete
2024-03-24 19:38:53.582   DEBUG [main                       ] -            JobLocker: 부모 Project-ASet-worker 의 모든 작업 release 완료
2024-03-24 19:38:55.460    INFO [Project-ASet-worker-2      ] -                 INFO: ASet[Loop]: Loop Complete
2024-03-24 19:39:03.139    INFO [Project-ASet-worker-3      ] -                 INFO: ASet[Loop]: Loop Complete
2024-03-24 19:39:05.469    INFO [Project-ASet-worker-2      ] -                 INFO: ASet[Loop]: Loop Complete
2024-03-24 19:39:13.150    INFO [Project-ASet-worker-3      ] -                 INFO: ASet[Loop]: Loop Complete
2024-03-24 19:39:15.480    INFO [Project-ASet-worker-2      ] -                 INFO: ASet[Loop]: Loop Complete
2024-03-24 19:39:23.163    INFO [Project-ASet-worker-3      ] -                 INFO: ASet[Loop]: Loop Complete
2024-03-24 19:39:25.489    INFO [Project-ASet-worker-2      ] -                 INFO: ASet[Loop]: Loop Complete
2024-03-24 19:39:33.170    INFO [Project-ASet-worker-3      ] -                 INFO: ASet[Loop]: Loop Complete
2024-03-24 19:39:35.499    INFO [Project-ASet-worker-2      ] -                 INFO: ASet[Loop]: Loop Complete
2024-03-24 19:39:43.179    INFO [Project-ASet-worker-3      ] -                 INFO: ASet[Loop]: Loop Complete
2024-03-24 19:39:45.510    INFO [Project-ASet-worker-2      ] -                 INFO: ASet[Loop]: Loop Complete
2024-03-24 19:39:53.188    INFO [Project-ASet-worker-3      ] -                 INFO: ASet[Loop]: Loop Complete
2024-03-24 19:39:55.523    INFO [Project-ASet-worker-2      ] -                 INFO: ASet[Loop]: Loop Complete
2024-03-24 19:40:03.199    INFO [Project-ASet-worker-3      ] -                 INFO: ASet[Loop]: Loop Complete
2024-03-24 19:40:05.537    INFO [Project-ASet-worker-2      ] -                 INFO: ASet[Loop]: Loop Complete
2024-03-24 19:40:13.212    INFO [Project-ASet-worker-3      ] -                 INFO: ASet[Loop]: Loop Complete
2024-03-24 19:40:15.547    INFO [Project-ASet-worker-2      ] -                 INFO: ASet[Loop]: Loop Complete
2024-03-24 19:40:20.234    INFO [Project-ASet-worker-1      ] -                 INFO: 프로젝트 ASet 컴파일 중...
2024-03-24 19:40:23.222    INFO [Project-ASet-worker-3      ] -            JobLocker: 작업 release를 기다리지 못함: 작업 Project-ASet-worker-3 가 등록되지 않았거나 이미 release됨
2024-03-24 19:40:25.559    INFO [Project-ASet-worker-2      ] -            JobLocker: 작업 release를 기다리지 못함: 작업 Project-ASet-worker-2 가 등록되지 않았거나 이미 release됨
2024-03-24 19:40:45.156    INFO [Project-User-worker-1      ] -                 INFO: 프로젝트 User 컴파일 중...
2024-03-24 19:40:45.267    INFO [Project-ASet-worker-1      ] -                 INFO: ASet[Loop]: Loop Complete
2024-03-24 19:40:54.085    INFO [Project-User-worker-2      ] -                 INFO: 프로젝트 User 컴파일 중...
2024-03-24 19:40:54.129    INFO [Project-ASet-worker-2      ] -                 INFO: ASet[Loop]: Loop Complete
2024-03-24 19:41:45.276    INFO [Project-ASet-worker-1      ] -                 INFO: ASet[Loop]: Loop Complete
2024-03-24 19:41:54.137    INFO [Project-ASet-worker-2      ] -                 INFO: ASet[Loop]: Loop Complete
2024-03-24 19:42:26.000    INFO [Project-ASet-worker-3      ] -                 INFO: 프로젝트 ASet 컴파일 중...
2024-03-24 19:42:39.857    INFO [Project-User-worker-3      ] -                 INFO: 프로젝트 User 컴파일 중...
2024-03-24 19:42:39.918    INFO [Project-ASet-worker-3      ] -                 INFO: ASet[Loop]: Loop Complete
{"S":[["name","id","hash","date","admin","ban","coin","warn","nickname","like","stocks","stars","etc"],["name","id","hash","date","admin","ban","coin","warn","nickname","like","stocks","stars","etc"]],"LS":[]}
2024-03-24 19:42:45.292    INFO [Project-ASet-worker-1      ] -                 INFO: ASet[Loop]: Loop Complete
2024-03-24 19:42:54.147    INFO [Project-ASet-worker-2      ] -                 INFO: ASet[Loop]: Loop Complete
2024-03-24 19:43:39.929    INFO [Project-ASet-worker-3      ] -                 INFO: ASet[Loop]: Loop Complete
{"S":[["name","id","hash","date","admin","ban","coin","warn","nickname","like","stocks","stars","etc"],["name","id","hash","date","admin","ban","coin","warn","nickname","like","stocks","stars","etc"]],"LS":[]}
2024-03-24 19:43:45.304    INFO [Project-ASet-worker-1      ] -                 INFO: ASet[Loop]: Loop Complete
2024-03-24 19:43:54.156    INFO [Project-ASet-worker-2      ] -                 INFO: ASet[Loop]: Loop Complete
2024-03-24 19:44:39.942    INFO [Project-ASet-worker-3      ] -                 INFO: ASet[Loop]: Loop Complete
{"S":[["name","id","hash","date","admin","ban","coin","warn","nickname","like","stocks","stars","etc"],["name","id","hash","date","admin","ban","coin","warn","nickname","like","stocks","stars","etc"]],"LS":[]}
2024-03-24 19:44:45.316    INFO [Project-ASet-worker-1      ] -                 INFO: ASet[Loop]: Loop Complete
2024-03-24 19:44:54.167    INFO [Project-ASet-worker-2      ] -                 INFO: ASet[Loop]: Loop Complete
2024-03-24 19:45:39.957    INFO [Project-ASet-worker-3      ] -                 INFO: ASet[Loop]: Loop Complete
{"S":[["name","id","hash","date","admin","ban","coin","warn","nickname","like","stocks","stars","etc"],["name","id","hash","date","admin","ban","coin","warn","nickname","like","stocks","stars","etc"]],"LS":[]}
2024-03-24 19:45:45.329    INFO [Project-ASet-worker-1      ] -                 INFO: ASet[Loop]: Loop Complete
2024-03-24 19:45:54.179    INFO [Project-ASet-worker-2      ] -                 INFO: ASet[Loop]: Loop Complete
2024-03-24 19:46:39.965    INFO [Project-ASet-worker-3      ] -                 INFO: ASet[Loop]: Loop Complete
{"S":[["name","id","hash","date","admin","ban","coin","warn","nickname","like","stocks","stars","etc"],["name","id","hash","date","admin","ban","coin","warn","nickname","like","stocks","stars","etc"]],"LS":[]}
2024-03-24 19:46:45.339    INFO [Project-ASet-worker-1      ] -                 INFO: ASet[Loop]: Loop Complete
2024-03-24 19:46:54.190    INFO [Project-ASet-worker-2      ] -                 INFO: ASet[Loop]: Loop Complete
2024-03-24 19:47:39.979    INFO [Project-ASet-worker-3      ] -                 INFO: ASet[Loop]: Loop Complete
{"S":[["name","id","hash","date","admin","ban","coin","warn","nickname","like","stocks","stars","etc"],["name","id","hash","date","admin","ban","coin","warn","nickname","like","stocks","stars","etc"]],"LS":[]}
2024-03-24 19:47:45.347    INFO [Project-ASet-worker-1      ] -                 INFO: ASet[Loop]: Loop Complete
2024-03-24 19:47:54.201    INFO [Project-ASet-worker-2      ] -                 INFO: ASet[Loop]: Loop Complete
2024-03-24 19:48:39.989    INFO [Project-ASet-worker-3      ] -                 INFO: ASet[Loop]: Loop Complete
{"S":[["name","id","hash","date","admin","ban","coin","warn","nickname","like","stocks","stars","etc"],["name","id","hash","date","admin","ban","coin","warn","nickname","like","stocks","stars","etc"]],"LS":[]}
2024-03-24 19:48:45.361    INFO [Project-ASet-worker-1      ] -                 INFO: ASet[Loop]: Loop Complete
2024-03-24 19:48:54.212    INFO [Project-ASet-worker-2      ] -                 INFO: ASet[Loop]: Loop Complete
2024-03-24 19:49:39.996    INFO [Project-ASet-worker-3      ] -                 INFO: ASet[Loop]: Loop Complete
{"S":[["name","id","hash","date","admin","ban","coin","warn","nickname","like","stocks","stars","etc"],["name","id","hash","date","admin","ban","coin","warn","nickname","like","stocks","stars","etc"]],"LS":[]}
2024-03-24 19:49:42.972    INFO [Project-User-worker-2      ] -                 INFO: 프로젝트 User 컴파일 중...
2024-03-24 19:49:43.006    INFO [Project-atten-worker-3     ] -                 INFO: 프로젝트 atten 컴파일 중...
2024-03-24 19:49:43.177    INFO [Project-admin-worker-2     ] -                 INFO: 프로젝트 admin 컴파일 중...
2024-03-24 19:49:43.606    INFO [Project-Normal-worker-2    ] -                 INFO: 프로젝트 Normal 컴파일 중...
2024-03-24 19:49:43.949    INFO [Project-chat_history-worker] -                 INFO: 프로젝트 chat_history 컴파일 중...
2024-03-24 19:49:44.125    INFO [Project-mention-worker-2   ] -                 INFO: 프로젝트 mention 컴파일 중...
2024-03-24 19:49:44.343    INFO [Project-eval-worker-3      ] -                 INFO: 프로젝트 eval 컴파일 중...
2024-03-24 19:49:44.518    INFO [Project-Me-worker-2        ] -                 INFO: 프로젝트 Me 컴파일 중...
2024-03-24 19:49:44.648    INFO [Project-sign-up-worker-2   ] -                 INFO: 프로젝트 sign-up 컴파일 중...
2024-03-24 19:49:44.834    INFO [Project-reply-worker-3     ] -                 INFO: 프로젝트 reply 컴파일 중...
2024-03-24 19:49:45.374    INFO [Project-ASet-worker-1      ] -                 INFO: ASet[Loop]: Loop Complete
2024-03-24 19:49:45.465    INFO [Project-entrance-worker-2  ] -                 INFO: 프로젝트 entrance 컴파일 중...
2024-03-24 19:49:45.483    INFO [Project-stock-worker-2     ] -                 INFO: 프로젝트 stock 컴파일 중...
2024-03-24 19:49:45.871   DEBUG [Project-stock-worker-2     ] -                DEBUG: undefined
2024-03-24 19:49:54.234    INFO [Project-User-worker-1      ] -                 INFO: 프로젝트 User 컴파일 중...
2024-03-24 19:49:54.304    INFO [Project-User-worker-3      ] -                 INFO: 프로젝트 User 컴파일 중...
2024-03-24 19:49:54.352    INFO [Project-User-worker-2      ] -                 INFO: 프로젝트 User 컴파일 중...
2024-03-24 19:49:54.400    INFO [Project-User-worker-1      ] -                 INFO: 프로젝트 User 컴파일 중...
2024-03-24 19:49:54.434    INFO [Project-User-worker-3      ] -                 INFO: 프로젝트 User 컴파일 중...
2024-03-24 19:49:54.474    INFO [Project-User-worker-2      ] -                 INFO: 프로젝트 User 컴파일 중...
2024-03-24 19:49:54.509    INFO [Project-ASet-worker-2      ] -                 INFO: 프로젝트 ASet 컴파일 중...
2024-03-24 19:49:54.946    INFO [Project-ASet-worker-2      ] -                 INFO: 프로젝트 ASet 컴파일 중...
2024-03-24 19:50:01.878   DEBUG [main                       ] -            JobLocker: 부모 Project-ASet-worker 의 모든 작업 release 완료
2024-03-24 19:50:10.427    INFO [Project-ASet-worker-1      ] -                 INFO: 프로젝트 ASet 컴파일 중...
2024-03-24 19:50:18.133    INFO [Project-User-worker-3      ] -                 INFO: 프로젝트 User 컴파일 중...
2024-03-24 19:50:40.005    INFO [Project-ASet-worker-3      ] -                 INFO: ASet[Loop]: Loop Complete
{"S":[["name","id","hash","date","admin","ban","coin","warn","nickname","like","stocks","stars","etc"],["name","id","hash","date","admin","ban","coin","warn","nickname","like","stocks","stars","etc"]],"LS":[]}
2024-03-24 19:50:45.387    INFO [Project-ASet-worker-1      ] -                 INFO: ASet[Loop]: Loop Complete
2024-03-24 19:50:46.037    INFO [Project-User-worker-1      ] -                 INFO: 프로젝트 User 컴파일 중...
2024-03-24 19:50:46.343    INFO [Project-ASet-worker-2      ] -                 INFO: ASet[Loop]: Loop Complete
{"S":["DVHQB","T4OE4"],"LS":[]}
2024-03-24 19:51:03.500    INFO [Project-User-worker-2      ] -                 INFO: 프로젝트 User 컴파일 중...
2024-03-24 19:51:03.544    INFO [Project-ASet-worker-1      ] -                 INFO: ASet[Loop]: Loop Complete
{"S":["DVHQB","T4OE4"],"LS":[]}
2024-03-24 19:51:40.019    INFO [Project-ASet-worker-3      ] -                 INFO: ASet[Loop]: Loop Complete
{"S":[["name","id","hash","date","admin","ban","coin","warn","nickname","like","stocks","stars","etc"],["name","id","hash","date","admin","ban","coin","warn","nickname","like","stocks","stars","etc"]],"LS":[]}
2024-03-24 19:51:45.399    INFO [Project-ASet-worker-1      ] -                 INFO: ASet[Loop]: Loop Complete
2024-03-24 19:51:46.357    INFO [Project-ASet-worker-2      ] -                 INFO: ASet[Loop]: Loop Complete
{"S":["DVHQB","T4OE4"],"LS":[]}
2024-03-24 19:52:03.554    INFO [Project-ASet-worker-1      ] -                 INFO: ASet[Loop]: Loop Complete
{"S":["DVHQB","T4OE4"],"LS":[]}
2024-03-24 19:52:40.032    INFO [Project-ASet-worker-3      ] -                 INFO: ASet[Loop]: Loop Complete
{"S":[["name","id","hash","date","admin","ban","coin","warn","nickname","like","stocks","stars","etc"],["name","id","hash","date","admin","ban","coin","warn","nickname","like","stocks","stars","etc"]],"LS":[]}
2024-03-24 19:52:45.410    INFO [Project-ASet-worker-1      ] -                 INFO: ASet[Loop]: Loop Complete
2024-03-24 19:52:46.372    INFO [Project-ASet-worker-2      ] -                 INFO: ASet[Loop]: Loop Complete
{"S":["DVHQB","T4OE4"],"LS":[]}
2024-03-24 19:53:03.567    INFO [Project-ASet-worker-1      ] -                 INFO: ASet[Loop]: Loop Complete
{"S":["DVHQB","T4OE4"],"LS":[]}
2024-03-24 19:53:40.043    INFO [Project-ASet-worker-3      ] -                 INFO: ASet[Loop]: Loop Complete
{"S":[["name","id","hash","date","admin","ban","coin","warn","nickname","like","stocks","stars","etc"],["name","id","hash","date","admin","ban","coin","warn","nickname","like","stocks","stars","etc"]],"LS":[]}
2024-03-24 19:53:45.421    INFO [Project-ASet-worker-1      ] -                 INFO: ASet[Loop]: Loop Complete
2024-03-24 19:53:46.384    INFO [Project-ASet-worker-2      ] -                 INFO: ASet[Loop]: Loop Complete
{"S":["DVHQB","T4OE4"],"LS":[]}
2024-03-24 19:54:03.576    INFO [Project-ASet-worker-1      ] -                 INFO: ASet[Loop]: Loop Complete
{"S":["DVHQB","T4OE4"],"LS":[]}
2024-03-24 19:54:40.059    INFO [Project-ASet-worker-3      ] -                 INFO: ASet[Loop]: Loop Complete
{"S":[["name","id","hash","date","admin","ban","coin","warn","nickname","like","stocks","stars","etc"],["name","id","hash","date","admin","ban","coin","warn","nickname","like","stocks","stars","etc"]],"LS":[]}
2024-03-24 19:54:45.430    INFO [Project-ASet-worker-1      ] -                 INFO: ASet[Loop]: Loop Complete
2024-03-24 19:54:46.395    INFO [Project-ASet-worker-2      ] -                 INFO: ASet[Loop]: Loop Complete
{"S":["DVHQB","T4OE4"],"LS":[]}
2024-03-24 19:55:03.587    INFO [Project-ASet-worker-1      ] -                 INFO: ASet[Loop]: Loop Complete
{"S":["DVHQB","T4OE4"],"LS":[]}
2024-03-24 19:55:40.071    INFO [Project-ASet-worker-3      ] -                 INFO: ASet[Loop]: Loop Complete
{"S":[["name","id","hash","date","admin","ban","coin","warn","nickname","like","stocks","stars","etc"],["name","id","hash","date","admin","ban","coin","warn","nickname","like","stocks","stars","etc"]],"LS":[]}
2024-03-24 19:55:45.443    INFO [Project-ASet-worker-1      ] -                 INFO: ASet[Loop]: Loop Complete
2024-03-24 19:55:46.405    INFO [Project-ASet-worker-2      ] -                 INFO: ASet[Loop]: Loop Complete
{"S":["DVHQB","T4OE4"],"LS":[]}
2024-03-24 19:56:03.579    INFO [Project-ASet-worker-3      ] -                 INFO: 프로젝트 ASet 컴파일 중...
2024-03-24 19:56:03.594    INFO [Project-ASet-worker-1      ] -                 INFO: ASet[Loop]: Loop Complete
{"S":["DVHQB","T4OE4"],"LS":[]}
2024-03-24 19:56:06.981   DEBUG [main                       ] -            JobLocker: 부모 Project-ASet-worker 의 모든 작업 release 완료
2024-03-24 19:56:10.739    INFO [Project-ASet-worker-1      ] -                 INFO: 프로젝트 ASet 컴파일 중...
2024-03-24 19:56:19.289    INFO [Project-User-worker-3      ] -                 INFO: 프로젝트 User 컴파일 중...
2024-03-24 19:56:19.346    INFO [Project-ASet-worker-1      ] -                 INFO: ASet[Stars Refresh]: 24
2024-03-24 19:56:19.351    INFO [Project-ASet-worker-1      ] -                 INFO: ASet[Stars Count]: 24
2024-03-24 19:56:19.352    INFO [Project-ASet-worker-1      ] -                 INFO: ASet[for]: for Complete
2024-03-24 19:56:19.357    INFO [Project-ASet-worker-1      ] -                 INFO: ASet[Stars Refresh]: 24
2024-03-24 19:56:19.358    INFO [Project-ASet-worker-1      ] -                 INFO: ASet[for]: for Complete
2024-03-24 19:56:19.359    INFO [Project-ASet-worker-1      ] -                 INFO: ASet[Loop]: Loop Complete
{"S":["DVHQB","T4OE4"],"LS":[]}
2024-03-24 19:56:40.082    INFO [Project-ASet-worker-3      ] -                 INFO: ASet[Loop]: Loop Complete
{"S":[["name","id","hash","date","admin","ban","coin","warn","nickname","like","stocks","stars","etc"],["name","id","hash","date","admin","ban","coin","warn","nickname","like","stocks","stars","etc"]],"LS":[]}
2024-03-24 19:56:45.456    INFO [Project-ASet-worker-1      ] -                 INFO: ASet[Loop]: Loop Complete
2024-03-24 19:56:46.417    INFO [Project-ASet-worker-2      ] -                 INFO: ASet[Loop]: Loop Complete
{"S":["DVHQB","T4OE4"],"LS":[]}
2024-03-24 19:56:48.893    INFO [Project-User-worker-1      ] -                 INFO: 프로젝트 User 컴파일 중...
2024-03-24 19:56:48.940    INFO [Project-ASet-worker-2      ] -                 INFO: ASet[for]: for Complete
2024-03-24 19:56:48.945    INFO [Project-ASet-worker-2      ] -                 INFO: ASet[for]: for Complete
2024-03-24 19:56:48.950    INFO [Project-ASet-worker-2      ] -                 INFO: ASet[Loop]: Loop Complete
{"S":["DVHQB","T4OE4"],"LS":[]}
2024-03-24 19:57:03.604    INFO [Project-ASet-worker-1      ] -                 INFO: ASet[Loop]: Loop Complete
{"S":["DVHQB","T4OE4"],"LS":[]}
2024-03-24 19:57:19.367    INFO [Project-ASet-worker-1      ] -                 INFO: ASet[for]: for Complete
2024-03-24 19:57:19.370    INFO [Project-ASet-worker-1      ] -                 INFO: ASet[for]: for Complete
2024-03-24 19:57:19.373    INFO [Project-ASet-worker-1      ] -                 INFO: ASet[Loop]: Loop Complete
{"S":["DVHQB","T4OE4"],"LS":[]}
2024-03-24 19:57:40.093    INFO [Project-ASet-worker-3      ] -                 INFO: ASet[Loop]: Loop Complete
{"S":[["name","id","hash","date","admin","ban","coin","warn","nickname","like","stocks","stars","etc"],["name","id","hash","date","admin","ban","coin","warn","nickname","like","stocks","stars","etc"]],"LS":[]}
2024-03-24 19:57:45.468    INFO [Project-ASet-worker-1      ] -                 INFO: ASet[Loop]: Loop Complete
2024-03-24 19:57:46.425    INFO [Project-ASet-worker-2      ] -                 INFO: ASet[Loop]: Loop Complete
{"S":["DVHQB","T4OE4"],"LS":[]}
2024-03-24 19:57:48.955    INFO [Project-ASet-worker-2      ] -                 INFO: ASet[for]: for Complete
2024-03-24 19:57:48.958    INFO [Project-ASet-worker-2      ] -                 INFO: ASet[for]: for Complete
2024-03-24 19:57:48.961    INFO [Project-ASet-worker-2      ] -                 INFO: ASet[Loop]: Loop Complete
{"S":["DVHQB","T4OE4"],"LS":[]}
2024-03-24 19:58:03.614    INFO [Project-ASet-worker-1      ] -                 INFO: ASet[Loop]: Loop Complete
{"S":["DVHQB","T4OE4"],"LS":[]}
2024-03-24 19:58:19.383    INFO [Project-ASet-worker-1      ] -                 INFO: ASet[for]: for Complete
2024-03-24 19:58:19.389    INFO [Project-ASet-worker-1      ] -                 INFO: ASet[Loop]: Loop Complete
{"S":["DVHQB","T4OE4"],"LS":[]}
2024-03-24 19:58:19.386    INFO [Project-ASet-worker-1      ] -                 INFO: ASet[for]: for Complete
2024-03-24 19:58:40.104    INFO [Project-ASet-worker-3      ] -                 INFO: ASet[Loop]: Loop Complete
{"S":[["name","id","hash","date","admin","ban","coin","warn","nickname","like","stocks","stars","etc"],["name","id","hash","date","admin","ban","coin","warn","nickname","like","stocks","stars","etc"]],"LS":[]}
2024-03-24 19:58:45.479    INFO [Project-ASet-worker-1      ] -                 INFO: ASet[Loop]: Loop Complete
2024-03-24 19:58:46.433    INFO [Project-ASet-worker-2      ] -                 INFO: ASet[Loop]: Loop Complete
{"S":["DVHQB","T4OE4"],"LS":[]}
2024-03-24 19:58:48.968    INFO [Project-ASet-worker-2      ] -                 INFO: ASet[for]: for Complete
2024-03-24 19:58:48.973    INFO [Project-ASet-worker-2      ] -                 INFO: ASet[for]: for Complete
2024-03-24 19:58:48.977    INFO [Project-ASet-worker-2      ] -                 INFO: ASet[Loop]: Loop Complete
{"S":["DVHQB","T4OE4"],"LS":[]}
2024-03-24 19:59:03.621    INFO [Project-ASet-worker-1      ] -                 INFO: ASet[Loop]: Loop Complete
{"S":["DVHQB","T4OE4"],"LS":[]}
2024-03-24 19:59:19.396    INFO [Project-ASet-worker-1      ] -                 INFO: ASet[for]: for Complete
2024-03-24 19:59:19.399    INFO [Project-ASet-worker-1      ] -                 INFO: ASet[for]: for Complete
2024-03-24 19:59:19.401    INFO [Project-ASet-worker-1      ] -                 INFO: ASet[Loop]: Loop Complete
{"S":["DVHQB","T4OE4"],"LS":[]}
2024-03-24 19:59:40.116    INFO [Project-ASet-worker-3      ] -                 INFO: ASet[Loop]: Loop Complete
{"S":[["name","id","hash","date","admin","ban","coin","warn","nickname","like","stocks","stars","etc"],["name","id","hash","date","admin","ban","coin","warn","nickname","like","stocks","stars","etc"]],"LS":[]}
2024-03-24 19:59:45.487    INFO [Project-ASet-worker-1      ] -                 INFO: ASet[Loop]: Loop Complete
2024-03-24 19:59:46.447    INFO [Project-ASet-worker-2      ] -                 INFO: ASet[Loop]: Loop Complete
{"S":["DVHQB","T4OE4"],"LS":[]}
2024-03-24 19:59:48.987    INFO [Project-ASet-worker-2      ] -                 INFO: ASet[for]: for Complete
2024-03-24 19:59:48.990    INFO [Project-ASet-worker-2      ] -                 INFO: ASet[for]: for Complete
2024-03-24 19:59:48.992    INFO [Project-ASet-worker-2      ] -                 INFO: ASet[Loop]: Loop Complete
{"S":["DVHQB","T4OE4"],"LS":[]}
2024-03-24 20:00:03.629    INFO [Project-ASet-worker-1      ] -                 INFO: ASet[Loop]: Loop Complete
{"S":["DVHQB","T4OE4"],"LS":[]}
2024-03-24 20:00:19.411    INFO [Project-ASet-worker-1      ] -                 INFO: ASet[for]: for Complete
2024-03-24 20:00:19.415    INFO [Project-ASet-worker-1      ] -                 INFO: ASet[for]: for Complete
2024-03-24 20:00:19.418    INFO [Project-ASet-worker-1      ] -                 INFO: ASet[Loop]: Loop Complete
{"S":["DVHQB","T4OE4"],"LS":[]}
2024-03-24 20:00:40.132    INFO [Project-ASet-worker-3      ] -                 INFO: ASet[Loop]: Loop Complete
{"S":[["name","id","hash","date","admin","ban","coin","warn","nickname","like","stocks","stars","etc"],["name","id","hash","date","admin","ban","coin","warn","nickname","like","stocks","stars","etc"]],"LS":[]}
2024-03-24 20:00:45.501    INFO [Project-ASet-worker-1      ] -                 INFO: ASet[Loop]: Loop Complete
2024-03-24 20:00:46.458    INFO [Project-ASet-worker-2      ] -                 INFO: ASet[Loop]: Loop Complete
{"S":["DVHQB","T4OE4"],"LS":[]}
2024-03-24 20:00:49.004    INFO [Project-ASet-worker-2      ] -                 INFO: ASet[for]: for Complete
2024-03-24 20:00:49.010    INFO [Project-ASet-worker-2      ] -                 INFO: ASet[for]: for Complete
2024-03-24 20:00:49.014    INFO [Project-ASet-worker-2      ] -                 INFO: ASet[Loop]: Loop Complete
{"S":["DVHQB","T4OE4"],"LS":[]}
2024-03-24 20:01:03.640    INFO [Project-ASet-worker-1      ] -                 INFO: ASet[Loop]: Loop Complete
{"S":["DVHQB","T4OE4"],"LS":[]}
2024-03-24 20:01:11.792    INFO [Project-ASet-worker-3      ] -                 INFO: 프로젝트 ASet 컴파일 중...
2024-03-24 20:01:14.452   DEBUG [main                       ] -            JobLocker: 부모 Project-ASet-worker 의 모든 작업 release 완료
2024-03-24 20:01:16.763    INFO [Project-ASet-worker-1      ] -                 INFO: 프로젝트 ASet 컴파일 중...
2024-03-24 20:01:19.423    INFO [Project-ASet-worker-1      ] -                 INFO: ASet[for]: for Complete
2024-03-24 20:01:19.424    INFO [Project-ASet-worker-1      ] -                 INFO: ASet[for]: for Complete
2024-03-24 20:01:19.425    INFO [Project-ASet-worker-1      ] -                 INFO: ASet[Loop]: Loop Complete
{"S":["DVHQB","T4OE4"],"LS":[]}
2024-03-24 20:01:25.304    INFO [Project-User-worker-2      ] -                 INFO: 프로젝트 User 컴파일 중...
2024-03-24 20:01:25.371    INFO [Project-ASet-worker-1      ] -                 INFO: ASet[for]: for Complete
2024-03-24 20:01:25.373    INFO [Project-ASet-worker-1      ] -                 INFO: ASet[Loop]: Loop Complete
{"S":["DVHQB","T4OE4"],"LS":[]}
2024-03-24 20:01:25.372    INFO [Project-ASet-worker-1      ] -                 INFO: ASet[for]: for Complete
2024-03-24 20:01:40.142    INFO [Project-ASet-worker-3      ] -                 INFO: ASet[Loop]: Loop Complete
{"S":[["name","id","hash","date","admin","ban","coin","warn","nickname","like","stocks","stars","etc"],["name","id","hash","date","admin","ban","coin","warn","nickname","like","stocks","stars","etc"]],"LS":[]}
2024-03-24 20:01:45.511    INFO [Project-ASet-worker-1      ] -                 INFO: ASet[Loop]: Loop Complete
2024-03-24 20:01:46.467    INFO [Project-ASet-worker-2      ] -                 INFO: ASet[Loop]: Loop Complete
{"S":["DVHQB","T4OE4"],"LS":[]}
2024-03-24 20:01:49.026    INFO [Project-ASet-worker-2      ] -                 INFO: ASet[for]: for Complete
2024-03-24 20:01:49.031    INFO [Project-ASet-worker-2      ] -                 INFO: ASet[Loop]: Loop Complete
{"S":["DVHQB","T4OE4"],"LS":[]}
2024-03-24 20:01:49.029    INFO [Project-ASet-worker-2      ] -                 INFO: ASet[for]: for Complete
2024-03-24 20:02:03.646    INFO [Project-ASet-worker-1      ] -                 INFO: ASet[Loop]: Loop Complete
{"S":["DVHQB","T4OE4"],"LS":[]}
2024-03-24 20:02:19.434    INFO [Project-ASet-worker-1      ] -                 INFO: ASet[for]: for Complete
2024-03-24 20:02:19.440    INFO [Project-ASet-worker-1      ] -                 INFO: ASet[for]: for Complete
2024-03-24 20:02:19.444    INFO [Project-ASet-worker-1      ] -                 INFO: ASet[Loop]: Loop Complete
{"S":["DVHQB","T4OE4"],"LS":[]}
2024-03-24 20:02:25.382    INFO [Project-ASet-worker-1      ] -                 INFO: ASet[for]: for Complete
2024-03-24 20:02:25.387    INFO [Project-ASet-worker-1      ] -                 INFO: ASet[for]: for Complete
2024-03-24 20:02:25.391    INFO [Project-ASet-worker-1      ] -                 INFO: ASet[Loop]: Loop Complete
{"S":["DVHQB","T4OE4"],"LS":[]}
2024-03-24 20:02:40.154    INFO [Project-ASet-worker-3      ] -                 INFO: ASet[Loop]: Loop Complete
{"S":[["name","id","hash","date","admin","ban","coin","warn","nickname","like","stocks","stars","etc"],["name","id","hash","date","admin","ban","coin","warn","nickname","like","stocks","stars","etc"]],"LS":[]}
2024-03-24 20:02:45.519    INFO [Project-ASet-worker-1      ] -                 INFO: ASet[Loop]: Loop Complete
2024-03-24 20:02:46.474    INFO [Project-ASet-worker-2      ] -                 INFO: ASet[Loop]: Loop Complete
{"S":["DVHQB","T4OE4"],"LS":[]}
2024-03-24 20:02:49.036    INFO [Project-ASet-worker-2      ] -                 INFO: ASet[for]: for Complete
2024-03-24 20:02:49.039    INFO [Project-ASet-worker-2      ] -                 INFO: ASet[for]: for Complete
2024-03-24 20:02:49.042    INFO [Project-ASet-worker-2      ] -                 INFO: ASet[Loop]: Loop Complete
{"S":["DVHQB","T4OE4"],"LS":[]}
2024-03-24 20:03:03.655    INFO [Project-ASet-worker-1      ] -                 INFO: ASet[Loop]: Loop Complete
{"S":["DVHQB","T4OE4"],"LS":[]}
2024-03-24 20:03:19.456    INFO [Project-ASet-worker-1      ] -                 INFO: ASet[for]: for Complete
2024-03-24 20:03:19.462    INFO [Project-ASet-worker-1      ] -                 INFO: ASet[for]: for Complete
2024-03-24 20:03:19.469    INFO [Project-ASet-worker-1      ] -                 INFO: ASet[Loop]: Loop Complete
{"S":["DVHQB","T4OE4"],"LS":[]}
2024-03-24 20:03:25.399    INFO [Project-ASet-worker-1      ] -                 INFO: ASet[for]: for Complete
2024-03-24 20:03:25.405    INFO [Project-ASet-worker-1      ] -                 INFO: ASet[for]: for Complete
2024-03-24 20:03:25.411    INFO [Project-ASet-worker-1      ] -                 INFO: ASet[Loop]: Loop Complete
{"S":["DVHQB","T4OE4"],"LS":[]}
2024-03-24 20:03:40.167    INFO [Project-ASet-worker-3      ] -                 INFO: ASet[Loop]: Loop Complete
{"S":[["name","id","hash","date","admin","ban","coin","warn","nickname","like","stocks","stars","etc"],["name","id","hash","date","admin","ban","coin","warn","nickname","like","stocks","stars","etc"]],"LS":[]}
2024-03-24 20:03:45.531    INFO [Project-ASet-worker-1      ] -                 INFO: ASet[Loop]: Loop Complete
2024-03-24 20:03:46.485    INFO [Project-ASet-worker-2      ] -                 INFO: ASet[Loop]: Loop Complete
{"S":["DVHQB","T4OE4"],"LS":[]}
2024-03-24 20:03:49.051    INFO [Project-ASet-worker-2      ] -                 INFO: ASet[for]: for Complete
2024-03-24 20:03:49.055    INFO [Project-ASet-worker-2      ] -                 INFO: ASet[Loop]: Loop Complete
{"S":["DVHQB","T4OE4"],"LS":[]}
2024-03-24 20:03:49.053    INFO [Project-ASet-worker-2      ] -                 INFO: ASet[for]: for Complete
2024-03-24 20:04:03.665    INFO [Project-ASet-worker-1      ] -                 INFO: ASet[Loop]: Loop Complete
{"S":["DVHQB","T4OE4"],"LS":[]}
2024-03-24 20:04:19.479    INFO [Project-ASet-worker-1      ] -                 INFO: ASet[for]: for Complete
2024-03-24 20:04:19.483    INFO [Project-ASet-worker-1      ] -                 INFO: ASet[for]: for Complete
2024-03-24 20:04:19.486    INFO [Project-ASet-worker-1      ] -                 INFO: ASet[Loop]: Loop Complete
{"S":["DVHQB","T4OE4"],"LS":[]}
2024-03-24 20:04:25.421    INFO [Project-ASet-worker-1      ] -                 INFO: ASet[for]: for Complete
2024-03-24 20:04:25.424    INFO [Project-ASet-worker-1      ] -                 INFO: ASet[for]: for Complete
2024-03-24 20:04:25.429    INFO [Project-ASet-worker-1      ] -                 INFO: ASet[Loop]: Loop Complete
{"S":["DVHQB","T4OE4"],"LS":[]}
2024-03-24 20:04:40.177    INFO [Project-ASet-worker-3      ] -                 INFO: ASet[Loop]: Loop Complete
{"S":[["name","id","hash","date","admin","ban","coin","warn","nickname","like","stocks","stars","etc"],["name","id","hash","date","admin","ban","coin","warn","nickname","like","stocks","stars","etc"]],"LS":[]}
2024-03-24 20:04:45.543    INFO [Project-ASet-worker-1      ] -                 INFO: ASet[Loop]: Loop Complete
2024-03-24 20:04:46.495    INFO [Project-ASet-worker-2      ] -                 INFO: ASet[Loop]: Loop Complete
{"S":["DVHQB","T4OE4"],"LS":[]}
2024-03-24 20:04:49.062    INFO [Project-ASet-worker-2      ] -                 INFO: ASet[for]: for Complete
2024-03-24 20:04:49.066    INFO [Project-ASet-worker-2      ] -                 INFO: ASet[for]: for Complete
2024-03-24 20:04:49.069    INFO [Project-ASet-worker-2      ] -                 INFO: ASet[Loop]: Loop Complete
{"S":["DVHQB","T4OE4"],"LS":[]}
2024-03-24 20:05:03.678    INFO [Project-ASet-worker-1      ] -                 INFO: ASet[Loop]: Loop Complete
{"S":["DVHQB","T4OE4"],"LS":[]}
2024-03-24 20:05:19.495    INFO [Project-ASet-worker-1      ] -                 INFO: ASet[for]: for Complete
2024-03-24 20:05:19.498    INFO [Project-ASet-worker-1      ] -                 INFO: ASet[for]: for Complete
2024-03-24 20:05:19.501    INFO [Project-ASet-worker-1      ] -                 INFO: ASet[Loop]: Loop Complete
{"S":["DVHQB","T4OE4"],"LS":[]}
2024-03-24 20:05:25.440    INFO [Project-ASet-worker-1      ] -                 INFO: ASet[for]: for Complete
2024-03-24 20:05:25.445    INFO [Project-ASet-worker-1      ] -                 INFO: ASet[for]: for Complete
2024-03-24 20:05:25.448    INFO [Project-ASet-worker-1      ] -                 INFO: ASet[Loop]: Loop Complete
{"S":["DVHQB","T4OE4"],"LS":[]}
2024-03-24 20:05:40.188    INFO [Project-ASet-worker-3      ] -                 INFO: ASet[Loop]: Loop Complete
{"S":[["name","id","hash","date","admin","ban","coin","warn","nickname","like","stocks","stars","etc"],["name","id","hash","date","admin","ban","coin","warn","nickname","like","stocks","stars","etc"]],"LS":[]}
2024-03-24 20:05:45.557    INFO [Project-ASet-worker-1      ] -                 INFO: ASet[Loop]: Loop Complete
2024-03-24 20:05:46.506    INFO [Project-ASet-worker-2      ] -                 INFO: ASet[Loop]: Loop Complete
{"S":["DVHQB","T4OE4"],"LS":[]}
2024-03-24 20:05:49.082    INFO [Project-ASet-worker-2      ] -                 INFO: ASet[for]: for Complete
2024-03-24 20:05:49.085    INFO [Project-ASet-worker-2      ] -                 INFO: ASet[for]: for Complete
2024-03-24 20:05:49.087    INFO [Project-ASet-worker-2      ] -                 INFO: ASet[Loop]: Loop Complete
{"S":["DVHQB","T4OE4"],"LS":[]}
2024-03-24 20:05:52.089    INFO [Project-User-worker-3      ] -                 INFO: 프로젝트 User 컴파일 중...
2024-03-24 20:06:03.694    INFO [Project-ASet-worker-1      ] -                 INFO: ASet[Loop]: Loop Complete
{"S":["DVHQB","T4OE4"],"LS":[]}
2024-03-24 20:06:19.509    INFO [Project-ASet-worker-1      ] -                 INFO: ASet[for]: for Complete
2024-03-24 20:06:19.513    INFO [Project-ASet-worker-1      ] -                 INFO: ASet[for]: for Complete
2024-03-24 20:06:19.516    INFO [Project-ASet-worker-1      ] -                 INFO: ASet[Loop]: Loop Complete
{"S":["DVHQB","T4OE4"],"LS":[]}
2024-03-24 20:06:25.459    INFO [Project-ASet-worker-1      ] -                 INFO: ASet[for]: for Complete
2024-03-24 20:06:25.464    INFO [Project-ASet-worker-1      ] -                 INFO: ASet[for]: for Complete
2024-03-24 20:06:25.468    INFO [Project-ASet-worker-1      ] -                 INFO: ASet[Loop]: Loop Complete
{"S":["DVHQB","T4OE4"],"LS":[]}
2024-03-24 20:06:40.193    INFO [Project-ASet-worker-3      ] -                 INFO: ASet[Loop]: Loop Complete
{"S":[["name","id","hash","date","admin","ban","coin","warn","nickname","like","stocks","stars","etc"],["name","id","hash","date","admin","ban","coin","warn","nickname","like","stocks","stars","etc"]],"LS":[]}
2024-03-24 20:06:45.570    INFO [Project-ASet-worker-1      ] -                 INFO: ASet[Loop]: Loop Complete
2024-03-24 20:06:46.518    INFO [Project-ASet-worker-2      ] -                 INFO: ASet[Loop]: Loop Complete
{"S":["DVHQB","T4OE4"],"LS":[]}
2024-03-24 20:06:49.096    INFO [Project-ASet-worker-2      ] -                 INFO: ASet[for]: for Complete
2024-03-24 20:06:49.102    INFO [Project-ASet-worker-2      ] -                 INFO: ASet[for]: for Complete
2024-03-24 20:06:49.104    INFO [Project-ASet-worker-2      ] -                 INFO: ASet[Loop]: Loop Complete
{"S":["DVHQB","T4OE4"],"LS":[]}
2024-03-24 20:07:03.704    INFO [Project-ASet-worker-1      ] -                 INFO: ASet[Loop]: Loop Complete
{"S":["DVHQB","T4OE4"],"LS":[]}
2024-03-24 20:07:19.525    INFO [Project-ASet-worker-1      ] -                 INFO: ASet[for]: for Complete
2024-03-24 20:07:19.529    INFO [Project-ASet-worker-1      ] -                 INFO: ASet[for]: for Complete
2024-03-24 20:07:19.533    INFO [Project-ASet-worker-1      ] -                 INFO: ASet[Loop]: Loop Complete
{"S":["DVHQB","T4OE4"],"LS":[]}
2024-03-24 20:07:24.237    INFO [Project-ASet-worker-3      ] -                 INFO: 프로젝트 ASet 컴파일 중...
2024-03-24 20:07:25.473    INFO [Project-ASet-worker-1      ] -                 INFO: ASet[for]: for Complete
2024-03-24 20:07:25.474    INFO [Project-ASet-worker-1      ] -                 INFO: ASet[for]: for Complete
2024-03-24 20:07:25.475    INFO [Project-ASet-worker-1      ] -                 INFO: ASet[Loop]: Loop Complete
{"S":["DVHQB","T4OE4"],"LS":[]}
2024-03-24 20:07:26.405   DEBUG [main                       ] -            JobLocker: 부모 Project-ASet-worker 의 모든 작업 release 완료
2024-03-24 20:07:28.651    INFO [Project-ASet-worker-1      ] -                 INFO: 프로젝트 ASet 컴파일 중...
2024-03-24 20:07:40.203    INFO [Project-ASet-worker-3      ] -                 INFO: ASet[Loop]: Loop Complete
{"S":[["name","id","hash","date","admin","ban","coin","warn","nickname","like","stocks","stars","etc"],["name","id","hash","date","admin","ban","coin","warn","nickname","like","stocks","stars","etc"]],"LS":[]}
2024-03-24 20:07:40.303    INFO [Project-User-worker-1      ] -                 INFO: 프로젝트 User 컴파일 중...
2024-03-24 20:07:43.587    INFO [Project-User-worker-2      ] -                 INFO: 프로젝트 User 컴파일 중...
2024-03-24 20:07:45.579    INFO [Project-ASet-worker-1      ] -                 INFO: ASet[Loop]: Loop Complete
2024-03-24 20:07:46.530    INFO [Project-ASet-worker-2      ] -                 INFO: ASet[Loop]: Loop Complete
{"S":["DVHQB","T4OE4"],"LS":[]}
2024-03-24 20:07:48.244    INFO [Project-User-worker-3      ] -                 INFO: 프로젝트 User 컴파일 중...
2024-03-24 20:07:49.113    INFO [Project-ASet-worker-2      ] -                 INFO: ASet[for]: for Complete
2024-03-24 20:07:49.116    INFO [Project-ASet-worker-2      ] -                 INFO: ASet[for]: for Complete
2024-03-24 20:07:49.119    INFO [Project-ASet-worker-2      ] -                 INFO: ASet[Loop]: Loop Complete
{"S":["DVHQB","T4OE4"],"LS":[]}
2024-03-24 20:07:57.454    INFO [Project-User-worker-1      ] -                 INFO: 프로젝트 User 컴파일 중...
2024-03-24 20:08:03.711    INFO [Project-ASet-worker-1      ] -                 INFO: ASet[Loop]: Loop Complete
{"S":["DVHQB","T4OE4"],"LS":[]}
2024-03-24 20:08:14.393    INFO [Project-User-worker-2      ] -                 INFO: 프로젝트 User 컴파일 중...
2024-03-24 20:08:19.543    INFO [Project-ASet-worker-1      ] -                 INFO: ASet[for]: for Complete
2024-03-24 20:08:19.546    INFO [Project-ASet-worker-1      ] -                 INFO: ASet[for]: for Complete
2024-03-24 20:08:19.551    INFO [Project-ASet-worker-1      ] -                 INFO: ASet[Loop]: Loop Complete
{"S":["DVHQB","T4OE4"],"LS":[]}
2024-03-24 20:08:25.485    INFO [Project-ASet-worker-1      ] -                 INFO: ASet[for]: for Complete
2024-03-24 20:08:25.494    INFO [Project-ASet-worker-1      ] -                 INFO: ASet[for]: for Complete
2024-03-24 20:08:25.500    INFO [Project-ASet-worker-1      ] -                 INFO: ASet[Loop]: Loop Complete
{"S":["DVHQB","T4OE4"],"LS":[]}
2024-03-24 20:08:40.216    INFO [Project-ASet-worker-3      ] -                 INFO: ASet[Loop]: Loop Complete
{"S":[["name","id","hash","date","admin","ban","coin","warn","nickname","like","stocks","stars","etc"],["name","id","hash","date","admin","ban","coin","warn","nickname","like","stocks","stars","etc"]],"LS":[]}
2024-03-24 20:08:45.591    INFO [Project-ASet-worker-1      ] -                 INFO: ASet[Loop]: Loop Complete
2024-03-24 20:08:46.541    INFO [Project-ASet-worker-2      ] -                 INFO: ASet[Loop]: Loop Complete
{"S":["DVHQB","T4OE4"],"LS":[]}
2024-03-24 20:08:49.127    INFO [Project-ASet-worker-2      ] -                 INFO: ASet[for]: for Complete
2024-03-24 20:08:49.131    INFO [Project-ASet-worker-2      ] -                 INFO: ASet[for]: for Complete
2024-03-24 20:08:49.135    INFO [Project-ASet-worker-2      ] -                 INFO: ASet[Loop]: Loop Complete
{"S":["DVHQB","T4OE4"],"LS":[]}
2024-03-24 20:09:03.722    INFO [Project-ASet-worker-1      ] -                 INFO: ASet[Loop]: Loop Complete
{"S":["DVHQB","T4OE4"],"LS":[]}
2024-03-24 20:09:19.560    INFO [Project-ASet-worker-1      ] -                 INFO: ASet[for]: for Complete
2024-03-24 20:09:19.564    INFO [Project-ASet-worker-1      ] -                 INFO: ASet[for]: for Complete
2024-03-24 20:09:19.567    INFO [Project-ASet-worker-1      ] -                 INFO: ASet[Loop]: Loop Complete
{"S":["DVHQB","T4OE4"],"LS":[]}
2024-03-24 20:09:25.508    INFO [Project-ASet-worker-1      ] -                 INFO: ASet[for]: for Complete
2024-03-24 20:09:25.512    INFO [Project-ASet-worker-1      ] -                 INFO: ASet[for]: for Complete
2024-03-24 20:09:25.516    INFO [Project-ASet-worker-1      ] -                 INFO: ASet[Loop]: Loop Complete
{"S":["DVHQB","T4OE4"],"LS":[]}
2024-03-24 20:09:40.232    INFO [Project-ASet-worker-3      ] -                 INFO: ASet[Loop]: Loop Complete
{"S":[["name","id","hash","date","admin","ban","coin","warn","nickname","like","stocks","stars","etc"],["name","id","hash","date","admin","ban","coin","warn","nickname","like","stocks","stars","etc"]],"LS":[]}
2024-03-24 20:09:45.601    INFO [Project-ASet-worker-1      ] -                 INFO: ASet[Loop]: Loop Complete
2024-03-24 20:09:46.557    INFO [Project-ASet-worker-2      ] -                 INFO: ASet[Loop]: Loop Complete
{"S":["DVHQB","T4OE4"],"LS":[]}
2024-03-24 20:09:49.139    INFO [Project-ASet-worker-2      ] -                 INFO: ASet[for]: for Complete
2024-03-24 20:09:49.140    INFO [Project-ASet-worker-2      ] -                 INFO: ASet[Loop]: Loop Complete
{"S":["DVHQB","T4OE4"],"LS":[]}
2024-03-24 20:09:49.140    INFO [Project-ASet-worker-2      ] -                 INFO: ASet[for]: for Complete
2024-03-24 20:10:03.729    INFO [Project-ASet-worker-1      ] -                 INFO: ASet[Loop]: Loop Complete
{"S":["DVHQB","T4OE4"],"LS":[]}
2024-03-24 20:10:19.572    INFO [Project-ASet-worker-1      ] -                 INFO: ASet[for]: for Complete
2024-03-24 20:10:19.573    INFO [Project-ASet-worker-1      ] -                 INFO: ASet[for]: for Complete
2024-03-24 20:10:19.574    INFO [Project-ASet-worker-1      ] -                 INFO: ASet[Loop]: Loop Complete
{"S":["DVHQB","T4OE4"],"LS":[]}
2024-03-24 20:10:25.522    INFO [Project-ASet-worker-1      ] -                 INFO: ASet[for]: for Complete
2024-03-24 20:10:25.523    INFO [Project-ASet-worker-1      ] -                 INFO: ASet[for]: for Complete
2024-03-24 20:10:25.524    INFO [Project-ASet-worker-1      ] -                 INFO: ASet[Loop]: Loop Complete
{"S":["DVHQB","T4OE4"],"LS":[]}
2024-03-24 20:10:40.241    INFO [Project-ASet-worker-3      ] -                 INFO: ASet[Loop]: Loop Complete
{"S":[["name","id","hash","date","admin","ban","coin","warn","nickname","like","stocks","stars","etc"],["name","id","hash","date","admin","ban","coin","warn","nickname","like","stocks","stars","etc"]],"LS":[]}
2024-03-24 20:10:45.607    INFO [Project-ASet-worker-1      ] -                 INFO: ASet[Loop]: Loop Complete
2024-03-24 20:10:46.565    INFO [Project-ASet-worker-2      ] -                 INFO: ASet[Loop]: Loop Complete
{"S":["DVHQB","T4OE4"],"LS":[]}
2024-03-24 20:10:49.147    INFO [Project-ASet-worker-2      ] -                 INFO: ASet[for]: for Complete
2024-03-24 20:10:49.152    INFO [Project-ASet-worker-2      ] -                 INFO: ASet[for]: for Complete
2024-03-24 20:10:49.157    INFO [Project-ASet-worker-2      ] -                 INFO: ASet[Loop]: Loop Complete
{"S":["DVHQB","T4OE4"],"LS":[]}
