2024-03-24 20:11:02.542    INFO [main                       ] -    GlobalApplication: 포그라운드 서비스 등록 성공!
2024-03-24 20:11:02.543    INFO [DefaultDispatcher-worker-1 ] -   ApplicationSession: 카카오톡 버전: 10.6.1
2024-03-24 20:11:02.545   DEBUG [DefaultDispatcher-worker-1 ] -   ApplicationSession: Initializing with locale KOREAN
2024-03-24 20:11:02.555   DEBUG [main                       ] - NotificationListener: Listener connected
2024-03-24 20:11:02.557    WARN [DefaultDispatcher-worker-1 ] -         PluginLoader: res/raw 경로는 더 이상 사용되지 않습니다. assets 경로를 사용하세요.
2024-03-24 20:11:02.561    WARN [DefaultDispatcher-worker-1 ] -         PluginLoader: res/raw 경로는 더 이상 사용되지 않습니다. assets 경로를 사용하세요.
2024-03-24 20:11:02.588   DEBUG [DefaultDispatcher-worker-1 ] -            AwtPlugin: Testing awt class loading, color = java.awt.Color[r=0,g=0,b=0]
2024-03-24 20:11:02.700   DEBUG [DefaultDispatcher-worker-1 ] -           ApiManager: Discord Api 등록 성공
2024-03-24 20:11:02.708   DEBUG [DefaultDispatcher-worker-1 ] -        DiscordPlugin: Starting discord client with intent: MESSAGE_CONTENT, DIRECT_MESSAGES, GUILD_MESSAGES, GUILD_MEMBERS
2024-03-24 20:11:04.625    INFO [DefaultDispatcher-worker-1 ] -        DiscordPlugin: 디스코드 클라이언트 시작 성공! [디코서버 도우미]Eric#0937 로 로그인했어요.
2024-03-24 20:11:04.626    INFO [DefaultDispatcher-worker-4 ] -       SplashActivity: 기본 라이브러리 로드중…
2024-03-24 20:11:04.643   DEBUG [DefaultDispatcher-worker-1 ] -           ApiManager: Java Api 등록 성공
2024-03-24 20:11:04.642   DEBUG [DefaultDispatcher-worker-1 ] -           ApiManager: LanguageManager Api 등록 성공
2024-03-24 20:11:04.642   DEBUG [DefaultDispatcher-worker-1 ] -           ApiManager: Log Api 등록 성공
2024-03-24 20:11:04.642   DEBUG [DefaultDispatcher-worker-1 ] -           ApiManager: ProjectManager Api 등록 성공
2024-03-24 20:11:04.643   DEBUG [DefaultDispatcher-worker-1 ] -           ApiManager: PluginManager Api 등록 성공
2024-03-24 20:11:04.643   DEBUG [DefaultDispatcher-worker-1 ] -           ApiManager: Notification Api 등록 성공
2024-03-24 20:11:04.643   DEBUG [DefaultDispatcher-worker-1 ] -           ApiManager: Env Api 등록 성공
2024-03-24 20:11:04.643   DEBUG [DefaultDispatcher-worker-1 ] -           ApiManager: EventEmitter Api 등록 성공
2024-03-24 20:11:04.643   DEBUG [DefaultDispatcher-worker-1 ] -           ApiManager: Utils Api 등록 성공
2024-03-24 20:11:04.643   DEBUG [DefaultDispatcher-worker-1 ] -           ApiManager: Api Api 등록 성공
2024-03-24 20:11:04.643   DEBUG [DefaultDispatcher-worker-1 ] -           ApiManager: Bridge Api 등록 성공
2024-03-24 20:11:04.644   DEBUG [DefaultDispatcher-worker-1 ] -           ApiManager: Broadcast Api 등록 성공
2024-03-24 20:11:04.643   DEBUG [DefaultDispatcher-worker-1 ] -           ApiManager: FileStream Api 등록 성공
2024-03-24 20:11:04.643   DEBUG [DefaultDispatcher-worker-1 ] -           ApiManager: DataBase Api 등록 성공
2024-03-24 20:11:04.643   DEBUG [DefaultDispatcher-worker-1 ] -           ApiManager: Device Api 등록 성공
2024-03-24 20:11:04.644   DEBUG [DefaultDispatcher-worker-1 ] -           ApiManager: App Api 등록 성공
2024-03-24 20:11:04.646    INFO [DefaultDispatcher-worker-2 ] -       SplashActivity: 프로젝트 로드중…
2024-03-24 20:11:04.708    INFO [Project-User-worker-1      ] -                 INFO: 프로젝트 User 컴파일 중...
2024-03-24 20:11:04.743    INFO [Project-atten-worker-1     ] -                 INFO: 프로젝트 atten 컴파일 중...
2024-03-24 20:11:04.875    INFO [Project-admin-worker-1     ] -                 INFO: 프로젝트 admin 컴파일 중...
2024-03-24 20:11:05.249    INFO [Project-Normal-worker-1    ] -                 INFO: 프로젝트 Normal 컴파일 중...
2024-03-24 20:11:05.400    INFO [Project-chat_history-worker] -                 INFO: 프로젝트 chat_history 컴파일 중...
2024-03-24 20:11:05.492    INFO [Project-mention-worker-1   ] -                 INFO: 프로젝트 mention 컴파일 중...
2024-03-24 20:11:05.682    INFO [Project-eval-worker-1      ] -                 INFO: 프로젝트 eval 컴파일 중...
2024-03-24 20:11:05.833    INFO [Project-Me-worker-1        ] -                 INFO: 프로젝트 Me 컴파일 중...
2024-03-24 20:11:05.932    INFO [Project-sign-up-worker-1   ] -                 INFO: 프로젝트 sign-up 컴파일 중...
2024-03-24 20:11:06.040    INFO [Project-reply-worker-1     ] -                 INFO: 프로젝트 reply 컴파일 중...
2024-03-24 20:11:06.356    INFO [Project-entrance-worker-1  ] -                 INFO: 프로젝트 entrance 컴파일 중...
2024-03-24 20:11:06.366    INFO [Project-stock-worker-1     ] -                 INFO: 프로젝트 stock 컴파일 중...
2024-03-24 20:11:06.675   DEBUG [Project-stock-worker-1     ] -                DEBUG: undefined
2024-03-24 20:11:06.681    INFO [Project-ASet-worker-1      ] -                 INFO: 프로젝트 ASet 컴파일 중...
2024-03-24 20:11:06.833    INFO [DefaultDispatcher-worker-1 ] -               System: | Project ✦ StarLight |
Running PluginCore v0.2.0
2024-03-24 20:11:20.004    INFO [Project-ASet-worker-1      ] -                 INFO: 프로젝트 ASet 컴파일 중...
2024-03-24 20:11:37.833    INFO [Project-User-worker-2      ] -                 INFO: 프로젝트 User 컴파일 중...
2024-03-24 20:12:04.969    INFO [Project-User-worker-3      ] -                 INFO: 프로젝트 User 컴파일 중...
2024-03-24 20:12:19.035    INFO [Project-User-worker-1      ] -                 INFO: 프로젝트 User 컴파일 중...
2024-03-24 20:12:20.290    INFO [Project-User-worker-2      ] -                 INFO: 프로젝트 User 컴파일 중...
2024-03-24 20:12:37.437    INFO [Project-User-worker-3      ] -                 INFO: 프로젝트 User 컴파일 중...
2024-03-24 20:12:39.280    INFO [Project-User-worker-1      ] -                 INFO: 프로젝트 User 컴파일 중...
2024-03-24 20:12:43.392    INFO [Project-User-worker-2      ] -                 INFO: 프로젝트 User 컴파일 중...
2024-03-24 20:13:00.434    INFO [Project-User-worker-3      ] -                 INFO: 프로젝트 User 컴파일 중...
2024-03-24 20:13:47.318    INFO [Project-User-worker-1      ] -                 INFO: 프로젝트 User 컴파일 중...
2024-03-24 20:14:24.687    INFO [Project-User-worker-2      ] -                 INFO: 프로젝트 User 컴파일 중...
2024-03-24 20:14:40.559    INFO [Project-User-worker-3      ] -                 INFO: 프로젝트 User 컴파일 중...
2024-03-24 20:24:42.238    INFO [Project-User-worker-1      ] -                 INFO: 프로젝트 User 컴파일 중...
2024-03-24 20:24:59.324    INFO [Project-User-worker-2      ] -                 INFO: 프로젝트 User 컴파일 중...
2024-03-24 20:56:18.364    INFO [Project-User-worker-3      ] -                 INFO: 프로젝트 User 컴파일 중...
2024-03-24 21:51:51.074    INFO [Project-ASet-worker        ] -                 INFO: 프로젝트 ASet 컴파일 중...
2024-03-24 21:54:45.222    INFO [Project-User-worker-1      ] -                 INFO: 프로젝트 User 컴파일 중...
2024-03-24 21:56:18.219    INFO [Project-User-worker-2      ] -                 INFO: 프로젝트 User 컴파일 중...
2024-03-25 08:00:51.866    INFO [Project-ASet-worker        ] -                 INFO: 프로젝트 ASet 컴파일 중...
2024-03-25 08:17:10.319    INFO [Project-User-worker-1      ] -                 INFO: 프로젝트 User 컴파일 중...
2024-03-25 08:17:10.410   DEBUG [Project-ASet-worker        ] -            JobLocker: 부모 Project-ASet-worker 의 모든 작업 release 완료
2024-03-25 08:17:10.415    INFO [Project-ASet-worker        ] -            JobLocker: 작업 release를 기다리지 못함: 작업 Project-ASet-worker 가 등록되지 않았거나 이미 release됨
2024-03-25 08:17:12.681    INFO [Project-User-worker-3      ] -                 INFO: 프로젝트 User 컴파일 중...
2024-03-25 08:17:12.956   DEBUG [Project-ASet-worker        ] -            JobLocker: 부모 Project-ASet-worker 의 모든 작업 release 완료
2024-03-25 08:17:12.959    INFO [Project-ASet-worker        ] -            JobLocker: 작업 release를 기다리지 못함: 작업 Project-ASet-worker 가 등록되지 않았거나 이미 release됨
2024-03-25 08:17:27.288    INFO [Project-User-worker-2      ] -                 INFO: 프로젝트 User 컴파일 중...
2024-03-25 08:17:27.379    INFO [Project-ASet-worker        ] -            JobLocker: 작업 release를 기다리지 못함: 작업 Project-ASet-worker 가 등록되지 않았거나 이미 release됨
2024-03-25 08:17:27.379   DEBUG [Project-ASet-worker        ] -            JobLocker: 부모 Project-ASet-worker 의 모든 작업 release 완료
2024-03-25 08:18:26.298    INFO [Project-User-worker-1      ] -                 INFO: 프로젝트 User 컴파일 중...
2024-03-25 08:18:26.420    INFO [Project-ASet-worker        ] -            JobLocker: 작업 release를 기다리지 못함: 작업 Project-ASet-worker 가 등록되지 않았거나 이미 release됨
2024-03-25 08:18:26.420   DEBUG [Project-ASet-worker        ] -            JobLocker: 부모 Project-ASet-worker 의 모든 작업 release 완료
2024-03-25 08:18:55.310    INFO [Project-User-worker-3      ] -                 INFO: 프로젝트 User 컴파일 중...
2024-03-25 08:18:55.405    INFO [Project-ASet-worker        ] -            JobLocker: 작업 release를 기다리지 못함: 작업 Project-ASet-worker 가 등록되지 않았거나 이미 release됨
2024-03-25 08:18:55.405   DEBUG [Project-ASet-worker        ] -            JobLocker: 부모 Project-ASet-worker 의 모든 작업 release 완료
2024-03-25 08:19:21.216    INFO [Project-User-worker-2      ] -                 INFO: 프로젝트 User 컴파일 중...
2024-03-25 08:19:21.222    INFO [Project-User-worker-3      ] -                 INFO: 프로젝트 User 컴파일 중...
2024-03-25 08:19:21.298    INFO [Project-atten-worker-3     ] -                 INFO: 프로젝트 atten 컴파일 중...
2024-03-25 08:19:21.355   DEBUG [Project-ASet-worker        ] -            JobLocker: 부모 Project-ASet-worker 의 모든 작업 release 완료
2024-03-25 08:19:21.356    INFO [Project-ASet-worker        ] -            JobLocker: 작업 release를 기다리지 못함: 작업 Project-ASet-worker 가 등록되지 않았거나 이미 release됨
2024-03-25 08:19:22.369    INFO [Project-admin-worker-2     ] -                 INFO: 프로젝트 admin 컴파일 중...
2024-03-25 08:19:24.374    INFO [Project-Normal-worker-2    ] -                 INFO: 프로젝트 Normal 컴파일 중...
2024-03-25 08:19:25.194    INFO [Project-chat_history-worker] -                 INFO: 프로젝트 chat_history 컴파일 중...
2024-03-25 08:19:25.660    INFO [Project-mention-worker-3   ] -                 INFO: 프로젝트 mention 컴파일 중...
2024-03-25 08:19:26.249    INFO [Project-eval-worker-2      ] -                 INFO: 프로젝트 eval 컴파일 중...
2024-03-25 08:19:26.714    INFO [Project-Me-worker-3        ] -                 INFO: 프로젝트 Me 컴파일 중...
2024-03-25 08:19:27.606    INFO [Project-sign-up-worker-3   ] -                 INFO: 프로젝트 sign-up 컴파일 중...
2024-03-25 08:19:28.250    INFO [Project-reply-worker-3     ] -                 INFO: 프로젝트 reply 컴파일 중...
2024-03-25 08:19:30.634    INFO [Project-entrance-worker-3  ] -                 INFO: 프로젝트 entrance 컴파일 중...
2024-03-25 08:19:30.667    INFO [Project-stock-worker-3     ] -                 INFO: 프로젝트 stock 컴파일 중...
2024-03-25 08:19:32.656   DEBUG [Project-stock-worker-3     ] -                DEBUG: 20427344
2024-03-25 08:19:32.674   DEBUG [Project-stock-worker-3     ] -                DEBUG: 주식가격 변경되었습니다

{"TCSE":[3592,true,0,"긍정적인 인터뷰로 신뢰 회복",0,[]],"CAPE":[2286.3413419847043,true,1,"사용자 데이터 유출 사건으로 신뢰 손상",1,[]],"COEN":[2519,true,2,"친환경 투자의 긍정적 영향",0,[]],"CBEN":[5222,true,3,"글로벌 시장 공략",0,[]]}
2024-03-25 08:19:32.701    INFO [Project-ASet-worker        ] -                 INFO: 프로젝트 ASet 컴파일 중...
2024-03-25 08:19:47.241    INFO [Project-User-worker-2      ] -                 INFO: 프로젝트 User 컴파일 중...
2024-03-25 08:19:47.654   DEBUG [Project-ASet-worker        ] -            JobLocker: 부모 Project-ASet-worker 의 모든 작업 release 완료
2024-03-25 08:19:47.655    INFO [Project-ASet-worker        ] -            JobLocker: 작업 release를 기다리지 못함: 작업 Project-ASet-worker 가 등록되지 않았거나 이미 release됨
2024-03-25 08:19:53.002    INFO [Project-User-worker-1      ] -                 INFO: 프로젝트 User 컴파일 중...
2024-03-25 08:19:53.092   DEBUG [Project-ASet-worker        ] -            JobLocker: 부모 Project-ASet-worker 의 모든 작업 release 완료
2024-03-25 08:19:53.092    INFO [Project-ASet-worker        ] -            JobLocker: 작업 release를 기다리지 못함: 작업 Project-ASet-worker 가 등록되지 않았거나 이미 release됨
2024-03-25 09:33:57.320    INFO [Project-User-worker-1      ] -                 INFO: 프로젝트 User 컴파일 중...
2024-03-25 09:33:57.414   DEBUG [Project-ASet-worker        ] -            JobLocker: 부모 Project-ASet-worker 의 모든 작업 release 완료
2024-03-25 09:33:57.415    INFO [Project-ASet-worker        ] -            JobLocker: 작업 release를 기다리지 못함: 작업 Project-ASet-worker 가 등록되지 않았거나 이미 release됨
2024-03-25 17:55:49.831    INFO [Project-User-worker-3      ] -                 INFO: 프로젝트 User 컴파일 중...
2024-03-25 17:55:49.917   DEBUG [Project-ASet-worker        ] -            JobLocker: 부모 Project-ASet-worker 의 모든 작업 release 완료
2024-03-25 17:55:49.917    INFO [Project-ASet-worker        ] -            JobLocker: 작업 release를 기다리지 못함: 작업 Project-ASet-worker 가 등록되지 않았거나 이미 release됨
2024-03-26 01:07:28.268 CRITICA [Timer-3                    ] -   ApplicationSession: *** 치명적인 오류가 발생했습니다. 앱을 종료하는 중... ***
[버그 제보시 아래 메세지를 첨부해주세요.]
──────────
StarLight v0.2.1a-240209(build 3)
PluginCore v0.2.0
Build.VERSION.SDK_INT: 31
Build.DEVICE: d1x
thread  : Timer-3
message : TypeError: run is not a function, it is undefined.
cause   : null
┉┉┉┉┉┉┉┉┉┉
Stack Trace:
org.mozilla.javascript.EcmaError: TypeError: run is not a function, it is undefined.
	at org.mozilla.javascript.ScriptRuntime.constructError(ScriptRuntime.java:4280)
	at org.mozilla.javascript.ScriptRuntime.constructError(ScriptRuntime.java:4258)
	at org.mozilla.javascript.ScriptRuntime.typeError(ScriptRuntime.java:4291)
	at org.mozilla.javascript.ScriptRuntime.typeError2(ScriptRuntime.java:4310)
	at org.mozilla.javascript.ScriptRuntime.notFunctionError(ScriptRuntime.java:4365)
	at org.mozilla.javascript.JavaAdapter.getFunction(JavaAdapter.java:565)
	at adapter1.run(Unknown Source:12)
	at java.util.TimerThread.mainLoop(Timer.java:562)
	at java.util.TimerThread.run(Timer.java:512)

──────────
2024-03-26 01:07:28.321   DEBUG [Timer-3                    ] -        DiscordPlugin: 디스코드 클라이언트 로그아웃중...
