2024-05-01 21:41:14.533    INFO [main                       ] -    GlobalApplication: 포그라운드 서비스 등록 성공!
2024-05-01 21:41:14.535    INFO [DefaultDispatcher-worker-1 ] -   ApplicationSession: 카카오톡 버전: 10.7.2
2024-05-01 21:41:14.536   DEBUG [DefaultDispatcher-worker-1 ] -   ApplicationSession: Initializing with locale KOREAN
2024-05-01 21:41:14.551   DEBUG [main                       ] - NotificationListener: Listener connected
2024-05-01 21:41:14.556    WARN [DefaultDispatcher-worker-1 ] -         PluginLoader: res/raw 경로는 더 이상 사용되지 않습니다. assets 경로를 사용하세요.
2024-05-01 21:41:14.563    WARN [DefaultDispatcher-worker-1 ] -         PluginLoader: res/raw 경로는 더 이상 사용되지 않습니다. assets 경로를 사용하세요.
2024-05-01 21:41:14.621   DEBUG [DefaultDispatcher-worker-1 ] -            AwtPlugin: Testing awt class loading, color = java.awt.Color[r=0,g=0,b=0]
2024-05-01 21:41:14.794   DEBUG [DefaultDispatcher-worker-1 ] -           ApiManager: Discord Api 등록 성공
2024-05-01 21:41:14.801   DEBUG [DefaultDispatcher-worker-1 ] -        DiscordPlugin: Starting discord client with intent: MESSAGE_CONTENT, DIRECT_MESSAGES, GUILD_MESSAGES, GUILD_MEMBERS
2024-05-01 21:41:17.422    INFO [DefaultDispatcher-worker-1 ] -        DiscordPlugin: 디스코드 클라이언트 시작 성공! [디코서버 도우미]Eric#0937 로 로그인했어요.
2024-05-01 21:41:17.498   DEBUG [DefaultDispatcher-worker-1 ] -           ApiManager: LanguageManager Api 등록 성공
2024-05-01 21:41:17.498   DEBUG [DefaultDispatcher-worker-1 ] -           ApiManager: Notification Api 등록 성공
2024-05-01 21:41:17.498   DEBUG [DefaultDispatcher-worker-1 ] -           ApiManager: Log Api 등록 성공
2024-05-01 21:41:17.498   DEBUG [DefaultDispatcher-worker-1 ] -           ApiManager: ProjectManager Api 등록 성공
2024-05-01 21:41:17.498   DEBUG [DefaultDispatcher-worker-1 ] -           ApiManager: PluginManager Api 등록 성공
2024-05-01 21:41:17.500   DEBUG [DefaultDispatcher-worker-1 ] -           ApiManager: Java Api 등록 성공
2024-05-01 21:41:17.500   DEBUG [DefaultDispatcher-worker-1 ] -           ApiManager: Env Api 등록 성공
2024-05-01 21:41:17.500   DEBUG [DefaultDispatcher-worker-1 ] -           ApiManager: Utils Api 등록 성공
2024-05-01 21:41:17.500   DEBUG [DefaultDispatcher-worker-1 ] -           ApiManager: EventEmitter Api 등록 성공
2024-05-01 21:41:17.501   DEBUG [DefaultDispatcher-worker-1 ] -           ApiManager: App Api 등록 성공
2024-05-01 21:41:17.501   DEBUG [DefaultDispatcher-worker-1 ] -           ApiManager: Bridge Api 등록 성공
2024-05-01 21:41:17.501   DEBUG [DefaultDispatcher-worker-1 ] -           ApiManager: FileStream Api 등록 성공
2024-05-01 21:41:17.501   DEBUG [DefaultDispatcher-worker-1 ] -           ApiManager: DataBase Api 등록 성공
2024-05-01 21:41:17.501   DEBUG [DefaultDispatcher-worker-1 ] -           ApiManager: Api Api 등록 성공
2024-05-01 21:41:17.501   DEBUG [DefaultDispatcher-worker-1 ] -           ApiManager: Device Api 등록 성공
2024-05-01 21:41:17.502   DEBUG [DefaultDispatcher-worker-1 ] -           ApiManager: Broadcast Api 등록 성공
2024-05-01 21:41:17.672    INFO [Project-eval-worker-1      ] -                 INFO: 프로젝트 eval 컴파일 중...
2024-05-01 21:41:18.107    INFO [Project-Normal-worker-1    ] -                 INFO: 프로젝트 Normal 컴파일 중...
2024-05-01 21:41:18.415    INFO [DefaultDispatcher-worker-1 ] -               System: | Project ✦ StarLight |
Running PluginCore v0.2.0
2024-05-04 00:33:26.212    INFO [Project-eval-worker-1      ] -                 INFO: 프로젝트 eval 컴파일 중...
2024-05-04 00:33:40.758   ERROR [Project-eval-worker-2      ] -         Project-eval: Error while running: org.mozilla.javascript.EcmaError: TypeError: Cannot find function read in object [object Object]. (eval#81)
2024-05-04 00:33:40.766   ERROR [Project-eval-worker-2      ] - NotificationListener: 프로젝트 'eval'의 이벤트 호출 실패: org.mozilla.javascript.EcmaError: TypeError: Cannot find function read in object [object Object]. (eval#81)
2024-05-04 00:34:37.326    INFO [Project-eval-worker-3      ] -                 INFO: 프로젝트 eval 컴파일 중...
2024-05-04 00:36:13.736    INFO [Project-Normal-worker-1    ] -                 INFO: 프로젝트 Normal 컴파일 중...
2024-05-04 00:36:18.335    INFO [Project-eval-worker-3      ] -                 INFO: 프로젝트 eval 컴파일 중...
2024-05-04 09:57:31.161    INFO [Project-atten-worker-1     ] -                 INFO: 프로젝트 atten 컴파일 중...
2024-05-04 09:57:31.408    INFO [Project-admin-worker-1     ] -                 INFO: 프로젝트 admin 컴파일 중...
2024-05-04 09:57:31.830    INFO [Project-Normal-worker-3    ] -                 INFO: 프로젝트 Normal 컴파일 중...
2024-05-04 09:57:32.047    INFO [Project-chat_history-worker] -                 INFO: 프로젝트 chat_history 컴파일 중...
2024-05-04 09:57:32.222    INFO [Project-mention-worker-1   ] -                 INFO: 프로젝트 mention 컴파일 중...
2024-05-04 09:57:32.425    INFO [Project-eval-worker-1      ] -                 INFO: 프로젝트 eval 컴파일 중...
2024-05-04 09:57:32.683    INFO [Project-Me-worker-1        ] -                 INFO: 프로젝트 Me 컴파일 중...
2024-05-04 09:57:32.891    INFO [Project-Discord-worker-1   ] -                 INFO: 프로젝트 Discord 컴파일 중...
2024-05-04 09:57:33.149    INFO [Project-sign-up-worker-1   ] -                 INFO: 프로젝트 sign-up 컴파일 중...
2024-05-04 09:57:33.409    INFO [Project-reply-worker-1     ] -                 INFO: 프로젝트 reply 컴파일 중...
2024-05-04 09:57:33.968    INFO [Project-entrance-worker-1  ] -                 INFO: 프로젝트 entrance 컴파일 중...
2024-05-04 09:57:34.018    INFO [Project-stock-worker-1     ] -                 INFO: 프로젝트 stock 컴파일 중...
2024-05-04 09:57:34.281   DEBUG [Project-stock-worker-1     ] -                DEBUG: [stock_m] delay: undefined
2024-05-04 09:57:34.282   ERROR [Project-stock-worker-1     ] -        Project-stock: ECOMF: org.mozilla.javascript.EcmaError: TypeError: Cannot read property "date" from null (stock#38)
2024-05-04 09:57:34.297    INFO [Project-ASet-worker        ] -                 INFO: 프로젝트 ASet 컴파일 중...
2024-05-04 09:59:37.649    INFO [Project-eval-worker-3      ] -                 INFO: 프로젝트 eval 컴파일 중...
2024-05-04 10:04:08.358    INFO [Project-atten-worker-1     ] -                 INFO: 프로젝트 atten 컴파일 중...
2024-05-04 10:04:08.546    INFO [Project-admin-worker-1     ] -                 INFO: 프로젝트 admin 컴파일 중...
2024-05-04 10:04:09.069    INFO [Project-Normal-worker-2    ] -                 INFO: 프로젝트 Normal 컴파일 중...
2024-05-04 10:04:09.262    INFO [Project-chat_history-worker] -                 INFO: 프로젝트 chat_history 컴파일 중...
2024-05-04 10:04:09.403    INFO [Project-mention-worker-1   ] -                 INFO: 프로젝트 mention 컴파일 중...
2024-05-04 10:04:09.599    INFO [Project-eval-worker-1      ] -                 INFO: 프로젝트 eval 컴파일 중...
2024-05-04 10:04:09.829    INFO [Project-Me-worker-1        ] -                 INFO: 프로젝트 Me 컴파일 중...
2024-05-04 10:04:10.007    INFO [Project-Discord-worker-1   ] -                 INFO: 프로젝트 Discord 컴파일 중...
2024-05-04 10:04:10.216    INFO [Project-sign-up-worker-1   ] -                 INFO: 프로젝트 sign-up 컴파일 중...
2024-05-04 10:04:10.431    INFO [Project-reply-worker-1     ] -                 INFO: 프로젝트 reply 컴파일 중...
2024-05-04 10:04:10.787    INFO [Project-entrance-worker-1  ] -                 INFO: 프로젝트 entrance 컴파일 중...
2024-05-04 10:04:10.810    INFO [Project-stock-worker-1     ] -                 INFO: 프로젝트 stock 컴파일 중...
2024-05-04 10:04:11.096   ERROR [Project-stock-worker-1     ] -        Project-stock: ECOMF: org.mozilla.javascript.EcmaError: TypeError: Cannot read property "date" from null (stock#38)
2024-05-04 10:04:11.095   DEBUG [Project-stock-worker-1     ] -                DEBUG: [stock_m] delay: undefined
2024-05-04 10:04:11.106    INFO [Project-ASet-worker        ] -                 INFO: 프로젝트 ASet 컴파일 중...
2024-05-04 11:09:08.682    INFO [Project-atten-worker-2     ] -                 INFO: 프로젝트 atten 컴파일 중...
2024-05-04 11:09:08.848    INFO [Project-admin-worker-2     ] -                 INFO: 프로젝트 admin 컴파일 중...
2024-05-04 11:09:09.261    INFO [Project-Normal-worker-3    ] -                 INFO: 프로젝트 Normal 컴파일 중...
2024-05-04 11:09:09.415    INFO [Project-chat_history-worker] -                 INFO: 프로젝트 chat_history 컴파일 중...
2024-05-04 11:09:09.625    INFO [Project-mention-worker-2   ] -                 INFO: 프로젝트 mention 컴파일 중...
2024-05-04 11:09:09.930    INFO [Project-eval-worker-1      ] -                 INFO: 프로젝트 eval 컴파일 중...
2024-05-04 11:09:10.137    INFO [Project-Me-worker-2        ] -                 INFO: 프로젝트 Me 컴파일 중...
2024-05-04 11:09:10.317    INFO [Project-Discord-worker-2   ] -                 INFO: 프로젝트 Discord 컴파일 중...
2024-05-04 11:09:10.510    INFO [Project-sign-up-worker-2   ] -                 INFO: 프로젝트 sign-up 컴파일 중...
2024-05-04 11:09:10.743    INFO [Project-reply-worker-2     ] -                 INFO: 프로젝트 reply 컴파일 중...
2024-05-04 11:09:11.224    INFO [Project-entrance-worker-2  ] -                 INFO: 프로젝트 entrance 컴파일 중...
2024-05-04 11:09:11.245    INFO [Project-stock-worker-2     ] -                 INFO: 프로젝트 stock 컴파일 중...
2024-05-04 11:09:11.641   DEBUG [Project-stock-worker-2     ] -                DEBUG: [stock_m] delay: undefined
2024-05-04 11:09:11.644   ERROR [Project-stock-worker-2     ] -        Project-stock: ECOMF: org.mozilla.javascript.EcmaError: TypeError: Cannot read property "date" from null (stock#38)
2024-05-04 11:09:11.649    INFO [Project-ASet-worker        ] -                 INFO: 프로젝트 ASet 컴파일 중...
2024-05-04 11:09:47.888    INFO [Project-atten-worker-1     ] -                 INFO: 프로젝트 atten 컴파일 중...
2024-05-04 11:09:48.135    INFO [Project-admin-worker-1     ] -                 INFO: 프로젝트 admin 컴파일 중...
2024-05-04 11:09:48.523    INFO [Project-Normal-worker-3    ] -                 INFO: 프로젝트 Normal 컴파일 중...
2024-05-04 11:09:48.683    INFO [Project-chat_history-worker] -                 INFO: 프로젝트 chat_history 컴파일 중...
2024-05-04 11:09:48.850    INFO [Project-mention-worker-1   ] -                 INFO: 프로젝트 mention 컴파일 중...
2024-05-04 11:09:49.087    INFO [Project-eval-worker-2      ] -                 INFO: 프로젝트 eval 컴파일 중...
2024-05-04 11:09:49.313    INFO [Project-Me-worker-1        ] -                 INFO: 프로젝트 Me 컴파일 중...
2024-05-04 11:09:49.483    INFO [Project-Discord-worker-1   ] -                 INFO: 프로젝트 Discord 컴파일 중...
2024-05-04 11:09:49.639    INFO [Project-sign-up-worker-1   ] -                 INFO: 프로젝트 sign-up 컴파일 중...
2024-05-04 11:09:49.824    INFO [Project-reply-worker-1     ] -                 INFO: 프로젝트 reply 컴파일 중...
2024-05-04 11:09:50.360    INFO [Project-entrance-worker-1  ] -                 INFO: 프로젝트 entrance 컴파일 중...
2024-05-04 11:09:50.390    INFO [Project-stock-worker-1     ] -                 INFO: 프로젝트 stock 컴파일 중...
2024-05-04 11:09:50.643   DEBUG [Project-stock-worker-1     ] -                DEBUG: [stock_m] delay: undefined
2024-05-04 11:09:50.644   ERROR [Project-stock-worker-1     ] -        Project-stock: ECOMF: org.mozilla.javascript.EcmaError: TypeError: Cannot read property "date" from null (stock#38)
2024-05-04 11:09:50.647    INFO [Project-ASet-worker        ] -                 INFO: 프로젝트 ASet 컴파일 중...
