2024-05-04 12:24:05.685    INFO [main                       ] -    GlobalApplication: 포그라운드 서비스 등록 성공!
2024-05-04 12:24:05.687    INFO [DefaultDispatcher-worker-1 ] -   ApplicationSession: 카카오톡 버전: 10.7.2
2024-05-04 12:24:05.688   DEBUG [DefaultDispatcher-worker-1 ] -   ApplicationSession: Initializing with locale KOREAN
2024-05-04 12:24:05.693    WARN [DefaultDispatcher-worker-1 ] -         PluginLoader: res/raw 경로는 더 이상 사용되지 않습니다. assets 경로를 사용하세요.
2024-05-04 12:24:05.697   DEBUG [main                       ] - NotificationListener: Listener connected
2024-05-04 12:24:05.698    WARN [DefaultDispatcher-worker-1 ] -         PluginLoader: res/raw 경로는 더 이상 사용되지 않습니다. assets 경로를 사용하세요.
2024-05-04 12:24:05.724   DEBUG [DefaultDispatcher-worker-1 ] -            AwtPlugin: Testing awt class loading, color = java.awt.Color[r=0,g=0,b=0]
2024-05-04 12:24:05.834   DEBUG [DefaultDispatcher-worker-1 ] -           ApiManager: Discord Api 등록 성공
2024-05-04 12:24:05.840   DEBUG [DefaultDispatcher-worker-1 ] -        DiscordPlugin: Starting discord client with intent: MESSAGE_CONTENT, DIRECT_MESSAGES, GUILD_MESSAGES, GUILD_MEMBERS
2024-05-04 12:24:08.015    INFO [DefaultDispatcher-worker-7 ] -       SplashActivity: 기본 라이브러리 로드중…
2024-05-04 12:24:08.014    INFO [DefaultDispatcher-worker-1 ] -        DiscordPlugin: 디스코드 클라이언트 시작 성공! [디코서버 도우미]Eric#0937 로 로그인했어요.
2024-05-04 12:24:08.037   DEBUG [DefaultDispatcher-worker-1 ] -           ApiManager: LanguageManager Api 등록 성공
2024-05-04 12:24:08.037   DEBUG [DefaultDispatcher-worker-1 ] -           ApiManager: ProjectManager Api 등록 성공
2024-05-04 12:24:08.037   DEBUG [DefaultDispatcher-worker-1 ] -           ApiManager: Log Api 등록 성공
2024-05-04 12:24:08.037   DEBUG [DefaultDispatcher-worker-1 ] -           ApiManager: PluginManager Api 등록 성공
2024-05-04 12:24:08.037   DEBUG [DefaultDispatcher-worker-1 ] -           ApiManager: Notification Api 등록 성공
2024-05-04 12:24:08.037   DEBUG [DefaultDispatcher-worker-1 ] -           ApiManager: Env Api 등록 성공
2024-05-04 12:24:08.037   DEBUG [DefaultDispatcher-worker-1 ] -           ApiManager: Java Api 등록 성공
2024-05-04 12:24:08.037   DEBUG [DefaultDispatcher-worker-1 ] -           ApiManager: EventEmitter Api 등록 성공
2024-05-04 12:24:08.037   DEBUG [DefaultDispatcher-worker-1 ] -           ApiManager: Utils Api 등록 성공
2024-05-04 12:24:08.038   DEBUG [DefaultDispatcher-worker-1 ] -           ApiManager: Api Api 등록 성공
2024-05-04 12:24:08.038   DEBUG [DefaultDispatcher-worker-1 ] -           ApiManager: Bridge Api 등록 성공
2024-05-04 12:24:08.038   DEBUG [DefaultDispatcher-worker-1 ] -           ApiManager: FileStream Api 등록 성공
2024-05-04 12:24:08.038   DEBUG [DefaultDispatcher-worker-1 ] -           ApiManager: DataBase Api 등록 성공
2024-05-04 12:24:08.038   DEBUG [DefaultDispatcher-worker-1 ] -           ApiManager: Device Api 등록 성공
2024-05-04 12:24:08.038   DEBUG [DefaultDispatcher-worker-1 ] -           ApiManager: App Api 등록 성공
2024-05-04 12:24:08.038   DEBUG [DefaultDispatcher-worker-1 ] -           ApiManager: Broadcast Api 등록 성공
2024-05-04 12:24:08.041    INFO [DefaultDispatcher-worker-7 ] -       SplashActivity: 프로젝트 로드중…
2024-05-04 12:24:08.191    INFO [Project-eval-worker-1      ] -                 INFO: 프로젝트 eval 컴파일 중...
2024-05-04 12:24:08.443    INFO [Project-Normal-worker-1    ] -                 INFO: 프로젝트 Normal 컴파일 중...
2024-05-04 12:24:08.658    INFO [DefaultDispatcher-worker-1 ] -               System: | Project ✦ StarLight |
Running PluginCore v0.2.0
2024-05-04 13:05:48.803    INFO [Project-atten-worker-1     ] -                 INFO: 프로젝트 atten 컴파일 중...
2024-05-04 13:05:49.057    INFO [Project-admin-worker-1     ] -                 INFO: 프로젝트 admin 컴파일 중...
2024-05-04 13:05:49.417    INFO [Project-Normal-worker-1    ] -                 INFO: 프로젝트 Normal 컴파일 중...
2024-05-04 13:05:49.614    INFO [Project-chat_history-worker] -                 INFO: 프로젝트 chat_history 컴파일 중...
2024-05-04 13:05:49.794    INFO [Project-mention-worker-1   ] -                 INFO: 프로젝트 mention 컴파일 중...
2024-05-04 13:05:50.039    INFO [Project-eval-worker-3      ] -                 INFO: 프로젝트 eval 컴파일 중...
2024-05-04 13:05:50.302    INFO [Project-Me-worker-1        ] -                 INFO: 프로젝트 Me 컴파일 중...
2024-05-04 13:05:50.530    INFO [Project-Discord-worker-1   ] -                 INFO: 프로젝트 Discord 컴파일 중...
2024-05-04 13:05:50.820    INFO [Project-sign-up-worker-1   ] -                 INFO: 프로젝트 sign-up 컴파일 중...
2024-05-04 13:05:51.046    INFO [Project-reply-worker-1     ] -                 INFO: 프로젝트 reply 컴파일 중...
2024-05-04 13:05:51.530    INFO [Project-entrance-worker-1  ] -                 INFO: 프로젝트 entrance 컴파일 중...
2024-05-04 13:05:51.568    INFO [Project-stock-worker-1     ] -                 INFO: 프로젝트 stock 컴파일 중...
2024-05-04 13:05:51.832   DEBUG [Project-stock-worker-1     ] -                DEBUG: [stock_m] delay: undefined
2024-05-04 13:05:51.833   ERROR [Project-stock-worker-1     ] -        Project-stock: ECOMF: org.mozilla.javascript.EcmaError: TypeError: Cannot read property "date" from null (stock#38)
2024-05-04 13:05:51.846    INFO [Project-ASet-worker        ] -                 INFO: 프로젝트 ASet 컴파일 중...
2024-05-04 13:09:38.650    INFO [Project-atten-worker-1     ] -                 INFO: 프로젝트 atten 컴파일 중...
2024-05-04 13:09:38.858    INFO [Project-admin-worker-1     ] -                 INFO: 프로젝트 admin 컴파일 중...
2024-05-04 13:09:39.235    INFO [Project-Normal-worker-3    ] -                 INFO: 프로젝트 Normal 컴파일 중...
2024-05-04 13:09:39.355    INFO [Project-chat_history-worker] -                 INFO: 프로젝트 chat_history 컴파일 중...
2024-05-04 13:09:39.479    INFO [Project-mention-worker-1   ] -                 INFO: 프로젝트 mention 컴파일 중...
2024-05-04 13:09:39.665    INFO [Project-eval-worker-1      ] -                 INFO: 프로젝트 eval 컴파일 중...
2024-05-04 13:09:39.981    INFO [Project-Me-worker-1        ] -                 INFO: 프로젝트 Me 컴파일 중...
2024-05-04 13:09:40.128    INFO [Project-Discord-worker-1   ] -                 INFO: 프로젝트 Discord 컴파일 중...
2024-05-04 13:09:40.234    INFO [Project-sign-up-worker-1   ] -                 INFO: 프로젝트 sign-up 컴파일 중...
2024-05-04 13:09:40.438    INFO [Project-reply-worker-1     ] -                 INFO: 프로젝트 reply 컴파일 중...
2024-05-04 13:09:40.834    INFO [Project-entrance-worker-1  ] -                 INFO: 프로젝트 entrance 컴파일 중...
2024-05-04 13:09:40.859    INFO [Project-stock-worker-1     ] -                 INFO: 프로젝트 stock 컴파일 중...
2024-05-04 13:09:41.193   DEBUG [Project-stock-worker-1     ] -                DEBUG: [stock_m] delay: undefined
2024-05-04 13:09:41.193   ERROR [Project-stock-worker-1     ] -        Project-stock: ECOMF: org.mozilla.javascript.EcmaError: TypeError: Cannot read property "date" from null (stock#38)
2024-05-04 13:09:41.198    INFO [Project-ASet-worker        ] -                 INFO: 프로젝트 ASet 컴파일 중...
2024-05-06 14:33:49.658    INFO [Project-atten-worker-2     ] -                 INFO: 프로젝트 atten 컴파일 중...
2024-05-06 14:33:49.913    INFO [Project-admin-worker-2     ] -                 INFO: 프로젝트 admin 컴파일 중...
2024-05-06 14:33:50.271    INFO [Project-Normal-worker-2    ] -                 INFO: 프로젝트 Normal 컴파일 중...
2024-05-06 14:33:50.419    INFO [Project-chat_history-worker] -                 INFO: 프로젝트 chat_history 컴파일 중...
2024-05-06 14:33:50.579    INFO [Project-mention-worker-2   ] -                 INFO: 프로젝트 mention 컴파일 중...
2024-05-06 14:33:50.778    INFO [Project-eval-worker-2      ] -                 INFO: 프로젝트 eval 컴파일 중...
2024-05-06 14:33:51.044    INFO [Project-Me-worker-2        ] -                 INFO: 프로젝트 Me 컴파일 중...
2024-05-06 14:33:51.267    INFO [Project-Discord-worker-2   ] -                 INFO: 프로젝트 Discord 컴파일 중...
2024-05-06 14:33:51.460    INFO [Project-sign-up-worker-2   ] -                 INFO: 프로젝트 sign-up 컴파일 중...
2024-05-06 14:33:51.717    INFO [Project-reply-worker-2     ] -                 INFO: 프로젝트 reply 컴파일 중...
2024-05-06 14:33:52.081    INFO [Project-entrance-worker-2  ] -                 INFO: 프로젝트 entrance 컴파일 중...
2024-05-06 14:33:52.116    INFO [Project-stock-worker-2     ] -                 INFO: 프로젝트 stock 컴파일 중...
2024-05-06 14:33:52.494   DEBUG [Project-stock-worker-2     ] -                DEBUG: [stock_m] delay: undefined
2024-05-06 14:33:52.496   ERROR [Project-stock-worker-2     ] -        Project-stock: ECOMF: org.mozilla.javascript.EcmaError: TypeError: Cannot read property "date" from null (stock#38)
2024-05-06 14:33:52.513    INFO [Project-ASet-worker        ] -                 INFO: 프로젝트 ASet 컴파일 중...
2024-05-06 14:37:11.829    INFO [Project-atten-worker-1     ] -                 INFO: 프로젝트 atten 컴파일 중...
2024-05-06 14:37:12.115    INFO [Project-admin-worker-1     ] -                 INFO: 프로젝트 admin 컴파일 중...
2024-05-06 14:37:12.477    INFO [Project-Normal-worker-2    ] -                 INFO: 프로젝트 Normal 컴파일 중...
2024-05-06 14:37:12.645    INFO [Project-chat_history-worker] -                 INFO: 프로젝트 chat_history 컴파일 중...
2024-05-06 14:37:12.777    INFO [Project-mention-worker-1   ] -                 INFO: 프로젝트 mention 컴파일 중...
2024-05-06 14:37:12.958    INFO [Project-eval-worker-1      ] -                 INFO: 프로젝트 eval 컴파일 중...
2024-05-06 14:37:13.190    INFO [Project-Me-worker-1        ] -                 INFO: 프로젝트 Me 컴파일 중...
2024-05-06 14:37:13.508    INFO [Project-Discord-worker-1   ] -                 INFO: 프로젝트 Discord 컴파일 중...
2024-05-06 14:37:13.676    INFO [Project-sign-up-worker-1   ] -                 INFO: 프로젝트 sign-up 컴파일 중...
2024-05-06 14:37:13.825    INFO [Project-reply-worker-1     ] -                 INFO: 프로젝트 reply 컴파일 중...
2024-05-06 14:37:14.239    INFO [Project-entrance-worker-1  ] -                 INFO: 프로젝트 entrance 컴파일 중...
2024-05-06 14:37:14.268    INFO [Project-stock-worker-1     ] -                 INFO: 프로젝트 stock 컴파일 중...
2024-05-06 14:37:14.585   DEBUG [Project-stock-worker-1     ] -                DEBUG: [stock_m] delay: undefined
2024-05-06 14:37:14.585   ERROR [Project-stock-worker-1     ] -        Project-stock: ECOMF: org.mozilla.javascript.EcmaError: TypeError: Cannot read property "date" from null (stock#38)
2024-05-06 14:37:14.593    INFO [Project-ASet-worker        ] -                 INFO: 프로젝트 ASet 컴파일 중...
2024-05-06 14:52:23.547    INFO [Project-atten-worker-3     ] -                 INFO: 프로젝트 atten 컴파일 중...
2024-05-06 14:52:23.806    INFO [Project-admin-worker-3     ] -                 INFO: 프로젝트 admin 컴파일 중...
2024-05-06 14:52:24.173    INFO [Project-Normal-worker-3    ] -                 INFO: 프로젝트 Normal 컴파일 중...
2024-05-06 14:52:24.350    INFO [Project-chat_history-worker] -                 INFO: 프로젝트 chat_history 컴파일 중...
2024-05-06 14:52:24.496    INFO [Project-mention-worker-3   ] -                 INFO: 프로젝트 mention 컴파일 중...
2024-05-06 14:52:24.699    INFO [Project-eval-worker-2      ] -                 INFO: 프로젝트 eval 컴파일 중...
2024-05-06 14:52:25.106    INFO [Project-Me-worker-3        ] -                 INFO: 프로젝트 Me 컴파일 중...
2024-05-06 14:52:25.334    INFO [Project-Discord-worker-3   ] -                 INFO: 프로젝트 Discord 컴파일 중...
2024-05-06 14:52:25.511    INFO [Project-sign-up-worker-3   ] -                 INFO: 프로젝트 sign-up 컴파일 중...
2024-05-06 14:52:25.727    INFO [Project-reply-worker-3     ] -                 INFO: 프로젝트 reply 컴파일 중...
2024-05-06 14:52:26.176    INFO [Project-entrance-worker-3  ] -                 INFO: 프로젝트 entrance 컴파일 중...
2024-05-06 14:52:26.210    INFO [Project-stock-worker-3     ] -                 INFO: 프로젝트 stock 컴파일 중...
2024-05-06 14:52:26.698   DEBUG [Project-stock-worker-3     ] -                DEBUG: [stock_m] delay: undefined
2024-05-06 14:52:26.702   ERROR [Project-stock-worker-3     ] -        Project-stock: ECOMF: org.mozilla.javascript.EcmaError: TypeError: Cannot read property "date" from null (stock#38)
2024-05-06 14:52:26.709    INFO [Project-ASet-worker        ] -                 INFO: 프로젝트 ASet 컴파일 중...
2024-05-06 16:41:35.044    INFO [Project-atten-worker-2     ] -                 INFO: 프로젝트 atten 컴파일 중...
2024-05-06 16:41:35.205    INFO [Project-admin-worker-2     ] -                 INFO: 프로젝트 admin 컴파일 중...
2024-05-06 16:41:35.600    INFO [Project-Normal-worker-2    ] -                 INFO: 프로젝트 Normal 컴파일 중...
2024-05-06 16:41:35.748    INFO [Project-chat_history-worker] -                 INFO: 프로젝트 chat_history 컴파일 중...
2024-05-06 16:41:35.851    INFO [Project-mention-worker-2   ] -                 INFO: 프로젝트 mention 컴파일 중...
2024-05-06 16:41:36.002    INFO [Project-eval-worker-3      ] -                 INFO: 프로젝트 eval 컴파일 중...
2024-05-06 16:41:36.250    INFO [Project-Me-worker-2        ] -                 INFO: 프로젝트 Me 컴파일 중...
2024-05-06 16:41:36.390    INFO [Project-Discord-worker-2   ] -                 INFO: 프로젝트 Discord 컴파일 중...
2024-05-06 16:41:36.519    INFO [Project-sign-up-worker-2   ] -                 INFO: 프로젝트 sign-up 컴파일 중...
2024-05-06 16:41:36.939    INFO [Project-reply-worker-2     ] -                 INFO: 프로젝트 reply 컴파일 중...
2024-05-06 16:41:37.312    INFO [Project-entrance-worker-2  ] -                 INFO: 프로젝트 entrance 컴파일 중...
2024-05-06 16:41:37.346    INFO [Project-stock-worker-2     ] -                 INFO: 프로젝트 stock 컴파일 중...
2024-05-06 16:41:37.673   DEBUG [Project-stock-worker-2     ] -                DEBUG: [stock_m] delay: undefined
2024-05-06 16:41:37.675   ERROR [Project-stock-worker-2     ] -        Project-stock: ECOMF: org.mozilla.javascript.EcmaError: TypeError: Cannot read property "date" from null (stock#38)
2024-05-06 16:41:37.683    INFO [Project-ASet-worker        ] -                 INFO: 프로젝트 ASet 컴파일 중...
2024-05-06 16:48:03.902    INFO [Project-atten-worker-1     ] -                 INFO: 프로젝트 atten 컴파일 중...
2024-05-06 16:48:04.127    INFO [Project-admin-worker-1     ] -                 INFO: 프로젝트 admin 컴파일 중...
2024-05-06 16:48:04.718    INFO [Project-Normal-worker-2    ] -                 INFO: 프로젝트 Normal 컴파일 중...
2024-05-06 16:48:04.900    INFO [Project-chat_history-worker] -                 INFO: 프로젝트 chat_history 컴파일 중...
2024-05-06 16:48:05.037    INFO [Project-mention-worker-1   ] -                 INFO: 프로젝트 mention 컴파일 중...
2024-05-06 16:48:05.286    INFO [Project-eval-worker-1      ] -                 INFO: 프로젝트 eval 컴파일 중...
2024-05-06 16:48:05.613    INFO [Project-Me-worker-1        ] -                 INFO: 프로젝트 Me 컴파일 중...
2024-05-06 16:48:05.947    INFO [Project-Discord-worker-1   ] -                 INFO: 프로젝트 Discord 컴파일 중...
2024-05-06 16:48:06.251    INFO [Project-sign-up-worker-1   ] -                 INFO: 프로젝트 sign-up 컴파일 중...
2024-05-06 16:48:06.477    INFO [Project-reply-worker-1     ] -                 INFO: 프로젝트 reply 컴파일 중...
2024-05-06 16:48:06.847    INFO [Project-entrance-worker-1  ] -                 INFO: 프로젝트 entrance 컴파일 중...
2024-05-06 16:48:06.878    INFO [Project-stock-worker-1     ] -                 INFO: 프로젝트 stock 컴파일 중...
2024-05-06 16:48:07.211   DEBUG [Project-stock-worker-1     ] -                DEBUG: [stock_m] delay: undefined
2024-05-06 16:48:07.212   ERROR [Project-stock-worker-1     ] -        Project-stock: ECOMF: org.mozilla.javascript.EcmaError: TypeError: Cannot read property "date" from null (stock#38)
2024-05-06 16:48:07.219    INFO [Project-ASet-worker        ] -                 INFO: 프로젝트 ASet 컴파일 중...
2024-05-10 20:21:33.680    INFO [Project-atten-worker-3     ] -                 INFO: 프로젝트 atten 컴파일 중...
2024-05-10 20:21:33.899    INFO [Project-admin-worker-3     ] -                 INFO: 프로젝트 admin 컴파일 중...
2024-05-10 20:21:34.312    INFO [Project-Normal-worker-1    ] -                 INFO: 프로젝트 Normal 컴파일 중...
2024-05-10 20:21:34.464    INFO [Project-chat_history-worker] -                 INFO: 프로젝트 chat_history 컴파일 중...
2024-05-10 20:21:34.662    INFO [Project-mention-worker-3   ] -                 INFO: 프로젝트 mention 컴파일 중...
2024-05-10 20:21:34.925    INFO [Project-eval-worker-2      ] -                 INFO: 프로젝트 eval 컴파일 중...
2024-05-10 20:21:35.172    INFO [Project-Me-worker-3        ] -                 INFO: 프로젝트 Me 컴파일 중...
2024-05-10 20:21:35.397    INFO [Project-Discord-worker-3   ] -                 INFO: 프로젝트 Discord 컴파일 중...
2024-05-10 20:21:35.606    INFO [Project-sign-up-worker-3   ] -                 INFO: 프로젝트 sign-up 컴파일 중...
2024-05-10 20:21:35.875    INFO [Project-reply-worker-3     ] -                 INFO: 프로젝트 reply 컴파일 중...
2024-05-10 20:21:36.345    INFO [Project-entrance-worker-3  ] -                 INFO: 프로젝트 entrance 컴파일 중...
2024-05-10 20:21:36.369    INFO [Project-stock-worker-3     ] -                 INFO: 프로젝트 stock 컴파일 중...
2024-05-10 20:21:36.655   DEBUG [Project-stock-worker-3     ] -                DEBUG: [stock_m] delay: undefined
2024-05-10 20:21:36.656   ERROR [Project-stock-worker-3     ] -        Project-stock: ECOMF: org.mozilla.javascript.EcmaError: TypeError: Cannot read property "date" from null (stock#38)
2024-05-10 20:21:36.665    INFO [Project-ASet-worker        ] -                 INFO: 프로젝트 ASet 컴파일 중...
2024-05-10 20:27:46.235    INFO [Project-atten-worker-2     ] -                 INFO: 프로젝트 atten 컴파일 중...
2024-05-10 20:27:46.564    INFO [Project-admin-worker-2     ] -                 INFO: 프로젝트 admin 컴파일 중...
2024-05-10 20:27:46.965    INFO [Project-Normal-worker-3    ] -                 INFO: 프로젝트 Normal 컴파일 중...
2024-05-10 20:27:47.238    INFO [Project-chat_history-worker] -                 INFO: 프로젝트 chat_history 컴파일 중...
2024-05-10 20:27:47.490    INFO [Project-mention-worker-2   ] -                 INFO: 프로젝트 mention 컴파일 중...
2024-05-10 20:27:47.786    INFO [Project-eval-worker-1      ] -                 INFO: 프로젝트 eval 컴파일 중...
2024-05-10 20:27:48.099    INFO [Project-Me-worker-2        ] -                 INFO: 프로젝트 Me 컴파일 중...
2024-05-10 20:27:48.226    INFO [Project-Discord-worker-2   ] -                 INFO: 프로젝트 Discord 컴파일 중...
2024-05-10 20:27:48.488    INFO [Project-sign-up-worker-2   ] -                 INFO: 프로젝트 sign-up 컴파일 중...
2024-05-10 20:27:48.723    INFO [Project-reply-worker-2     ] -                 INFO: 프로젝트 reply 컴파일 중...
2024-05-10 20:27:49.261    INFO [Project-entrance-worker-2  ] -                 INFO: 프로젝트 entrance 컴파일 중...
2024-05-10 20:27:49.289    INFO [Project-stock-worker-2     ] -                 INFO: 프로젝트 stock 컴파일 중...
2024-05-10 20:27:49.552   DEBUG [Project-stock-worker-2     ] -                DEBUG: [stock_m] delay: undefined
2024-05-10 20:27:49.553   ERROR [Project-stock-worker-2     ] -        Project-stock: ECOMF: org.mozilla.javascript.EcmaError: TypeError: Cannot read property "date" from null (stock#38)
2024-05-10 20:27:49.560    INFO [Project-ASet-worker        ] -                 INFO: 프로젝트 ASet 컴파일 중...
