2024-04-11 21:52:58.083    INFO [main                       ] -    GlobalApplication: 포그라운드 서비스 등록 성공!
2024-04-11 21:52:58.085    INFO [DefaultDispatcher-worker-2 ] -   ApplicationSession: 카카오톡 버전: 10.6.1
2024-04-11 21:52:58.085   DEBUG [DefaultDispatcher-worker-2 ] -   ApplicationSession: Initializing with locale KOREAN
2024-04-11 21:52:58.094    WARN [DefaultDispatcher-worker-2 ] -         PluginLoader: res/raw 경로는 더 이상 사용되지 않습니다. assets 경로를 사용하세요.
2024-04-11 21:52:58.101    WARN [DefaultDispatcher-worker-2 ] -         PluginLoader: res/raw 경로는 더 이상 사용되지 않습니다. assets 경로를 사용하세요.
2024-04-11 21:52:58.129   DEBUG [DefaultDispatcher-worker-2 ] -            AwtPlugin: Testing awt class loading, color = java.awt.Color[r=0,g=0,b=0]
2024-04-11 21:52:58.205   DEBUG [main                       ] - NotificationListener: Listener connected
2024-04-11 21:52:58.205   DEBUG [main                       ] - NotificationListener: Listener connected
2024-04-11 21:52:58.260   DEBUG [DefaultDispatcher-worker-2 ] -           ApiManager: Discord Api 등록 성공
2024-04-11 21:52:58.268   DEBUG [DefaultDispatcher-worker-2 ] -        DiscordPlugin: Starting discord client with intent: MESSAGE_CONTENT, DIRECT_MESSAGES, GUILD_MESSAGES, GUILD_MEMBERS
2024-04-11 21:53:00.685    INFO [DefaultDispatcher-worker-2 ] -        DiscordPlugin: 디스코드 클라이언트 시작 성공! [디코서버 도우미]Eric#0937 로 로그인했어요.
2024-04-11 21:53:00.685    INFO [DefaultDispatcher-worker-8 ] -       SplashActivity: 기본 라이브러리 로드중…
2024-04-11 21:53:00.701   DEBUG [DefaultDispatcher-worker-2 ] -           ApiManager: LanguageManager Api 등록 성공
2024-04-11 21:53:00.702   DEBUG [DefaultDispatcher-worker-2 ] -           ApiManager: Log Api 등록 성공
2024-04-11 21:53:00.702   DEBUG [DefaultDispatcher-worker-2 ] -           ApiManager: PluginManager Api 등록 성공
2024-04-11 21:53:00.702   DEBUG [DefaultDispatcher-worker-2 ] -           ApiManager: ProjectManager Api 등록 성공
2024-04-11 21:53:00.702   DEBUG [DefaultDispatcher-worker-2 ] -           ApiManager: Notification Api 등록 성공
2024-04-11 21:53:00.702   DEBUG [DefaultDispatcher-worker-2 ] -           ApiManager: Java Api 등록 성공
2024-04-11 21:53:00.702   DEBUG [DefaultDispatcher-worker-2 ] -           ApiManager: EventEmitter Api 등록 성공
2024-04-11 21:53:00.702   DEBUG [DefaultDispatcher-worker-2 ] -           ApiManager: Env Api 등록 성공
2024-04-11 21:53:00.703   DEBUG [DefaultDispatcher-worker-2 ] -           ApiManager: Bridge Api 등록 성공
2024-04-11 21:53:00.703   DEBUG [DefaultDispatcher-worker-2 ] -           ApiManager: FileStream Api 등록 성공
2024-04-11 21:53:00.702   DEBUG [DefaultDispatcher-worker-2 ] -           ApiManager: Api Api 등록 성공
2024-04-11 21:53:00.703   DEBUG [DefaultDispatcher-worker-2 ] -           ApiManager: DataBase Api 등록 성공
2024-04-11 21:53:00.703   DEBUG [DefaultDispatcher-worker-2 ] -           ApiManager: Device Api 등록 성공
2024-04-11 21:53:00.703   DEBUG [DefaultDispatcher-worker-2 ] -           ApiManager: Broadcast Api 등록 성공
2024-04-11 21:53:00.703   DEBUG [DefaultDispatcher-worker-2 ] -           ApiManager: App Api 등록 성공
2024-04-11 21:53:00.702   DEBUG [DefaultDispatcher-worker-2 ] -           ApiManager: Utils Api 등록 성공
2024-04-11 21:53:00.706    INFO [DefaultDispatcher-worker-4 ] -       SplashActivity: 프로젝트 로드중…
2024-04-11 21:53:00.759    INFO [Project-User-worker-1      ] -                 INFO: 프로젝트 User 컴파일 중...
2024-04-11 21:53:00.792    INFO [Project-atten-worker-1     ] -                 INFO: 프로젝트 atten 컴파일 중...
2024-04-11 21:53:00.995    INFO [Project-admin-worker-1     ] -                 INFO: 프로젝트 admin 컴파일 중...
2024-04-11 21:53:01.461    INFO [Project-Normal-worker-1    ] -                 INFO: 프로젝트 Normal 컴파일 중...
2024-04-11 21:53:01.605    INFO [Project-chat_history-worker] -                 INFO: 프로젝트 chat_history 컴파일 중...
2024-04-11 21:53:01.815    INFO [Project-mention-worker-1   ] -                 INFO: 프로젝트 mention 컴파일 중...
2024-04-11 21:53:02.033    INFO [Project-eval-worker-1      ] -                 INFO: 프로젝트 eval 컴파일 중...
2024-04-11 21:53:02.367    INFO [Project-Me-worker-1        ] -                 INFO: 프로젝트 Me 컴파일 중...
2024-04-11 21:53:02.553    INFO [Project-Discord-worker-1   ] -                 INFO: 프로젝트 Discord 컴파일 중...
2024-04-11 21:53:02.773    INFO [Project-sign-up-worker-1   ] -                 INFO: 프로젝트 sign-up 컴파일 중...
2024-04-11 21:53:02.938    INFO [Project-reply-worker-1     ] -                 INFO: 프로젝트 reply 컴파일 중...
2024-04-11 21:53:03.526    INFO [Project-entrance-worker-1  ] -                 INFO: 프로젝트 entrance 컴파일 중...
2024-04-11 21:53:03.541    INFO [Project-stock-worker-1     ] -                 INFO: 프로젝트 stock 컴파일 중...
2024-04-11 21:53:04.126   DEBUG [Project-stock-worker-1     ] -                DEBUG: [stock_m] delay: undefined
2024-04-11 21:53:04.142    INFO [Project-ASet-worker        ] -                 INFO: 프로젝트 ASet 컴파일 중...
2024-04-11 21:53:04.504    INFO [DefaultDispatcher-worker-2 ] -               System: | Project ✦ StarLight |
Running PluginCore v0.2.0
2024-04-11 21:53:13.472    INFO [Project-ASet-worker        ] -                 INFO: ASet[Success]
2024-04-11 21:53:13.472    INFO [Project-ASet-worker        ] -                 INFO: ASet[Start] 대상 ID:T4OE4
2024-04-11 21:53:13.471    INFO [Project-ASet-worker        ] -                 INFO: ASet[Start] 대상 ID:DVHQB
2024-04-11 21:53:13.503    INFO [Project-User-worker-1      ] -                 INFO: 프로젝트 User 컴파일 중...
2024-04-11 21:53:13.551    INFO [Project-atten-worker-1     ] -                 INFO: 프로젝트 atten 컴파일 중...
2024-04-11 21:53:13.900    INFO [Project-admin-worker-1     ] -                 INFO: 프로젝트 admin 컴파일 중...
2024-04-11 21:53:14.633    INFO [Project-Normal-worker-1    ] -                 INFO: 프로젝트 Normal 컴파일 중...
2024-04-11 21:53:14.957    INFO [Project-chat_history-worker] -                 INFO: 프로젝트 chat_history 컴파일 중...
2024-04-11 21:53:15.147    INFO [Project-mention-worker-1   ] -                 INFO: 프로젝트 mention 컴파일 중...
2024-04-11 21:53:15.495    INFO [Project-eval-worker-1      ] -                 INFO: 프로젝트 eval 컴파일 중...
2024-04-11 21:53:15.789    INFO [Project-Me-worker-1        ] -                 INFO: 프로젝트 Me 컴파일 중...
2024-04-11 21:53:16.047    INFO [Project-Discord-worker-1   ] -                 INFO: 프로젝트 Discord 컴파일 중...
2024-04-11 21:53:16.284    INFO [Project-sign-up-worker-2   ] -                 INFO: 프로젝트 sign-up 컴파일 중...
2024-04-11 21:53:16.501    INFO [Project-reply-worker-1     ] -                 INFO: 프로젝트 reply 컴파일 중...
2024-04-11 21:53:17.012    INFO [Project-entrance-worker-2  ] -                 INFO: 프로젝트 entrance 컴파일 중...
2024-04-11 21:53:17.049    INFO [Project-stock-worker-2     ] -                 INFO: 프로젝트 stock 컴파일 중...
2024-04-11 21:53:17.714   DEBUG [Project-stock-worker-2     ] -                DEBUG: [stock_m] delay: undefined
2024-04-11 21:54:07.275    INFO [Project-User-worker-3      ] -                 INFO: 프로젝트 User 컴파일 중...
2024-04-11 21:54:07.309    INFO [Project-atten-worker-3     ] -                 INFO: 프로젝트 atten 컴파일 중...
2024-04-11 21:54:07.564    INFO [Project-admin-worker-2     ] -                 INFO: 프로젝트 admin 컴파일 중...
2024-04-11 21:54:08.055    INFO [Project-Normal-worker-1    ] -                 INFO: 프로젝트 Normal 컴파일 중...
2024-04-11 21:54:08.312    INFO [Project-chat_history-worker] -                 INFO: 프로젝트 chat_history 컴파일 중...
2024-04-11 21:54:08.484    INFO [Project-mention-worker-2   ] -                 INFO: 프로젝트 mention 컴파일 중...
2024-04-11 21:54:08.823    INFO [Project-eval-worker-2      ] -                 INFO: 프로젝트 eval 컴파일 중...
2024-04-11 21:54:09.322    INFO [Project-Me-worker-3        ] -                 INFO: 프로젝트 Me 컴파일 중...
2024-04-11 21:54:09.677    INFO [Project-Discord-worker-3   ] -                 INFO: 프로젝트 Discord 컴파일 중...
2024-04-11 21:54:09.837    INFO [Project-sign-up-worker-3   ] -                 INFO: 프로젝트 sign-up 컴파일 중...
2024-04-11 21:54:10.110    INFO [Project-reply-worker-2     ] -                 INFO: 프로젝트 reply 컴파일 중...
2024-04-11 21:54:10.691    INFO [Project-entrance-worker-3  ] -                 INFO: 프로젝트 entrance 컴파일 중...
2024-04-11 21:54:10.734    INFO [Project-stock-worker-3     ] -                 INFO: 프로젝트 stock 컴파일 중...
2024-04-11 21:54:11.141   DEBUG [Project-stock-worker-3     ] -                DEBUG: [stock_m] delay: undefined
2024-04-11 21:56:14.568    INFO [Project-User-worker-1      ] -                 INFO: 프로젝트 User 컴파일 중...
2024-04-11 21:56:14.793    INFO [Project-atten-worker-1     ] -                 INFO: 프로젝트 atten 컴파일 중...
2024-04-11 21:56:15.029    INFO [Project-admin-worker-1     ] -                 INFO: 프로젝트 admin 컴파일 중...
2024-04-11 21:56:15.587    INFO [Project-Normal-worker-2    ] -                 INFO: 프로젝트 Normal 컴파일 중...
2024-04-11 21:56:15.962    INFO [Project-chat_history-worker] -                 INFO: 프로젝트 chat_history 컴파일 중...
2024-04-11 21:56:16.131    INFO [Project-mention-worker-1   ] -                 INFO: 프로젝트 mention 컴파일 중...
2024-04-11 21:56:16.324    INFO [Project-eval-worker-1      ] -                 INFO: 프로젝트 eval 컴파일 중...
2024-04-11 21:56:16.643    INFO [Project-Me-worker-1        ] -                 INFO: 프로젝트 Me 컴파일 중...
2024-04-11 21:56:16.971    INFO [Project-Discord-worker-1   ] -                 INFO: 프로젝트 Discord 컴파일 중...
2024-04-11 21:56:17.146    INFO [Project-sign-up-worker-2   ] -                 INFO: 프로젝트 sign-up 컴파일 중...
2024-04-11 21:56:17.481    INFO [Project-reply-worker-1     ] -                 INFO: 프로젝트 reply 컴파일 중...
2024-04-11 21:56:18.055    INFO [Project-entrance-worker-2  ] -                 INFO: 프로젝트 entrance 컴파일 중...
2024-04-11 21:56:18.089    INFO [Project-stock-worker-2     ] -                 INFO: 프로젝트 stock 컴파일 중...
2024-04-11 21:56:18.476   DEBUG [Project-stock-worker-2     ] -                DEBUG: [stock_m] delay: undefined
2024-04-11 21:58:29.121    INFO [Project-User-worker-1      ] -                 INFO: 프로젝트 User 컴파일 중...
2024-04-11 21:58:29.155    INFO [Project-atten-worker-1     ] -                 INFO: 프로젝트 atten 컴파일 중...
2024-04-11 21:58:29.515    INFO [Project-admin-worker-1     ] -                 INFO: 프로젝트 admin 컴파일 중...
2024-04-11 21:58:30.181    INFO [Project-Normal-worker-2    ] -                 INFO: 프로젝트 Normal 컴파일 중...
2024-04-11 21:58:30.522    INFO [Project-chat_history-worker] -                 INFO: 프로젝트 chat_history 컴파일 중...
2024-04-11 21:58:30.730    INFO [Project-mention-worker-1   ] -                 INFO: 프로젝트 mention 컴파일 중...
2024-04-11 21:58:30.991    INFO [Project-eval-worker-1      ] -                 INFO: 프로젝트 eval 컴파일 중...
2024-04-11 21:58:31.367    INFO [Project-Me-worker-1        ] -                 INFO: 프로젝트 Me 컴파일 중...
2024-04-11 21:58:31.557    INFO [Project-Discord-worker-1   ] -                 INFO: 프로젝트 Discord 컴파일 중...
2024-04-11 21:58:31.804    INFO [Project-sign-up-worker-2   ] -                 INFO: 프로젝트 sign-up 컴파일 중...
2024-04-11 21:58:31.999    INFO [Project-reply-worker-1     ] -                 INFO: 프로젝트 reply 컴파일 중...
2024-04-11 21:58:32.559    INFO [Project-entrance-worker-2  ] -                 INFO: 프로젝트 entrance 컴파일 중...
2024-04-11 21:58:32.593    INFO [Project-stock-worker-1     ] -                 INFO: 프로젝트 stock 컴파일 중...
2024-04-11 21:58:33.112   DEBUG [Project-stock-worker-1     ] -                DEBUG: [stock_m] delay: undefined
2024-04-11 21:58:48.307    INFO [Project-stock-worker-2     ] -                 INFO: stock_m[data]
{
    "name": "CAPE",
    "coin": 150389,
    "data": {
        "TCSE": 0,
        "CAPE": 0
    },
    "number": 1
}
2024-04-14 10:33:50.170 CRITICA [main                       ] -   ApplicationSession: *** 치명적인 오류가 발생했습니다. 앱을 종료하는 중... ***
[버그 제보시 아래 메세지를 첨부해주세요.]
──────────
StarLight v0.2.1a-240209(build 3)
PluginCore v0.2.0
Build.VERSION.SDK_INT: 31
Build.DEVICE: d1x
thread  : main
message : Attempt to invoke virtual method 'boolean androidx.recyclerview.widget.RecyclerView$ViewHolder.shouldIgnore()' on a null object reference
cause   : null
┉┉┉┉┉┉┉┉┉┉
Stack Trace:
java.lang.NullPointerException: Attempt to invoke virtual method 'boolean androidx.recyclerview.widget.RecyclerView$ViewHolder.shouldIgnore()' on a null object reference
	at androidx.recyclerview.widget.RecyclerView.dispatchLayoutStep3(RecyclerView.java:4671)
	at androidx.recyclerview.widget.RecyclerView.dispatchLayout(RecyclerView.java:4367)
	at androidx.recyclerview.widget.RecyclerView.onLayout(RecyclerView.java:4919)
	at android.view.View.layout(View.java:24461)
	at android.view.ViewGroup.layout(ViewGroup.java:7412)
	at android.widget.FrameLayout.layoutChildren(FrameLayout.java:374)
	at android.widget.FrameLayout.onLayout(FrameLayout.java:312)
	at android.view.View.layout(View.java:24461)
	at android.view.ViewGroup.layout(ViewGroup.java:7412)
	at android.widget.LinearLayout.setChildFrame(LinearLayout.java:1829)
	at android.widget.LinearLayout.layoutVertical(LinearLayout.java:1673)
	at android.widget.LinearLayout.onLayout(LinearLayout.java:1582)
	at android.view.View.layout(View.java:24461)
	at android.view.ViewGroup.layout(ViewGroup.java:7412)
	at android.widget.FrameLayout.layoutChildren(FrameLayout.java:374)
	at android.widget.FrameLayout.onLayout(FrameLayout.java:312)
	at android.view.View.layout(View.java:24461)
	at android.view.ViewGroup.layout(ViewGroup.java:7412)
	at androidx.recyclerview.widget.RecyclerView$LayoutManager.layoutDecoratedWithMargins(RecyclerView.java:10407)
	at androidx.recyclerview.widget.LinearLayoutManager.layoutChunk(LinearLayoutManager.java:1720)
	at androidx.recyclerview.widget.LinearLayoutManager.fill(LinearLayoutManager.java:1622)
	at androidx.recyclerview.widget.LinearLayoutManager.onLayoutChildren(LinearLayoutManager.java:687)
	at androidx.recyclerview.widget.RecyclerView.dispatchLayoutStep2(RecyclerView.java:4645)
	at androidx.recyclerview.widget.RecyclerView.dispatchLayout(RecyclerView.java:4348)
	at androidx.recyclerview.widget.RecyclerView.onLayout(RecyclerView.java:4919)
	at android.view.View.layout(View.java:24461)
	at android.view.ViewGroup.layout(ViewGroup.java:7412)
	at androidx.viewpager2.widget.ViewPager2.onLayout(ViewPager2.java:535)
	at android.view.View.layout(View.java:24461)
	at android.view.ViewGroup.layout(ViewGroup.java:7412)
	at com.google.android.material.appbar.HeaderScrollingViewBehavior.layoutChild(HeaderScrollingViewBehavior.java:149)
	at com.google.android.material.appbar.ViewOffsetBehavior.onLayoutChild(ViewOffsetBehavior.java:43)
	at com.google.android.material.appbar.AppBarLayout$ScrollingViewBehavior.onLayoutChild(AppBarLayout.java:2376)
	at androidx.coordinatorlayout.widget.CoordinatorLayout.onLayout(CoordinatorLayout.java:918)
	at android.view.View.layout(View.java:24461)
	at android.view.ViewGroup.layout(ViewGroup.java:7412)
	at androidx.constraintlayout.widget.ConstraintLayout.onLayout(ConstraintLayout.java:1873)
	at android.view.View.layout(View.java:24461)
	at android.view.ViewGroup.layout(ViewGroup.java:7412)
	at android.widget.FrameLayout.layoutChildren(FrameLayout.java:374)
	at android.widget.FrameLayout.onLayout(FrameLayout.java:312)
	at android.view.View.layout(View.java:24461)
	at android.view.ViewGroup.layout(ViewGroup.java:7412)
	at android.widget.LinearLayout.setChildFrame(LinearLayout.java:1829)
	at android.widget.LinearLayout.layoutVertical(LinearLayout.java:1673)
	at android.widget.LinearLayout.onLayout(LinearLayout.java:1582)
	at android.view.View.layout(View.java:24461)
	at android.view.ViewGroup.layout(ViewGroup.java:7412)
	at android.widget.FrameLayout.layoutChildren(FrameLayout.java:374)
	at android.widget.FrameLayout.onLayout(FrameLayout.java:312)
	at android.view.View.layout(View.java:24461)
	at android.view.ViewGroup.layout(ViewGroup.java:7412)
	at android.widget.LinearLayout.setChildFrame(LinearLayout.java:1829)
	at android.widget.LinearLayout.layoutVertical(LinearLayout.java:1673)
	at android.widget.LinearLayout.onLayout(LinearLayout.java:1582)
	at android.view.View.layout(View.java:24461)
	at android.view.ViewGroup.layout(ViewGroup.java:7412)
	at android.widget.FrameLayout.layoutChildren(FrameLayout.java:374)
	at android.widget.FrameLayout.onLayout(FrameLayout.java:312)
	at com.android.internal.policy.DecorView.onLayout(DecorView.java:1331)
	at android.view.View.layout(View.java:24461)
	at android.view.ViewGroup.layout(ViewGroup.java:7412)
	at android.view.ViewRootImpl.performLayout(ViewRootImpl.java:4614)
	at android.view.ViewRootImpl.performTraversals(ViewRootImpl.java:4036)
	at android.view.ViewRootImpl.doTraversal(ViewRootImpl.java:2924)
	at android.view.ViewRootImpl$TraversalRunnable.run(ViewRootImpl.java:10513)
	at android.view.Choreographer$CallbackRecord.run(Choreographer.java:1108)
	at android.view.Choreographer.doCallbacks(Choreographer.java:866)
	at android.view.Choreographer.doFrame(Choreographer.java:797)
	at android.view.Choreographer$FrameDisplayEventReceiver.run(Choreographer.java:1092)
	at android.os.Handler.handleCallback(Handler.java:938)
	at android.os.Handler.dispatchMessage(Handler.java:99)
	at android.os.Looper.loopOnce(Looper.java:226)
	at android.os.Looper.loop(Looper.java:313)
	at android.app.ActivityThread.main(ActivityThread.java:8751)
	at java.lang.reflect.Method.invoke(Native Method)
	at com.android.internal.os.RuntimeInit$MethodAndArgsCaller.run(RuntimeInit.java:571)
	at com.android.internal.os.ZygoteInit.main(ZygoteInit.java:1135)

──────────
2024-04-14 10:33:50.188   DEBUG [main                       ] -        DiscordPlugin: 디스코드 클라이언트 로그아웃중...
2024-04-14 10:33:50.407   DEBUG [main                       ] -            JobLocker: 부모 Project-Normal-worker 의 모든 작업 release 완료
2024-04-14 10:33:50.420   DEBUG [main                       ] -            JobLocker: 부모 Project-stock-worker 의 모든 작업 release 완료
2024-04-14 10:33:50.421   DEBUG [main                       ] -            JobLocker: 부모 Project-ASet-worker 의 모든 작업 release 완료
