2024-03-09 13:43:05.849    INFO [main                       ] -    GlobalApplication: 포그라운드 서비스 등록 성공!
2024-03-09 13:43:05.853   DEBUG [DefaultDispatcher-worker-3 ] -   ApplicationSession: Initializing with locale KOREAN
2024-03-09 13:43:05.851    INFO [DefaultDispatcher-worker-3 ] -   ApplicationSession: 카카오톡 버전: 10.6.0
2024-03-09 13:43:05.861    WARN [DefaultDispatcher-worker-3 ] -         PluginLoader: res/raw 경로는 더 이상 사용되지 않습니다. assets 경로를 사용하세요.
2024-03-09 13:43:05.868    WARN [DefaultDispatcher-worker-3 ] -         PluginLoader: res/raw 경로는 더 이상 사용되지 않습니다. assets 경로를 사용하세요.
2024-03-09 13:43:05.895   DEBUG [DefaultDispatcher-worker-3 ] -            AwtPlugin: Testing awt class loading, color = java.awt.Color[r=0,g=0,b=0]
2024-03-09 13:43:05.971   DEBUG [main                       ] - NotificationListener: Listener connected
2024-03-09 13:43:06.027   DEBUG [DefaultDispatcher-worker-3 ] -           ApiManager: Discord Api 등록 성공
2024-03-09 13:43:06.042   DEBUG [DefaultDispatcher-worker-3 ] -        DiscordPlugin: Starting discord client with intent: MESSAGE_CONTENT, DIRECT_MESSAGES, GUILD_MESSAGES, GUILD_MEMBERS
2024-03-09 13:43:08.277    INFO [DefaultDispatcher-worker-3 ] -        DiscordPlugin: 디스코드 클라이언트 시작 성공! [디코서버 도우미]Eric#0937 로 로그인했어요.
2024-03-09 13:43:08.279    INFO [DefaultDispatcher-worker-6 ] -       SplashActivity: 기본 라이브러리 로드중…
2024-03-09 13:43:08.322   DEBUG [DefaultDispatcher-worker-3 ] -           ApiManager: LanguageManager Api 등록 성공
2024-03-09 13:43:08.323   DEBUG [DefaultDispatcher-worker-3 ] -           ApiManager: Log Api 등록 성공
2024-03-09 13:43:08.323   DEBUG [DefaultDispatcher-worker-3 ] -           ApiManager: ProjectManager Api 등록 성공
2024-03-09 13:43:08.323   DEBUG [DefaultDispatcher-worker-3 ] -           ApiManager: PluginManager Api 등록 성공
2024-03-09 13:43:08.323   DEBUG [DefaultDispatcher-worker-3 ] -           ApiManager: Notification Api 등록 성공
2024-03-09 13:43:08.323   DEBUG [DefaultDispatcher-worker-3 ] -           ApiManager: Env Api 등록 성공
2024-03-09 13:43:08.323   DEBUG [DefaultDispatcher-worker-3 ] -           ApiManager: Java Api 등록 성공
2024-03-09 13:43:08.323   DEBUG [DefaultDispatcher-worker-3 ] -           ApiManager: EventEmitter Api 등록 성공
2024-03-09 13:43:08.323   DEBUG [DefaultDispatcher-worker-3 ] -           ApiManager: Utils Api 등록 성공
2024-03-09 13:43:08.323   DEBUG [DefaultDispatcher-worker-3 ] -           ApiManager: Api Api 등록 성공
2024-03-09 13:43:08.323   DEBUG [DefaultDispatcher-worker-3 ] -           ApiManager: Bridge Api 등록 성공
2024-03-09 13:43:08.323   DEBUG [DefaultDispatcher-worker-3 ] -           ApiManager: FileStream Api 등록 성공
2024-03-09 13:43:08.323   DEBUG [DefaultDispatcher-worker-3 ] -           ApiManager: DataBase Api 등록 성공
2024-03-09 13:43:08.324   DEBUG [DefaultDispatcher-worker-3 ] -           ApiManager: Device Api 등록 성공
2024-03-09 13:43:08.324   DEBUG [DefaultDispatcher-worker-3 ] -           ApiManager: App Api 등록 성공
2024-03-09 13:43:08.324   DEBUG [DefaultDispatcher-worker-3 ] -           ApiManager: Broadcast Api 등록 성공
2024-03-09 13:43:08.328    INFO [DefaultDispatcher-worker-5 ] -       SplashActivity: 프로젝트 로드중…
2024-03-09 13:43:08.468    INFO [DefaultDispatcher-worker-3 ] -               System: | Project ✦ StarLight |
Running PluginCore v0.2.0
2024-03-09 13:47:08.990    INFO [Project-Normal-worker-1    ] -                 INFO: 프로젝트 Normal 컴파일 중...
2024-03-09 13:47:11.755    INFO [Project-User-worker-1      ] -                 INFO: 프로젝트 User 컴파일 중...
2024-03-09 13:47:13.773    INFO [Project-eval-worker-1      ] -                 INFO: 프로젝트 eval 컴파일 중...
2024-03-09 13:47:15.725    INFO [Project-ASet-worker-1      ] -                 INFO: 프로젝트 ASet 컴파일 중...
2024-03-09 13:47:18.428    INFO [Project-Me-worker-1        ] -                 INFO: 프로젝트 Me 컴파일 중...
2024-03-09 13:47:20.982    INFO [Project-admin-worker-1     ] -                 INFO: 프로젝트 admin 컴파일 중...
2024-03-09 13:47:23.074    INFO [Project-atten-worker-1     ] -                 INFO: 프로젝트 atten 컴파일 중...
2024-03-09 13:47:25.336    INFO [Project-chat_history-worker] -                 INFO: 프로젝트 chat_history 컴파일 중...
2024-03-09 13:47:27.939    INFO [Project-entrance-worker-1  ] -                 INFO: 프로젝트 entrance 컴파일 중...
2024-03-09 13:47:29.747    INFO [Project-mention-worker-1   ] -                 INFO: 프로젝트 mention 컴파일 중...
2024-03-09 13:47:32.843    INFO [Project-reply-worker-1     ] -                 INFO: 프로젝트 reply 컴파일 중...
2024-03-09 13:47:35.176    INFO [Project-sign-up-worker-1   ] -                 INFO: 프로젝트 sign-up 컴파일 중...
2024-03-09 13:47:47.381    INFO [Project-User-worker-1      ] -                 INFO: 프로젝트 User 컴파일 중...
2024-03-09 13:47:52.321    INFO [Project-User-worker-3      ] -                 INFO: 프로젝트 User 컴파일 중...
2024-03-09 14:42:16.482    INFO [Project-User-worker-2      ] -                 INFO: 프로젝트 User 컴파일 중...
2024-03-09 15:47:40.830    INFO [Project-User-worker-1      ] -                 INFO: 프로젝트 User 컴파일 중...
2024-03-09 16:27:51.784    INFO [Project-User-worker-2      ] -                 INFO: 프로젝트 User 컴파일 중...
2024-03-09 16:28:00.810    INFO [Project-User-worker-3      ] -                 INFO: 프로젝트 User 컴파일 중...
2024-03-09 16:29:32.038    INFO [Project-User-worker-1      ] -                 INFO: 프로젝트 User 컴파일 중...
2024-03-09 16:29:45.563    INFO [Project-User-worker-2      ] -                 INFO: 프로젝트 User 컴파일 중...
2024-03-09 16:29:53.670    INFO [Project-User-worker-2      ] -                 INFO: 프로젝트 User 컴파일 중...
