2024-03-09 21:51:51.922    INFO [main                       ] -    GlobalApplication: 포그라운드 서비스 등록 성공!
2024-03-09 21:51:51.933   DEBUG [DefaultDispatcher-worker-1 ] -   ApplicationSession: Initializing with locale KOREAN
2024-03-09 21:51:51.933    INFO [DefaultDispatcher-worker-1 ] -   ApplicationSession: 카카오톡 버전: 10.6.0
2024-03-09 21:51:51.966    WARN [DefaultDispatcher-worker-1 ] -         PluginLoader: res/raw 경로는 더 이상 사용되지 않습니다. assets 경로를 사용하세요.
2024-03-09 21:51:52.010    WARN [DefaultDispatcher-worker-1 ] -         PluginLoader: res/raw 경로는 더 이상 사용되지 않습니다. assets 경로를 사용하세요.
2024-03-09 21:51:52.080   DEBUG [DefaultDispatcher-worker-1 ] -            AwtPlugin: Testing awt class loading, color = java.awt.Color[r=0,g=0,b=0]
2024-03-09 21:51:52.311   DEBUG [DefaultDispatcher-worker-1 ] -           ApiManager: Discord Api 등록 성공
2024-03-09 21:51:52.325   DEBUG [DefaultDispatcher-worker-1 ] -        DiscordPlugin: Starting discord client with intent: MESSAGE_CONTENT, DIRECT_MESSAGES, GUILD_MESSAGES, GUILD_MEMBERS
2024-03-09 21:51:56.012   DEBUG [main                       ] - NotificationListener: Listener connected
2024-03-09 21:51:56.021    INFO [DefaultDispatcher-worker-1 ] -        DiscordPlugin: 디스코드 클라이언트 시작 성공! [디코서버 도우미]Eric#0937 로 로그인했어요.
2024-03-09 21:51:56.093   DEBUG [DefaultDispatcher-worker-1 ] -           ApiManager: Log Api 등록 성공
2024-03-09 21:51:56.092   DEBUG [DefaultDispatcher-worker-1 ] -           ApiManager: LanguageManager Api 등록 성공
2024-03-09 21:51:56.093   DEBUG [DefaultDispatcher-worker-1 ] -           ApiManager: ProjectManager Api 등록 성공
2024-03-09 21:51:56.093   DEBUG [DefaultDispatcher-worker-1 ] -           ApiManager: PluginManager Api 등록 성공
2024-03-09 21:51:56.093   DEBUG [DefaultDispatcher-worker-1 ] -           ApiManager: Notification Api 등록 성공
2024-03-09 21:51:56.093   DEBUG [DefaultDispatcher-worker-1 ] -           ApiManager: Env Api 등록 성공
2024-03-09 21:51:56.093   DEBUG [DefaultDispatcher-worker-1 ] -           ApiManager: Java Api 등록 성공
2024-03-09 21:51:56.093   DEBUG [DefaultDispatcher-worker-1 ] -           ApiManager: EventEmitter Api 등록 성공
2024-03-09 21:51:56.093   DEBUG [DefaultDispatcher-worker-1 ] -           ApiManager: Utils Api 등록 성공
2024-03-09 21:51:56.094   DEBUG [DefaultDispatcher-worker-1 ] -           ApiManager: DataBase Api 등록 성공
2024-03-09 21:51:56.094   DEBUG [DefaultDispatcher-worker-1 ] -           ApiManager: Api Api 등록 성공
2024-03-09 21:51:56.094   DEBUG [DefaultDispatcher-worker-1 ] -           ApiManager: Bridge Api 등록 성공
2024-03-09 21:51:56.094   DEBUG [DefaultDispatcher-worker-1 ] -           ApiManager: FileStream Api 등록 성공
2024-03-09 21:51:56.095   DEBUG [DefaultDispatcher-worker-1 ] -           ApiManager: Broadcast Api 등록 성공
2024-03-09 21:51:56.094   DEBUG [DefaultDispatcher-worker-1 ] -           ApiManager: Device Api 등록 성공
2024-03-09 21:51:56.094   DEBUG [DefaultDispatcher-worker-1 ] -           ApiManager: App Api 등록 성공
2024-03-09 21:51:58.104    INFO [Project-eval-worker-1      ] -                 INFO: 프로젝트 eval 컴파일 중...
2024-03-09 21:51:59.035    INFO [Project-User-worker-1      ] -                 INFO: 프로젝트 User 컴파일 중...
2024-03-09 21:51:59.341    INFO [Project-atten-worker-1     ] -                 INFO: 프로젝트 atten 컴파일 중...
2024-03-09 21:51:59.986    INFO [Project-Me-worker-1        ] -                 INFO: 프로젝트 Me 컴파일 중...
2024-03-09 21:52:00.598    INFO [Project-admin-worker-1     ] -                 INFO: 프로젝트 admin 컴파일 중...
2024-03-09 21:52:01.172    INFO [Project-sign-up-worker-1   ] -                 INFO: 프로젝트 sign-up 컴파일 중...
2024-03-09 21:52:01.474    INFO [Project-reply-worker-1     ] -                 INFO: 프로젝트 reply 컴파일 중...
2024-03-09 21:52:01.961    INFO [Project-Normal-worker-1    ] -                 INFO: 프로젝트 Normal 컴파일 중...
2024-03-09 21:52:02.178    INFO [Project-chat_history-worker] -                 INFO: 프로젝트 chat_history 컴파일 중...
2024-03-09 21:52:02.498    INFO [Project-entrance-worker-1  ] -                 INFO: 프로젝트 entrance 컴파일 중...
2024-03-09 21:52:02.534    INFO [Project-mention-worker-1   ] -                 INFO: 프로젝트 mention 컴파일 중...
2024-03-09 21:52:02.886    INFO [Project-ASet-worker-1      ] -                 INFO: 프로젝트 ASet 컴파일 중...
2024-03-09 21:52:03.160    INFO [DefaultDispatcher-worker-1 ] -               System: | Project ✦ StarLight |
Running PluginCore v0.2.0
2024-03-10 00:03:08.548    INFO [Project-User-worker-3      ] -                 INFO: 프로젝트 User 컴파일 중...
2024-03-10 10:36:06.138    INFO [Project-User-worker-1      ] -                 INFO: 프로젝트 User 컴파일 중...
2024-03-10 10:43:31.347    INFO [Project-User-worker-3      ] -                 INFO: 프로젝트 User 컴파일 중...
2024-03-10 13:14:13.514    INFO [Project-User-worker-1      ] -                 INFO: 프로젝트 User 컴파일 중...
2024-03-10 14:02:04.588    INFO [Project-User-worker-2      ] -                 INFO: 프로젝트 User 컴파일 중...
2024-03-10 14:03:44.539    INFO [Project-User-worker-2      ] -                 INFO: 프로젝트 User 컴파일 중...
2024-03-10 15:43:34.855    INFO [Project-User-worker-2      ] -                 INFO: 프로젝트 User 컴파일 중...
2024-03-10 15:43:35.853    INFO [Project-User-worker-1      ] -                 INFO: 프로젝트 User 컴파일 중...
2024-03-10 15:44:56.241    INFO [Project-User-worker-2      ] -                 INFO: 프로젝트 User 컴파일 중...
2024-03-10 15:45:03.729    INFO [Project-User-worker-1      ] -                 INFO: 프로젝트 User 컴파일 중...
2024-03-10 15:45:11.965    INFO [Project-User-worker-3      ] -                 INFO: 프로젝트 User 컴파일 중...
2024-03-10 15:46:59.413    INFO [Project-User-worker-2      ] -                 INFO: 프로젝트 User 컴파일 중...
2024-03-10 15:49:03.699    INFO [Project-User-worker-1      ] -                 INFO: 프로젝트 User 컴파일 중...
2024-03-10 15:49:51.169    INFO [Project-User-worker-3      ] -                 INFO: 프로젝트 User 컴파일 중...
2024-03-10 15:51:46.149    INFO [Project-User-worker-2      ] -                 INFO: 프로젝트 User 컴파일 중...
2024-03-10 15:51:49.119    INFO [Project-User-worker-1      ] -                 INFO: 프로젝트 User 컴파일 중...
2024-03-10 15:52:05.278    INFO [Project-User-worker-3      ] -                 INFO: 프로젝트 User 컴파일 중...
2024-03-10 15:53:13.356    INFO [Project-User-worker-3      ] -                 INFO: 프로젝트 User 컴파일 중...
2024-03-10 15:53:21.564    INFO [Project-User-worker-2      ] -                 INFO: 프로젝트 User 컴파일 중...
2024-03-10 15:54:25.509    INFO [Project-User-worker-3      ] -                 INFO: 프로젝트 User 컴파일 중...
2024-03-10 15:57:12.284    INFO [Project-User-worker-1      ] -                 INFO: 프로젝트 User 컴파일 중...
2024-03-10 15:57:13.318    INFO [Project-User-worker-3      ] -                 INFO: 프로젝트 User 컴파일 중...
2024-03-10 16:05:20.811    INFO [Project-User-worker-3      ] -                 INFO: 프로젝트 User 컴파일 중...
2024-03-10 16:05:34.341    INFO [Project-User-worker-2      ] -                 INFO: 프로젝트 User 컴파일 중...
2024-03-10 16:05:43.941    INFO [Project-User-worker-1      ] -                 INFO: 프로젝트 User 컴파일 중...
2024-03-10 16:05:50.399    INFO [Project-User-worker-3      ] -                 INFO: 프로젝트 User 컴파일 중...
2024-03-10 16:06:12.927    INFO [Project-User-worker-2      ] -                 INFO: 프로젝트 User 컴파일 중...
2024-03-10 16:06:19.070    INFO [Project-User-worker-1      ] -                 INFO: 프로젝트 User 컴파일 중...
2024-03-10 16:06:20.267    INFO [Project-User-worker-3      ] -                 INFO: 프로젝트 User 컴파일 중...
2024-03-10 16:06:26.404    INFO [Project-User-worker-2      ] -                 INFO: 프로젝트 User 컴파일 중...
2024-03-10 16:06:28.370    INFO [Project-User-worker-1      ] -                 INFO: 프로젝트 User 컴파일 중...
2024-03-10 16:06:36.446    INFO [Project-User-worker-3      ] -                 INFO: 프로젝트 User 컴파일 중...
2024-03-10 16:06:38.947    INFO [Project-User-worker-2      ] -                 INFO: 프로젝트 User 컴파일 중...
2024-03-10 16:06:44.085    INFO [Project-User-worker-1      ] -                 INFO: 프로젝트 User 컴파일 중...
2024-03-10 16:07:27.276    INFO [Project-User-worker-3      ] -                 INFO: 프로젝트 User 컴파일 중...
2024-03-10 16:08:44.613    INFO [Project-User-worker-2      ] -                 INFO: 프로젝트 User 컴파일 중...
2024-03-10 16:08:50.416    INFO [Project-User-worker-1      ] -                 INFO: 프로젝트 User 컴파일 중...
2024-03-10 16:08:58.454    INFO [Project-User-worker-3      ] -                 INFO: 프로젝트 User 컴파일 중...
2024-03-10 16:09:04.872    INFO [Project-User-worker-2      ] -                 INFO: 프로젝트 User 컴파일 중...
2024-03-10 16:09:24.670    INFO [Project-User-worker-1      ] -                 INFO: 프로젝트 User 컴파일 중...
2024-03-10 16:09:42.570    INFO [Project-User-worker-3      ] -                 INFO: 프로젝트 User 컴파일 중...
2024-03-10 16:10:23.338    INFO [Project-User-worker-2      ] -                 INFO: 프로젝트 User 컴파일 중...
2024-03-10 16:10:23.372    INFO [Project-User-worker-3      ] -                 INFO: 프로젝트 User 컴파일 중...
2024-03-10 16:10:23.425    INFO [Project-atten-worker-3     ] -                 INFO: 프로젝트 atten 컴파일 중...
2024-03-10 16:10:24.427    INFO [Project-admin-worker-3     ] -                 INFO: 프로젝트 admin 컴파일 중...
2024-03-10 16:10:26.355    INFO [Project-Normal-worker-2    ] -                 INFO: 프로젝트 Normal 컴파일 중...
2024-03-10 16:10:27.188    INFO [Project-chat_history-worker] -                 INFO: 프로젝트 chat_history 컴파일 중...
2024-03-10 16:10:27.695    INFO [Project-mention-worker-3   ] -                 INFO: 프로젝트 mention 컴파일 중...
2024-03-10 16:10:28.305    INFO [Project-eval-worker-3      ] -                 INFO: 프로젝트 eval 컴파일 중...
2024-03-10 16:10:29.277    INFO [Project-Me-worker-2        ] -                 INFO: 프로젝트 Me 컴파일 중...
2024-03-10 16:10:29.765    INFO [Project-sign-up-worker-2   ] -                 INFO: 프로젝트 sign-up 컴파일 중...
2024-03-10 16:10:30.342    INFO [Project-reply-worker-3     ] -                 INFO: 프로젝트 reply 컴파일 중...
2024-03-10 16:10:30.903    INFO [Project-entrance-worker-3  ] -                 INFO: 프로젝트 entrance 컴파일 중...
2024-03-10 16:10:30.913    INFO [Project-stock-worker-1     ] -                 INFO: 프로젝트 stock 컴파일 중...
2024-03-10 16:10:31.128    INFO [Project-ASet-worker-3      ] -                 INFO: 프로젝트 ASet 컴파일 중...
2024-03-10 16:11:02.467    INFO [Project-User-worker-1      ] -                 INFO: 프로젝트 User 컴파일 중...
2024-03-10 16:11:05.619    INFO [Project-User-worker-3      ] -                 INFO: 프로젝트 User 컴파일 중...
2024-03-10 16:11:14.004    INFO [Project-User-worker-2      ] -                 INFO: 프로젝트 User 컴파일 중...
2024-03-10 16:11:38.686    INFO [Project-User-worker-1      ] -                 INFO: 프로젝트 User 컴파일 중...
2024-03-10 16:11:38.704    INFO [Project-User-worker-2      ] -                 INFO: 프로젝트 User 컴파일 중...
2024-03-10 16:11:38.724    INFO [Project-atten-worker-1     ] -                 INFO: 프로젝트 atten 컴파일 중...
2024-03-10 16:11:39.000    INFO [Project-admin-worker-1     ] -                 INFO: 프로젝트 admin 컴파일 중...
2024-03-10 16:11:39.497    INFO [Project-Normal-worker-2    ] -                 INFO: 프로젝트 Normal 컴파일 중...
2024-03-10 16:11:39.689    INFO [Project-chat_history-worker] -                 INFO: 프로젝트 chat_history 컴파일 중...
2024-03-10 16:11:39.903    INFO [Project-mention-worker-1   ] -                 INFO: 프로젝트 mention 컴파일 중...
2024-03-10 16:11:40.197    INFO [Project-eval-worker-1      ] -                 INFO: 프로젝트 eval 컴파일 중...
2024-03-10 16:11:40.469    INFO [Project-Me-worker-1        ] -                 INFO: 프로젝트 Me 컴파일 중...
2024-03-10 16:11:40.748    INFO [Project-sign-up-worker-1   ] -                 INFO: 프로젝트 sign-up 컴파일 중...
2024-03-10 16:11:40.971    INFO [Project-reply-worker-1     ] -                 INFO: 프로젝트 reply 컴파일 중...
2024-03-10 16:11:41.342    INFO [Project-entrance-worker-1  ] -                 INFO: 프로젝트 entrance 컴파일 중...
2024-03-10 16:11:41.373    INFO [Project-stock-worker-1     ] -                 INFO: 프로젝트 stock 컴파일 중...
2024-03-10 16:11:41.706    INFO [Project-ASet-worker-1      ] -                 INFO: 프로젝트 ASet 컴파일 중...
2024-03-10 16:11:46.403    INFO [Project-User-worker-1      ] -                 INFO: 프로젝트 User 컴파일 중...
2024-03-10 16:11:53.940    INFO [Project-User-worker-3      ] -                 INFO: 프로젝트 User 컴파일 중...
2024-03-10 16:11:59.664    INFO [Project-User-worker-2      ] -                 INFO: 프로젝트 User 컴파일 중...
2024-03-10 16:12:01.498    INFO [Project-User-worker-1      ] -                 INFO: 프로젝트 User 컴파일 중...
2024-03-10 16:12:10.453    INFO [Project-User-worker-3      ] -                 INFO: 프로젝트 User 컴파일 중...
2024-03-10 16:12:21.722    INFO [Project-User-worker-2      ] -                 INFO: 프로젝트 User 컴파일 중...
2024-03-10 16:13:44.249    INFO [Project-User-worker-3      ] -                 INFO: 프로젝트 User 컴파일 중...
2024-03-10 16:14:17.633    INFO [Project-User-worker-2      ] -                 INFO: 프로젝트 User 컴파일 중...
2024-03-10 16:14:33.908    INFO [Project-User-worker-3      ] -                 INFO: 프로젝트 User 컴파일 중...
2024-03-10 16:14:33.927    INFO [Project-atten-worker-1     ] -                 INFO: 프로젝트 atten 컴파일 중...
2024-03-10 16:14:34.119    INFO [Project-admin-worker-1     ] -                 INFO: 프로젝트 admin 컴파일 중...
2024-03-10 16:14:34.479    INFO [Project-Normal-worker-3    ] -                 INFO: 프로젝트 Normal 컴파일 중...
2024-03-10 16:14:34.644    INFO [Project-chat_history-worker] -                 INFO: 프로젝트 chat_history 컴파일 중...
2024-03-10 16:14:34.846    INFO [Project-mention-worker-1   ] -                 INFO: 프로젝트 mention 컴파일 중...
2024-03-10 16:14:35.091    INFO [Project-eval-worker-3      ] -                 INFO: 프로젝트 eval 컴파일 중...
2024-03-10 16:14:35.237    INFO [Project-Me-worker-1        ] -                 INFO: 프로젝트 Me 컴파일 중...
2024-03-10 16:14:35.423    INFO [Project-sign-up-worker-1   ] -                 INFO: 프로젝트 sign-up 컴파일 중...
2024-03-10 16:14:35.738    INFO [Project-reply-worker-1     ] -                 INFO: 프로젝트 reply 컴파일 중...
2024-03-10 16:14:36.060    INFO [Project-entrance-worker-1  ] -                 INFO: 프로젝트 entrance 컴파일 중...
2024-03-10 16:14:36.092    INFO [Project-stock-worker-2     ] -                 INFO: 프로젝트 stock 컴파일 중...
2024-03-10 16:14:36.414    INFO [Project-ASet-worker-1      ] -                 INFO: 프로젝트 ASet 컴파일 중...
2024-03-10 16:14:36.934    INFO [Project-User-worker-2      ] -                 INFO: 프로젝트 User 컴파일 중...
2024-03-10 16:14:51.195    INFO [Project-User-worker-1      ] -                 INFO: 프로젝트 User 컴파일 중...
2024-03-10 16:14:53.562    INFO [Project-User-worker-3      ] -                 INFO: 프로젝트 User 컴파일 중...
2024-03-10 16:15:25.760    INFO [Project-User-worker-2      ] -                 INFO: 프로젝트 User 컴파일 중...
2024-03-10 16:15:49.381    INFO [Project-User-worker-1      ] -                 INFO: 프로젝트 User 컴파일 중...
2024-03-10 16:17:18.145    INFO [Project-User-worker-3      ] -                 INFO: 프로젝트 User 컴파일 중...
2024-03-10 16:17:32.184    INFO [Project-User-worker-2      ] -                 INFO: 프로젝트 User 컴파일 중...
2024-03-10 16:18:02.999    INFO [Project-User-worker-1      ] -                 INFO: 프로젝트 User 컴파일 중...
2024-03-10 16:18:05.943    INFO [Project-User-worker-3      ] -                 INFO: 프로젝트 User 컴파일 중...
2024-03-10 16:18:15.043    INFO [Project-User-worker-2      ] -                 INFO: 프로젝트 User 컴파일 중...
2024-03-10 16:18:59.088    INFO [Project-User-worker-1      ] -                 INFO: 프로젝트 User 컴파일 중...
2024-03-10 16:19:40.064    INFO [Project-User-worker-3      ] -                 INFO: 프로젝트 User 컴파일 중...
2024-03-10 16:20:42.937    INFO [Project-User-worker-2      ] -                 INFO: 프로젝트 User 컴파일 중...
2024-03-10 16:21:01.378    INFO [Project-User-worker-1      ] -                 INFO: 프로젝트 User 컴파일 중...
2024-03-10 16:21:11.275    INFO [Project-User-worker-3      ] -                 INFO: 프로젝트 User 컴파일 중...
2024-03-10 16:21:40.513    INFO [Project-User-worker-2      ] -                 INFO: 프로젝트 User 컴파일 중...
2024-03-10 16:21:55.579    INFO [Project-User-worker-1      ] -                 INFO: 프로젝트 User 컴파일 중...
2024-03-10 16:22:01.759    INFO [Project-User-worker-3      ] -                 INFO: 프로젝트 User 컴파일 중...
2024-03-10 16:22:07.940    INFO [Project-User-worker-2      ] -                 INFO: 프로젝트 User 컴파일 중...
2024-03-10 16:22:12.650    INFO [Project-User-worker-1      ] -                 INFO: 프로젝트 User 컴파일 중...
2024-03-10 16:23:40.574    INFO [Project-User-worker-3      ] -                 INFO: 프로젝트 User 컴파일 중...
2024-03-10 16:23:55.720    INFO [Project-User-worker-2      ] -                 INFO: 프로젝트 User 컴파일 중...
2024-03-10 16:24:38.769    INFO [Project-User-worker-1      ] -                 INFO: 프로젝트 User 컴파일 중...
2024-03-10 16:24:42.836    INFO [Project-User-worker-3      ] -                 INFO: 프로젝트 User 컴파일 중...
2024-03-10 16:25:02.457    INFO [Project-User-worker-2      ] -                 INFO: 프로젝트 User 컴파일 중...
2024-03-10 16:25:06.937    INFO [Project-User-worker-1      ] -                 INFO: 프로젝트 User 컴파일 중...
2024-03-10 16:25:31.636    INFO [Project-User-worker-3      ] -                 INFO: 프로젝트 User 컴파일 중...
2024-03-10 16:26:05.590    INFO [Project-User-worker-2      ] -                 INFO: 프로젝트 User 컴파일 중...
2024-03-10 16:26:10.188    INFO [Project-User-worker-1      ] -                 INFO: 프로젝트 User 컴파일 중...
2024-03-10 16:26:19.975    INFO [Project-User-worker-3      ] -                 INFO: 프로젝트 User 컴파일 중...
2024-03-10 16:26:24.592    INFO [Project-User-worker-2      ] -                 INFO: 프로젝트 User 컴파일 중...
2024-03-10 16:26:34.984    INFO [Project-User-worker-1      ] -                 INFO: 프로젝트 User 컴파일 중...
2024-03-10 16:26:45.794    INFO [Project-User-worker-3      ] -                 INFO: 프로젝트 User 컴파일 중...
2024-03-10 16:26:49.875    INFO [Project-User-worker-2      ] -                 INFO: 프로젝트 User 컴파일 중...
2024-03-10 16:27:04.592    INFO [Project-User-worker-1      ] -                 INFO: 프로젝트 User 컴파일 중...
2024-03-10 16:27:11.745    INFO [Project-User-worker-3      ] -                 INFO: 프로젝트 User 컴파일 중...
2024-03-10 16:35:01.152    INFO [Project-User-worker-2      ] -                 INFO: 프로젝트 User 컴파일 중...
2024-03-10 16:35:20.688    INFO [Project-User-worker-1      ] -                 INFO: 프로젝트 User 컴파일 중...
2024-03-10 16:35:29.510    INFO [Project-User-worker-3      ] -                 INFO: 프로젝트 User 컴파일 중...
2024-03-10 16:35:40.630    INFO [Project-User-worker-2      ] -                 INFO: 프로젝트 User 컴파일 중...
2024-03-10 16:35:55.707    INFO [Project-User-worker-1      ] -                 INFO: 프로젝트 User 컴파일 중...
2024-03-10 16:36:07.597    INFO [Project-User-worker-3      ] -                 INFO: 프로젝트 User 컴파일 중...
2024-03-10 16:36:19.573    INFO [Project-User-worker-2      ] -                 INFO: 프로젝트 User 컴파일 중...
2024-03-10 16:37:02.632    INFO [Project-User-worker-1      ] -                 INFO: 프로젝트 User 컴파일 중...
2024-03-10 16:44:30.230    INFO [Project-User-worker-3      ] -                 INFO: 프로젝트 User 컴파일 중...
2024-03-10 16:44:43.519    INFO [Project-User-worker-2      ] -                 INFO: 프로젝트 User 컴파일 중...
2024-03-10 16:45:21.169    INFO [Project-User-worker-1      ] -                 INFO: 프로젝트 User 컴파일 중...
2024-03-10 16:45:40.812    INFO [Project-User-worker-3      ] -                 INFO: 프로젝트 User 컴파일 중...
2024-03-10 16:48:42.752    INFO [Project-User-worker-2      ] -                 INFO: 프로젝트 User 컴파일 중...
2024-03-10 16:48:49.076    INFO [Project-User-worker-1      ] -                 INFO: 프로젝트 User 컴파일 중...
2024-03-10 16:49:21.375    INFO [Project-User-worker-2      ] -                 INFO: 프로젝트 User 컴파일 중...
2024-03-10 16:49:21.434    INFO [Project-atten-worker-1     ] -                 INFO: 프로젝트 atten 컴파일 중...
2024-03-10 16:49:21.496   ERROR [Project-atten-worker-1     ] -        Project-atten: ECOMF: org.mozilla.javascript.EvaluatorException: missing ) after formal parameters (file:/storage/emulated/0/StarLight/modules/A.js#65)
2024-03-10 16:49:21.499    INFO [Project-admin-worker-1     ] -                 INFO: 프로젝트 admin 컴파일 중...
2024-03-10 16:49:21.872   ERROR [Project-admin-worker-1     ] -        Project-admin: ECOMF: org.mozilla.javascript.EvaluatorException: missing ) after formal parameters (file:/storage/emulated/0/StarLight/modules/A.js#65)
2024-03-10 16:49:21.874    INFO [Project-Normal-worker-1    ] -                 INFO: 프로젝트 Normal 컴파일 중...
2024-03-10 16:49:21.912   ERROR [Project-Normal-worker-1    ] -       Project-Normal: ECOMF: org.mozilla.javascript.EvaluatorException: missing ) after formal parameters (file:/storage/emulated/0/StarLight/modules/A.js#65)
2024-03-10 16:49:21.915    INFO [Project-chat_history-worker] -                 INFO: 프로젝트 chat_history 컴파일 중...
2024-03-10 16:49:21.970   ERROR [Project-chat_history-worker] - Project-chat_history: ECOMF: org.mozilla.javascript.EvaluatorException: missing ) after formal parameters (file:/storage/emulated/0/StarLight/modules/A.js#65)
2024-03-10 16:49:21.972    INFO [Project-mention-worker-1   ] -                 INFO: 프로젝트 mention 컴파일 중...
2024-03-10 16:49:22.018   ERROR [Project-mention-worker-1   ] -      Project-mention: ECOMF: org.mozilla.javascript.EvaluatorException: missing ) after formal parameters (file:/storage/emulated/0/StarLight/modules/A.js#65)
2024-03-10 16:49:22.021    INFO [Project-eval-worker-3      ] -                 INFO: 프로젝트 eval 컴파일 중...
2024-03-10 16:49:22.048   ERROR [Project-eval-worker-3      ] -         Project-eval: ECOMF: org.mozilla.javascript.EvaluatorException: missing ) after formal parameters (file:/storage/emulated/0/StarLight/modules/A.js#65)
2024-03-10 16:49:22.052    INFO [Project-Me-worker-1        ] -                 INFO: 프로젝트 Me 컴파일 중...
2024-03-10 16:49:22.123   ERROR [Project-Me-worker-1        ] -           Project-Me: ECOMF: org.mozilla.javascript.EvaluatorException: missing ) after formal parameters (file:/storage/emulated/0/StarLight/modules/A.js#65)
2024-03-10 16:49:22.127    INFO [Project-sign-up-worker-1   ] -                 INFO: 프로젝트 sign-up 컴파일 중...
2024-03-10 16:49:22.202   ERROR [Project-sign-up-worker-1   ] -      Project-sign-up: ECOMF: org.mozilla.javascript.EvaluatorException: missing ) after formal parameters (file:/storage/emulated/0/StarLight/modules/A.js#65)
2024-03-10 16:49:22.212    INFO [Project-reply-worker-1     ] -                 INFO: 프로젝트 reply 컴파일 중...
2024-03-10 16:49:22.446   ERROR [Project-reply-worker-1     ] -        Project-reply: ECOMF: org.mozilla.javascript.EvaluatorException: missing ) after formal parameters (file:/storage/emulated/0/StarLight/modules/A.js#65)
2024-03-10 16:49:22.449    INFO [Project-entrance-worker-1  ] -                 INFO: 프로젝트 entrance 컴파일 중...
2024-03-10 16:49:22.455    INFO [Project-stock-worker-1     ] -                 INFO: 프로젝트 stock 컴파일 중...
2024-03-10 16:49:22.586   ERROR [Project-stock-worker-1     ] -        Project-stock: ECOMF: org.mozilla.javascript.EvaluatorException: missing ) after formal parameters (file:/storage/emulated/0/StarLight/modules/A.js#65)
2024-03-10 16:49:22.591    INFO [Project-ASet-worker-1      ] -                 INFO: 프로젝트 ASet 컴파일 중...
2024-03-10 16:49:22.682   ERROR [Project-ASet-worker-1      ] -         Project-ASet: ECOMF: org.mozilla.javascript.EvaluatorException: missing ) after formal parameters (file:/storage/emulated/0/StarLight/modules/A.js#65)
2024-03-10 16:49:28.339    INFO [Project-User-worker-1      ] -                 INFO: 프로젝트 User 컴파일 중...
2024-03-10 16:49:33.628    INFO [Project-User-worker-3      ] -                 INFO: 프로젝트 User 컴파일 중...
2024-03-10 16:59:32.797    INFO [Project-User-worker-1      ] -                 INFO: 프로젝트 User 컴파일 중...
2024-03-10 16:59:32.819    INFO [Project-atten-worker-1     ] -                 INFO: 프로젝트 atten 컴파일 중...
2024-03-10 16:59:32.980    INFO [Project-admin-worker-1     ] -                 INFO: 프로젝트 admin 컴파일 중...
2024-03-10 16:59:33.340    INFO [Project-Normal-worker-3    ] -                 INFO: 프로젝트 Normal 컴파일 중...
2024-03-10 16:59:33.558    INFO [Project-chat_history-worker] -                 INFO: 프로젝트 chat_history 컴파일 중...
2024-03-10 16:59:33.664    INFO [Project-mention-worker-1   ] -                 INFO: 프로젝트 mention 컴파일 중...
2024-03-10 16:59:33.799    INFO [Project-eval-worker-3      ] -                 INFO: 프로젝트 eval 컴파일 중...
2024-03-10 16:59:33.959    INFO [Project-Me-worker-1        ] -                 INFO: 프로젝트 Me 컴파일 중...
2024-03-10 16:59:34.097    INFO [Project-sign-up-worker-1   ] -                 INFO: 프로젝트 sign-up 컴파일 중...
2024-03-10 16:59:34.200    INFO [Project-reply-worker-1     ] -                 INFO: 프로젝트 reply 컴파일 중...
2024-03-10 16:59:34.553    INFO [Project-entrance-worker-1  ] -                 INFO: 프로젝트 entrance 컴파일 중...
2024-03-10 16:59:34.582    INFO [Project-stock-worker-3     ] -                 INFO: 프로젝트 stock 컴파일 중...
2024-03-10 16:59:35.025    INFO [Project-ASet-worker-1      ] -                 INFO: 프로젝트 ASet 컴파일 중...
2024-03-10 17:00:09.963    INFO [Project-admin-worker-3     ] -                 INFO: ReferenceError: "d" is not defined.
2024-03-10 17:00:09.963    INFO [Project-eval-worker-1      ] -                 INFO: ReferenceError: "d" is not defined.
2024-03-10 17:00:09.973    INFO [Project-User-worker-3      ] -                 INFO: 프로젝트 User 컴파일 중...
2024-03-10 17:00:10.013    INFO [Project-ASet-worker-3      ] -                 INFO: ReferenceError: "d" is not defined.
2024-03-10 17:00:19.563    INFO [Project-admin-worker-2     ] -                 INFO: ReferenceError: "d" is not defined.
2024-03-10 17:00:19.581    INFO [Project-User-worker-2      ] -                 INFO: 프로젝트 User 컴파일 중...
2024-03-10 17:00:19.623    INFO [Project-ASet-worker-2      ] -                 INFO: ReferenceError: "d" is not defined.
2024-03-10 17:01:23.152    INFO [Project-User-worker-3      ] -                 INFO: 프로젝트 User 컴파일 중...
2024-03-10 17:01:23.175    INFO [Project-atten-worker-3     ] -                 INFO: 프로젝트 atten 컴파일 중...
2024-03-10 17:01:23.334    INFO [Project-admin-worker-3     ] -                 INFO: 프로젝트 admin 컴파일 중...
2024-03-10 17:01:23.698    INFO [Project-Normal-worker-3    ] -                 INFO: 프로젝트 Normal 컴파일 중...
2024-03-10 17:01:23.825    INFO [Project-chat_history-worker] -                 INFO: 프로젝트 chat_history 컴파일 중...
2024-03-10 17:01:23.954    INFO [Project-mention-worker-3   ] -                 INFO: 프로젝트 mention 컴파일 중...
2024-03-10 17:01:24.181    INFO [Project-eval-worker-1      ] -                 INFO: 프로젝트 eval 컴파일 중...
2024-03-10 17:01:24.476    INFO [Project-Me-worker-2        ] -                 INFO: 프로젝트 Me 컴파일 중...
2024-03-10 17:01:24.641    INFO [Project-sign-up-worker-2   ] -                 INFO: 프로젝트 sign-up 컴파일 중...
2024-03-10 17:01:24.887    INFO [Project-reply-worker-3     ] -                 INFO: 프로젝트 reply 컴파일 중...
2024-03-10 17:01:25.363    INFO [Project-entrance-worker-3  ] -                 INFO: 프로젝트 entrance 컴파일 중...
2024-03-10 17:01:25.401    INFO [Project-stock-worker-2     ] -                 INFO: 프로젝트 stock 컴파일 중...
2024-03-10 17:01:25.743    INFO [Project-ASet-worker-3      ] -                 INFO: 프로젝트 ASet 컴파일 중...
2024-03-10 17:01:31.481    INFO [Project-User-worker-1      ] -                 INFO: 프로젝트 User 컴파일 중...
2024-03-10 17:08:17.080    INFO [Project-User-worker-3      ] -                 INFO: 프로젝트 User 컴파일 중...
2024-03-10 17:08:17.106    INFO [Project-atten-worker-1     ] -                 INFO: 프로젝트 atten 컴파일 중...
2024-03-10 17:08:17.287    INFO [Project-admin-worker-1     ] -                 INFO: 프로젝트 admin 컴파일 중...
2024-03-10 17:08:17.705    INFO [Project-Normal-worker-2    ] -                 INFO: 프로젝트 Normal 컴파일 중...
2024-03-10 17:08:17.881    INFO [Project-chat_history-worker] -                 INFO: 프로젝트 chat_history 컴파일 중...
2024-03-10 17:08:17.981    INFO [Project-mention-worker-1   ] -                 INFO: 프로젝트 mention 컴파일 중...
2024-03-10 17:08:18.116    INFO [Project-eval-worker-3      ] -                 INFO: 프로젝트 eval 컴파일 중...
2024-03-10 17:08:18.263    INFO [Project-Me-worker-1        ] -                 INFO: 프로젝트 Me 컴파일 중...
2024-03-10 17:08:18.389    INFO [Project-sign-up-worker-1   ] -                 INFO: 프로젝트 sign-up 컴파일 중...
2024-03-10 17:08:18.516    INFO [Project-reply-worker-1     ] -                 INFO: 프로젝트 reply 컴파일 중...
2024-03-10 17:08:18.940    INFO [Project-entrance-worker-1  ] -                 INFO: 프로젝트 entrance 컴파일 중...
2024-03-10 17:08:18.962    INFO [Project-stock-worker-1     ] -                 INFO: 프로젝트 stock 컴파일 중...
2024-03-10 17:08:19.197    INFO [Project-ASet-worker-1      ] -                 INFO: 프로젝트 ASet 컴파일 중...
2024-03-10 17:08:27.608    INFO [Project-User-worker-1      ] -                 INFO: 프로젝트 User 컴파일 중...
2024-03-10 17:23:53.913    INFO [Project-User-worker-2      ] -                 INFO: 프로젝트 User 컴파일 중...
2024-03-10 17:23:53.934    INFO [Project-atten-worker-2     ] -                 INFO: 프로젝트 atten 컴파일 중...
2024-03-10 17:23:54.112    INFO [Project-admin-worker-2     ] -                 INFO: 프로젝트 admin 컴파일 중...
2024-03-10 17:23:54.464    INFO [Project-Normal-worker-1    ] -                 INFO: 프로젝트 Normal 컴파일 중...
2024-03-10 17:23:54.638    INFO [Project-chat_history-worker] -                 INFO: 프로젝트 chat_history 컴파일 중...
2024-03-10 17:23:54.731    INFO [Project-mention-worker-2   ] -                 INFO: 프로젝트 mention 컴파일 중...
2024-03-10 17:23:54.874    INFO [Project-eval-worker-3      ] -                 INFO: 프로젝트 eval 컴파일 중...
2024-03-10 17:23:55.008    INFO [Project-Me-worker-3        ] -                 INFO: 프로젝트 Me 컴파일 중...
2024-03-10 17:23:55.216    INFO [Project-sign-up-worker-3   ] -                 INFO: 프로젝트 sign-up 컴파일 중...
2024-03-10 17:23:55.456    INFO [Project-reply-worker-2     ] -                 INFO: 프로젝트 reply 컴파일 중...
2024-03-10 17:23:55.840    INFO [Project-entrance-worker-2  ] -                 INFO: 프로젝트 entrance 컴파일 중...
2024-03-10 17:23:55.868    INFO [Project-stock-worker-3     ] -                 INFO: 프로젝트 stock 컴파일 중...
2024-03-10 17:23:56.115    INFO [Project-ASet-worker-2      ] -                 INFO: 프로젝트 ASet 컴파일 중...
2024-03-10 17:24:03.048    INFO [Project-User-worker-1      ] -                 INFO: 프로젝트 User 컴파일 중...
2024-03-10 17:26:22.606    INFO [Project-User-worker-2      ] -                 INFO: 프로젝트 User 컴파일 중...
2024-03-10 17:26:43.846    INFO [Project-User-worker-3      ] -                 INFO: 프로젝트 User 컴파일 중...
2024-03-10 17:28:13.481    INFO [Project-User-worker-2      ] -                 INFO: 프로젝트 User 컴파일 중...
2024-03-10 17:28:40.262    INFO [Project-User-worker-1      ] -                 INFO: 프로젝트 User 컴파일 중...
2024-03-11 19:06:17.469    INFO [Project-User-worker-1      ] -                 INFO: 프로젝트 User 컴파일 중...
2024-03-11 19:06:17.505    INFO [Project-atten-worker-2     ] -                 INFO: 프로젝트 atten 컴파일 중...
2024-03-11 19:06:17.821    INFO [Project-admin-worker-2     ] -                 INFO: 프로젝트 admin 컴파일 중...
2024-03-11 19:06:18.179    INFO [Project-Normal-worker-1    ] -                 INFO: 프로젝트 Normal 컴파일 중...
2024-03-11 19:06:18.314    INFO [Project-chat_history-worker] -                 INFO: 프로젝트 chat_history 컴파일 중...
2024-03-11 19:06:18.412    INFO [Project-mention-worker-2   ] -                 INFO: 프로젝트 mention 컴파일 중...
2024-03-11 19:06:18.569    INFO [Project-eval-worker-1      ] -                 INFO: 프로젝트 eval 컴파일 중...
2024-03-11 19:06:18.715    INFO [Project-Me-worker-3        ] -                 INFO: 프로젝트 Me 컴파일 중...
2024-03-11 19:06:18.855    INFO [Project-sign-up-worker-3   ] -                 INFO: 프로젝트 sign-up 컴파일 중...
2024-03-11 19:06:19.010    INFO [Project-reply-worker-2     ] -                 INFO: 프로젝트 reply 컴파일 중...
2024-03-11 19:06:19.512    INFO [Project-entrance-worker-2  ] -                 INFO: 프로젝트 entrance 컴파일 중...
2024-03-11 19:06:19.525    INFO [Project-stock-worker-2     ] -                 INFO: 프로젝트 stock 컴파일 중...
2024-03-11 19:06:19.802    INFO [Project-ASet-worker-2      ] -                 INFO: 프로젝트 ASet 컴파일 중...
2024-03-11 19:06:29.586    INFO [Project-User-worker-2      ] -                 INFO: 프로젝트 User 컴파일 중...
2024-03-11 19:06:47.134    INFO [Project-User-worker-3      ] -                 INFO: 프로젝트 User 컴파일 중...
2024-03-11 19:07:00.304    INFO [Project-User-worker-1      ] -                 INFO: 프로젝트 User 컴파일 중...
2024-03-11 19:07:21.610    INFO [Project-User-worker-2      ] -                 INFO: 프로젝트 User 컴파일 중...
2024-03-11 19:07:24.578    INFO [Project-User-worker-3      ] -                 INFO: 프로젝트 User 컴파일 중...
2024-03-11 19:07:29.853    INFO [Project-User-worker-1      ] -                 INFO: 프로젝트 User 컴파일 중...
2024-03-11 19:08:03.974    INFO [Project-User-worker-2      ] -                 INFO: 프로젝트 User 컴파일 중...
2024-03-11 19:08:40.907    INFO [Project-User-worker-3      ] -                 INFO: 프로젝트 User 컴파일 중...
2024-03-11 19:08:53.864    INFO [Project-User-worker-1      ] -                 INFO: 프로젝트 User 컴파일 중...
2024-03-11 19:09:09.777    INFO [Project-User-worker-2      ] -                 INFO: 프로젝트 User 컴파일 중...
2024-03-11 19:09:35.384    INFO [Project-User-worker-3      ] -                 INFO: 프로젝트 User 컴파일 중...
2024-03-11 19:09:39.191    INFO [Project-User-worker-1      ] -                 INFO: 프로젝트 User 컴파일 중...
2024-03-11 19:09:46.640    INFO [Project-User-worker-2      ] -                 INFO: 프로젝트 User 컴파일 중...
2024-03-11 19:09:52.776    INFO [Project-User-worker-3      ] -                 INFO: 프로젝트 User 컴파일 중...
2024-03-11 19:09:54.395    INFO [Project-User-worker-1      ] -                 INFO: 프로젝트 User 컴파일 중...
2024-03-11 19:10:00.936    INFO [Project-User-worker-2      ] -                 INFO: 프로젝트 User 컴파일 중...
2024-03-11 19:10:06.891    INFO [Project-User-worker-3      ] -                 INFO: 프로젝트 User 컴파일 중...
2024-03-11 19:10:18.840    INFO [Project-User-worker-1      ] -                 INFO: 프로젝트 User 컴파일 중...
2024-03-11 19:10:38.008    INFO [Project-User-worker-2      ] -                 INFO: 프로젝트 User 컴파일 중...
2024-03-11 19:13:56.335    INFO [Project-User-worker-3      ] -                 INFO: 프로젝트 User 컴파일 중...
2024-03-11 19:13:58.037    INFO [Project-User-worker-1      ] -                 INFO: 프로젝트 User 컴파일 중...
2024-03-11 19:14:04.975   ERROR [Project-eval-worker-2      ] -              JSRhino: runtime eval#67(eval)#1: Java class "dev.mooner.starlight.api.legacy.BridgeApi$Bridge" has no public instance field or method named "evaluateStringIn".
2024-03-11 19:14:05.008    INFO [Project-User-worker-2      ] -                 INFO: 프로젝트 User 컴파일 중...
2024-03-11 19:14:24.144    INFO [Project-User-worker-3      ] -                 INFO: 프로젝트 User 컴파일 중...
2024-03-11 19:15:20.865    INFO [Project-User-worker-1      ] -                 INFO: 프로젝트 User 컴파일 중...
2024-03-11 19:15:27.273    INFO [Project-User-worker-2      ] -                 INFO: 프로젝트 User 컴파일 중...
2024-03-11 19:22:07.065    INFO [Project-User-worker-3      ] -                 INFO: 프로젝트 User 컴파일 중...
2024-03-11 19:22:51.423    INFO [Project-User-worker-1      ] -                 INFO: 프로젝트 User 컴파일 중...
2024-03-11 19:22:59.059    INFO [Project-User-worker-2      ] -                 INFO: 프로젝트 User 컴파일 중...
2024-03-11 19:24:48.388    INFO [Project-User-worker-3      ] -                 INFO: 프로젝트 User 컴파일 중...
2024-03-11 19:25:08.475    INFO [Project-User-worker-1      ] -                 INFO: 프로젝트 User 컴파일 중...
2024-03-11 19:26:28.979    INFO [Project-User-worker-2      ] -                 INFO: 프로젝트 User 컴파일 중...
2024-03-11 19:27:03.866    INFO [Project-User-worker-3      ] -                 INFO: 프로젝트 User 컴파일 중...
2024-03-11 19:31:34.422    INFO [Project-User-worker-1      ] -                 INFO: 프로젝트 User 컴파일 중...
2024-03-11 20:28:26.219    INFO [Project-User-worker-2      ] -                 INFO: 프로젝트 User 컴파일 중...
2024-03-11 20:28:35.097    INFO [Project-User-worker-3      ] -                 INFO: 프로젝트 User 컴파일 중...
2024-03-11 20:33:57.963    INFO [Project-User-worker-1      ] -                 INFO: 프로젝트 User 컴파일 중...
2024-03-11 20:34:04.365    INFO [Project-User-worker-2      ] -                 INFO: 프로젝트 User 컴파일 중...
2024-03-11 20:34:11.281    INFO [Project-User-worker-3      ] -                 INFO: 프로젝트 User 컴파일 중...
2024-03-11 20:34:21.772    INFO [Project-User-worker-1      ] -                 INFO: 프로젝트 User 컴파일 중...
2024-03-11 20:35:43.130    INFO [Project-User-worker-2      ] -                 INFO: 프로젝트 User 컴파일 중...
2024-03-11 20:35:55.770    INFO [Project-User-worker-3      ] -                 INFO: 프로젝트 User 컴파일 중...
2024-03-11 20:36:01.361    INFO [Project-User-worker-1      ] -                 INFO: 프로젝트 User 컴파일 중...
2024-03-11 20:36:38.082    INFO [Project-User-worker-2      ] -                 INFO: 프로젝트 User 컴파일 중...
2024-03-11 20:54:32.304    INFO [Project-User-worker-3      ] -                 INFO: 프로젝트 User 컴파일 중...
2024-03-11 20:54:32.319    INFO [Project-User-worker-2      ] -                 INFO: 프로젝트 User 컴파일 중...
2024-03-11 20:54:32.350    INFO [Project-atten-worker-2     ] -                 INFO: 프로젝트 atten 컴파일 중...
2024-03-11 20:54:32.525    INFO [Project-admin-worker-2     ] -                 INFO: 프로젝트 admin 컴파일 중...
2024-03-11 20:54:33.141    INFO [Project-Normal-worker-2    ] -                 INFO: 프로젝트 Normal 컴파일 중...
2024-03-11 20:54:33.321    INFO [Project-chat_history-worker] -                 INFO: 프로젝트 chat_history 컴파일 중...
2024-03-11 20:54:33.558    INFO [Project-mention-worker-2   ] -                 INFO: 프로젝트 mention 컴파일 중...
2024-03-11 20:54:33.754    INFO [Project-eval-worker-1      ] -                 INFO: 프로젝트 eval 컴파일 중...
2024-03-11 20:54:34.012    INFO [Project-Me-worker-3        ] -                 INFO: 프로젝트 Me 컴파일 중...
2024-03-11 20:54:34.223    INFO [Project-sign-up-worker-3   ] -                 INFO: 프로젝트 sign-up 컴파일 중...
2024-03-11 20:54:34.443    INFO [Project-reply-worker-2     ] -                 INFO: 프로젝트 reply 컴파일 중...
2024-03-11 20:54:34.959    INFO [Project-entrance-worker-2  ] -                 INFO: 프로젝트 entrance 컴파일 중...
2024-03-11 20:54:34.993    INFO [Project-stock-worker-1     ] -                 INFO: 프로젝트 stock 컴파일 중...
2024-03-11 20:54:35.276   ERROR [Project-stock-worker-1     ] -        Project-stock: ECOMF: org.mozilla.javascript.EcmaError: ReferenceError: "LS" is not defined. (file:/storage/emulated/0/StarLight/modules/A.js#180)
2024-03-11 20:54:35.281    INFO [Project-ASet-worker-2      ] -                 INFO: 프로젝트 ASet 컴파일 중...
2024-03-11 20:56:01.624    INFO [Project-User-worker-1      ] -                 INFO: 프로젝트 User 컴파일 중...
2024-03-11 20:56:01.650    INFO [Project-atten-worker-1     ] -                 INFO: 프로젝트 atten 컴파일 중...
2024-03-11 20:56:01.829    INFO [Project-admin-worker-1     ] -                 INFO: 프로젝트 admin 컴파일 중...
2024-03-11 20:56:02.197    INFO [Project-Normal-worker-2    ] -                 INFO: 프로젝트 Normal 컴파일 중...
2024-03-11 20:56:02.284    INFO [Project-chat_history-worker] -                 INFO: 프로젝트 chat_history 컴파일 중...
2024-03-11 20:56:02.427    INFO [Project-mention-worker-1   ] -                 INFO: 프로젝트 mention 컴파일 중...
2024-03-11 20:56:02.576    INFO [Project-eval-worker-2      ] -                 INFO: 프로젝트 eval 컴파일 중...
2024-03-11 20:56:02.700    INFO [Project-Me-worker-1        ] -                 INFO: 프로젝트 Me 컴파일 중...
2024-03-11 20:56:02.907    INFO [Project-sign-up-worker-1   ] -                 INFO: 프로젝트 sign-up 컴파일 중...
2024-03-11 20:56:03.035    INFO [Project-reply-worker-1     ] -                 INFO: 프로젝트 reply 컴파일 중...
2024-03-11 20:56:03.467    INFO [Project-entrance-worker-1  ] -                 INFO: 프로젝트 entrance 컴파일 중...
2024-03-11 20:56:03.495    INFO [Project-stock-worker-3     ] -                 INFO: 프로젝트 stock 컴파일 중...
2024-03-11 20:56:03.885    INFO [Project-ASet-worker-1      ] -                 INFO: 프로젝트 ASet 컴파일 중...
2024-03-11 20:56:09.618    INFO [Project-User-worker-2      ] -                 INFO: 프로젝트 User 컴파일 중...
2024-03-11 20:56:14.399    INFO [Project-User-worker-3      ] -                 INFO: 프로젝트 User 컴파일 중...
2024-03-11 20:58:56.541    INFO [Project-eval-worker-2      ] -                 INFO: 프로젝트 eval 컴파일 중...
2024-03-11 21:00:40.708    INFO [Project-User-worker-2      ] -                 INFO: 프로젝트 User 컴파일 중...
2024-03-11 21:00:40.733    INFO [Project-atten-worker-3     ] -                 INFO: 프로젝트 atten 컴파일 중...
2024-03-11 21:00:40.904    INFO [Project-admin-worker-3     ] -                 INFO: 프로젝트 admin 컴파일 중...
2024-03-11 21:00:41.282    INFO [Project-Normal-worker-3    ] -                 INFO: 프로젝트 Normal 컴파일 중...
2024-03-11 21:00:41.391    INFO [Project-chat_history-worker] -                 INFO: 프로젝트 chat_history 컴파일 중...
2024-03-11 21:00:41.541    INFO [Project-mention-worker-3   ] -                 INFO: 프로젝트 mention 컴파일 중...
2024-03-11 21:00:41.709    INFO [Project-eval-worker-1      ] -                 INFO: 프로젝트 eval 컴파일 중...
2024-03-11 21:00:41.894    INFO [Project-Me-worker-2        ] -                 INFO: 프로젝트 Me 컴파일 중...
2024-03-11 21:00:42.143    INFO [Project-sign-up-worker-2   ] -                 INFO: 프로젝트 sign-up 컴파일 중...
2024-03-11 21:00:42.310    INFO [Project-reply-worker-3     ] -                 INFO: 프로젝트 reply 컴파일 중...
2024-03-11 21:00:42.633    INFO [Project-entrance-worker-3  ] -                 INFO: 프로젝트 entrance 컴파일 중...
2024-03-11 21:00:42.667    INFO [Project-stock-worker-2     ] -                 INFO: 프로젝트 stock 컴파일 중...
2024-03-11 21:00:42.881    INFO [Project-ASet-worker-3      ] -                 INFO: 프로젝트 ASet 컴파일 중...
2024-03-11 21:01:18.887    INFO [Project-User-worker-1      ] -                 INFO: 프로젝트 User 컴파일 중...
2024-03-11 21:01:22.759    INFO [Project-User-worker-3      ] -                 INFO: 프로젝트 User 컴파일 중...
2024-03-11 21:01:29.313    INFO [Project-User-worker-2      ] -                 INFO: 프로젝트 User 컴파일 중...
2024-03-11 21:04:02.712    INFO [Project-Normal-worker-2    ] -                 INFO: 프로젝트 Normal 컴파일 중...
2024-03-11 21:04:16.983    INFO [Project-User-worker-1      ] -                 INFO: 프로젝트 User 컴파일 중...
2024-03-11 21:04:47.635    INFO [Project-User-worker-3      ] -                 INFO: 프로젝트 User 컴파일 중...
2024-03-11 21:06:02.268    INFO [Project-User-worker-2      ] -                 INFO: 프로젝트 User 컴파일 중...
2024-03-11 21:06:36.532    INFO [Project-User-worker-1      ] -                 INFO: 프로젝트 User 컴파일 중...
2024-03-11 21:06:43.389    INFO [Project-User-worker-3      ] -                 INFO: 프로젝트 User 컴파일 중...
2024-03-11 21:07:55.286    INFO [Project-User-worker-2      ] -                 INFO: 프로젝트 User 컴파일 중...
2024-03-11 21:10:33.461    INFO [Project-User-worker-1      ] -                 INFO: 프로젝트 User 컴파일 중...
2024-03-11 21:10:47.585    INFO [Project-User-worker-3      ] -                 INFO: 프로젝트 User 컴파일 중...
2024-03-11 21:11:00.209    INFO [Project-User-worker-2      ] -                 INFO: 프로젝트 User 컴파일 중...
2024-03-11 21:18:12.688    INFO [Project-User-worker-1      ] -                 INFO: 프로젝트 User 컴파일 중...
2024-03-11 21:20:00.979    INFO [Project-User-worker-3      ] -                 INFO: 프로젝트 User 컴파일 중...
2024-03-11 21:23:43.181    INFO [Project-User-worker-2      ] -                 INFO: 프로젝트 User 컴파일 중...
2024-03-11 21:26:55.903    INFO [Project-User-worker-1      ] -                 INFO: 프로젝트 User 컴파일 중...
2024-03-11 21:27:19.269    INFO [Project-User-worker-3      ] -                 INFO: 프로젝트 User 컴파일 중...
2024-03-11 21:27:31.748    INFO [Project-User-worker-2      ] -                 INFO: 프로젝트 User 컴파일 중...
2024-03-11 21:27:49.881    INFO [Project-User-worker-1      ] -                 INFO: 프로젝트 User 컴파일 중...
2024-03-11 21:34:38.874    INFO [Project-User-worker-3      ] -                 INFO: 프로젝트 User 컴파일 중...
2024-03-11 21:34:52.288    INFO [Project-User-worker-2      ] -                 INFO: 프로젝트 User 컴파일 중...
2024-03-11 21:35:02.125    INFO [Project-User-worker-1      ] -                 INFO: 프로젝트 User 컴파일 중...
2024-03-11 21:35:08.797    INFO [Project-User-worker-3      ] -                 INFO: 프로젝트 User 컴파일 중...
2024-03-11 21:35:53.555    INFO [Project-User-worker-2      ] -                 INFO: 프로젝트 User 컴파일 중...
2024-03-11 21:36:12.200    INFO [Project-User-worker-1      ] -                 INFO: 프로젝트 User 컴파일 중...
2024-03-11 21:37:01.694    INFO [Project-User-worker-3      ] -                 INFO: 프로젝트 User 컴파일 중...
2024-03-11 21:37:38.463    INFO [Project-User-worker-2      ] -                 INFO: 프로젝트 User 컴파일 중...
2024-03-11 21:38:02.428    INFO [Project-User-worker-1      ] -                 INFO: 프로젝트 User 컴파일 중...
2024-03-11 21:38:09.696    INFO [Project-User-worker-3      ] -                 INFO: 프로젝트 User 컴파일 중...
2024-03-11 21:38:38.577    INFO [Project-User-worker-2      ] -                 INFO: 프로젝트 User 컴파일 중...
2024-03-11 21:39:05.418    INFO [Project-User-worker-1      ] -                 INFO: 프로젝트 User 컴파일 중...
2024-03-11 21:41:47.121    INFO [Project-User-worker-3      ] -                 INFO: 프로젝트 User 컴파일 중...
2024-03-11 21:42:02.763    INFO [Project-User-worker-2      ] -                 INFO: 프로젝트 User 컴파일 중...
2024-03-11 21:42:16.280    INFO [Project-User-worker-1      ] -                 INFO: 프로젝트 User 컴파일 중...
2024-03-11 21:42:28.905    INFO [Project-User-worker-3      ] -                 INFO: 프로젝트 User 컴파일 중...
2024-03-11 21:42:44.921    INFO [Project-User-worker-2      ] -                 INFO: 프로젝트 User 컴파일 중...
2024-03-11 21:42:48.702    INFO [Project-User-worker-1      ] -                 INFO: 프로젝트 User 컴파일 중...
2024-03-11 21:42:51.878    INFO [Project-User-worker-3      ] -                 INFO: 프로젝트 User 컴파일 중...
2024-03-11 21:43:24.408    INFO [Project-User-worker-2      ] -                 INFO: 프로젝트 User 컴파일 중...
2024-03-11 21:43:28.906    INFO [Project-User-worker-1      ] -                 INFO: 프로젝트 User 컴파일 중...
2024-03-11 22:03:04.067    INFO [Project-User-worker-2      ] -                 INFO: 프로젝트 User 컴파일 중...
2024-03-11 22:03:04.102    INFO [Project-atten-worker-1     ] -                 INFO: 프로젝트 atten 컴파일 중...
2024-03-11 22:03:04.292    INFO [Project-admin-worker-3     ] -                 INFO: 프로젝트 admin 컴파일 중...
2024-03-11 22:03:04.800    INFO [Project-Normal-worker-2    ] -                 INFO: 프로젝트 Normal 컴파일 중...
2024-03-11 22:03:04.905    INFO [Project-chat_history-worker] -                 INFO: 프로젝트 chat_history 컴파일 중...
2024-03-11 22:03:05.068    INFO [Project-mention-worker-3   ] -                 INFO: 프로젝트 mention 컴파일 중...
2024-03-11 22:03:05.204    INFO [Project-eval-worker-1      ] -                 INFO: 프로젝트 eval 컴파일 중...
2024-03-11 22:03:05.366    INFO [Project-Me-worker-2        ] -                 INFO: 프로젝트 Me 컴파일 중...
2024-03-11 22:03:05.565    INFO [Project-sign-up-worker-2   ] -                 INFO: 프로젝트 sign-up 컴파일 중...
2024-03-11 22:03:05.796    INFO [Project-reply-worker-3     ] -                 INFO: 프로젝트 reply 컴파일 중...
2024-03-11 22:03:06.335    INFO [Project-entrance-worker-3  ] -                 INFO: 프로젝트 entrance 컴파일 중...
2024-03-11 22:03:06.368    INFO [Project-stock-worker-1     ] -                 INFO: 프로젝트 stock 컴파일 중...
2024-03-11 22:03:06.621   ERROR [Project-stock-worker-1     ] -        Project-stock: ECOMF: org.mozilla.javascript.WrappedException: Wrapped java.lang.IllegalArgumentException: Negative delay. (file:/storage/emulated/0/StarLight/modules/stock_m.js#96)
2024-03-11 22:03:06.628    INFO [Project-ASet-worker-3      ] -                 INFO: 프로젝트 ASet 컴파일 중...
2024-03-11 22:03:11.349    INFO [Project-User-worker-2      ] -                 INFO: 프로젝트 User 컴파일 중...
2024-03-11 22:03:25.098    INFO [Project-User-worker-1      ] -                 INFO: 프로젝트 User 컴파일 중...
2024-03-11 22:03:55.343    INFO [Project-User-worker-3      ] -                 INFO: 프로젝트 User 컴파일 중...
2024-03-11 22:03:59.881    INFO [Project-User-worker-2      ] -                 INFO: 프로젝트 User 컴파일 중...
2024-03-12 18:47:39.462    INFO [Project-User-worker-2      ] -                 INFO: 프로젝트 User 컴파일 중...
2024-03-12 18:59:41.508    INFO [Project-User-worker-1      ] -                 INFO: 프로젝트 User 컴파일 중...
2024-03-12 19:02:09.626    INFO [Project-User-worker-3      ] -                 INFO: 프로젝트 User 컴파일 중...
2024-03-12 19:02:44.740    INFO [Project-User-worker-2      ] -                 INFO: 프로젝트 User 컴파일 중...
2024-03-12 19:03:07.623    INFO [Project-User-worker-1      ] -                 INFO: 프로젝트 User 컴파일 중...
2024-03-12 19:03:16.189    INFO [Project-User-worker-3      ] -                 INFO: 프로젝트 User 컴파일 중...
2024-03-12 19:03:46.479    INFO [Project-User-worker-2      ] -                 INFO: 프로젝트 User 컴파일 중...
2024-03-12 19:04:19.826    INFO [Project-User-worker-1      ] -                 INFO: 프로젝트 User 컴파일 중...
2024-03-12 19:04:43.415    INFO [Project-User-worker-3      ] -                 INFO: 프로젝트 User 컴파일 중...
2024-03-12 19:06:39.367    INFO [Project-User-worker-2      ] -                 INFO: 프로젝트 User 컴파일 중...
2024-03-12 19:06:54.698    INFO [Project-User-worker-1      ] -                 INFO: 프로젝트 User 컴파일 중...
2024-03-12 19:08:35.001    INFO [Project-User-worker-3      ] -                 INFO: 프로젝트 User 컴파일 중...
2024-03-12 19:08:54.039    INFO [Project-User-worker-2      ] -                 INFO: 프로젝트 User 컴파일 중...
2024-03-12 19:11:41.450    INFO [Project-User-worker-1      ] -                 INFO: 프로젝트 User 컴파일 중...
2024-03-12 19:11:56.507    INFO [Project-User-worker-3      ] -                 INFO: 프로젝트 User 컴파일 중...
2024-03-12 19:12:16.417    INFO [Project-User-worker-2      ] -                 INFO: 프로젝트 User 컴파일 중...
2024-03-12 19:13:01.161    INFO [Project-User-worker-1      ] -                 INFO: 프로젝트 User 컴파일 중...
2024-03-12 19:13:10.757    INFO [Project-User-worker-3      ] -                 INFO: 프로젝트 User 컴파일 중...
2024-03-12 19:13:50.687    INFO [Project-User-worker-2      ] -                 INFO: 프로젝트 User 컴파일 중...
2024-03-12 19:14:31.894    INFO [Project-User-worker-1      ] -                 INFO: 프로젝트 User 컴파일 중...
2024-03-12 19:14:45.482    INFO [Project-User-worker-3      ] -                 INFO: 프로젝트 User 컴파일 중...
2024-03-12 19:14:49.793    INFO [Project-User-worker-2      ] -                 INFO: 프로젝트 User 컴파일 중...
2024-03-12 19:14:57.426    INFO [Project-User-worker-1      ] -                 INFO: 프로젝트 User 컴파일 중...
2024-03-12 19:15:06.294    INFO [Project-User-worker-3      ] -                 INFO: 프로젝트 User 컴파일 중...
2024-03-12 19:15:20.549    INFO [Project-User-worker-2      ] -                 INFO: 프로젝트 User 컴파일 중...
2024-03-12 19:16:17.118    INFO [Project-User-worker-1      ] -                 INFO: 프로젝트 User 컴파일 중...
2024-03-12 19:16:31.175    INFO [Project-User-worker-3      ] -                 INFO: 프로젝트 User 컴파일 중...
2024-03-12 19:19:51.464    INFO [Project-User-worker-1      ] -                 INFO: 프로젝트 User 컴파일 중...
2024-03-12 19:22:01.486    INFO [Project-User-worker-3      ] -                 INFO: 프로젝트 User 컴파일 중...
2024-03-12 19:26:39.541    INFO [Project-User-worker-1      ] -                 INFO: 프로젝트 User 컴파일 중...
2024-03-12 19:30:21.979    INFO [Project-User-worker-2      ] -                 INFO: 프로젝트 User 컴파일 중...
2024-03-12 19:32:59.965    INFO [Project-User-worker-3      ] -                 INFO: 프로젝트 User 컴파일 중...
2024-03-12 19:33:31.767    INFO [Project-User-worker-1      ] -                 INFO: 프로젝트 User 컴파일 중...
2024-03-12 19:34:53.234    INFO [Project-User-worker-2      ] -                 INFO: 프로젝트 User 컴파일 중...
2024-03-12 19:37:27.070    INFO [Project-User-worker-3      ] -                 INFO: 프로젝트 User 컴파일 중...
2024-03-12 19:37:44.133    INFO [Project-User-worker-1      ] -                 INFO: 프로젝트 User 컴파일 중...
2024-03-12 19:38:55.691    INFO [Project-User-worker-2      ] -                 INFO: 프로젝트 User 컴파일 중...
2024-03-12 19:39:10.550    INFO [Project-User-worker-3      ] -                 INFO: 프로젝트 User 컴파일 중...
2024-03-12 19:39:52.484    INFO [Project-User-worker-1      ] -                 INFO: 프로젝트 User 컴파일 중...
2024-03-12 19:40:00.267    INFO [Project-User-worker-2      ] -                 INFO: 프로젝트 User 컴파일 중...
2024-03-12 19:40:19.148    INFO [Project-User-worker-3      ] -                 INFO: 프로젝트 User 컴파일 중...
2024-03-12 19:41:02.123    INFO [Project-User-worker-1      ] -                 INFO: 프로젝트 User 컴파일 중...
2024-03-12 19:41:57.995    INFO [Project-User-worker-2      ] -                 INFO: 프로젝트 User 컴파일 중...
2024-03-12 19:42:05.346    INFO [Project-User-worker-3      ] -                 INFO: 프로젝트 User 컴파일 중...
2024-03-12 19:42:10.863    INFO [Project-User-worker-1      ] -                 INFO: 프로젝트 User 컴파일 중...
2024-03-12 19:42:13.766    INFO [Project-User-worker-2      ] -                 INFO: 프로젝트 User 컴파일 중...
2024-03-12 20:30:49.436    INFO [Project-User-worker-3      ] -                 INFO: 프로젝트 User 컴파일 중...
2024-03-12 20:31:06.203    INFO [Project-User-worker-1      ] -                 INFO: 프로젝트 User 컴파일 중...
2024-03-12 20:38:11.405    INFO [Project-User-worker-2      ] -                 INFO: 프로젝트 User 컴파일 중...
2024-03-12 20:38:58.175    INFO [Project-User-worker-1      ] -                 INFO: 프로젝트 User 컴파일 중...
2024-03-12 20:38:58.203    INFO [Project-atten-worker-1     ] -                 INFO: 프로젝트 atten 컴파일 중...
2024-03-12 20:38:58.371    INFO [Project-admin-worker-3     ] -                 INFO: 프로젝트 admin 컴파일 중...
2024-03-12 20:38:58.704    INFO [Project-Normal-worker-1    ] -                 INFO: 프로젝트 Normal 컴파일 중...
2024-03-12 20:38:58.847    INFO [Project-chat_history-worker] -                 INFO: 프로젝트 chat_history 컴파일 중...
2024-03-12 20:38:59.049    INFO [Project-mention-worker-3   ] -                 INFO: 프로젝트 mention 컴파일 중...
2024-03-12 20:38:59.336    INFO [Project-eval-worker-1      ] -                 INFO: 프로젝트 eval 컴파일 중...
2024-03-12 20:38:59.475    INFO [Project-Me-worker-2        ] -                 INFO: 프로젝트 Me 컴파일 중...
2024-03-12 20:38:59.668    INFO [Project-sign-up-worker-2   ] -                 INFO: 프로젝트 sign-up 컴파일 중...
2024-03-12 20:38:59.840    INFO [Project-reply-worker-3     ] -                 INFO: 프로젝트 reply 컴파일 중...
2024-03-12 20:39:00.275    INFO [Project-entrance-worker-3  ] -                 INFO: 프로젝트 entrance 컴파일 중...
2024-03-12 20:39:00.311    INFO [Project-stock-worker-3     ] -                 INFO: 프로젝트 stock 컴파일 중...
2024-03-12 20:39:00.784    INFO [Project-ASet-worker-3      ] -                 INFO: 프로젝트 ASet 컴파일 중...
2024-03-12 20:39:33.375    INFO [Project-Normal-worker-2    ] -                 INFO: 프로젝트 Normal 컴파일 중...
2024-03-12 20:39:34.808    INFO [Project-User-worker-3      ] -                 INFO: 프로젝트 User 컴파일 중...
2024-03-12 20:39:34.900    INFO [Project-atten-worker-2     ] -                 INFO: 프로젝트 atten 컴파일 중...
2024-03-12 20:39:35.027    INFO [Project-admin-worker-2     ] -                 INFO: 프로젝트 admin 컴파일 중...
2024-03-12 20:39:35.445    INFO [Project-Normal-worker-3    ] -                 INFO: 프로젝트 Normal 컴파일 중...
2024-03-12 20:39:35.695    INFO [Project-chat_history-worker] -                 INFO: 프로젝트 chat_history 컴파일 중...
2024-03-12 20:39:35.815    INFO [Project-mention-worker-2   ] -                 INFO: 프로젝트 mention 컴파일 중...
2024-03-12 20:39:36.009    INFO [Project-eval-worker-3      ] -                 INFO: 프로젝트 eval 컴파일 중...
2024-03-12 20:39:36.163    INFO [Project-Me-worker-3        ] -                 INFO: 프로젝트 Me 컴파일 중...
2024-03-12 20:39:36.408    INFO [Project-sign-up-worker-3   ] -                 INFO: 프로젝트 sign-up 컴파일 중...
2024-03-12 20:39:36.640    INFO [Project-reply-worker-2     ] -                 INFO: 프로젝트 reply 컴파일 중...
2024-03-12 20:39:37.212    INFO [Project-entrance-worker-2  ] -                 INFO: 프로젝트 entrance 컴파일 중...
2024-03-12 20:39:37.238    INFO [Project-stock-worker-2     ] -                 INFO: 프로젝트 stock 컴파일 중...
2024-03-12 20:39:37.506    INFO [Project-ASet-worker-2      ] -                 INFO: 프로젝트 ASet 컴파일 중...
2024-03-12 20:39:48.803    INFO [Project-User-worker-1      ] -                 INFO: 프로젝트 User 컴파일 중...
2024-03-12 20:39:53.228    INFO [Project-User-worker-2      ] -                 INFO: 프로젝트 User 컴파일 중...
2024-03-12 20:40:34.636    INFO [Project-User-worker-3      ] -                 INFO: 프로젝트 User 컴파일 중...
2024-03-12 20:40:51.950    INFO [Project-User-worker-1      ] -                 INFO: 프로젝트 User 컴파일 중...
2024-03-12 20:41:53.434    INFO [Project-User-worker-2      ] -                 INFO: 프로젝트 User 컴파일 중...
2024-03-12 20:42:00.010    INFO [Project-User-worker-3      ] -                 INFO: 프로젝트 User 컴파일 중...
2024-03-12 20:42:14.666    INFO [Project-User-worker-1      ] -                 INFO: 프로젝트 User 컴파일 중...
2024-03-12 20:42:20.101    INFO [Project-User-worker-2      ] -                 INFO: 프로젝트 User 컴파일 중...
2024-03-12 20:43:54.373    INFO [Project-User-worker-1      ] -                 INFO: 프로젝트 User 컴파일 중...
2024-03-12 20:43:54.396    INFO [Project-atten-worker-3     ] -                 INFO: 프로젝트 atten 컴파일 중...
2024-03-12 20:43:54.557    INFO [Project-admin-worker-1     ] -                 INFO: 프로젝트 admin 컴파일 중...
2024-03-12 20:43:54.950    INFO [Project-Normal-worker-3    ] -                 INFO: 프로젝트 Normal 컴파일 중...
2024-03-12 20:43:55.201    INFO [Project-chat_history-worker] -                 INFO: 프로젝트 chat_history 컴파일 중...
2024-03-12 20:43:55.308    INFO [Project-mention-worker-1   ] -                 INFO: 프로젝트 mention 컴파일 중...
2024-03-12 20:43:55.515    INFO [Project-eval-worker-2      ] -                 INFO: 프로젝트 eval 컴파일 중...
2024-03-12 20:43:55.653    INFO [Project-Me-worker-1        ] -                 INFO: 프로젝트 Me 컴파일 중...
2024-03-12 20:43:55.827    INFO [Project-sign-up-worker-1   ] -                 INFO: 프로젝트 sign-up 컴파일 중...
2024-03-12 20:43:56.055    INFO [Project-reply-worker-1     ] -                 INFO: 프로젝트 reply 컴파일 중...
2024-03-12 20:43:56.651    INFO [Project-entrance-worker-1  ] -                 INFO: 프로젝트 entrance 컴파일 중...
2024-03-12 20:43:56.689    INFO [Project-stock-worker-1     ] -                 INFO: 프로젝트 stock 컴파일 중...
2024-03-12 20:43:56.965    INFO [Project-ASet-worker-1      ] -                 INFO: 프로젝트 ASet 컴파일 중...
2024-03-12 20:44:06.286    INFO [Project-User-worker-3      ] -                 INFO: 프로젝트 User 컴파일 중...
2024-03-12 20:45:32.654    INFO [Project-User-worker-1      ] -                 INFO: 프로젝트 User 컴파일 중...
2024-03-12 20:45:32.679    INFO [Project-atten-worker-2     ] -                 INFO: 프로젝트 atten 컴파일 중...
2024-03-12 20:45:32.880    INFO [Project-admin-worker-2     ] -                 INFO: 프로젝트 admin 컴파일 중...
2024-03-12 20:45:33.244    INFO [Project-Normal-worker-1    ] -                 INFO: 프로젝트 Normal 컴파일 중...
2024-03-12 20:45:33.399    INFO [Project-chat_history-worker] -                 INFO: 프로젝트 chat_history 컴파일 중...
2024-03-12 20:45:33.560    INFO [Project-mention-worker-2   ] -                 INFO: 프로젝트 mention 컴파일 중...
2024-03-12 20:45:33.763    INFO [Project-eval-worker-3      ] -                 INFO: 프로젝트 eval 컴파일 중...
2024-03-12 20:45:34.049    INFO [Project-Me-worker-3        ] -                 INFO: 프로젝트 Me 컴파일 중...
2024-03-12 20:45:34.231    INFO [Project-sign-up-worker-3   ] -                 INFO: 프로젝트 sign-up 컴파일 중...
2024-03-12 20:45:34.488    INFO [Project-reply-worker-2     ] -                 INFO: 프로젝트 reply 컴파일 중...
2024-03-12 20:45:34.867    INFO [Project-entrance-worker-2  ] -                 INFO: 프로젝트 entrance 컴파일 중...
2024-03-12 20:45:34.873    INFO [Project-stock-worker-3     ] -                 INFO: 프로젝트 stock 컴파일 중...
2024-03-12 20:45:35.140    INFO [Project-ASet-worker-2      ] -                 INFO: 프로젝트 ASet 컴파일 중...
2024-03-12 20:45:44.111   DEBUG [Project-admin-worker-1     ] -                DEBUG: {"k":"Yellu#1794","data":"{\"DVHQB\":{\"name\":\"TeamCloud Official\",\"id\":\"DVHQB\",\"hash\":-1452054483,\"date\":\"2024/2/22\",\"admin\":false,\"ban\":false,\"coin\":20,\"warn\":0,\"nickname\":[\"Stars\"],\"like\":0,\"stocks\":{},\"stars\":{\"date\":\"2024/2/22\",\"D_date\":60,\"D\":22,\"ai\":30,\"re\":2},\"etc\":[]},\"T4OE4\":{\"name\":\"hello\",\"id\":\"T4OE4\",\"hash\":2049483290,\"date\":\"2024/2/22\",\"admin\":true,\"ban\":false,\"coin\":22,\"warn\":0,\"nickname\":[\"관리자\",\"Stars\"],\"like\":0,\"stocks\":{},\"stars\":{\"date\":\"2024/2/24\",\"D_date\":60,\"D\":24,\"ai\":30,\"re\":2},\"etc\":[]},\"FU11P\":{\"name\":\"Yellu#1794\",\"id\":\"FU11P\",\"hash\":-1779026502,\"date\":\"2024/2/23\",\"admin\":true,\"ban\":false,\"coin\":1000001,\"warn\":0,\"nickname\":[\"관리자\",\"사용자\"],\"like\":0,\"stocks\":{},\"stars\":{\"date\":\"\",\"D_date\":0,\"D\":\"\",\"ai\":0,\"re\":0},\"etc\":[]}}"}
2024-03-12 20:45:44.120    INFO [Project-User-worker-3      ] -                 INFO: 프로젝트 User 컴파일 중...
2024-03-12 20:45:44.341   DEBUG [Project-ASet-worker-1      ] -                DEBUG: {"k":"Yellu#1794","data":"{\"DVHQB\":{\"name\":\"TeamCloud Official\",\"id\":\"DVHQB\",\"hash\":-1452054483,\"date\":\"2024/2/22\",\"admin\":false,\"ban\":false,\"coin\":20,\"warn\":0,\"nickname\":[\"Stars\"],\"like\":0,\"stocks\":{},\"stars\":{\"date\":\"2024/2/22\",\"D_date\":60,\"D\":22,\"ai\":30,\"re\":2},\"etc\":[]},\"T4OE4\":{\"name\":\"hello\",\"id\":\"T4OE4\",\"hash\":2049483290,\"date\":\"2024/2/22\",\"admin\":true,\"ban\":false,\"coin\":22,\"warn\":0,\"nickname\":[\"관리자\",\"Stars\"],\"like\":0,\"stocks\":{},\"stars\":{\"date\":\"2024/2/24\",\"D_date\":60,\"D\":24,\"ai\":30,\"re\":2},\"etc\":[]},\"FU11P\":{\"name\":\"Yellu#1794\",\"id\":\"FU11P\",\"hash\":-1779026502,\"date\":\"2024/2/23\",\"admin\":true,\"ban\":false,\"coin\":1000001,\"warn\":0,\"nickname\":[\"관리자\",\"사용자\"],\"like\":0,\"stocks\":{},\"stars\":{\"date\":\"\",\"D_date\":0,\"D\":\"\",\"ai\":0,\"re\":0},\"etc\":[]}}"}
2024-03-12 20:47:49.412    INFO [Project-User-worker-1      ] -                 INFO: 프로젝트 User 컴파일 중...
2024-03-12 20:47:49.442    INFO [Project-atten-worker-2     ] -                 INFO: 프로젝트 atten 컴파일 중...
2024-03-12 20:47:49.571    INFO [Project-admin-worker-2     ] -                 INFO: 프로젝트 admin 컴파일 중...
2024-03-12 20:47:49.905    INFO [Project-Normal-worker-2    ] -                 INFO: 프로젝트 Normal 컴파일 중...
2024-03-12 20:47:50.055    INFO [Project-chat_history-worker] -                 INFO: 프로젝트 chat_history 컴파일 중...
2024-03-12 20:47:50.165    INFO [Project-mention-worker-2   ] -                 INFO: 프로젝트 mention 컴파일 중...
2024-03-12 20:47:50.303    INFO [Project-eval-worker-3      ] -                 INFO: 프로젝트 eval 컴파일 중...
2024-03-12 20:47:50.437    INFO [Project-Me-worker-3        ] -                 INFO: 프로젝트 Me 컴파일 중...
2024-03-12 20:47:50.748    INFO [Project-sign-up-worker-3   ] -                 INFO: 프로젝트 sign-up 컴파일 중...
2024-03-12 20:47:50.836    INFO [Project-reply-worker-2     ] -                 INFO: 프로젝트 reply 컴파일 중...
2024-03-12 20:47:51.142    INFO [Project-entrance-worker-2  ] -                 INFO: 프로젝트 entrance 컴파일 중...
2024-03-12 20:47:51.150    INFO [Project-stock-worker-2     ] -                 INFO: 프로젝트 stock 컴파일 중...
2024-03-12 20:47:51.458    INFO [Project-ASet-worker-2      ] -                 INFO: 프로젝트 ASet 컴파일 중...
2024-03-12 20:48:00.380   DEBUG [Project-reply-worker-1     ] -                DEBUG: {"k":"Yellu#1794","data":{"DVHQB":{"name":"TeamCloud Official","id":"DVHQB","hash":-1452054483,"date":"2024/2/22","admin":false,"ban":false,"coin":20,"warn":0,"nickname":["Stars"],"like":0,"stocks":{},"stars":{"date":"2024/2/22","D_date":60,"D":22,"ai":30,"re":2},"etc":[]},"T4OE4":{"name":"hello","id":"T4OE4","hash":2049483290,"date":"2024/2/22","admin":true,"ban":false,"coin":22,"warn":0,"nickname":["관리자","Stars"],"like":0,"stocks":{},"stars":{"date":"2024/2/24","D_date":60,"D":24,"ai":30,"re":2},"etc":[]},"FU11P":{"name":"Yellu#1794","id":"FU11P","hash":-1779026502,"date":"2024/2/23","admin":true,"ban":false,"coin":1000001,"warn":0,"nickname":["관리자","사용자"],"like":0,"stocks":{},"stars":{"date":"","D_date":0,"D":"","ai":0,"re":0},"etc":[]}}}
2024-03-12 20:48:00.395   DEBUG [Project-admin-worker-1     ] -                DEBUG: {"k":"Yellu#1794","data":{"DVHQB":{"name":"TeamCloud Official","id":"DVHQB","hash":-1452054483,"date":"2024/2/22","admin":false,"ban":false,"coin":20,"warn":0,"nickname":["Stars"],"like":0,"stocks":{},"stars":{"date":"2024/2/22","D_date":60,"D":22,"ai":30,"re":2},"etc":[]},"T4OE4":{"name":"hello","id":"T4OE4","hash":2049483290,"date":"2024/2/22","admin":true,"ban":false,"coin":22,"warn":0,"nickname":["관리자","Stars"],"like":0,"stocks":{},"stars":{"date":"2024/2/24","D_date":60,"D":24,"ai":30,"re":2},"etc":[]},"FU11P":{"name":"Yellu#1794","id":"FU11P","hash":-1779026502,"date":"2024/2/23","admin":true,"ban":false,"coin":1000001,"warn":0,"nickname":["관리자","사용자"],"like":0,"stocks":{},"stars":{"date":"","D_date":0,"D":"","ai":0,"re":0},"etc":[]}}}
2024-03-12 20:48:00.414    INFO [Project-User-worker-2      ] -                 INFO: 프로젝트 User 컴파일 중...
2024-03-12 20:48:00.650   DEBUG [Project-ASet-worker-1      ] -                DEBUG: {"k":"Yellu#1794","data":{"DVHQB":{"name":"TeamCloud Official","id":"DVHQB","hash":-1452054483,"date":"2024/2/22","admin":false,"ban":false,"coin":20,"warn":0,"nickname":["Stars"],"like":0,"stocks":{},"stars":{"date":"2024/2/22","D_date":60,"D":22,"ai":30,"re":2},"etc":[]},"T4OE4":{"name":"hello","id":"T4OE4","hash":2049483290,"date":"2024/2/22","admin":true,"ban":false,"coin":22,"warn":0,"nickname":["관리자","Stars"],"like":0,"stocks":{},"stars":{"date":"2024/2/24","D_date":60,"D":24,"ai":30,"re":2},"etc":[]},"FU11P":{"name":"Yellu#1794","id":"FU11P","hash":-1779026502,"date":"2024/2/23","admin":true,"ban":false,"coin":1000001,"warn":0,"nickname":["관리자","사용자"],"like":0,"stocks":{},"stars":{"date":"","D_date":0,"D":"","ai":0,"re":0},"etc":[]}}}
2024-03-12 20:49:05.469    INFO [Project-User-worker-1      ] -                 INFO: 프로젝트 User 컴파일 중...
2024-03-12 20:49:05.493    INFO [Project-atten-worker-1     ] -                 INFO: 프로젝트 atten 컴파일 중...
2024-03-12 20:49:05.617    INFO [Project-admin-worker-3     ] -                 INFO: 프로젝트 admin 컴파일 중...
2024-03-12 20:49:05.945    INFO [Project-Normal-worker-1    ] -                 INFO: 프로젝트 Normal 컴파일 중...
2024-03-12 20:49:06.080    INFO [Project-chat_history-worker] -                 INFO: 프로젝트 chat_history 컴파일 중...
2024-03-12 20:49:06.210    INFO [Project-mention-worker-3   ] -                 INFO: 프로젝트 mention 컴파일 중...
2024-03-12 20:49:06.388    INFO [Project-eval-worker-1      ] -                 INFO: 프로젝트 eval 컴파일 중...
2024-03-12 20:49:06.573    INFO [Project-Me-worker-2        ] -                 INFO: 프로젝트 Me 컴파일 중...
2024-03-12 20:49:06.862    INFO [Project-sign-up-worker-2   ] -                 INFO: 프로젝트 sign-up 컴파일 중...
2024-03-12 20:49:07.066    INFO [Project-reply-worker-3     ] -                 INFO: 프로젝트 reply 컴파일 중...
2024-03-12 20:49:07.465    INFO [Project-entrance-worker-3  ] -                 INFO: 프로젝트 entrance 컴파일 중...
2024-03-12 20:49:07.498    INFO [Project-stock-worker-1     ] -                 INFO: 프로젝트 stock 컴파일 중...
2024-03-12 20:49:07.738    INFO [Project-ASet-worker-3      ] -                 INFO: 프로젝트 ASet 컴파일 중...
2024-03-12 20:49:13.355   DEBUG [Project-admin-worker-2     ] -                DEBUG: {"k":"Yellu#1794"}
2024-03-12 20:49:13.355   DEBUG [Project-reply-worker-2     ] -                DEBUG: {"k":"Yellu#1794"}
2024-03-12 20:49:13.360    INFO [Project-User-worker-2      ] -                 INFO: 프로젝트 User 컴파일 중...
2024-03-12 20:49:13.394   DEBUG [Project-ASet-worker-2      ] -                DEBUG: {"k":"Yellu#1794"}
2024-03-12 20:51:05.062    INFO [Project-User-worker-1      ] -                 INFO: 프로젝트 User 컴파일 중...
2024-03-12 20:51:05.087    INFO [Project-atten-worker-3     ] -                 INFO: 프로젝트 atten 컴파일 중...
2024-03-12 20:51:05.246    INFO [Project-admin-worker-1     ] -                 INFO: 프로젝트 admin 컴파일 중...
2024-03-12 20:51:05.558    INFO [Project-Normal-worker-2    ] -                 INFO: 프로젝트 Normal 컴파일 중...
2024-03-12 20:51:05.703    INFO [Project-chat_history-worker] -                 INFO: 프로젝트 chat_history 컴파일 중...
2024-03-12 20:51:05.835    INFO [Project-mention-worker-1   ] -                 INFO: 프로젝트 mention 컴파일 중...
2024-03-12 20:51:06.013    INFO [Project-eval-worker-2      ] -                 INFO: 프로젝트 eval 컴파일 중...
2024-03-12 20:51:06.244    INFO [Project-Me-worker-1        ] -                 INFO: 프로젝트 Me 컴파일 중...
2024-03-12 20:51:06.560    INFO [Project-sign-up-worker-1   ] -                 INFO: 프로젝트 sign-up 컴파일 중...
2024-03-12 20:51:06.754    INFO [Project-reply-worker-1     ] -                 INFO: 프로젝트 reply 컴파일 중...
2024-03-12 20:51:07.200    INFO [Project-entrance-worker-1  ] -                 INFO: 프로젝트 entrance 컴파일 중...
2024-03-12 20:51:07.236    INFO [Project-stock-worker-3     ] -                 INFO: 프로젝트 stock 컴파일 중...
2024-03-12 20:51:07.558    INFO [Project-ASet-worker-1      ] -                 INFO: 프로젝트 ASet 컴파일 중...
2024-03-12 20:51:17.011   DEBUG [Project-reply-worker-3     ] -                DEBUG: {"k":"Yellu#1794","i":false}
2024-03-12 20:51:17.020   DEBUG [Project-admin-worker-3     ] -                DEBUG: {"k":"Yellu#1794","i":false}
2024-03-12 20:51:17.034    INFO [Project-User-worker-2      ] -                 INFO: 프로젝트 User 컴파일 중...
2024-03-12 20:51:17.252   DEBUG [Project-ASet-worker-3      ] -                DEBUG: {"k":"Yellu#1794","i":false}
2024-03-12 20:52:09.184   DEBUG [Project-eval-worker-3      ] -                DEBUG: {"k":"Yellu#1794","i":false}
2024-03-12 20:52:09.184   DEBUG [Project-eval-worker-3      ] -                DEBUG: {"k":"Yellu#1794","i":false}
2024-03-12 20:52:09.184   DEBUG [Project-admin-worker-2     ] -                DEBUG: {"k":"Yellu#1794","i":false}
2024-03-12 20:52:09.206    INFO [Project-User-worker-3      ] -                 INFO: 프로젝트 User 컴파일 중...
2024-03-12 20:52:09.248   DEBUG [Project-ASet-worker-2      ] -                DEBUG: {"k":"Yellu#1794","i":false}
2024-03-12 20:52:19.178   DEBUG [Project-eval-worker-2      ] -                DEBUG: {"k":"Yellu#1794","i":false}
2024-03-12 20:52:19.178   DEBUG [Project-eval-worker-2      ] -                DEBUG: {"k":"Yellu#1794","i":false}
2024-03-12 20:52:19.184   DEBUG [Project-admin-worker-1     ] -                DEBUG: {"k":"Yellu#1794","i":false}
2024-03-12 20:52:19.219    INFO [Project-User-worker-1      ] -                 INFO: 프로젝트 User 컴파일 중...
2024-03-12 20:52:19.250   DEBUG [Project-ASet-worker-1      ] -                DEBUG: {"k":"Yellu#1794","i":false}
2024-03-12 20:53:15.765   DEBUG [Project-admin-worker-3     ] -                DEBUG: {"k":"Yellu#1794","i":false}
2024-03-12 20:53:15.777    INFO [Project-User-worker-2      ] -                 INFO: 프로젝트 User 컴파일 중...
2024-03-12 20:53:15.818   DEBUG [Project-ASet-worker-3      ] -                DEBUG: {"k":"Yellu#1794","i":false}
2024-03-12 20:53:35.058   DEBUG [Project-eval-worker-3      ] -                DEBUG: {"k":"Yellu#1794","i":false}
2024-03-12 20:53:35.059   DEBUG [Project-admin-worker-2     ] -                DEBUG: {"k":"Yellu#1794","i":false}
2024-03-12 20:53:35.059   DEBUG [Project-eval-worker-3      ] -                DEBUG: {"k":"Yellu#1794","i":false}
2024-03-12 20:53:35.088    INFO [Project-User-worker-3      ] -                 INFO: 프로젝트 User 컴파일 중...
2024-03-12 20:53:35.125   DEBUG [Project-ASet-worker-2      ] -                DEBUG: {"k":"Yellu#1794","i":false}
2024-03-12 20:53:50.656   DEBUG [Project-eval-worker-2      ] -                DEBUG: {"k":"Yellu#1794","i":false}
2024-03-12 20:53:50.656   DEBUG [Project-admin-worker-1     ] -                DEBUG: {"k":"Yellu#1794","i":false}
2024-03-12 20:53:50.656   DEBUG [Project-eval-worker-2      ] -                DEBUG: {"k":"Yellu#1794","i":false}
2024-03-12 20:53:50.678    INFO [Project-User-worker-1      ] -                 INFO: 프로젝트 User 컴파일 중...
2024-03-12 20:53:50.717   DEBUG [Project-ASet-worker-1      ] -                DEBUG: {"k":"Yellu#1794","i":false}
2024-03-12 20:54:05.549   DEBUG [Project-eval-worker-1      ] -                DEBUG: {"k":"Yellu#1794","i":false}
2024-03-12 20:54:05.554   DEBUG [Project-admin-worker-3     ] -                DEBUG: {"k":"Yellu#1794","i":false}
2024-03-12 20:54:05.556   DEBUG [Project-eval-worker-1      ] -                DEBUG: {"k":"Yellu#1794","i":false}
2024-03-12 20:54:05.566    INFO [Project-User-worker-2      ] -                 INFO: 프로젝트 User 컴파일 중...
2024-03-12 20:54:05.608   DEBUG [Project-ASet-worker-3      ] -                DEBUG: {"k":"Yellu#1794","i":false}
2024-03-12 20:54:15.216   DEBUG [Project-admin-worker-2     ] -                DEBUG: {"k":"Yellu#1794","i":false}
2024-03-12 20:54:15.221   DEBUG [Project-eval-worker-3      ] -                DEBUG: {"k":"Yellu#1794","i":false}
2024-03-12 20:54:15.222   DEBUG [Project-eval-worker-3      ] -                DEBUG: {"k":"Yellu#1794","i":false}
2024-03-12 20:54:15.234    INFO [Project-User-worker-3      ] -                 INFO: 프로젝트 User 컴파일 중...
2024-03-12 20:54:15.281   DEBUG [Project-ASet-worker-2      ] -                DEBUG: {"k":"Yellu#1794","i":false}
2024-03-12 20:55:48.271   DEBUG [Project-admin-worker-1     ] -                DEBUG: {"k":"Yellu#1794","i":false}
2024-03-12 20:55:48.290   DEBUG [Project-eval-worker-2      ] -                DEBUG: {"k":"Yellu#1794","i":false}
2024-03-12 20:55:48.290   DEBUG [Project-eval-worker-2      ] -                DEBUG: {"k":"Yellu#1794","i":false}
2024-03-12 20:55:48.319    INFO [Project-User-worker-1      ] -                 INFO: 프로젝트 User 컴파일 중...
2024-03-12 20:55:48.401   DEBUG [Project-ASet-worker-1      ] -                DEBUG: {"k":"Yellu#1794","i":false}
2024-03-12 20:57:51.492   DEBUG [Project-eval-worker-1      ] -                DEBUG: {"k":"Yellu#1794","i":false}
2024-03-12 20:57:51.497   DEBUG [Project-admin-worker-3     ] -                DEBUG: {"k":"Yellu#1794","i":false}
2024-03-12 20:57:51.501   DEBUG [Project-eval-worker-1      ] -                DEBUG: {"k":"Yellu#1794","i":false}
2024-03-12 20:57:51.520    INFO [Project-User-worker-2      ] -                 INFO: 프로젝트 User 컴파일 중...
2024-03-12 20:57:51.580   DEBUG [Project-ASet-worker-3      ] -                DEBUG: {"k":"Yellu#1794","i":false}
2024-03-12 20:58:42.255   DEBUG [Project-admin-worker-2     ] -                DEBUG: {"k":"Yellu#1794","i":false}
2024-03-12 20:58:42.257   DEBUG [Project-eval-worker-3      ] -                DEBUG: {"k":"Yellu#1794","i":false}
2024-03-12 20:58:42.257   DEBUG [Project-eval-worker-3      ] -                DEBUG: {"k":"Yellu#1794","i":false}
2024-03-12 20:58:42.278    INFO [Project-User-worker-3      ] -                 INFO: 프로젝트 User 컴파일 중...
2024-03-12 20:58:42.304   DEBUG [Project-ASet-worker-2      ] -                DEBUG: {"k":"Yellu#1794","i":false}
2024-03-12 20:58:56.196   DEBUG [Project-admin-worker-1     ] -                DEBUG: {"k":"Yellu#1794","i":false}
2024-03-12 20:58:56.200   DEBUG [Project-eval-worker-2      ] -                DEBUG: {"k":"Yellu#1794","i":false}
2024-03-12 20:58:56.200   DEBUG [Project-eval-worker-2      ] -                DEBUG: {"k":"Yellu#1794","i":false}
2024-03-12 20:58:56.223    INFO [Project-User-worker-1      ] -                 INFO: 프로젝트 User 컴파일 중...
2024-03-12 20:58:56.258   DEBUG [Project-ASet-worker-1      ] -                DEBUG: {"k":"Yellu#1794","i":false}
2024-03-12 20:59:51.238   DEBUG [Project-admin-worker-3     ] -                DEBUG: {"k":"Yellu#1794","i":false}
2024-03-12 20:59:51.248   DEBUG [Project-eval-worker-1      ] -                DEBUG: {"k":"Yellu#1794","i":false}
2024-03-12 20:59:51.249   DEBUG [Project-eval-worker-1      ] -                DEBUG: {"k":"Yellu#1794","i":false}
2024-03-12 20:59:51.279    INFO [Project-User-worker-2      ] -                 INFO: 프로젝트 User 컴파일 중...
2024-03-12 20:59:51.319   DEBUG [Project-ASet-worker-3      ] -                DEBUG: {"k":"Yellu#1794","i":false}
2024-03-12 21:00:01.641   DEBUG [Project-admin-worker-2     ] -                DEBUG: {"k":"Yellu#1794","i":false}
2024-03-12 21:00:01.646   DEBUG [Project-eval-worker-3      ] -                DEBUG: {"k":"Yellu#1794","i":false}
2024-03-12 21:00:01.646   DEBUG [Project-eval-worker-3      ] -                DEBUG: {"k":"Yellu#1794","i":false}
2024-03-12 21:00:01.674    INFO [Project-User-worker-3      ] -                 INFO: 프로젝트 User 컴파일 중...
2024-03-12 21:00:01.716   DEBUG [Project-ASet-worker-2      ] -                DEBUG: {"k":"Yellu#1794","i":false}
2024-03-12 21:00:56.534   DEBUG [Project-admin-worker-1     ] -                DEBUG: {"k":"Yellu#1794","i":false}
2024-03-12 21:00:56.538   DEBUG [Project-eval-worker-2      ] -                DEBUG: {"k":"Yellu#1794","i":false}
2024-03-12 21:00:56.540   DEBUG [Project-eval-worker-2      ] -                DEBUG: {"k":"Yellu#1794","i":false}
2024-03-12 21:00:56.548    INFO [Project-User-worker-1      ] -                 INFO: 프로젝트 User 컴파일 중...
2024-03-12 21:00:56.580   DEBUG [Project-ASet-worker-1      ] -                DEBUG: {"k":"Yellu#1794","i":false}
2024-03-12 21:01:12.002   DEBUG [Project-eval-worker-1      ] -                DEBUG: {"k":"Yellu#1794","i":false}
2024-03-12 21:01:12.006   DEBUG [Project-eval-worker-1      ] -                DEBUG: {"k":"Yellu#1794","i":false}
2024-03-12 21:01:12.010   DEBUG [Project-admin-worker-3     ] -                DEBUG: {"k":"Yellu#1794","i":false}
2024-03-12 21:01:12.020    INFO [Project-User-worker-2      ] -                 INFO: 프로젝트 User 컴파일 중...
2024-03-12 21:01:12.068   DEBUG [Project-ASet-worker-3      ] -                DEBUG: {"k":"Yellu#1794","i":false}
2024-03-12 21:01:21.289   DEBUG [Project-eval-worker-3      ] -                DEBUG: {"k":"Yellu#1794","i":false}
2024-03-12 21:01:21.296   DEBUG [Project-eval-worker-3      ] -                DEBUG: {"k":"Yellu#1794","i":false}
2024-03-12 21:01:21.303   DEBUG [Project-admin-worker-2     ] -                DEBUG: {"k":"Yellu#1794","i":false}
2024-03-12 21:01:21.320    INFO [Project-User-worker-3      ] -                 INFO: 프로젝트 User 컴파일 중...
2024-03-12 21:01:21.360   DEBUG [Project-ASet-worker-2      ] -                DEBUG: {"k":"Yellu#1794","i":false}
2024-03-12 21:01:41.769   DEBUG [Project-eval-worker-2      ] -                DEBUG: {"k":"Yellu#1794","i":false}
2024-03-12 21:01:41.773   DEBUG [Project-admin-worker-1     ] -                DEBUG: {"k":"Yellu#1794","i":false}
2024-03-12 21:01:41.778   DEBUG [Project-eval-worker-2      ] -                DEBUG: {"k":"Yellu#1794","i":false}
2024-03-12 21:01:41.796    INFO [Project-User-worker-1      ] -                 INFO: 프로젝트 User 컴파일 중...
2024-03-12 21:01:41.870   DEBUG [Project-ASet-worker-1      ] -                DEBUG: {"k":"Yellu#1794","i":false}
2024-03-12 21:01:56.176   DEBUG [Project-admin-worker-3     ] -                DEBUG: {"k":"Yellu#1794","i":false}
2024-03-12 21:01:56.176   DEBUG [Project-eval-worker-1      ] -                DEBUG: {"k":"Yellu#1794","i":false}
2024-03-12 21:01:56.176   DEBUG [Project-eval-worker-1      ] -                DEBUG: {"k":"Yellu#1794","i":false}
2024-03-12 21:01:56.199    INFO [Project-User-worker-2      ] -                 INFO: 프로젝트 User 컴파일 중...
2024-03-12 21:01:56.248   DEBUG [Project-ASet-worker-3      ] -                DEBUG: {"k":"Yellu#1794","i":false}
2024-03-12 21:03:11.469   DEBUG [Project-eval-worker-3      ] -                DEBUG: {"k":"Yellu#1794","i":false}
2024-03-12 21:03:11.468   DEBUG [Project-eval-worker-3      ] -                DEBUG: {"k":"Yellu#1794","i":false}
2024-03-12 21:03:11.468   DEBUG [Project-admin-worker-2     ] -                DEBUG: {"k":"Yellu#1794","i":false}
2024-03-12 21:03:11.498    INFO [Project-User-worker-3      ] -                 INFO: 프로젝트 User 컴파일 중...
2024-03-12 21:03:11.531   DEBUG [Project-ASet-worker-2      ] -                DEBUG: {"k":"Yellu#1794","i":false}
2024-03-12 21:04:59.026   DEBUG [Project-eval-worker-2      ] -                DEBUG: {"k":"Yellu#1794","i":false}
2024-03-12 21:04:59.031   DEBUG [Project-admin-worker-1     ] -                DEBUG: {"k":"Yellu#1794","i":false}
2024-03-12 21:04:59.029   DEBUG [Project-eval-worker-2      ] -                DEBUG: {"k":"Yellu#1794","i":false}
2024-03-12 21:04:59.042    INFO [Project-User-worker-1      ] -                 INFO: 프로젝트 User 컴파일 중...
2024-03-12 21:04:59.083   DEBUG [Project-ASet-worker-1      ] -                DEBUG: {"k":"Yellu#1794","i":false}
2024-03-12 21:05:22.043   DEBUG [Project-eval-worker-1      ] -                DEBUG: {"k":"Yellu#1794","i":false}
2024-03-12 21:05:22.050   DEBUG [Project-eval-worker-1      ] -                DEBUG: {"k":"Yellu#1794","i":false}
2024-03-12 21:05:22.053   DEBUG [Project-admin-worker-3     ] -                DEBUG: {"k":"Yellu#1794","i":false}
2024-03-12 21:05:22.058    INFO [Project-User-worker-2      ] -                 INFO: 프로젝트 User 컴파일 중...
2024-03-12 21:05:22.092   DEBUG [Project-ASet-worker-3      ] -                DEBUG: {"k":"Yellu#1794","i":false}
2024-03-12 21:06:30.138   DEBUG [Project-admin-worker-2     ] -                DEBUG: {"k":"Yellu#1794","i":false}
2024-03-12 21:06:30.142   DEBUG [Project-eval-worker-3      ] -                DEBUG: {"k":"Yellu#1794","i":false}
2024-03-12 21:06:30.139   DEBUG [Project-eval-worker-3      ] -                DEBUG: {"k":"Yellu#1794","i":false}
2024-03-12 21:06:30.182    INFO [Project-User-worker-3      ] -                 INFO: 프로젝트 User 컴파일 중...
2024-03-12 21:06:30.214   DEBUG [Project-ASet-worker-2      ] -                DEBUG: {"k":"Yellu#1794","i":false}
2024-03-12 21:06:40.090   DEBUG [Project-admin-worker-1     ] -                DEBUG: {"k":"Yellu#1794","i":false}
2024-03-12 21:06:40.108    INFO [Project-User-worker-1      ] -                 INFO: 프로젝트 User 컴파일 중...
2024-03-12 21:06:40.157   DEBUG [Project-ASet-worker-1      ] -                DEBUG: {"k":"Yellu#1794","i":false}
2024-03-12 21:06:51.433   DEBUG [Project-admin-worker-3     ] -                DEBUG: {"k":"Yellu#1794","i":false}
2024-03-12 21:06:51.445   DEBUG [Project-eval-worker-1      ] -                DEBUG: {"k":"Yellu#1794","i":false}
2024-03-12 21:06:51.445   DEBUG [Project-eval-worker-1      ] -                DEBUG: {"k":"Yellu#1794","i":false}
2024-03-12 21:06:51.470    INFO [Project-User-worker-2      ] -                 INFO: 프로젝트 User 컴파일 중...
2024-03-12 21:06:51.507   DEBUG [Project-ASet-worker-3      ] -                DEBUG: {"k":"Yellu#1794","i":false}
2024-03-12 21:06:55.096   DEBUG [Project-eval-worker-3      ] -                DEBUG: {"k":"Yellu#1794","i":false}
2024-03-12 21:06:55.097   DEBUG [Project-eval-worker-3      ] -                DEBUG: {"k":"Yellu#1794","i":false}
2024-03-12 21:06:55.104   DEBUG [Project-admin-worker-2     ] -                DEBUG: {"k":"Yellu#1794","i":false}
2024-03-12 21:06:55.122    INFO [Project-User-worker-3      ] -                 INFO: 프로젝트 User 컴파일 중...
2024-03-12 21:06:55.188   DEBUG [Project-ASet-worker-2      ] -                DEBUG: {"k":"Yellu#1794","i":false}
2024-03-12 21:06:58.060   DEBUG [Project-admin-worker-1     ] -                DEBUG: {"k":"Yellu#1794","i":false}
2024-03-12 21:06:58.072    INFO [Project-User-worker-1      ] -                 INFO: 프로젝트 User 컴파일 중...
2024-03-12 21:06:58.116   DEBUG [Project-ASet-worker-1      ] -                DEBUG: {"k":"Yellu#1794","i":false}
2024-03-12 21:07:21.852   DEBUG [Project-admin-worker-3     ] -                DEBUG: {"k":"Yellu#1794","i":false}
2024-03-12 21:07:21.888    INFO [Project-User-worker-2      ] -                 INFO: 프로젝트 User 컴파일 중...
2024-03-12 21:07:21.918   DEBUG [Project-ASet-worker-3      ] -                DEBUG: {"k":"Yellu#1794","i":false}
2024-03-12 21:17:56.163   DEBUG [Project-eval-worker-3      ] -                DEBUG: {"k":"Yellu#1794","i":false}
2024-03-12 21:17:56.167   DEBUG [Project-eval-worker-3      ] -                DEBUG: {"k":"Yellu#1794","i":false}
2024-03-12 21:17:56.168   DEBUG [Project-eval-worker-3      ] -                DEBUG: {"k":"Yellu#1794","i":false}
2024-03-12 21:17:56.171   DEBUG [Project-admin-worker-2     ] -                DEBUG: {"k":"Yellu#1794","i":false}
2024-03-12 21:17:56.186    INFO [Project-User-worker-3      ] -                 INFO: 프로젝트 User 컴파일 중...
2024-03-12 21:17:56.241   DEBUG [Project-ASet-worker-2      ] -                DEBUG: {"k":"Yellu#1794","i":false}
2024-03-12 21:18:06.194   DEBUG [Project-admin-worker-1     ] -                DEBUG: {"k":"Yellu#1794","i":false}
2024-03-12 21:18:06.198   DEBUG [Project-eval-worker-2      ] -                DEBUG: {"k":"Yellu#1794","i":false}
2024-03-12 21:18:06.198   DEBUG [Project-eval-worker-2      ] -                DEBUG: {"k":"Yellu#1794","i":false}
2024-03-12 21:18:06.199   DEBUG [Project-eval-worker-2      ] -                DEBUG: {"k":"Yellu#1794","i":false}
2024-03-12 21:18:06.221    INFO [Project-User-worker-1      ] -                 INFO: 프로젝트 User 컴파일 중...
2024-03-12 21:18:06.264   DEBUG [Project-ASet-worker-1      ] -                DEBUG: {"k":"Yellu#1794","i":false}
2024-03-12 21:20:23.535    INFO [Project-User-worker-3      ] -                 INFO: 프로젝트 User 컴파일 중...
2024-03-12 21:20:23.566    INFO [Project-atten-worker-1     ] -                 INFO: 프로젝트 atten 컴파일 중...
2024-03-12 21:20:23.765    INFO [Project-admin-worker-3     ] -                 INFO: 프로젝트 admin 컴파일 중...
2024-03-12 21:20:24.087    INFO [Project-Normal-worker-2    ] -                 INFO: 프로젝트 Normal 컴파일 중...
2024-03-12 21:20:24.266    INFO [Project-chat_history-worker] -                 INFO: 프로젝트 chat_history 컴파일 중...
2024-03-12 21:20:24.445    INFO [Project-mention-worker-3   ] -                 INFO: 프로젝트 mention 컴파일 중...
2024-03-12 21:20:24.683    INFO [Project-eval-worker-1      ] -                 INFO: 프로젝트 eval 컴파일 중...
2024-03-12 21:20:24.839    INFO [Project-Me-worker-2        ] -                 INFO: 프로젝트 Me 컴파일 중...
2024-03-12 21:20:25.200    INFO [Project-sign-up-worker-2   ] -                 INFO: 프로젝트 sign-up 컴파일 중...
2024-03-12 21:20:25.408    INFO [Project-reply-worker-3     ] -                 INFO: 프로젝트 reply 컴파일 중...
2024-03-12 21:20:25.736    INFO [Project-entrance-worker-3  ] -                 INFO: 프로젝트 entrance 컴파일 중...
2024-03-12 21:20:25.773    INFO [Project-stock-worker-2     ] -                 INFO: 프로젝트 stock 컴파일 중...
2024-03-12 21:20:25.989    INFO [Project-ASet-worker-3      ] -                 INFO: 프로젝트 ASet 컴파일 중...
2024-03-12 21:20:33.843    INFO [Project-User-worker-1      ] -                 INFO: 프로젝트 User 컴파일 중...
2024-03-12 21:20:37.600    INFO [Project-User-worker-2      ] -                 INFO: 프로젝트 User 컴파일 중...
2024-03-12 21:20:44.240    INFO [Project-User-worker-3      ] -                 INFO: 프로젝트 User 컴파일 중...
2024-03-12 21:20:58.059    INFO [Project-User-worker-1      ] -                 INFO: 프로젝트 User 컴파일 중...
2024-03-12 21:21:03.669    INFO [Project-User-worker-2      ] -                 INFO: 프로젝트 User 컴파일 중...
2024-03-12 21:21:38.294    INFO [Project-User-worker-3      ] -                 INFO: 프로젝트 User 컴파일 중...
2024-03-13 19:15:53.385    INFO [Project-User-worker-2      ] -                 INFO: 프로젝트 User 컴파일 중...
2024-03-13 19:15:58.247    INFO [Project-User-worker-3      ] -                 INFO: 프로젝트 User 컴파일 중...
2024-03-13 19:16:41.735    INFO [Project-User-worker-1      ] -                 INFO: 프로젝트 User 컴파일 중...
2024-03-13 20:19:10.538    INFO [Project-User-worker-2      ] -                 INFO: 프로젝트 User 컴파일 중...
