2024-04-08 19:46:38.002    INFO [main                       ] -    GlobalApplication: 포그라운드 서비스 등록 성공!
2024-04-08 19:46:38.005   DEBUG [DefaultDispatcher-worker-1 ] -   ApplicationSession: Initializing with locale KOREAN
2024-04-08 19:46:38.003    INFO [DefaultDispatcher-worker-1 ] -   ApplicationSession: 카카오톡 버전: 10.6.1
2024-04-08 19:46:38.016    WARN [DefaultDispatcher-worker-1 ] -         PluginLoader: res/raw 경로는 더 이상 사용되지 않습니다. assets 경로를 사용하세요.
2024-04-08 19:46:38.019   DEBUG [main                       ] - NotificationListener: Listener connected
2024-04-08 19:46:38.021    WARN [DefaultDispatcher-worker-1 ] -         PluginLoader: res/raw 경로는 더 이상 사용되지 않습니다. assets 경로를 사용하세요.
2024-04-08 19:46:38.050   DEBUG [DefaultDispatcher-worker-1 ] -            AwtPlugin: Testing awt class loading, color = java.awt.Color[r=0,g=0,b=0]
2024-04-08 19:46:38.169   DEBUG [DefaultDispatcher-worker-1 ] -           ApiManager: Discord Api 등록 성공
2024-04-08 19:46:38.175   DEBUG [DefaultDispatcher-worker-1 ] -        DiscordPlugin: Starting discord client with intent: MESSAGE_CONTENT, DIRECT_MESSAGES, GUILD_MESSAGES, GUILD_MEMBERS
2024-04-08 19:46:40.113    INFO [DefaultDispatcher-worker-6 ] -       SplashActivity: 기본 라이브러리 로드중…
2024-04-08 19:46:40.112    INFO [DefaultDispatcher-worker-1 ] -        DiscordPlugin: 디스코드 클라이언트 시작 성공! [디코서버 도우미]Eric#0937 로 로그인했어요.
2024-04-08 19:46:40.131   DEBUG [DefaultDispatcher-worker-1 ] -           ApiManager: Env Api 등록 성공
2024-04-08 19:46:40.131   DEBUG [DefaultDispatcher-worker-1 ] -           ApiManager: LanguageManager Api 등록 성공
2024-04-08 19:46:40.131   DEBUG [DefaultDispatcher-worker-1 ] -           ApiManager: Log Api 등록 성공
2024-04-08 19:46:40.131   DEBUG [DefaultDispatcher-worker-1 ] -           ApiManager: ProjectManager Api 등록 성공
2024-04-08 19:46:40.131   DEBUG [DefaultDispatcher-worker-1 ] -           ApiManager: Notification Api 등록 성공
2024-04-08 19:46:40.132   DEBUG [DefaultDispatcher-worker-1 ] -           ApiManager: EventEmitter Api 등록 성공
2024-04-08 19:46:40.132   DEBUG [DefaultDispatcher-worker-1 ] -           ApiManager: Utils Api 등록 성공
2024-04-08 19:46:40.131   DEBUG [DefaultDispatcher-worker-1 ] -           ApiManager: Java Api 등록 성공
2024-04-08 19:46:40.131   DEBUG [DefaultDispatcher-worker-1 ] -           ApiManager: PluginManager Api 등록 성공
2024-04-08 19:46:40.132   DEBUG [DefaultDispatcher-worker-1 ] -           ApiManager: Api Api 등록 성공
2024-04-08 19:46:40.132   DEBUG [DefaultDispatcher-worker-1 ] -           ApiManager: Bridge Api 등록 성공
2024-04-08 19:46:40.132   DEBUG [DefaultDispatcher-worker-1 ] -           ApiManager: FileStream Api 등록 성공
2024-04-08 19:46:40.132   DEBUG [DefaultDispatcher-worker-1 ] -           ApiManager: DataBase Api 등록 성공
2024-04-08 19:46:40.132   DEBUG [DefaultDispatcher-worker-1 ] -           ApiManager: Device Api 등록 성공
2024-04-08 19:46:40.132   DEBUG [DefaultDispatcher-worker-1 ] -           ApiManager: App Api 등록 성공
2024-04-08 19:46:40.132   DEBUG [DefaultDispatcher-worker-1 ] -           ApiManager: Broadcast Api 등록 성공
2024-04-08 19:46:40.135    INFO [DefaultDispatcher-worker-5 ] -       SplashActivity: 프로젝트 로드중…
2024-04-08 19:46:40.344    INFO [Project-User-worker-1      ] -                 INFO: 프로젝트 User 컴파일 중...
2024-04-08 19:46:40.404    INFO [Project-atten-worker-1     ] -                 INFO: 프로젝트 atten 컴파일 중...
2024-04-08 19:46:40.589    INFO [Project-admin-worker-1     ] -                 INFO: 프로젝트 admin 컴파일 중...
2024-04-08 19:46:41.015    INFO [Project-Normal-worker-1    ] -                 INFO: 프로젝트 Normal 컴파일 중...
2024-04-08 19:46:41.251    INFO [Project-chat_history-worker] -                 INFO: 프로젝트 chat_history 컴파일 중...
2024-04-08 19:46:41.407    INFO [Project-mention-worker-1   ] -                 INFO: 프로젝트 mention 컴파일 중...
2024-04-08 19:46:41.605    INFO [Project-eval-worker-1      ] -                 INFO: 프로젝트 eval 컴파일 중...
2024-04-08 19:46:41.866    INFO [Project-Me-worker-1        ] -                 INFO: 프로젝트 Me 컴파일 중...
2024-04-08 19:46:42.136    INFO [Project-Discord-worker-1   ] -                 INFO: 프로젝트 Discord 컴파일 중...
2024-04-08 19:46:42.289    INFO [Project-sign-up-worker-1   ] -                 INFO: 프로젝트 sign-up 컴파일 중...
2024-04-08 19:46:42.561    INFO [Project-reply-worker-1     ] -                 INFO: 프로젝트 reply 컴파일 중...
2024-04-08 19:46:43.008    INFO [Project-entrance-worker-1  ] -                 INFO: 프로젝트 entrance 컴파일 중...
2024-04-08 19:46:43.038    INFO [Project-ASet-worker        ] -                 INFO: 프로젝트 ASet 컴파일 중...
2024-04-08 19:46:43.231    INFO [DefaultDispatcher-worker-1 ] -               System: | Project ✦ StarLight |
Running PluginCore v0.2.0
2024-04-08 19:46:47.742    INFO [Project-stock-worker-1     ] -                 INFO: 프로젝트 stock 컴파일 중...
2024-04-08 19:46:48.042   DEBUG [Project-stock-worker-1     ] -                DEBUG: undefined
2024-04-08 19:46:56.340    INFO [Project-stock-worker-1     ] -                 INFO: 프로젝트 stock 컴파일 중...
2024-04-08 19:46:56.753   DEBUG [Project-stock-worker-1     ] -                DEBUG: undefined
2024-04-08 19:47:06.419    INFO [Project-ASet-worker        ] -                 INFO: ASet[Start]
2024-04-08 19:47:06.429    INFO [Project-ASet-worker        ] -                 INFO: ASet[Success]
2024-04-08 19:47:06.429    INFO [Project-ASet-worker        ] -                 INFO: ASet[Start]
2024-04-08 19:47:06.430    INFO [Project-ASet-worker        ] -                 INFO: ASet[Success]
2024-04-08 19:47:06.430    INFO [Project-ASet-worker        ] -                 INFO: ASet[Start]
2024-04-08 19:47:06.430    INFO [Project-ASet-worker        ] -                 INFO: ASet[Success]
2024-04-08 19:47:06.430    INFO [Project-ASet-worker        ] -                 INFO: ASet[Start]
2024-04-08 19:47:06.430    INFO [Project-ASet-worker        ] -                 INFO: ASet[Success]
2024-04-08 19:47:22.551    INFO [Project-ASet-worker        ] -                 INFO: ASet[Success]
2024-04-08 19:47:22.550    INFO [Project-ASet-worker        ] -                 INFO: ASet[Start]
2024-04-08 19:47:22.552    INFO [Project-ASet-worker        ] -                 INFO: ASet[Start]
2024-04-08 19:47:22.554    INFO [Project-ASet-worker        ] -                 INFO: ASet[Start]
2024-04-08 19:47:22.553    INFO [Project-ASet-worker        ] -                 INFO: ASet[Success]
2024-04-08 19:47:22.555    INFO [Project-ASet-worker        ] -                 INFO: ASet[Start]
2024-04-08 19:47:22.554    INFO [Project-ASet-worker        ] -                 INFO: ASet[Success]
2024-04-08 19:47:22.555    INFO [Project-ASet-worker        ] -                 INFO: ASet[Success]
2024-04-08 19:57:36.784    INFO [Project-ASet-worker        ] -                 INFO: ASet[Start]
2024-04-08 19:57:36.786    INFO [Project-ASet-worker        ] -                 INFO: ASet[Success]
2024-04-08 19:57:36.787    INFO [Project-ASet-worker        ] -                 INFO: ASet[Start]
2024-04-08 19:57:36.787    INFO [Project-ASet-worker        ] -                 INFO: ASet[Success]
2024-04-08 19:57:36.788    INFO [Project-ASet-worker        ] -                 INFO: ASet[Start]
2024-04-08 19:57:36.793    INFO [Project-ASet-worker        ] -                 INFO: ASet[Success]
2024-04-08 19:57:36.794    INFO [Project-ASet-worker        ] -                 INFO: ASet[Start]
2024-04-08 19:57:36.794    INFO [Project-ASet-worker        ] -                 INFO: ASet[Success]
2024-04-08 19:57:54.046    INFO [Project-ASet-worker        ] -                 INFO: ASet[Start]
2024-04-08 19:57:54.049    INFO [Project-ASet-worker        ] -                 INFO: ASet[Success]
2024-04-08 19:57:54.050    INFO [Project-ASet-worker        ] -                 INFO: ASet[Start]
2024-04-08 19:57:54.053    INFO [Project-ASet-worker        ] -                 INFO: ASet[Success]
2024-04-08 19:57:54.053    INFO [Project-ASet-worker        ] -                 INFO: ASet[Start]
2024-04-08 19:57:54.054    INFO [Project-ASet-worker        ] -                 INFO: ASet[Success]
2024-04-08 19:57:54.054    INFO [Project-ASet-worker        ] -                 INFO: ASet[Start]
2024-04-08 19:57:54.055    INFO [Project-ASet-worker        ] -                 INFO: ASet[Success]
2024-04-08 19:57:54.059    INFO [Project-stock-worker-3     ] -                 INFO: stock_m[data]
{"name":"Yellu#1794","id":"FU11P","hash":-1779026502,"date":"2024/2/23","admin":true,"ban":false,"coin":133904.5407,"warn":0,"nickname":["관리자","사용자"],"like":3,"stocks":{"TCSE":2},"stars":{"date":"","D_date":0,"D":"","ai":0,"re":0},"etc":[]}
2024-04-08 19:58:09.881    INFO [Project-ASet-worker        ] -                 INFO: ASet[Success]
2024-04-08 19:58:09.881    INFO [Project-ASet-worker        ] -                 INFO: ASet[Start]
2024-04-08 19:58:09.882    INFO [Project-ASet-worker        ] -                 INFO: ASet[Success]
2024-04-08 19:58:09.882    INFO [Project-ASet-worker        ] -                 INFO: ASet[Start]
2024-04-08 19:58:09.882    INFO [Project-ASet-worker        ] -                 INFO: ASet[Start]
2024-04-08 19:58:09.882    INFO [Project-ASet-worker        ] -                 INFO: ASet[Success]
2024-04-08 19:58:09.881    INFO [Project-ASet-worker        ] -                 INFO: ASet[Start]
2024-04-08 19:58:09.882    INFO [Project-ASet-worker        ] -                 INFO: ASet[Success]
2024-04-08 19:58:27.115    INFO [Project-ASet-worker        ] -                 INFO: ASet[Start]
2024-04-08 19:58:27.123    INFO [Project-ASet-worker        ] -                 INFO: ASet[Success]
2024-04-08 19:58:27.124    INFO [Project-ASet-worker        ] -                 INFO: ASet[Start]
2024-04-08 19:58:27.126    INFO [Project-ASet-worker        ] -                 INFO: ASet[Success]
2024-04-08 19:58:27.127    INFO [Project-ASet-worker        ] -                 INFO: ASet[Start]
2024-04-08 19:58:27.127    INFO [Project-ASet-worker        ] -                 INFO: ASet[Success]
2024-04-08 19:58:27.128    INFO [Project-ASet-worker        ] -                 INFO: ASet[Start]
2024-04-08 19:58:27.129    INFO [Project-ASet-worker        ] -                 INFO: ASet[Success]
2024-04-08 20:00:37.795    INFO [Project-User-worker-1      ] -                 INFO: 프로젝트 User 컴파일 중...
2024-04-08 20:00:37.835    INFO [Project-atten-worker-2     ] -                 INFO: 프로젝트 atten 컴파일 중...
2024-04-08 20:00:38.076    INFO [Project-admin-worker-3     ] -                 INFO: 프로젝트 admin 컴파일 중...
2024-04-08 20:00:38.699    INFO [Project-Normal-worker-1    ] -                 INFO: 프로젝트 Normal 컴파일 중...
2024-04-08 20:00:38.939    INFO [Project-chat_history-worker] -                 INFO: 프로젝트 chat_history 컴파일 중...
2024-04-08 20:00:39.107    INFO [Project-mention-worker-3   ] -                 INFO: 프로젝트 mention 컴파일 중...
2024-04-08 20:00:39.469    INFO [Project-eval-worker-2      ] -                 INFO: 프로젝트 eval 컴파일 중...
2024-04-08 20:00:39.761    INFO [Project-Me-worker-3        ] -                 INFO: 프로젝트 Me 컴파일 중...
2024-04-08 20:00:40.043    INFO [Project-Discord-worker-3   ] -                 INFO: 프로젝트 Discord 컴파일 중...
2024-04-08 20:00:40.378    INFO [Project-sign-up-worker-3   ] -                 INFO: 프로젝트 sign-up 컴파일 중...
2024-04-08 20:00:40.534    INFO [Project-reply-worker-3     ] -                 INFO: 프로젝트 reply 컴파일 중...
2024-04-08 20:00:41.020    INFO [Project-entrance-worker-3  ] -                 INFO: 프로젝트 entrance 컴파일 중...
2024-04-08 20:00:41.029    INFO [Project-stock-worker-1     ] -                 INFO: 프로젝트 stock 컴파일 중...
2024-04-08 20:00:41.422   DEBUG [Project-stock-worker-1     ] -                DEBUG: undefined
2024-04-08 20:00:41.426    INFO [Project-ASet-worker        ] -                 INFO: 프로젝트 ASet 컴파일 중...
2024-04-08 20:06:52.743    INFO [Project-ASet-worker        ] -                 INFO: ASet[Start] 대상 ID:DVHQB
2024-04-08 20:06:52.783    INFO [Project-ASet-worker        ] -                 INFO: ASet[Success]
2024-04-08 20:06:52.787    INFO [Project-ASet-worker        ] -                 INFO: ASet[Start] 대상 ID:T4OE4
2024-04-08 20:06:52.790    INFO [Project-ASet-worker        ] -                 INFO: ASet[Success]
2024-04-08 20:06:52.791    INFO [Project-ASet-worker        ] -                 INFO: ASet[Start] 대상 ID:FU11P
2024-04-08 20:06:52.795    INFO [Project-ASet-worker        ] -                 INFO: ASet[Success]
2024-04-08 20:06:52.797    INFO [Project-ASet-worker        ] -                 INFO: ASet[Start] 대상 ID:ZA6CT
2024-04-08 20:06:52.800    INFO [Project-ASet-worker        ] -                 INFO: ASet[Success]
2024-04-08 20:11:31.601    INFO [Project-ASet-worker        ] -                 INFO: ASet[Start] 대상 ID:DVHQB
2024-04-08 20:11:31.617    INFO [Project-ASet-worker        ] -                 INFO: ASet[Success]
2024-04-08 20:11:31.626    INFO [Project-ASet-worker        ] -                 INFO: ASet[Start] 대상 ID:T4OE4
2024-04-08 20:11:31.627    INFO [Project-ASet-worker        ] -                 INFO: ASet[Success]
2024-04-08 20:11:31.633    INFO [Project-ASet-worker        ] -                 INFO: ASet[Start] 대상 ID:FU11P
2024-04-08 20:11:31.634    INFO [Project-ASet-worker        ] -                 INFO: ASet[Success]
2024-04-08 20:11:31.635    INFO [Project-ASet-worker        ] -                 INFO: ASet[Start] 대상 ID:ZA6CT
2024-04-08 20:11:31.636    INFO [Project-ASet-worker        ] -                 INFO: ASet[Success]
2024-04-08 20:12:11.582    INFO [Project-ASet-worker        ] -                 INFO: ASet[Start] 대상 ID:DVHQB
2024-04-08 20:12:11.584    INFO [Project-ASet-worker        ] -                 INFO: ASet[Success]
2024-04-08 20:12:11.586    INFO [Project-ASet-worker        ] -                 INFO: ASet[Start] 대상 ID:T4OE4
2024-04-08 20:12:11.588    INFO [Project-ASet-worker        ] -                 INFO: ASet[Start] 대상 ID:FU11P
2024-04-08 20:12:11.587    INFO [Project-ASet-worker        ] -                 INFO: ASet[Success]
2024-04-08 20:12:11.593    INFO [Project-ASet-worker        ] -                 INFO: ASet[Success]
2024-04-08 20:12:11.599    INFO [Project-ASet-worker        ] -                 INFO: ASet[Start] 대상 ID:ZA6CT
2024-04-08 20:12:11.603    INFO [Project-ASet-worker        ] -                 INFO: ASet[Success]
2024-04-08 20:12:11.611    INFO [Project-stock-worker-1     ] -                 INFO: stock_m[data]
{"name":"Yellu#1794","id":"FU11P","hash":-1779026502,"date":"2024/2/23","admin":true,"ban":false,"coin":140910.5407,"warn":0,"nickname":["관리자","사용자"],"like":3,"stocks":{"TCSE":0},"stars":{"date":"","D_date":0,"D":"","ai":0,"re":0},"etc":[]}
2024-04-08 20:12:23.644    INFO [Project-ASet-worker        ] -                 INFO: ASet[Success]
2024-04-08 20:12:23.627    INFO [Project-ASet-worker        ] -                 INFO: ASet[Start] 대상 ID:DVHQB
2024-04-08 20:12:23.629    INFO [Project-ASet-worker        ] -                 INFO: ASet[Success]
2024-04-08 20:12:23.630    INFO [Project-ASet-worker        ] -                 INFO: ASet[Start] 대상 ID:T4OE4
2024-04-08 20:12:23.632    INFO [Project-ASet-worker        ] -                 INFO: ASet[Success]
2024-04-08 20:12:23.635    INFO [Project-ASet-worker        ] -                 INFO: ASet[Start] 대상 ID:FU11P
2024-04-08 20:12:23.641    INFO [Project-ASet-worker        ] -                 INFO: ASet[Success]
2024-04-08 20:12:23.643    INFO [Project-ASet-worker        ] -                 INFO: ASet[Start] 대상 ID:ZA6CT
2024-04-08 20:12:35.501    INFO [Project-ASet-worker        ] -                 INFO: ASet[Start] 대상 ID:DVHQB
2024-04-08 20:12:35.509    INFO [Project-ASet-worker        ] -                 INFO: ASet[Success]
2024-04-08 20:12:35.517    INFO [Project-ASet-worker        ] -                 INFO: ASet[Start] 대상 ID:T4OE4
2024-04-08 20:12:35.526    INFO [Project-ASet-worker        ] -                 INFO: ASet[Success]
2024-04-08 20:12:35.532    INFO [Project-ASet-worker        ] -                 INFO: ASet[Start] 대상 ID:FU11P
2024-04-08 20:12:35.537    INFO [Project-ASet-worker        ] -                 INFO: ASet[Success]
2024-04-08 20:12:35.539    INFO [Project-ASet-worker        ] -                 INFO: ASet[Start] 대상 ID:ZA6CT
2024-04-08 20:12:35.545    INFO [Project-ASet-worker        ] -                 INFO: ASet[Success]
2024-04-08 20:12:42.588    INFO [Project-ASet-worker        ] -                 INFO: ASet[Start] 대상 ID:DVHQB
2024-04-08 20:12:42.590    INFO [Project-ASet-worker        ] -                 INFO: ASet[Success]
2024-04-08 20:12:42.596    INFO [Project-ASet-worker        ] -                 INFO: ASet[Start] 대상 ID:T4OE4
2024-04-08 20:12:42.600    INFO [Project-ASet-worker        ] -                 INFO: ASet[Success]
2024-04-08 20:12:42.602    INFO [Project-ASet-worker        ] -                 INFO: ASet[Start] 대상 ID:FU11P
2024-04-08 20:12:42.603    INFO [Project-ASet-worker        ] -                 INFO: ASet[Success]
2024-04-08 20:12:42.606    INFO [Project-ASet-worker        ] -                 INFO: ASet[Start] 대상 ID:ZA6CT
2024-04-08 20:12:42.608    INFO [Project-ASet-worker        ] -                 INFO: ASet[Success]
2024-04-08 20:12:53.037    INFO [Project-ASet-worker        ] -                 INFO: ASet[Start] 대상 ID:DVHQB
2024-04-08 20:12:53.038    INFO [Project-ASet-worker        ] -                 INFO: ASet[Success]
2024-04-08 20:12:53.046    INFO [Project-ASet-worker        ] -                 INFO: ASet[Success]
2024-04-08 20:12:53.039    INFO [Project-ASet-worker        ] -                 INFO: ASet[Start] 대상 ID:T4OE4
2024-04-08 20:12:53.042    INFO [Project-ASet-worker        ] -                 INFO: ASet[Success]
2024-04-08 20:12:53.043    INFO [Project-ASet-worker        ] -                 INFO: ASet[Start] 대상 ID:FU11P
2024-04-08 20:12:53.044    INFO [Project-ASet-worker        ] -                 INFO: ASet[Success]
2024-04-08 20:12:53.045    INFO [Project-ASet-worker        ] -                 INFO: ASet[Start] 대상 ID:ZA6CT
2024-04-08 20:13:01.169    INFO [Project-ASet-worker        ] -                 INFO: ASet[Start] 대상 ID:DVHQB
2024-04-08 20:13:01.174    INFO [Project-ASet-worker        ] -                 INFO: ASet[Start] 대상 ID:FU11P
2024-04-08 20:13:01.170    INFO [Project-ASet-worker        ] -                 INFO: ASet[Success]
2024-04-08 20:13:01.172    INFO [Project-ASet-worker        ] -                 INFO: ASet[Start] 대상 ID:T4OE4
2024-04-08 20:13:01.173    INFO [Project-ASet-worker        ] -                 INFO: ASet[Success]
2024-04-08 20:13:01.176    INFO [Project-ASet-worker        ] -                 INFO: ASet[Success]
2024-04-08 20:13:01.185    INFO [Project-ASet-worker        ] -                 INFO: ASet[Start] 대상 ID:ZA6CT
2024-04-08 20:13:01.187    INFO [Project-ASet-worker        ] -                 INFO: ASet[Success]
2024-04-08 20:27:40.784    INFO [Project-ASet-worker        ] -                 INFO: ASet[Start] 대상 ID:DVHQB
2024-04-08 20:27:40.798    INFO [Project-ASet-worker        ] -                 INFO: ASet[Success]
2024-04-08 20:27:40.799    INFO [Project-ASet-worker        ] -                 INFO: ASet[Start] 대상 ID:T4OE4
2024-04-08 20:27:40.802    INFO [Project-ASet-worker        ] -                 INFO: ASet[Success]
2024-04-08 20:27:40.808    INFO [Project-ASet-worker        ] -                 INFO: ASet[Start] 대상 ID:FU11P
2024-04-08 20:27:40.819    INFO [Project-ASet-worker        ] -                 INFO: ASet[Success]
2024-04-08 20:27:40.809    INFO [Project-ASet-worker        ] -                 INFO: ASet[Success]
2024-04-08 20:27:40.818    INFO [Project-ASet-worker        ] -                 INFO: ASet[Start] 대상 ID:ZA6CT
2024-04-08 20:28:17.055    INFO [Project-ASet-worker        ] -                 INFO: ASet[Start] 대상 ID:DVHQB
2024-04-08 20:28:17.076    INFO [Project-ASet-worker        ] -                 INFO: ASet[Success]
2024-04-08 20:28:17.079    INFO [Project-ASet-worker        ] -                 INFO: ASet[Start] 대상 ID:T4OE4
2024-04-08 20:28:17.085    INFO [Project-ASet-worker        ] -                 INFO: ASet[Success]
2024-04-08 20:28:17.109    INFO [Project-ASet-worker        ] -                 INFO: ASet[Success]
2024-04-08 20:28:17.107    INFO [Project-ASet-worker        ] -                 INFO: ASet[Start] 대상 ID:FU11P
2024-04-08 20:28:17.122    INFO [Project-ASet-worker        ] -                 INFO: ASet[Start] 대상 ID:ZA6CT
2024-04-08 20:28:17.140    INFO [Project-ASet-worker        ] -                 INFO: ASet[Success]
2024-04-08 20:28:29.178    INFO [Project-ASet-worker        ] -                 INFO: ASet[Start] 대상 ID:DVHQB
2024-04-08 20:28:29.180    INFO [Project-ASet-worker        ] -                 INFO: ASet[Start] 대상 ID:T4OE4
2024-04-08 20:28:29.179    INFO [Project-ASet-worker        ] -                 INFO: ASet[Success]
2024-04-08 20:28:29.181    INFO [Project-ASet-worker        ] -                 INFO: ASet[Success]
2024-04-08 20:28:29.184    INFO [Project-ASet-worker        ] -                 INFO: ASet[Start] 대상 ID:ZA6CT
2024-04-08 20:28:29.182    INFO [Project-ASet-worker        ] -                 INFO: ASet[Start] 대상 ID:FU11P
2024-04-08 20:28:29.183    INFO [Project-ASet-worker        ] -                 INFO: ASet[Success]
2024-04-08 20:28:29.185    INFO [Project-ASet-worker        ] -                 INFO: ASet[Success]
2024-04-08 20:28:34.231    INFO [Project-ASet-worker        ] -                 INFO: ASet[Start] 대상 ID:DVHQB
2024-04-08 20:28:34.233    INFO [Project-ASet-worker        ] -                 INFO: ASet[Start] 대상 ID:T4OE4
2024-04-08 20:28:34.232    INFO [Project-ASet-worker        ] -                 INFO: ASet[Success]
2024-04-08 20:28:34.237    INFO [Project-ASet-worker        ] -                 INFO: ASet[Success]
2024-04-08 20:28:34.242    INFO [Project-ASet-worker        ] -                 INFO: ASet[Start] 대상 ID:ZA6CT
2024-04-08 20:28:34.240    INFO [Project-ASet-worker        ] -                 INFO: ASet[Start] 대상 ID:FU11P
2024-04-08 20:28:34.241    INFO [Project-ASet-worker        ] -                 INFO: ASet[Success]
2024-04-08 20:28:34.244    INFO [Project-ASet-worker        ] -                 INFO: ASet[Success]
2024-04-08 20:28:41.560    INFO [Project-ASet-worker        ] -                 INFO: ASet[Start] 대상 ID:DVHQB
2024-04-08 20:28:41.565    INFO [Project-ASet-worker        ] -                 INFO: ASet[Success]
2024-04-08 20:28:41.566    INFO [Project-ASet-worker        ] -                 INFO: ASet[Start] 대상 ID:T4OE4
2024-04-08 20:28:41.568    INFO [Project-ASet-worker        ] -                 INFO: ASet[Success]
2024-04-08 20:28:41.570    INFO [Project-ASet-worker        ] -                 INFO: ASet[Start] 대상 ID:FU11P
2024-04-08 20:28:41.573    INFO [Project-ASet-worker        ] -                 INFO: ASet[Success]
2024-04-08 20:28:41.576    INFO [Project-ASet-worker        ] -                 INFO: ASet[Start] 대상 ID:ZA6CT
2024-04-08 20:28:41.577    INFO [Project-ASet-worker        ] -                 INFO: ASet[Success]
2024-04-08 20:29:19.730    INFO [Project-ASet-worker        ] -                 INFO: ASet[Start] 대상 ID:T4OE4
2024-04-08 20:29:19.734    INFO [Project-ASet-worker        ] -                 INFO: ASet[Start] 대상 ID:FU11P
2024-04-08 20:29:19.732    INFO [Project-ASet-worker        ] -                 INFO: ASet[Success]
2024-04-08 20:29:19.727    INFO [Project-ASet-worker        ] -                 INFO: ASet[Start] 대상 ID:DVHQB
2024-04-08 20:29:19.729    INFO [Project-ASet-worker        ] -                 INFO: ASet[Success]
2024-04-08 20:29:19.735    INFO [Project-ASet-worker        ] -                 INFO: ASet[Success]
2024-04-08 20:29:19.738    INFO [Project-ASet-worker        ] -                 INFO: ASet[Start] 대상 ID:ZA6CT
2024-04-08 20:29:19.739    INFO [Project-ASet-worker        ] -                 INFO: ASet[Success]
2024-04-08 20:29:26.152    INFO [Project-ASet-worker        ] -                 INFO: ASet[Start] 대상 ID:DVHQB
2024-04-08 20:29:26.155    INFO [Project-ASet-worker        ] -                 INFO: ASet[Start] 대상 ID:T4OE4
2024-04-08 20:29:26.154    INFO [Project-ASet-worker        ] -                 INFO: ASet[Success]
2024-04-08 20:29:26.156    INFO [Project-ASet-worker        ] -                 INFO: ASet[Success]
2024-04-08 20:29:26.157    INFO [Project-ASet-worker        ] -                 INFO: ASet[Start] 대상 ID:FU11P
2024-04-08 20:29:26.162    INFO [Project-ASet-worker        ] -                 INFO: ASet[Success]
2024-04-08 20:29:26.164    INFO [Project-ASet-worker        ] -                 INFO: ASet[Success]
2024-04-08 20:29:26.163    INFO [Project-ASet-worker        ] -                 INFO: ASet[Start] 대상 ID:ZA6CT
2024-04-08 20:32:29.320    INFO [Project-ASet-worker        ] -                 INFO: ASet[Start] 대상 ID:DVHQB
2024-04-08 20:32:29.330    INFO [Project-ASet-worker        ] -                 INFO: ASet[Start] 대상 ID:T4OE4
2024-04-08 20:32:29.329    INFO [Project-ASet-worker        ] -                 INFO: ASet[Success]
2024-04-08 20:32:29.350    INFO [Project-ASet-worker        ] -                 INFO: ASet[Start] 대상 ID:FU11P
2024-04-08 20:32:29.349    INFO [Project-ASet-worker        ] -                 INFO: ASet[Success]
2024-04-08 20:32:29.351    INFO [Project-ASet-worker        ] -                 INFO: ASet[Success]
2024-04-08 20:32:29.353    INFO [Project-ASet-worker        ] -                 INFO: ASet[Start] 대상 ID:ZA6CT
2024-04-08 20:32:29.356    INFO [Project-ASet-worker        ] -                 INFO: ASet[Success]
2024-04-08 20:39:04.683    INFO [Project-User-worker-1      ] -                 INFO: 프로젝트 User 컴파일 중...
2024-04-08 20:39:04.734    INFO [Project-atten-worker-2     ] -                 INFO: 프로젝트 atten 컴파일 중...
2024-04-08 20:39:05.072    INFO [Project-admin-worker-3     ] -                 INFO: 프로젝트 admin 컴파일 중...
2024-04-08 20:39:05.626    INFO [Project-Normal-worker-3    ] -                 INFO: 프로젝트 Normal 컴파일 중...
2024-04-08 20:39:05.828    INFO [Project-chat_history-worker] -                 INFO: 프로젝트 chat_history 컴파일 중...
2024-04-08 20:39:06.091    INFO [Project-mention-worker-3   ] -                 INFO: 프로젝트 mention 컴파일 중...
2024-04-08 20:39:06.269    INFO [Project-eval-worker-2      ] -                 INFO: 프로젝트 eval 컴파일 중...
2024-04-08 20:39:06.638    INFO [Project-Me-worker-3        ] -                 INFO: 프로젝트 Me 컴파일 중...
2024-04-08 20:39:07.007    INFO [Project-Discord-worker-3   ] -                 INFO: 프로젝트 Discord 컴파일 중...
2024-04-08 20:39:07.192    INFO [Project-sign-up-worker-3   ] -                 INFO: 프로젝트 sign-up 컴파일 중...
2024-04-08 20:39:07.473    INFO [Project-reply-worker-3     ] -                 INFO: 프로젝트 reply 컴파일 중...
2024-04-08 20:39:08.073    INFO [Project-entrance-worker-3  ] -                 INFO: 프로젝트 entrance 컴파일 중...
2024-04-08 20:39:08.108    INFO [Project-stock-worker-1     ] -                 INFO: 프로젝트 stock 컴파일 중...
2024-04-08 20:39:08.506   DEBUG [Project-stock-worker-1     ] -                DEBUG: undefined
2024-04-08 20:39:08.517    INFO [Project-ASet-worker        ] -                 INFO: 프로젝트 ASet 컴파일 중...
2024-04-08 20:50:40.827    INFO [Project-ASet-worker        ] -                 INFO: ASet[Start] 대상 ID:DVHQB
2024-04-08 20:50:40.839    INFO [Project-ASet-worker        ] -                 INFO: ASet[Success]
2024-04-08 20:50:40.829    INFO [Project-ASet-worker        ] -                 INFO: ASet[Success]
2024-04-08 20:50:40.836    INFO [Project-ASet-worker        ] -                 INFO: ASet[Start] 대상 ID:T4OE4
2024-04-08 20:50:40.837    INFO [Project-ASet-worker        ] -                 INFO: ASet[Success]
2024-04-08 20:50:40.838    INFO [Project-ASet-worker        ] -                 INFO: ASet[Start] 대상 ID:FU11P
2024-04-08 20:50:40.838    INFO [Project-ASet-worker        ] -                 INFO: ASet[Success]
2024-04-08 20:50:40.839    INFO [Project-ASet-worker        ] -                 INFO: ASet[Start] 대상 ID:ZA6CT
2024-04-08 20:50:49.902    INFO [Project-ASet-worker        ] -                 INFO: ASet[Start] 대상 ID:DVHQB
2024-04-08 20:50:49.910    INFO [Project-ASet-worker        ] -                 INFO: ASet[Success]
2024-04-08 20:50:49.906    INFO [Project-ASet-worker        ] -                 INFO: ASet[Success]
2024-04-08 20:50:49.909    INFO [Project-ASet-worker        ] -                 INFO: ASet[Start] 대상 ID:T4OE4
2024-04-08 20:50:49.909    INFO [Project-ASet-worker        ] -                 INFO: ASet[Success]
2024-04-08 20:50:49.910    INFO [Project-ASet-worker        ] -                 INFO: ASet[Start] 대상 ID:FU11P
2024-04-08 20:50:49.910    INFO [Project-ASet-worker        ] -                 INFO: ASet[Start] 대상 ID:ZA6CT
2024-04-08 20:50:49.910    INFO [Project-ASet-worker        ] -                 INFO: ASet[Success]
2024-04-08 20:51:01.788    INFO [Project-ASet-worker        ] -                 INFO: ASet[Start] 대상 ID:T4OE4
2024-04-08 20:51:01.787    INFO [Project-ASet-worker        ] -                 INFO: ASet[Success]
2024-04-08 20:51:01.786    INFO [Project-ASet-worker        ] -                 INFO: ASet[Start] 대상 ID:DVHQB
2024-04-08 20:51:01.793    INFO [Project-ASet-worker        ] -                 INFO: ASet[Success]
2024-04-08 20:51:01.793    INFO [Project-ASet-worker        ] -                 INFO: ASet[Start] 대상 ID:ZA6CT
2024-04-08 20:51:01.793    INFO [Project-ASet-worker        ] -                 INFO: ASet[Start] 대상 ID:FU11P
2024-04-08 20:51:01.793    INFO [Project-ASet-worker        ] -                 INFO: ASet[Success]
2024-04-08 20:51:01.794    INFO [Project-ASet-worker        ] -                 INFO: ASet[Success]
2024-04-08 20:51:30.752    INFO [Project-ASet-worker        ] -                 INFO: ASet[Start] 대상 ID:DVHQB
2024-04-08 20:51:30.755    INFO [Project-ASet-worker        ] -                 INFO: ASet[Success]
2024-04-08 20:51:30.757    INFO [Project-ASet-worker        ] -                 INFO: ASet[Start] 대상 ID:T4OE4
2024-04-08 20:51:30.760    INFO [Project-ASet-worker        ] -                 INFO: ASet[Start] 대상 ID:FU11P
2024-04-08 20:51:30.759    INFO [Project-ASet-worker        ] -                 INFO: ASet[Success]
2024-04-08 20:51:30.761    INFO [Project-ASet-worker        ] -                 INFO: ASet[Success]
2024-04-08 20:51:30.762    INFO [Project-ASet-worker        ] -                 INFO: ASet[Start] 대상 ID:ZA6CT
2024-04-08 20:51:30.762    INFO [Project-ASet-worker        ] -                 INFO: ASet[Success]
2024-04-08 20:51:37.399    INFO [Project-ASet-worker        ] -                 INFO: ASet[Start] 대상 ID:DVHQB
2024-04-08 20:51:37.402    INFO [Project-ASet-worker        ] -                 INFO: ASet[Start] 대상 ID:T4OE4
2024-04-08 20:51:37.401    INFO [Project-ASet-worker        ] -                 INFO: ASet[Success]
2024-04-08 20:51:37.403    INFO [Project-ASet-worker        ] -                 INFO: ASet[Success]
2024-04-08 20:51:37.405    INFO [Project-ASet-worker        ] -                 INFO: ASet[Start] 대상 ID:FU11P
2024-04-08 20:51:37.405    INFO [Project-ASet-worker        ] -                 INFO: ASet[Start] 대상 ID:ZA6CT
2024-04-08 20:51:37.405    INFO [Project-ASet-worker        ] -                 INFO: ASet[Success]
2024-04-08 20:51:37.406    INFO [Project-ASet-worker        ] -                 INFO: ASet[Success]
2024-04-08 20:52:29.230    INFO [Project-User-worker-1      ] -                 INFO: 프로젝트 User 컴파일 중...
2024-04-08 20:52:29.272    INFO [Project-atten-worker-2     ] -                 INFO: 프로젝트 atten 컴파일 중...
2024-04-08 20:52:29.500    INFO [Project-admin-worker-1     ] -                 INFO: 프로젝트 admin 컴파일 중...
2024-04-08 20:52:30.178    INFO [Project-Normal-worker-3    ] -                 INFO: 프로젝트 Normal 컴파일 중...
2024-04-08 20:52:30.447    INFO [Project-chat_history-worker] -                 INFO: 프로젝트 chat_history 컴파일 중...
2024-04-08 20:52:30.616    INFO [Project-mention-worker-1   ] -                 INFO: 프로젝트 mention 컴파일 중...
2024-04-08 20:52:30.967    INFO [Project-eval-worker-1      ] -                 INFO: 프로젝트 eval 컴파일 중...
2024-04-08 20:52:31.258    INFO [Project-Me-worker-1        ] -                 INFO: 프로젝트 Me 컴파일 중...
2024-04-08 20:52:31.517    INFO [Project-Discord-worker-1   ] -                 INFO: 프로젝트 Discord 컴파일 중...
2024-04-08 20:52:31.881    INFO [Project-sign-up-worker-1   ] -                 INFO: 프로젝트 sign-up 컴파일 중...
2024-04-08 20:52:32.096    INFO [Project-reply-worker-1     ] -                 INFO: 프로젝트 reply 컴파일 중...
2024-04-08 20:52:32.922    INFO [Project-entrance-worker-1  ] -                 INFO: 프로젝트 entrance 컴파일 중...
2024-04-08 20:52:32.958    INFO [Project-stock-worker-3     ] -                 INFO: 프로젝트 stock 컴파일 중...
2024-04-08 20:52:33.469   DEBUG [Project-stock-worker-3     ] -                DEBUG: undefined
2024-04-08 20:52:33.480    INFO [Project-ASet-worker        ] -                 INFO: 프로젝트 ASet 컴파일 중...
2024-04-08 20:52:40.465    INFO [Project-ASet-worker        ] -                 INFO: ASet[Start] 대상 ID:DVHQB
2024-04-08 20:52:40.475    INFO [Project-ASet-worker        ] -                 INFO: ASet[Success]
2024-04-08 20:52:40.476    INFO [Project-ASet-worker        ] -                 INFO: ASet[Start] 대상 ID:T4OE4
2024-04-08 20:52:40.478    INFO [Project-ASet-worker        ] -                 INFO: ASet[Success]
2024-04-08 20:52:40.478    INFO [Project-ASet-worker        ] -                 INFO: ASet[Start] 대상 ID:FU11P
2024-04-08 20:52:40.479    INFO [Project-ASet-worker        ] -                 INFO: ASet[Success]
2024-04-08 20:52:40.480    INFO [Project-ASet-worker        ] -                 INFO: ASet[Start] 대상 ID:ZA6CT
2024-04-08 20:52:40.481    INFO [Project-ASet-worker        ] -                 INFO: ASet[Success]
2024-04-08 20:52:51.002    INFO [Project-ASet-worker        ] -                 INFO: ASet[Start] 대상 ID:DVHQB
2024-04-08 20:52:51.005    INFO [Project-ASet-worker        ] -                 INFO: ASet[Start] 대상 ID:T4OE4
2024-04-08 20:52:51.003    INFO [Project-ASet-worker        ] -                 INFO: ASet[Success]
2024-04-08 20:52:51.007    INFO [Project-ASet-worker        ] -                 INFO: ASet[Start] 대상 ID:FU11P
2024-04-08 20:52:51.006    INFO [Project-ASet-worker        ] -                 INFO: ASet[Success]
2024-04-08 20:52:51.008    INFO [Project-ASet-worker        ] -                 INFO: ASet[Success]
2024-04-08 20:52:51.009    INFO [Project-ASet-worker        ] -                 INFO: ASet[Success]
2024-04-08 20:52:51.009    INFO [Project-ASet-worker        ] -                 INFO: ASet[Start] 대상 ID:ZA6CT
2024-04-08 20:52:53.394    INFO [Project-ASet-worker        ] -                 INFO: ASet[Start] 대상 ID:DVHQB
2024-04-08 20:52:53.395    INFO [Project-ASet-worker        ] -                 INFO: ASet[Success]
2024-04-08 20:52:53.396    INFO [Project-ASet-worker        ] -                 INFO: ASet[Start] 대상 ID:T4OE4
2024-04-08 20:52:53.401    INFO [Project-ASet-worker        ] -                 INFO: ASet[Start] 대상 ID:FU11P
2024-04-08 20:52:53.400    INFO [Project-ASet-worker        ] -                 INFO: ASet[Success]
2024-04-08 20:52:53.401    INFO [Project-ASet-worker        ] -                 INFO: ASet[Success]
2024-04-08 20:52:53.402    INFO [Project-ASet-worker        ] -                 INFO: ASet[Start] 대상 ID:ZA6CT
2024-04-08 20:52:53.402    INFO [Project-ASet-worker        ] -                 INFO: ASet[Success]
2024-04-08 20:53:00.826    INFO [Project-ASet-worker        ] -                 INFO: ASet[Start] 대상 ID:DVHQB
2024-04-08 20:53:00.831    INFO [Project-User-worker-1      ] -                 INFO: 프로젝트 User 컴파일 중...
2024-04-08 20:53:00.833    INFO [Project-ASet-worker        ] -                 INFO: ASet[Success]
2024-04-08 20:53:00.834    INFO [Project-ASet-worker        ] -                 INFO: ASet[Start] 대상 ID:T4OE4
2024-04-08 20:53:00.835    INFO [Project-ASet-worker        ] -                 INFO: ASet[Success]
2024-04-08 20:53:00.837    INFO [Project-ASet-worker        ] -                 INFO: ASet[Start] 대상 ID:ZA6CT
2024-04-08 20:53:00.836    INFO [Project-ASet-worker        ] -                 INFO: ASet[Start] 대상 ID:FU11P
2024-04-08 20:53:00.836    INFO [Project-ASet-worker        ] -                 INFO: ASet[Success]
2024-04-08 20:53:00.838    INFO [Project-ASet-worker        ] -                 INFO: ASet[Success]
2024-04-08 20:53:00.880    INFO [Project-atten-worker-1     ] -                 INFO: 프로젝트 atten 컴파일 중...
2024-04-08 20:53:01.179    INFO [Project-admin-worker-3     ] -                 INFO: 프로젝트 admin 컴파일 중...
2024-04-08 20:53:01.796    INFO [Project-Normal-worker-3    ] -                 INFO: 프로젝트 Normal 컴파일 중...
2024-04-08 20:53:02.119    INFO [Project-chat_history-worker] -                 INFO: 프로젝트 chat_history 컴파일 중...
2024-04-08 20:53:02.335    INFO [Project-mention-worker-3   ] -                 INFO: 프로젝트 mention 컴파일 중...
2024-04-08 20:53:02.675    INFO [Project-eval-worker-2      ] -                 INFO: 프로젝트 eval 컴파일 중...
2024-04-08 20:53:03.098    INFO [Project-Me-worker-3        ] -                 INFO: 프로젝트 Me 컴파일 중...
2024-04-08 20:53:03.447    INFO [Project-Discord-worker-3   ] -                 INFO: 프로젝트 Discord 컴파일 중...
2024-04-08 20:53:03.589    INFO [Project-sign-up-worker-3   ] -                 INFO: 프로젝트 sign-up 컴파일 중...
2024-04-08 20:53:03.878    INFO [Project-reply-worker-3     ] -                 INFO: 프로젝트 reply 컴파일 중...
2024-04-08 20:53:04.415    INFO [Project-entrance-worker-3  ] -                 INFO: 프로젝트 entrance 컴파일 중...
2024-04-08 20:53:04.430    INFO [Project-stock-worker-2     ] -                 INFO: 프로젝트 stock 컴파일 중...
2024-04-08 20:53:04.809   DEBUG [Project-stock-worker-2     ] -                DEBUG: undefined
2024-04-08 20:53:04.819    INFO [Project-ASet-worker        ] -                 INFO: 프로젝트 ASet 컴파일 중...
2024-04-08 20:53:05.007    INFO [Project-stock-worker-1     ] -                 INFO: stock_m[data]
{"name":"Yellu#1794","id":"FU11P","hash":-1779026502,"date":"2024/2/23","admin":true,"ban":false,"coin":137407,"warn":0,"nickname":["관리자","사용자"],"like":3,"stocks":{"TCSE":0},"stars":{"date":"","D_date":0,"D":"","ai":0,"re":0},"etc":[]}
2024-04-08 20:53:24.114    INFO [Project-ASet-worker        ] -                 INFO: ASet[Start] 대상 ID:DVHQB
2024-04-08 20:53:24.116    INFO [Project-ASet-worker        ] -                 INFO: ASet[Success]
2024-04-08 20:53:24.118    INFO [Project-ASet-worker        ] -                 INFO: ASet[Start] 대상 ID:T4OE4
2024-04-08 20:53:24.118    INFO [Project-ASet-worker        ] -                 INFO: ASet[Success]
2024-04-08 20:53:24.119    INFO [Project-ASet-worker        ] -                 INFO: ASet[Start] 대상 ID:FU11P
2024-04-08 20:53:24.119    INFO [Project-ASet-worker        ] -                 INFO: ASet[Success]
2024-04-08 20:53:24.119    INFO [Project-ASet-worker        ] -                 INFO: ASet[Start] 대상 ID:ZA6CT
2024-04-08 20:53:24.120    INFO [Project-ASet-worker        ] -                 INFO: ASet[Success]
2024-04-08 20:53:35.267    INFO [Project-ASet-worker        ] -                 INFO: ASet[Start] 대상 ID:DVHQB
2024-04-08 20:53:35.276    INFO [Project-ASet-worker        ] -                 INFO: ASet[Success]
2024-04-08 20:53:35.277    INFO [Project-ASet-worker        ] -                 INFO: ASet[Start] 대상 ID:T4OE4
2024-04-08 20:53:35.278    INFO [Project-ASet-worker        ] -                 INFO: ASet[Success]
2024-04-08 20:53:35.279    INFO [Project-ASet-worker        ] -                 INFO: ASet[Success]
2024-04-08 20:53:35.279    INFO [Project-ASet-worker        ] -                 INFO: ASet[Start] 대상 ID:FU11P
2024-04-08 20:53:35.281    INFO [Project-ASet-worker        ] -                 INFO: ASet[Success]
2024-04-08 20:53:35.280    INFO [Project-ASet-worker        ] -                 INFO: ASet[Start] 대상 ID:ZA6CT
2024-04-08 20:54:43.753    INFO [Project-Me-worker-3        ] -                 INFO: 프로젝트 Me 컴파일 중...
2024-04-08 20:54:49.060    INFO [Project-ASet-worker        ] -                 INFO: ASet[Start] 대상 ID:DVHQB
2024-04-08 20:54:49.062    INFO [Project-ASet-worker        ] -                 INFO: ASet[Success]
2024-04-08 20:54:49.070    INFO [Project-ASet-worker        ] -                 INFO: ASet[Start] 대상 ID:T4OE4
2024-04-08 20:54:49.071    INFO [Project-ASet-worker        ] -                 INFO: ASet[Success]
2024-04-08 20:54:49.076    INFO [Project-ASet-worker        ] -                 INFO: ASet[Start] 대상 ID:FU11P
2024-04-08 20:54:49.077    INFO [Project-ASet-worker        ] -                 INFO: ASet[Success]
2024-04-08 20:54:49.078    INFO [Project-ASet-worker        ] -                 INFO: ASet[Start] 대상 ID:ZA6CT
2024-04-08 20:54:49.078    INFO [Project-ASet-worker        ] -                 INFO: ASet[Success]
2024-04-08 20:55:13.257    INFO [Project-Me-worker-2        ] -                 INFO: 프로젝트 Me 컴파일 중...
2024-04-08 20:55:14.117    INFO [Project-Me-worker-3        ] -                 INFO: 프로젝트 Me 컴파일 중...
2024-04-08 20:55:21.723    INFO [Project-ASet-worker        ] -                 INFO: ASet[Start] 대상 ID:DVHQB
2024-04-08 20:55:21.728    INFO [Project-ASet-worker        ] -                 INFO: ASet[Success]
2024-04-08 20:55:21.732    INFO [Project-ASet-worker        ] -                 INFO: ASet[Start] 대상 ID:T4OE4
2024-04-08 20:55:21.736    INFO [Project-ASet-worker        ] -                 INFO: ASet[Success]
2024-04-08 20:55:21.734    INFO [Project-ASet-worker        ] -                 INFO: ASet[Success]
2024-04-08 20:55:21.735    INFO [Project-ASet-worker        ] -                 INFO: ASet[Start] 대상 ID:FU11P
2024-04-08 20:55:21.735    INFO [Project-ASet-worker        ] -                 INFO: ASet[Success]
2024-04-08 20:55:21.735    INFO [Project-ASet-worker        ] -                 INFO: ASet[Start] 대상 ID:ZA6CT
2024-04-08 20:55:48.237   ERROR [Project-ASet-worker        ] -         Project-ASet: Error while running: org.mozilla.javascript.EcmaError: SyntaxError: Empty JSON string (ASet#46)
2024-04-08 20:55:48.247   ERROR [Project-ASet-worker        ] -                 ASet: 프로젝트 'ASet' 종료중...
2024-04-08 20:55:48.247    INFO [Project-User-worker-1      ] -                 INFO: 프로젝트 User 컴파일 중...
2024-04-08 20:55:48.252   DEBUG [Project-ASet-worker        ] -            JobLocker: 부모 Project-ASet-worker 의 모든 작업 release 완료
2024-04-08 20:55:48.261   ERROR [Project-ASet-worker        ] - NotificationListener: 프로젝트 'ASet'의 이벤트 호출 실패: org.mozilla.javascript.EcmaError: SyntaxError: Empty JSON string (ASet#46)
2024-04-08 20:55:48.262    INFO [Project-ASet-worker        ] -            JobLocker: 작업 release를 기다리지 못함: 작업 Project-ASet-worker 가 등록되지 않았거나 이미 release됨
2024-04-08 20:55:48.299    INFO [Project-atten-worker-1     ] -                 INFO: 프로젝트 atten 컴파일 중...
2024-04-08 20:55:48.676    INFO [Project-admin-worker-3     ] -                 INFO: 프로젝트 admin 컴파일 중...
2024-04-08 20:55:49.243    INFO [Project-Normal-worker-3    ] -                 INFO: 프로젝트 Normal 컴파일 중...
2024-04-08 20:55:49.462    INFO [Project-chat_history-worker] -                 INFO: 프로젝트 chat_history 컴파일 중...
2024-04-08 20:55:49.813    INFO [Project-mention-worker-3   ] -                 INFO: 프로젝트 mention 컴파일 중...
2024-04-08 20:55:50.027    INFO [Project-eval-worker-2      ] -                 INFO: 프로젝트 eval 컴파일 중...
2024-04-08 20:55:50.472    INFO [Project-Me-worker-3        ] -                 INFO: 프로젝트 Me 컴파일 중...
2024-04-08 20:55:50.795    INFO [Project-Discord-worker-3   ] -                 INFO: 프로젝트 Discord 컴파일 중...
2024-04-08 20:55:50.973    INFO [Project-sign-up-worker-3   ] -                 INFO: 프로젝트 sign-up 컴파일 중...
2024-04-08 20:55:51.215    INFO [Project-reply-worker-3     ] -                 INFO: 프로젝트 reply 컴파일 중...
2024-04-08 20:55:51.832    INFO [Project-entrance-worker-3  ] -                 INFO: 프로젝트 entrance 컴파일 중...
2024-04-08 20:55:51.858    INFO [Project-stock-worker-1     ] -                 INFO: 프로젝트 stock 컴파일 중...
2024-04-08 20:55:52.232   DEBUG [Project-stock-worker-1     ] -                DEBUG: undefined
2024-04-08 20:55:52.238    INFO [Project-ASet-worker        ] -                 INFO: 프로젝트 ASet 컴파일 중...
2024-04-08 20:55:52.392    INFO [Project-stock-worker-2     ] -                 INFO: stock_m[data]
{"name":"Yellu#1794","id":"FU11P","hash":-1779026502,"date":"2024/2/23","admin":true,"ban":false,"coin":133904,"warn":0,"nickname":["관리자","사용자"],"like":3,"stocks":{"TCSE":0},"stars":{"date":"","D_date":0,"D":"","ai":0,"re":0},"etc":[]}
2024-04-08 20:57:02.987    INFO [Project-ASet-worker        ] -                 INFO: 프로젝트 ASet 컴파일 중...
2024-04-08 20:57:10.419    INFO [Project-ASet-worker        ] -                 INFO: ASet[Start] 대상 ID:DVHQB
2024-04-08 20:57:10.422    INFO [Project-ASet-worker        ] -                 INFO: ASet[Success]
2024-04-08 20:57:10.430    INFO [Project-ASet-worker        ] -                 INFO: ASet[Start] 대상 ID:T4OE4
2024-04-08 20:57:10.431    INFO [Project-ASet-worker        ] -                 INFO: ASet[Success]
2024-04-08 20:57:10.430    INFO [Project-ASet-worker        ] -                 INFO: ASet[Success]
2024-04-08 20:57:10.431    INFO [Project-ASet-worker        ] -                 INFO: ASet[Start] 대상 ID:FU11P
2024-04-08 20:57:10.431    INFO [Project-ASet-worker        ] -                 INFO: ASet[Success]
2024-04-08 20:57:10.431    INFO [Project-ASet-worker        ] -                 INFO: ASet[Start] 대상 ID:ZA6CT
2024-04-08 20:57:19.011    INFO [Project-ASet-worker        ] -                 INFO: ASet[Start] 대상 ID:DVHQB
2024-04-08 20:57:19.016    INFO [Project-ASet-worker        ] -                 INFO: ASet[Success]
2024-04-08 20:57:19.020    INFO [Project-ASet-worker        ] -                 INFO: ASet[Start] 대상 ID:T4OE4
2024-04-08 20:57:19.022    INFO [Project-ASet-worker        ] -                 INFO: ASet[Success]
2024-04-08 20:57:19.025    INFO [Project-ASet-worker        ] -                 INFO: ASet[Start] 대상 ID:FU11P
2024-04-08 20:57:19.025    INFO [Project-ASet-worker        ] -                 INFO: ASet[Success]
2024-04-08 20:57:19.026    INFO [Project-ASet-worker        ] -                 INFO: ASet[Start] 대상 ID:ZA6CT
2024-04-08 20:57:19.026    INFO [Project-ASet-worker        ] -                 INFO: ASet[Success]
2024-04-08 20:57:54.101    INFO [Project-ASet-worker        ] -                 INFO: ASet[Start] 대상 ID:DVHQB
2024-04-08 20:57:54.111    INFO [Project-ASet-worker        ] -                 INFO: ASet[Start] 대상 ID:T4OE4
2024-04-08 20:57:54.110    INFO [Project-ASet-worker        ] -                 INFO: ASet[Success]
2024-04-08 20:57:54.113    INFO [Project-ASet-worker        ] -                 INFO: ASet[Success]
2024-04-08 20:57:54.114    INFO [Project-ASet-worker        ] -                 INFO: ASet[Success]
2024-04-08 20:57:54.114    INFO [Project-ASet-worker        ] -                 INFO: ASet[Start] 대상 ID:FU11P
2024-04-08 20:57:54.114    INFO [Project-ASet-worker        ] -                 INFO: ASet[Success]
2024-04-08 20:57:54.114    INFO [Project-ASet-worker        ] -                 INFO: ASet[Start] 대상 ID:ZA6CT
2024-04-08 20:58:10.811    INFO [Project-ASet-worker        ] -                 INFO: ASet[Start] 대상 ID:DVHQB
2024-04-08 20:58:10.815    INFO [Project-ASet-worker        ] -                 INFO: ASet[Success]
2024-04-08 20:58:10.818    INFO [Project-ASet-worker        ] -                 INFO: ASet[Start] 대상 ID:T4OE4
2024-04-08 20:58:10.819    INFO [Project-ASet-worker        ] -                 INFO: ASet[Success]
2024-04-08 20:58:10.827    INFO [Project-ASet-worker        ] -                 INFO: ASet[Start] 대상 ID:FU11P
2024-04-08 20:58:10.828    INFO [Project-ASet-worker        ] -                 INFO: ASet[Success]
2024-04-08 20:58:10.829    INFO [Project-ASet-worker        ] -                 INFO: ASet[Start] 대상 ID:ZA6CT
2024-04-08 20:58:10.830    INFO [Project-ASet-worker        ] -                 INFO: ASet[Success]
2024-04-08 21:00:35.608    INFO [Project-Normal-worker-2    ] -                 INFO: 프로젝트 Normal 컴파일 중...
2024-04-08 21:00:51.554    INFO [Project-User-worker-3      ] -                 INFO: 프로젝트 User 컴파일 중...
2024-04-08 21:00:51.582    INFO [Project-atten-worker-3     ] -                 INFO: 프로젝트 atten 컴파일 중...
2024-04-08 21:00:51.842    INFO [Project-admin-worker-2     ] -                 INFO: 프로젝트 admin 컴파일 중...
2024-04-08 21:00:52.395    INFO [Project-Normal-worker-1    ] -                 INFO: 프로젝트 Normal 컴파일 중...
2024-04-08 21:00:52.724    INFO [Project-chat_history-worker] -                 INFO: 프로젝트 chat_history 컴파일 중...
2024-04-08 21:00:52.920    INFO [Project-mention-worker-2   ] -                 INFO: 프로젝트 mention 컴파일 중...
2024-04-08 21:00:53.310    INFO [Project-eval-worker-3      ] -                 INFO: 프로젝트 eval 컴파일 중...
2024-04-08 21:00:53.589    INFO [Project-Me-worker-2        ] -                 INFO: 프로젝트 Me 컴파일 중...
2024-04-08 21:00:53.927    INFO [Project-Discord-worker-2   ] -                 INFO: 프로젝트 Discord 컴파일 중...
2024-04-08 21:00:54.284    INFO [Project-sign-up-worker-2   ] -                 INFO: 프로젝트 sign-up 컴파일 중...
2024-04-08 21:00:54.455    INFO [Project-reply-worker-2     ] -                 INFO: 프로젝트 reply 컴파일 중...
2024-04-08 21:00:55.070    INFO [Project-entrance-worker-2  ] -                 INFO: 프로젝트 entrance 컴파일 중...
2024-04-08 21:00:55.107    INFO [Project-stock-worker-1     ] -                 INFO: 프로젝트 stock 컴파일 중...
2024-04-08 21:00:55.622   DEBUG [Project-stock-worker-1     ] -                DEBUG: undefined
2024-04-08 21:00:55.629    INFO [Project-ASet-worker        ] -                 INFO: 프로젝트 ASet 컴파일 중...
2024-04-08 21:01:08.390    INFO [Project-ASet-worker        ] -                 INFO: ASet[Start] 대상 ID:DVHQB
2024-04-08 21:01:08.394    INFO [Project-ASet-worker        ] -                 INFO: ASet[Success]
2024-04-08 21:01:08.395    INFO [Project-ASet-worker        ] -                 INFO: ASet[Start] 대상 ID:T4OE4
2024-04-08 21:01:08.398    INFO [Project-ASet-worker        ] -                 INFO: ASet[Success]
2024-04-08 21:01:08.398    INFO [Project-ASet-worker        ] -                 INFO: ASet[Start] 대상 ID:FU11P
2024-04-08 21:01:08.399    INFO [Project-ASet-worker        ] -                 INFO: ASet[Success]
2024-04-08 21:01:08.399    INFO [Project-ASet-worker        ] -                 INFO: ASet[Start] 대상 ID:ZA6CT
2024-04-08 21:01:08.399    INFO [Project-ASet-worker        ] -                 INFO: ASet[Success]
2024-04-08 21:01:08.409    INFO [Project-stock-worker-2     ] -                 INFO: stock_m[data]
{"name":"Yellu#1794","id":"FU11P","hash":-1779026502,"date":"2024/2/23","admin":true,"ban":false,"coin":130401,"warn":0,"nickname":["관리자","사용자"],"like":3,"stocks":{"TCSE":0},"stars":{"date":"","D_date":0,"D":"","ai":0,"re":0},"etc":[]}
2024-04-08 21:01:19.467    INFO [Project-ASet-worker        ] -                 INFO: ASet[Start] 대상 ID:DVHQB
2024-04-08 21:01:19.468    INFO [Project-ASet-worker        ] -                 INFO: ASet[Success]
2024-04-08 21:01:19.468    INFO [Project-ASet-worker        ] -                 INFO: ASet[Success]
2024-04-08 21:01:19.468    INFO [Project-ASet-worker        ] -                 INFO: ASet[Start] 대상 ID:T4OE4
2024-04-08 21:01:19.469    INFO [Project-ASet-worker        ] -                 INFO: ASet[Start] 대상 ID:FU11P
2024-04-08 21:01:19.470    INFO [Project-ASet-worker        ] -                 INFO: ASet[Start] 대상 ID:ZA6CT
2024-04-08 21:01:19.469    INFO [Project-ASet-worker        ] -                 INFO: ASet[Success]
2024-04-08 21:01:19.470    INFO [Project-ASet-worker        ] -                 INFO: ASet[Success]
2024-04-08 21:01:35.926    INFO [Project-ASet-worker        ] -                 INFO: ASet[Start] 대상 ID:DVHQB
2024-04-08 21:01:35.933    INFO [Project-ASet-worker        ] -                 INFO: ASet[Success]
2024-04-08 21:01:35.936    INFO [Project-ASet-worker        ] -                 INFO: ASet[Start] 대상 ID:T4OE4
2024-04-08 21:01:35.946    INFO [Project-ASet-worker        ] -                 INFO: ASet[Success]
2024-04-08 21:01:35.948    INFO [Project-ASet-worker        ] -                 INFO: ASet[Success]
2024-04-08 21:01:35.947    INFO [Project-ASet-worker        ] -                 INFO: ASet[Start] 대상 ID:FU11P
2024-04-08 21:01:35.954    INFO [Project-ASet-worker        ] -                 INFO: ASet[Start] 대상 ID:ZA6CT
2024-04-08 21:01:35.956    INFO [Project-ASet-worker        ] -                 INFO: ASet[Success]
2024-04-08 21:01:44.538    INFO [Project-ASet-worker        ] -                 INFO: ASet[Start] 대상 ID:DVHQB
2024-04-08 21:01:44.540    INFO [Project-ASet-worker        ] -                 INFO: ASet[Start] 대상 ID:T4OE4
2024-04-08 21:01:44.539    INFO [Project-ASet-worker        ] -                 INFO: ASet[Success]
2024-04-08 21:01:44.540    INFO [Project-ASet-worker        ] -                 INFO: ASet[Success]
2024-04-08 21:01:44.541    INFO [Project-ASet-worker        ] -                 INFO: ASet[Start] 대상 ID:FU11P
2024-04-08 21:01:44.542    INFO [Project-ASet-worker        ] -                 INFO: ASet[Success]
2024-04-08 21:01:44.543    INFO [Project-ASet-worker        ] -                 INFO: ASet[Success]
2024-04-08 21:01:44.542    INFO [Project-ASet-worker        ] -                 INFO: ASet[Start] 대상 ID:ZA6CT
2024-04-08 21:01:44.558    INFO [Project-stock-worker-2     ] -                 INFO: stock_m[data]
{"name":"Yellu#1794","id":"FU11P","hash":-1779026502,"date":"2024/2/23","admin":true,"ban":false,"coin":119892,"warn":0,"nickname":["관리자","사용자"],"like":3,"stocks":{"TCSE":0},"stars":{"date":"","D_date":0,"D":"","ai":0,"re":0},"etc":[]}
2024-04-08 21:01:52.301    INFO [Project-ASet-worker        ] -                 INFO: ASet[Start] 대상 ID:DVHQB
2024-04-08 21:01:52.307    INFO [Project-ASet-worker        ] -                 INFO: ASet[Success]
2024-04-08 21:01:52.309    INFO [Project-ASet-worker        ] -                 INFO: ASet[Success]
2024-04-08 21:01:52.308    INFO [Project-ASet-worker        ] -                 INFO: ASet[Start] 대상 ID:T4OE4
2024-04-08 21:01:52.309    INFO [Project-ASet-worker        ] -                 INFO: ASet[Start] 대상 ID:FU11P
2024-04-08 21:01:52.310    INFO [Project-ASet-worker        ] -                 INFO: ASet[Success]
2024-04-08 21:01:52.310    INFO [Project-ASet-worker        ] -                 INFO: ASet[Start] 대상 ID:ZA6CT
2024-04-08 21:01:52.310    INFO [Project-ASet-worker        ] -                 INFO: ASet[Success]
2024-04-08 21:04:54.195    INFO [Project-User-worker-3      ] -                 INFO: 프로젝트 User 컴파일 중...
2024-04-08 21:04:54.316    INFO [Project-atten-worker-3     ] -                 INFO: 프로젝트 atten 컴파일 중...
2024-04-08 21:04:54.491    INFO [Project-admin-worker-2     ] -                 INFO: 프로젝트 admin 컴파일 중...
2024-04-08 21:04:54.959    INFO [Project-Normal-worker-2    ] -                 INFO: 프로젝트 Normal 컴파일 중...
2024-04-08 21:04:55.157    INFO [Project-chat_history-worker] -                 INFO: 프로젝트 chat_history 컴파일 중...
2024-04-08 21:04:55.289    INFO [Project-mention-worker-2   ] -                 INFO: 프로젝트 mention 컴파일 중...
2024-04-08 21:04:55.590    INFO [Project-eval-worker-3      ] -                 INFO: 프로젝트 eval 컴파일 중...
2024-04-08 21:04:55.845    INFO [Project-Me-worker-2        ] -                 INFO: 프로젝트 Me 컴파일 중...
2024-04-08 21:04:56.119    INFO [Project-Discord-worker-2   ] -                 INFO: 프로젝트 Discord 컴파일 중...
2024-04-08 21:04:56.257    INFO [Project-sign-up-worker-2   ] -                 INFO: 프로젝트 sign-up 컴파일 중...
2024-04-08 21:04:56.464    INFO [Project-reply-worker-2     ] -                 INFO: 프로젝트 reply 컴파일 중...
2024-04-08 21:04:56.998    INFO [Project-entrance-worker-2  ] -                 INFO: 프로젝트 entrance 컴파일 중...
2024-04-08 21:04:57.011    INFO [Project-stock-worker-1     ] -                 INFO: 프로젝트 stock 컴파일 중...
2024-04-08 21:04:57.364   DEBUG [Project-stock-worker-1     ] -                DEBUG: undefined
2024-04-08 21:04:57.371    INFO [Project-ASet-worker        ] -                 INFO: 프로젝트 ASet 컴파일 중...
2024-04-08 21:05:10.598    INFO [Project-ASet-worker        ] -                 INFO: ASet[Start] 대상 ID:DVHQB
2024-04-08 21:05:10.601    INFO [Project-ASet-worker        ] -                 INFO: ASet[Success]
2024-04-08 21:05:10.603    INFO [Project-ASet-worker        ] -                 INFO: ASet[Start] 대상 ID:T4OE4
2024-04-08 21:05:10.606    INFO [Project-ASet-worker        ] -                 INFO: ASet[Success]
2024-04-08 21:05:10.607    INFO [Project-ASet-worker        ] -                 INFO: ASet[Start] 대상 ID:FU11P
2024-04-08 21:05:10.609    INFO [Project-ASet-worker        ] -                 INFO: ASet[Success]
2024-04-08 21:05:10.610    INFO [Project-ASet-worker        ] -                 INFO: ASet[Success]
2024-04-08 21:05:10.610    INFO [Project-ASet-worker        ] -                 INFO: ASet[Start] 대상 ID:ZA6CT
2024-04-08 21:05:10.612    INFO [Project-stock-worker-2     ] -                 INFO: stock_m[data]
{"name":"Yellu#1794","id":"FU11P","hash":-1779026502,"date":"2024/2/23","admin":true,"ban":false,"coin":109383,"warn":0,"nickname":["관리자","사용자"],"like":5,"stocks":{"TCSE":0},"stars":{"date":"","D_date":0,"D":"","ai":0,"re":0},"etc":[]}
2024-04-08 21:08:08.993    INFO [Project-stock-worker-3     ] -                 INFO: 프로젝트 stock 컴파일 중...
2024-04-08 21:08:09.333   DEBUG [Project-stock-worker-3     ] -                DEBUG: undefined
2024-04-08 21:08:11.846    INFO [Project-stock-worker-1     ] -                 INFO: stock_m[data]
1:{"name":"Yellu#1794","id":"FU11P","hash":-1779026502,"date":"2024/2/23","admin":true,"ban":false,"coin":98874,"warn":0,"nickname":["관리자","사용자"],"like":5,"stocks":{"TCSE":0},"stars":{"date":"","D_date":0,"D":"","ai":0,"re":0},"etc":[]}
2024-04-08 21:08:11.850    INFO [Project-ASet-worker        ] -                 INFO: ASet[Start] 대상 ID:DVHQB
2024-04-08 21:08:11.852    INFO [Project-ASet-worker        ] -                 INFO: ASet[Success]
2024-04-08 21:08:11.853    INFO [Project-ASet-worker        ] -                 INFO: ASet[Start] 대상 ID:T4OE4
2024-04-08 21:08:11.855    INFO [Project-ASet-worker        ] -                 INFO: ASet[Start] 대상 ID:FU11P
2024-04-08 21:08:11.854    INFO [Project-ASet-worker        ] -                 INFO: ASet[Success]
2024-04-08 21:08:11.857    INFO [Project-ASet-worker        ] -                 INFO: ASet[Success]
2024-04-08 21:08:11.858    INFO [Project-ASet-worker        ] -                 INFO: ASet[Start] 대상 ID:ZA6CT
2024-04-08 21:08:11.860    INFO [Project-ASet-worker        ] -                 INFO: ASet[Success]
2024-04-08 21:08:11.862    INFO [Project-stock-worker-1     ] -                 INFO: stock_m[data]
2:{"name":"Yellu#1794","id":"FU11P","hash":-1779026502,"date":"2024/2/23","admin":true,"ban":false,"coin":98874,"warn":0,"nickname":["관리자","사용자"],"like":5,"stocks":{"TCSE":0},"stars":{"date":"","D_date":0,"D":"","ai":0,"re":0},"etc":[]}
2024-04-08 21:08:28.343    INFO [Project-ASet-worker        ] -                 INFO: ASet[Start] 대상 ID:DVHQB
2024-04-08 21:08:28.345    INFO [Project-ASet-worker        ] -                 INFO: ASet[Success]
2024-04-08 21:08:28.349    INFO [Project-ASet-worker        ] -                 INFO: ASet[Start] 대상 ID:T4OE4
2024-04-08 21:08:28.356    INFO [Project-ASet-worker        ] -                 INFO: ASet[Success]
2024-04-08 21:08:28.357    INFO [Project-ASet-worker        ] -                 INFO: ASet[Start] 대상 ID:FU11P
2024-04-08 21:08:28.358    INFO [Project-ASet-worker        ] -                 INFO: ASet[Success]
2024-04-08 21:08:28.360    INFO [Project-ASet-worker        ] -                 INFO: ASet[Start] 대상 ID:ZA6CT
2024-04-08 21:08:28.361    INFO [Project-ASet-worker        ] -                 INFO: ASet[Success]
2024-04-08 21:11:45.112    INFO [Project-stock-worker-3     ] -                 INFO: 프로젝트 stock 컴파일 중...
2024-04-08 21:11:45.498   DEBUG [Project-stock-worker-3     ] -                DEBUG: undefined
2024-04-08 21:11:57.482    INFO [Project-ASet-worker        ] -                 INFO: ASet[Start] 대상 ID:DVHQB
2024-04-08 21:11:57.482    INFO [Project-stock-worker-1     ] -                 INFO: stock_m[data]
1:{
    "name": "TCSE",
    "coin": 95371,
    "data": {
        "TCSE": 0
    },
    "number": 1
}
2024-04-08 21:11:57.485    INFO [Project-ASet-worker        ] -                 INFO: ASet[Success]
2024-04-08 21:11:57.488    INFO [Project-ASet-worker        ] -                 INFO: ASet[Success]
2024-04-08 21:11:57.487    INFO [Project-ASet-worker        ] -                 INFO: ASet[Start] 대상 ID:T4OE4
2024-04-08 21:11:57.491    INFO [Project-ASet-worker        ] -                 INFO: ASet[Start] 대상 ID:FU11P
2024-04-08 21:11:57.492    INFO [Project-ASet-worker        ] -                 INFO: ASet[Start] 대상 ID:ZA6CT
2024-04-08 21:11:57.492    INFO [Project-ASet-worker        ] -                 INFO: ASet[Success]
2024-04-08 21:11:57.495    INFO [Project-stock-worker-1     ] -                 INFO: stock_m[data]
2:{"name":"Yellu#1794","id":"FU11P","hash":-1779026502,"date":"2024/2/23","admin":true,"ban":false,"coin":95371,"warn":0,"nickname":["관리자","사용자"],"like":5,"stocks":{"TCSE":0},"stars":{"date":"","D_date":0,"D":"","ai":0,"re":0},"etc":[]}
2024-04-08 21:11:57.497    INFO [Project-ASet-worker        ] -                 INFO: ASet[Success]
2024-04-08 21:12:50.572    INFO [Project-ASet-worker        ] -                 INFO: ASet[Start] 대상 ID:DVHQB
2024-04-08 21:12:50.573    INFO [Project-ASet-worker        ] -                 INFO: ASet[Success]
2024-04-08 21:12:50.576    INFO [Project-ASet-worker        ] -                 INFO: ASet[Start] 대상 ID:FU11P
2024-04-08 21:12:50.574    INFO [Project-ASet-worker        ] -                 INFO: ASet[Start] 대상 ID:T4OE4
2024-04-08 21:12:50.575    INFO [Project-ASet-worker        ] -                 INFO: ASet[Success]
2024-04-08 21:12:50.577    INFO [Project-ASet-worker        ] -                 INFO: ASet[Success]
2024-04-08 21:12:50.577    INFO [Project-ASet-worker        ] -                 INFO: ASet[Start] 대상 ID:ZA6CT
2024-04-08 21:12:50.578    INFO [Project-ASet-worker        ] -                 INFO: ASet[Success]
2024-04-08 21:13:14.199    INFO [Project-ASet-worker        ] -                 INFO: ASet[Start] 대상 ID:DVHQB
2024-04-08 21:13:14.210    INFO [Project-ASet-worker        ] -                 INFO: ASet[Start] 대상 ID:T4OE4
2024-04-08 21:13:14.209    INFO [Project-ASet-worker        ] -                 INFO: ASet[Success]
2024-04-08 21:13:14.212    INFO [Project-User-worker-1      ] -                 INFO: 프로젝트 User 컴파일 중...
2024-04-08 21:13:14.210    INFO [Project-ASet-worker        ] -                 INFO: ASet[Success]
2024-04-08 21:13:14.211    INFO [Project-ASet-worker        ] -                 INFO: ASet[Start] 대상 ID:FU11P
2024-04-08 21:13:14.211    INFO [Project-ASet-worker        ] -                 INFO: ASet[Success]
2024-04-08 21:13:14.211    INFO [Project-ASet-worker        ] -                 INFO: ASet[Start] 대상 ID:ZA6CT
2024-04-08 21:13:14.212    INFO [Project-ASet-worker        ] -                 INFO: ASet[Success]
2024-04-08 21:13:14.259    INFO [Project-atten-worker-1     ] -                 INFO: 프로젝트 atten 컴파일 중...
2024-04-08 21:13:14.554    INFO [Project-admin-worker-3     ] -                 INFO: 프로젝트 admin 컴파일 중...
2024-04-08 21:13:15.130    INFO [Project-Normal-worker-1    ] -                 INFO: 프로젝트 Normal 컴파일 중...
2024-04-08 21:13:15.487    INFO [Project-chat_history-worker] -                 INFO: 프로젝트 chat_history 컴파일 중...
2024-04-08 21:13:15.682    INFO [Project-mention-worker-3   ] -                 INFO: 프로젝트 mention 컴파일 중...
2024-04-08 21:13:16.035    INFO [Project-eval-worker-2      ] -                 INFO: 프로젝트 eval 컴파일 중...
2024-04-08 21:13:16.332    INFO [Project-Me-worker-3        ] -                 INFO: 프로젝트 Me 컴파일 중...
2024-04-08 21:13:16.574    INFO [Project-Discord-worker-3   ] -                 INFO: 프로젝트 Discord 컴파일 중...
2024-04-08 21:13:16.870    INFO [Project-sign-up-worker-3   ] -                 INFO: 프로젝트 sign-up 컴파일 중...
2024-04-08 21:13:17.009    INFO [Project-reply-worker-3     ] -                 INFO: 프로젝트 reply 컴파일 중...
2024-04-08 21:13:17.509    INFO [Project-entrance-worker-3  ] -                 INFO: 프로젝트 entrance 컴파일 중...
2024-04-08 21:13:17.546    INFO [Project-stock-worker-1     ] -                 INFO: 프로젝트 stock 컴파일 중...
2024-04-08 21:13:18.280   DEBUG [Project-stock-worker-1     ] -                DEBUG: undefined
2024-04-08 21:13:18.300    INFO [Project-ASet-worker        ] -                 INFO: 프로젝트 ASet 컴파일 중...
2024-04-08 21:13:24.654    INFO [Project-ASet-worker        ] -                 INFO: ASet[Start] 대상 ID:DVHQB
2024-04-08 21:13:24.658    INFO [Project-ASet-worker        ] -                 INFO: ASet[Success]
2024-04-08 21:13:24.656    INFO [Project-ASet-worker        ] -                 INFO: ASet[Success]
2024-04-08 21:13:24.656    INFO [Project-ASet-worker        ] -                 INFO: ASet[Start] 대상 ID:T4OE4
2024-04-08 21:13:24.657    INFO [Project-ASet-worker        ] -                 INFO: ASet[Success]
2024-04-08 21:13:24.657    INFO [Project-ASet-worker        ] -                 INFO: ASet[Start] 대상 ID:FU11P
2024-04-08 21:13:24.657    INFO [Project-ASet-worker        ] -                 INFO: ASet[Success]
2024-04-08 21:13:24.657    INFO [Project-ASet-worker        ] -                 INFO: ASet[Start] 대상 ID:ZA6CT
2024-04-08 21:13:31.123    INFO [Project-ASet-worker        ] -                 INFO: ASet[Start] 대상 ID:DVHQB
2024-04-08 21:13:31.131    INFO [Project-ASet-worker        ] -                 INFO: ASet[Success]
2024-04-08 21:13:31.134    INFO [Project-ASet-worker        ] -                 INFO: ASet[Start] 대상 ID:T4OE4
2024-04-08 21:13:31.140    INFO [Project-ASet-worker        ] -                 INFO: ASet[Success]
2024-04-08 21:13:31.141    INFO [Project-ASet-worker        ] -                 INFO: ASet[Start] 대상 ID:FU11P
2024-04-08 21:13:31.142    INFO [Project-ASet-worker        ] -                 INFO: ASet[Start] 대상 ID:ZA6CT
2024-04-08 21:13:31.141    INFO [Project-ASet-worker        ] -                 INFO: ASet[Success]
2024-04-08 21:13:31.145    INFO [Project-ASet-worker        ] -                 INFO: ASet[Success]
2024-04-08 21:14:33.271    INFO [Project-ASet-worker        ] -                 INFO: ASet[Start] 대상 ID:DVHQB
2024-04-08 21:14:33.281    INFO [Project-ASet-worker        ] -                 INFO: ASet[Success]
2024-04-08 21:14:33.284    INFO [Project-ASet-worker        ] -                 INFO: ASet[Start] 대상 ID:T4OE4
2024-04-08 21:14:33.284    INFO [Project-ASet-worker        ] -                 INFO: ASet[Success]
2024-04-08 21:14:33.284    INFO [Project-ASet-worker        ] -                 INFO: ASet[Start] 대상 ID:FU11P
2024-04-08 21:14:33.285    INFO [Project-ASet-worker        ] -                 INFO: ASet[Success]
2024-04-08 21:14:33.285    INFO [Project-ASet-worker        ] -                 INFO: ASet[Success]
2024-04-08 21:14:33.285    INFO [Project-ASet-worker        ] -                 INFO: ASet[Start] 대상 ID:ZA6CT
2024-04-08 21:14:39.178    INFO [Project-ASet-worker        ] -                 INFO: ASet[Success]
2024-04-08 21:14:39.179    INFO [Project-ASet-worker        ] -                 INFO: ASet[Start] 대상 ID:T4OE4
2024-04-08 21:14:39.174    INFO [Project-ASet-worker        ] -                 INFO: ASet[Start] 대상 ID:DVHQB
2024-04-08 21:14:39.181    INFO [Project-ASet-worker        ] -                 INFO: ASet[Success]
2024-04-08 21:14:39.182    INFO [Project-ASet-worker        ] -                 INFO: ASet[Start] 대상 ID:FU11P
2024-04-08 21:14:39.184    INFO [Project-ASet-worker        ] -                 INFO: ASet[Success]
2024-04-08 21:14:39.188    INFO [Project-ASet-worker        ] -                 INFO: ASet[Start] 대상 ID:ZA6CT
2024-04-08 21:14:39.189    INFO [Project-ASet-worker        ] -                 INFO: ASet[Success]
2024-04-08 21:14:56.338    INFO [Project-ASet-worker        ] -                 INFO: ASet[Start] 대상 ID:DVHQB
2024-04-08 21:14:56.342    INFO [Project-ASet-worker        ] -                 INFO: ASet[Success]
2024-04-08 21:14:56.337    INFO [Project-User-worker-1      ] -                 INFO: 프로젝트 User 컴파일 중...
2024-04-08 21:14:56.345    INFO [Project-ASet-worker        ] -                 INFO: ASet[Start] 대상 ID:T4OE4
2024-04-08 21:14:56.348    INFO [Project-ASet-worker        ] -                 INFO: ASet[Success]
2024-04-08 21:14:56.353    INFO [Project-ASet-worker        ] -                 INFO: ASet[Start] 대상 ID:FU11P
2024-04-08 21:14:56.354    INFO [Project-ASet-worker        ] -                 INFO: ASet[Start] 대상 ID:ZA6CT
2024-04-08 21:14:56.354    INFO [Project-ASet-worker        ] -                 INFO: ASet[Success]
2024-04-08 21:14:56.355    INFO [Project-ASet-worker        ] -                 INFO: ASet[Success]
2024-04-08 21:14:56.442    INFO [Project-atten-worker-1     ] -                 INFO: 프로젝트 atten 컴파일 중...
2024-04-08 21:14:56.633    INFO [Project-admin-worker-3     ] -                 INFO: 프로젝트 admin 컴파일 중...
2024-04-08 21:14:57.157    INFO [Project-Normal-worker-3    ] -                 INFO: 프로젝트 Normal 컴파일 중...
2024-04-08 21:14:57.471    INFO [Project-chat_history-worker] -                 INFO: 프로젝트 chat_history 컴파일 중...
2024-04-08 21:14:57.657    INFO [Project-mention-worker-3   ] -                 INFO: 프로젝트 mention 컴파일 중...
2024-04-08 21:14:58.050    INFO [Project-eval-worker-2      ] -                 INFO: 프로젝트 eval 컴파일 중...
2024-04-08 21:14:58.469    INFO [Project-Me-worker-3        ] -                 INFO: 프로젝트 Me 컴파일 중...
2024-04-08 21:14:58.876    INFO [Project-Discord-worker-3   ] -                 INFO: 프로젝트 Discord 컴파일 중...
2024-04-08 21:14:59.060    INFO [Project-sign-up-worker-3   ] -                 INFO: 프로젝트 sign-up 컴파일 중...
2024-04-08 21:14:59.354    INFO [Project-reply-worker-3     ] -                 INFO: 프로젝트 reply 컴파일 중...
2024-04-08 21:14:59.967    INFO [Project-entrance-worker-3  ] -                 INFO: 프로젝트 entrance 컴파일 중...
2024-04-08 21:14:59.997    INFO [Project-stock-worker-1     ] -                 INFO: 프로젝트 stock 컴파일 중...
2024-04-08 21:15:00.431   DEBUG [Project-stock-worker-1     ] -                DEBUG: undefined
2024-04-08 21:15:00.442    INFO [Project-ASet-worker        ] -                 INFO: 프로젝트 ASet 컴파일 중...
2024-04-08 21:15:03.066    INFO [Project-ASet-worker        ] -                 INFO: ASet[Start] 대상 ID:DVHQB
2024-04-08 21:15:03.068    INFO [Project-ASet-worker        ] -                 INFO: ASet[Success]
2024-04-08 21:15:03.067    INFO [Project-ASet-worker        ] -                 INFO: ASet[Success]
2024-04-08 21:15:03.067    INFO [Project-ASet-worker        ] -                 INFO: ASet[Start] 대상 ID:T4OE4
2024-04-08 21:15:03.069    INFO [Project-ASet-worker        ] -                 INFO: ASet[Start] 대상 ID:ZA6CT
2024-04-08 21:15:03.069    INFO [Project-ASet-worker        ] -                 INFO: ASet[Success]
2024-04-08 21:15:03.068    INFO [Project-ASet-worker        ] -                 INFO: ASet[Start] 대상 ID:FU11P
2024-04-08 21:15:03.069    INFO [Project-ASet-worker        ] -                 INFO: ASet[Success]
2024-04-08 21:23:37.148    INFO [Project-ASet-worker        ] -                 INFO: ASet[Start] 대상 ID:DVHQB
2024-04-08 21:23:37.152    INFO [Project-stock-worker-3     ] -                 INFO: stock_m[data]
1:{
    "name": "TCSE",
    "coin": 157674,
    "data": {
        "TCSE": 0
    },
    "number": 1
}
2024-04-08 21:23:37.155    INFO [Project-ASet-worker        ] -                 INFO: ASet[Success]
2024-04-08 21:23:37.157    INFO [Project-ASet-worker        ] -                 INFO: ASet[Success]
2024-04-08 21:23:37.156    INFO [Project-ASet-worker        ] -                 INFO: ASet[Start] 대상 ID:T4OE4
2024-04-08 21:23:37.165    INFO [Project-ASet-worker        ] -                 INFO: ASet[Success]
2024-04-08 21:23:37.164    INFO [Project-ASet-worker        ] -                 INFO: ASet[Start] 대상 ID:FU11P
2024-04-08 21:23:37.165    INFO [Project-ASet-worker        ] -                 INFO: ASet[Success]
2024-04-08 21:23:37.165    INFO [Project-ASet-worker        ] -                 INFO: ASet[Start] 대상 ID:ZA6CT
2024-04-08 21:23:37.167    INFO [Project-stock-worker-3     ] -                 INFO: stock_m[data]
2:{"name":"Yellu#1794","id":"FU11P","hash":-1779026502,"date":"2024/2/23","admin":true,"ban":false,"coin":157674,"warn":0,"nickname":["관리자","사용자"],"like":5,"stocks":{"TCSE":0},"stars":{"date":"","D_date":0,"D":"","ai":0,"re":0},"etc":[]}
2024-04-08 21:23:44.126    INFO [Project-ASet-worker        ] -                 INFO: ASet[Start] 대상 ID:DVHQB
2024-04-08 21:23:44.127    INFO [Project-ASet-worker        ] -                 INFO: ASet[Success]
2024-04-08 21:23:44.129    INFO [Project-ASet-worker        ] -                 INFO: ASet[Start] 대상 ID:T4OE4
2024-04-08 21:23:44.131    INFO [Project-ASet-worker        ] -                 INFO: ASet[Success]
2024-04-08 21:23:44.133    INFO [Project-ASet-worker        ] -                 INFO: ASet[Start] 대상 ID:ZA6CT
2024-04-08 21:23:44.132    INFO [Project-ASet-worker        ] -                 INFO: ASet[Start] 대상 ID:FU11P
2024-04-08 21:23:44.133    INFO [Project-ASet-worker        ] -                 INFO: ASet[Success]
2024-04-08 21:23:44.133    INFO [Project-ASet-worker        ] -                 INFO: ASet[Success]
2024-04-08 21:30:31.410    INFO [Project-User-worker-2      ] -                 INFO: 프로젝트 User 컴파일 중...
2024-04-08 21:30:31.440    INFO [Project-atten-worker-2     ] -                 INFO: 프로젝트 atten 컴파일 중...
2024-04-08 21:30:31.845    INFO [Project-admin-worker-1     ] -                 INFO: 프로젝트 admin 컴파일 중...
2024-04-08 21:30:32.466    INFO [Project-Normal-worker-3    ] -                 INFO: 프로젝트 Normal 컴파일 중...
2024-04-08 21:30:32.647    INFO [Project-chat_history-worker] -                 INFO: 프로젝트 chat_history 컴파일 중...
2024-04-08 21:30:32.955    INFO [Project-mention-worker-1   ] -                 INFO: 프로젝트 mention 컴파일 중...
2024-04-08 21:30:33.172    INFO [Project-eval-worker-1      ] -                 INFO: 프로젝트 eval 컴파일 중...
2024-04-08 21:30:33.611    INFO [Project-Me-worker-1        ] -                 INFO: 프로젝트 Me 컴파일 중...
2024-04-08 21:30:34.028    INFO [Project-Discord-worker-1   ] -                 INFO: 프로젝트 Discord 컴파일 중...
2024-04-08 21:30:34.221    INFO [Project-sign-up-worker-1   ] -                 INFO: 프로젝트 sign-up 컴파일 중...
2024-04-08 21:30:34.541    INFO [Project-reply-worker-1     ] -                 INFO: 프로젝트 reply 컴파일 중...
2024-04-08 21:30:35.170    INFO [Project-entrance-worker-1  ] -                 INFO: 프로젝트 entrance 컴파일 중...
2024-04-08 21:30:35.209    INFO [Project-stock-worker-2     ] -                 INFO: 프로젝트 stock 컴파일 중...
2024-04-08 21:30:35.640   DEBUG [Project-stock-worker-2     ] -                DEBUG: undefined
2024-04-08 21:30:35.652    INFO [Project-ASet-worker        ] -                 INFO: 프로젝트 ASet 컴파일 중...
2024-04-08 21:30:42.490    INFO [Project-ASet-worker        ] -                 INFO: ASet[Start] 대상 ID:DVHQB
2024-04-08 21:30:42.492    INFO [Project-ASet-worker        ] -                 INFO: ASet[Success]
2024-04-08 21:30:42.491    INFO [Project-ASet-worker        ] -                 INFO: ASet[Success]
2024-04-08 21:30:42.491    INFO [Project-ASet-worker        ] -                 INFO: ASet[Start] 대상 ID:T4OE4
2024-04-08 21:30:42.491    INFO [Project-ASet-worker        ] -                 INFO: ASet[Success]
2024-04-08 21:30:42.492    INFO [Project-ASet-worker        ] -                 INFO: ASet[Start] 대상 ID:FU11P
2024-04-08 21:30:42.492    INFO [Project-ASet-worker        ] -                 INFO: ASet[Start] 대상 ID:ZA6CT
2024-04-08 21:30:42.493    INFO [Project-ASet-worker        ] -                 INFO: ASet[Success]
2024-04-08 21:30:42.499    INFO [Project-User-worker-1      ] -                 INFO: 프로젝트 User 컴파일 중...
2024-04-08 21:30:42.745    INFO [Project-atten-worker-1     ] -                 INFO: 프로젝트 atten 컴파일 중...
2024-04-08 21:30:43.008    INFO [Project-admin-worker-3     ] -                 INFO: 프로젝트 admin 컴파일 중...
2024-04-08 21:30:43.509    INFO [Project-Normal-worker-3    ] -                 INFO: 프로젝트 Normal 컴파일 중...
2024-04-08 21:30:43.895    INFO [Project-chat_history-worker] -                 INFO: 프로젝트 chat_history 컴파일 중...
2024-04-08 21:30:44.088    INFO [Project-mention-worker-3   ] -                 INFO: 프로젝트 mention 컴파일 중...
2024-04-08 21:30:44.328    INFO [Project-eval-worker-2      ] -                 INFO: 프로젝트 eval 컴파일 중...
2024-04-08 21:30:44.812    INFO [Project-Me-worker-3        ] -                 INFO: 프로젝트 Me 컴파일 중...
2024-04-08 21:30:45.023    INFO [Project-Discord-worker-3   ] -                 INFO: 프로젝트 Discord 컴파일 중...
2024-04-08 21:30:45.269    INFO [Project-sign-up-worker-3   ] -                 INFO: 프로젝트 sign-up 컴파일 중...
2024-04-08 21:30:45.660    INFO [Project-reply-worker-3     ] -                 INFO: 프로젝트 reply 컴파일 중...
2024-04-08 21:30:46.218    INFO [Project-entrance-worker-3  ] -                 INFO: 프로젝트 entrance 컴파일 중...
2024-04-08 21:30:46.248    INFO [Project-stock-worker-1     ] -                 INFO: 프로젝트 stock 컴파일 중...
2024-04-08 21:30:46.754   DEBUG [Project-stock-worker-1     ] -                DEBUG: undefined
2024-04-08 21:30:46.766    INFO [Project-ASet-worker        ] -                 INFO: 프로젝트 ASet 컴파일 중...
2024-04-08 21:30:48.985    INFO [Project-stock-worker-3     ] -                 INFO: stock_m[data]
{
    "name": "TCSE",
    "coin": 154171,
    "data": {
        "TCSE": 0
    },
    "number": 1
}
2024-04-08 21:31:12.598    INFO [Project-ASet-worker        ] -                 INFO: ASet[Start] 대상 ID:DVHQB
2024-04-08 21:31:12.599    INFO [Project-ASet-worker        ] -                 INFO: ASet[Start] 대상 ID:T4OE4
2024-04-08 21:31:12.599    INFO [Project-ASet-worker        ] -                 INFO: ASet[Success]
2024-04-08 21:31:12.600    INFO [Project-ASet-worker        ] -                 INFO: ASet[Success]
2024-04-08 21:31:12.600    INFO [Project-ASet-worker        ] -                 INFO: ASet[Start] 대상 ID:FU11P
2024-04-08 21:31:12.600    INFO [Project-ASet-worker        ] -                 INFO: ASet[Success]
2024-04-08 21:31:12.601    INFO [Project-ASet-worker        ] -                 INFO: ASet[Success]
2024-04-08 21:31:12.600    INFO [Project-ASet-worker        ] -                 INFO: ASet[Start] 대상 ID:ZA6CT
2024-04-08 21:31:20.676    INFO [Project-ASet-worker        ] -                 INFO: ASet[Start] 대상 ID:DVHQB
2024-04-08 21:31:20.687    INFO [Project-ASet-worker        ] -                 INFO: ASet[Success]
2024-04-08 21:31:20.691    INFO [Project-ASet-worker        ] -                 INFO: ASet[Start] 대상 ID:T4OE4
2024-04-08 21:31:20.695    INFO [Project-ASet-worker        ] -                 INFO: ASet[Success]
2024-04-08 21:31:20.697    INFO [Project-ASet-worker        ] -                 INFO: ASet[Start] 대상 ID:FU11P
2024-04-08 21:31:20.697    INFO [Project-ASet-worker        ] -                 INFO: ASet[Success]
2024-04-08 21:31:20.698    INFO [Project-ASet-worker        ] -                 INFO: ASet[Start] 대상 ID:ZA6CT
2024-04-08 21:31:20.698    INFO [Project-ASet-worker        ] -                 INFO: ASet[Success]
2024-04-08 21:31:38.097    INFO [Project-ASet-worker        ] -                 INFO: ASet[Start] 대상 ID:DVHQB
2024-04-08 21:31:38.099    INFO [Project-ASet-worker        ] -                 INFO: ASet[Start] 대상 ID:T4OE4
2024-04-08 21:31:38.098    INFO [Project-ASet-worker        ] -                 INFO: ASet[Success]
2024-04-08 21:31:38.100    INFO [Project-ASet-worker        ] -                 INFO: ASet[Success]
2024-04-08 21:31:38.100    INFO [Project-ASet-worker        ] -                 INFO: ASet[Start] 대상 ID:FU11P
2024-04-08 21:31:38.101    INFO [Project-ASet-worker        ] -                 INFO: ASet[Success]
2024-04-08 21:31:38.101    INFO [Project-ASet-worker        ] -                 INFO: ASet[Start] 대상 ID:ZA6CT
2024-04-08 21:31:38.102    INFO [Project-ASet-worker        ] -                 INFO: ASet[Success]
2024-04-08 21:32:18.179    INFO [Project-ASet-worker        ] -                 INFO: ASet[Start] 대상 ID:DVHQB
2024-04-08 21:32:18.183    INFO [Project-ASet-worker        ] -                 INFO: ASet[Success]
2024-04-08 21:32:18.184    INFO [Project-ASet-worker        ] -                 INFO: ASet[Start] 대상 ID:FU11P
2024-04-08 21:32:18.183    INFO [Project-ASet-worker        ] -                 INFO: ASet[Start] 대상 ID:T4OE4
2024-04-08 21:32:18.183    INFO [Project-ASet-worker        ] -                 INFO: ASet[Success]
2024-04-08 21:32:18.184    INFO [Project-ASet-worker        ] -                 INFO: ASet[Success]
2024-04-08 21:32:18.186    INFO [Project-ASet-worker        ] -                 INFO: ASet[Start] 대상 ID:ZA6CT
2024-04-08 21:32:18.188    INFO [Project-ASet-worker        ] -                 INFO: ASet[Success]
