2024-03-05 23:33:58.794    INFO [main                       ] -    GlobalApplication: 포그라운드 서비스 등록 성공!
2024-03-05 23:33:58.801    INFO [DefaultDispatcher-worker-4 ] -   ApplicationSession: 카카오톡 버전: 10.5.5
2024-03-05 23:33:58.802   DEBUG [DefaultDispatcher-worker-4 ] -   ApplicationSession: Initializing with locale KOREAN
2024-03-05 23:33:58.825    WARN [DefaultDispatcher-worker-4 ] -         PluginLoader: res/raw 경로는 더 이상 사용되지 않습니다. assets 경로를 사용하세요.
2024-03-05 23:33:58.832   DEBUG [main                       ] - NotificationListener: Listener connected
2024-03-05 23:33:58.839    WARN [DefaultDispatcher-worker-4 ] -         PluginLoader: res/raw 경로는 더 이상 사용되지 않습니다. assets 경로를 사용하세요.
2024-03-05 23:33:58.899   DEBUG [DefaultDispatcher-worker-4 ] -            AwtPlugin: Testing awt class loading, color = java.awt.Color[r=0,g=0,b=0]
2024-03-05 23:33:59.233   DEBUG [DefaultDispatcher-worker-4 ] -           ApiManager: Discord Api 등록 성공
2024-03-05 23:33:59.249   DEBUG [DefaultDispatcher-worker-4 ] -        DiscordPlugin: Starting discord client with intent: MESSAGE_CONTENT, DIRECT_MESSAGES, GUILD_MESSAGES, GUILD_MEMBERS
2024-03-05 23:34:02.937    INFO [DefaultDispatcher-worker-4 ] -        DiscordPlugin: 디스코드 클라이언트 시작 성공! [디코서버 도우미]Eric#0937 로 로그인했어요.
2024-03-05 23:34:02.985   DEBUG [DefaultDispatcher-worker-4 ] -           ApiManager: LanguageManager Api 등록 성공
2024-03-05 23:34:02.986   DEBUG [DefaultDispatcher-worker-4 ] -           ApiManager: ProjectManager Api 등록 성공
2024-03-05 23:34:02.986   DEBUG [DefaultDispatcher-worker-4 ] -           ApiManager: Log Api 등록 성공
2024-03-05 23:34:02.986   DEBUG [DefaultDispatcher-worker-4 ] -           ApiManager: Java Api 등록 성공
2024-03-05 23:34:02.986   DEBUG [DefaultDispatcher-worker-4 ] -           ApiManager: PluginManager Api 등록 성공
2024-03-05 23:34:02.986   DEBUG [DefaultDispatcher-worker-4 ] -           ApiManager: Notification Api 등록 성공
2024-03-05 23:34:02.986   DEBUG [DefaultDispatcher-worker-4 ] -           ApiManager: Env Api 등록 성공
2024-03-05 23:34:02.987   DEBUG [DefaultDispatcher-worker-4 ] -           ApiManager: Api Api 등록 성공
2024-03-05 23:34:02.986   DEBUG [DefaultDispatcher-worker-4 ] -           ApiManager: EventEmitter Api 등록 성공
2024-03-05 23:34:02.987   DEBUG [DefaultDispatcher-worker-4 ] -           ApiManager: Utils Api 등록 성공
2024-03-05 23:34:02.988   DEBUG [DefaultDispatcher-worker-4 ] -           ApiManager: FileStream Api 등록 성공
2024-03-05 23:34:02.987   DEBUG [DefaultDispatcher-worker-4 ] -           ApiManager: Bridge Api 등록 성공
2024-03-05 23:34:02.988   DEBUG [DefaultDispatcher-worker-4 ] -           ApiManager: DataBase Api 등록 성공
2024-03-05 23:34:02.988   DEBUG [DefaultDispatcher-worker-4 ] -           ApiManager: Broadcast Api 등록 성공
2024-03-05 23:34:02.988   DEBUG [DefaultDispatcher-worker-4 ] -           ApiManager: Device Api 등록 성공
2024-03-05 23:34:02.988   DEBUG [DefaultDispatcher-worker-4 ] -           ApiManager: App Api 등록 성공
2024-03-05 23:34:03.209    INFO [Project-eval-worker-1      ] -                 INFO: 프로젝트 eval 컴파일 중...
2024-03-05 23:34:03.908    INFO [Project-User-worker-1      ] -                 INFO: 프로젝트 User 컴파일 중...
2024-03-05 23:34:03.958    INFO [Project-atten-worker-1     ] -                 INFO: 프로젝트 atten 컴파일 중...
2024-03-05 23:34:04.321    INFO [Project-Me-worker-1        ] -                 INFO: 프로젝트 Me 컴파일 중...
2024-03-05 23:34:04.999    INFO [Project-admin-worker-1     ] -                 INFO: 프로젝트 admin 컴파일 중...
2024-03-05 23:34:06.376    INFO [Project-sign-up-worker-1   ] -                 INFO: 프로젝트 sign-up 컴파일 중...
2024-03-05 23:34:06.992    INFO [Project-reply-worker-1     ] -                 INFO: 프로젝트 reply 컴파일 중...
2024-03-05 23:34:07.867    INFO [Project-Normal-worker-1    ] -                 INFO: 프로젝트 Normal 컴파일 중...
2024-03-05 23:34:08.449    INFO [Project-chat_history-worker] -                 INFO: 프로젝트 chat_history 컴파일 중...
2024-03-05 23:34:08.913    INFO [Project-entrance-worker-1  ] -                 INFO: 프로젝트 entrance 컴파일 중...
2024-03-05 23:34:08.948    INFO [Project-mention-worker-1   ] -                 INFO: 프로젝트 mention 컴파일 중...
2024-03-05 23:34:09.624    INFO [Project-ASet-worker-1      ] -                 INFO: 프로젝트 ASet 컴파일 중...
2024-03-05 23:34:10.713    INFO [DefaultDispatcher-worker-4 ] -               System: | Project ✦ StarLight |
Running PluginCore v0.2.0
2024-03-07 19:03:39.103    INFO [Project-User-worker-1      ] -                 INFO: 프로젝트 User 컴파일 중...
2024-03-07 19:03:49.030    INFO [Project-stock-worker-1     ] -                 INFO: 프로젝트 stock 컴파일 중...
2024-03-07 19:03:53.746    INFO [Project-User-worker-3      ] -                 INFO: 프로젝트 User 컴파일 중...
2024-03-07 19:05:00.972    INFO [Project-User-worker-2      ] -                 INFO: 프로젝트 User 컴파일 중...
2024-03-07 19:06:58.001    INFO [Project-User-worker-1      ] -                 INFO: 프로젝트 User 컴파일 중...
2024-03-07 19:08:01.005    INFO [Project-User-worker-3      ] -                 INFO: 프로젝트 User 컴파일 중...
2024-03-07 19:21:42.650    INFO [Project-User-worker-2      ] -                 INFO: 프로젝트 User 컴파일 중...
2024-03-07 19:21:51.265    INFO [Project-User-worker-3      ] -                 INFO: 프로젝트 User 컴파일 중...
2024-03-07 19:22:06.962    INFO [Project-User-worker-1      ] -                 INFO: 프로젝트 User 컴파일 중...
2024-03-07 19:22:19.006    INFO [Project-User-worker-2      ] -                 INFO: 프로젝트 User 컴파일 중...
2024-03-07 19:22:24.088    INFO [Project-User-worker-3      ] -                 INFO: 프로젝트 User 컴파일 중...
2024-03-07 19:22:25.056    INFO [Project-User-worker-1      ] -                 INFO: 프로젝트 User 컴파일 중...
2024-03-07 19:23:09.256    INFO [Project-User-worker-2      ] -                 INFO: 프로젝트 User 컴파일 중...
2024-03-07 19:23:33.258    INFO [Project-User-worker-3      ] -                 INFO: 프로젝트 User 컴파일 중...
2024-03-07 19:23:38.407    INFO [Project-User-worker-1      ] -                 INFO: 프로젝트 User 컴파일 중...
2024-03-07 19:23:51.917    INFO [Project-User-worker-2      ] -                 INFO: 프로젝트 User 컴파일 중...
2024-03-07 19:24:47.808    INFO [Project-User-worker-3      ] -                 INFO: 프로젝트 User 컴파일 중...
2024-03-07 19:25:00.509    INFO [Project-User-worker-1      ] -                 INFO: 프로젝트 User 컴파일 중...
2024-03-07 19:25:04.846    INFO [Project-User-worker-2      ] -                 INFO: 프로젝트 User 컴파일 중...
2024-03-07 19:46:33.577    INFO [Project-User-worker-2      ] -                 INFO: 프로젝트 User 컴파일 중...
2024-03-07 19:48:22.534    INFO [Project-User-worker-3      ] -                 INFO: 프로젝트 User 컴파일 중...
2024-03-07 19:49:13.074    INFO [Project-User-worker-1      ] -                 INFO: 프로젝트 User 컴파일 중...
2024-03-07 20:04:40.225    INFO [Project-User-worker-2      ] -                 INFO: 프로젝트 User 컴파일 중...
2024-03-07 20:04:51.523    INFO [Project-stock-worker-1     ] -                 INFO: 프로젝트 stock 컴파일 중...
2024-03-07 20:04:56.806    INFO [Project-User-worker-3      ] -                 INFO: 프로젝트 User 컴파일 중...
2024-03-07 20:05:02.974    INFO [Project-User-worker-1      ] -                 INFO: 프로젝트 User 컴파일 중...
2024-03-07 20:05:08.805    INFO [Project-User-worker-3      ] -                 INFO: 프로젝트 User 컴파일 중...
2024-03-07 20:05:08.835    INFO [Project-atten-worker-1     ] -                 INFO: 프로젝트 atten 컴파일 중...
2024-03-07 20:05:09.062    INFO [Project-admin-worker-1     ] -                 INFO: 프로젝트 admin 컴파일 중...
2024-03-07 20:05:09.588    INFO [Project-Normal-worker-3    ] -                 INFO: 프로젝트 Normal 컴파일 중...
2024-03-07 20:05:09.791    INFO [Project-chat_history-worker] -                 INFO: 프로젝트 chat_history 컴파일 중...
2024-03-07 20:05:09.932    INFO [Project-mention-worker-1   ] -                 INFO: 프로젝트 mention 컴파일 중...
2024-03-07 20:05:10.118    INFO [Project-eval-worker-3      ] -                 INFO: 프로젝트 eval 컴파일 중...
2024-03-07 20:05:10.276    INFO [Project-Me-worker-2        ] -                 INFO: 프로젝트 Me 컴파일 중...
2024-03-07 20:05:10.566    INFO [Project-sign-up-worker-2   ] -                 INFO: 프로젝트 sign-up 컴파일 중...
2024-03-07 20:05:10.793    INFO [Project-reply-worker-2     ] -                 INFO: 프로젝트 reply 컴파일 중...
2024-03-07 20:05:11.339    INFO [Project-entrance-worker-1  ] -                 INFO: 프로젝트 entrance 컴파일 중...
2024-03-07 20:05:11.374    INFO [Project-stock-worker-3     ] -                 INFO: 프로젝트 stock 컴파일 중...
2024-03-07 20:05:11.681    INFO [Project-ASet-worker-1      ] -                 INFO: 프로젝트 ASet 컴파일 중...
2024-03-07 20:07:14.078    INFO [Project-User-worker-2      ] -                 INFO: 프로젝트 User 컴파일 중...
2024-03-07 20:10:23.378    INFO [Project-User-worker-3      ] -                 INFO: 프로젝트 User 컴파일 중...
2024-03-07 20:10:55.154    INFO [Project-User-worker-2      ] -                 INFO: 프로젝트 User 컴파일 중...
2024-03-07 20:21:47.934    INFO [Project-User-worker-1      ] -                 INFO: 프로젝트 User 컴파일 중...
2024-03-07 20:21:57.838    INFO [Project-User-worker-3      ] -                 INFO: 프로젝트 User 컴파일 중...
2024-03-07 20:22:05.648    INFO [Project-User-worker-2      ] -                 INFO: 프로젝트 User 컴파일 중...
2024-03-07 20:23:40.217    INFO [Project-User-worker-1      ] -                 INFO: 프로젝트 User 컴파일 중...
2024-03-07 23:09:54.089    INFO [Project-User-worker-3      ] -                 INFO: 프로젝트 User 컴파일 중...
2024-03-07 23:14:03.011    INFO [Project-User-worker-1      ] -                 INFO: 프로젝트 User 컴파일 중...
2024-03-07 23:14:20.440    INFO [Project-User-worker-1      ] -                 INFO: 프로젝트 User 컴파일 중...
2024-03-07 23:15:10.420    INFO [Project-User-worker-2      ] -                 INFO: 프로젝트 User 컴파일 중...
2024-03-07 23:15:24.014    INFO [Project-User-worker-3      ] -                 INFO: 프로젝트 User 컴파일 중...
2024-03-07 23:17:57.431    INFO [Project-User-worker-1      ] -                 INFO: 프로젝트 User 컴파일 중...
2024-03-07 23:18:06.688    INFO [Project-User-worker-2      ] -                 INFO: 프로젝트 User 컴파일 중...
2024-03-07 23:18:21.334    INFO [Project-User-worker-3      ] -                 INFO: 프로젝트 User 컴파일 중...
2024-03-07 23:18:26.078    INFO [Project-User-worker-1      ] -                 INFO: 프로젝트 User 컴파일 중...
2024-03-07 23:18:40.613    INFO [Project-User-worker-2      ] -                 INFO: 프로젝트 User 컴파일 중...
2024-03-07 23:18:49.744    INFO [Project-User-worker-3      ] -                 INFO: 프로젝트 User 컴파일 중...
2024-03-07 23:19:03.500    INFO [Project-User-worker-1      ] -                 INFO: 프로젝트 User 컴파일 중...
2024-03-07 23:19:11.370    INFO [Project-User-worker-2      ] -                 INFO: 프로젝트 User 컴파일 중...
2024-03-07 23:23:14.835    INFO [Project-User-worker-3      ] -                 INFO: 프로젝트 User 컴파일 중...
