2024-02-28 19:25:00.106    INFO [main                       ] -    GlobalApplication: 포그라운드 서비스 등록 성공!
2024-02-28 19:25:00.112   DEBUG [DefaultDispatcher-worker-3 ] -   ApplicationSession: Initializing with locale KOREAN
2024-02-28 19:25:00.108    INFO [DefaultDispatcher-worker-3 ] -   ApplicationSession: 카카오톡 버전: 10.5.5
2024-02-28 19:25:00.119    WARN [DefaultDispatcher-worker-3 ] -         PluginLoader: res/raw 경로는 더 이상 사용되지 않습니다. assets 경로를 사용하세요.
2024-02-28 19:25:00.128    WARN [DefaultDispatcher-worker-3 ] -         PluginLoader: res/raw 경로는 더 이상 사용되지 않습니다. assets 경로를 사용하세요.
2024-02-28 19:25:00.161   DEBUG [DefaultDispatcher-worker-3 ] -         PluginLoader: Found new version of asset(-1 -> 0), loading assets...
2024-02-28 19:25:00.166   DEBUG [DefaultDispatcher-worker-3 ] -            AwtPlugin: Testing awt class loading, color = java.awt.Color[r=0,g=0,b=0]
2024-02-28 19:25:00.252   DEBUG [main                       ] - NotificationListener: Listener connected
2024-02-28 19:25:00.315   DEBUG [DefaultDispatcher-worker-3 ] -         PluginLoader: Found new version of asset(-1 -> 0), loading assets...
2024-02-28 19:25:00.328   DEBUG [DefaultDispatcher-worker-3 ] -           ApiManager: Discord Api 등록 성공
2024-02-28 19:25:00.340   DEBUG [DefaultDispatcher-worker-3 ] -        DiscordPlugin: Starting discord client with intent: MESSAGE_CONTENT, DIRECT_MESSAGES, GUILD_MESSAGES, GUILD_MEMBERS
2024-02-28 19:25:02.845    INFO [DefaultDispatcher-worker-3 ] -        DiscordPlugin: 디스코드 클라이언트 시작 성공! [디코서버 도우미]Eric#0937 로 로그인했어요.
2024-02-28 19:25:02.847    INFO [DefaultDispatcher-worker-7 ] -       SplashActivity: 기본 라이브러리 로드중…
2024-02-28 19:25:02.869   DEBUG [DefaultDispatcher-worker-3 ] -           ApiManager: LanguageManager Api 등록 성공
2024-02-28 19:25:02.869   DEBUG [DefaultDispatcher-worker-3 ] -           ApiManager: PluginManager Api 등록 성공
2024-02-28 19:25:02.869   DEBUG [DefaultDispatcher-worker-3 ] -           ApiManager: Log Api 등록 성공
2024-02-28 19:25:02.869   DEBUG [DefaultDispatcher-worker-3 ] -           ApiManager: ProjectManager Api 등록 성공
2024-02-28 19:25:02.869   DEBUG [DefaultDispatcher-worker-3 ] -           ApiManager: EventEmitter Api 등록 성공
2024-02-28 19:25:02.869   DEBUG [DefaultDispatcher-worker-3 ] -           ApiManager: Notification Api 등록 성공
2024-02-28 19:25:02.869   DEBUG [DefaultDispatcher-worker-3 ] -           ApiManager: Env Api 등록 성공
2024-02-28 19:25:02.869   DEBUG [DefaultDispatcher-worker-3 ] -           ApiManager: Java Api 등록 성공
2024-02-28 19:25:02.870   DEBUG [DefaultDispatcher-worker-3 ] -           ApiManager: Utils Api 등록 성공
2024-02-28 19:25:02.870   DEBUG [DefaultDispatcher-worker-3 ] -           ApiManager: Api Api 등록 성공
2024-02-28 19:25:02.870   DEBUG [DefaultDispatcher-worker-3 ] -           ApiManager: Bridge Api 등록 성공
2024-02-28 19:25:02.870   DEBUG [DefaultDispatcher-worker-3 ] -           ApiManager: Broadcast Api 등록 성공
2024-02-28 19:25:02.870   DEBUG [DefaultDispatcher-worker-3 ] -           ApiManager: FileStream Api 등록 성공
2024-02-28 19:25:02.870   DEBUG [DefaultDispatcher-worker-3 ] -           ApiManager: DataBase Api 등록 성공
2024-02-28 19:25:02.870   DEBUG [DefaultDispatcher-worker-3 ] -           ApiManager: App Api 등록 성공
2024-02-28 19:25:02.870   DEBUG [DefaultDispatcher-worker-3 ] -           ApiManager: Device Api 등록 성공
2024-02-28 19:25:02.875    INFO [DefaultDispatcher-worker-1 ] -       SplashActivity: 프로젝트 로드중…
2024-02-28 19:25:03.019    INFO [DefaultDispatcher-worker-3 ] -               System: | Project ✦ StarLight |
Running PluginCore v0.2.0
2024-02-28 19:25:07.242    INFO [Project-Normal-worker-1    ] -                 INFO: 프로젝트 Normal 컴파일 중...
2024-02-28 19:25:10.868    INFO [Project-ASet-worker-1      ] -                 INFO: 프로젝트 ASet 컴파일 중...
2024-02-28 19:25:14.491    INFO [Project-Me-worker-1        ] -                 INFO: 프로젝트 Me 컴파일 중...
2024-02-28 19:25:16.892    INFO [Project-User-worker-1      ] -                 INFO: 프로젝트 User 컴파일 중...
2024-02-28 19:25:18.877    INFO [Project-admin-worker-1     ] -                 INFO: 프로젝트 admin 컴파일 중...
2024-02-28 19:25:22.541    INFO [Project-atten-worker-1     ] -                 INFO: 프로젝트 atten 컴파일 중...
2024-02-28 19:25:22.967   ERROR [Project-atten-worker-1     ] -        Project-atten: ECOMF: org.mozilla.javascript.EcmaError: TypeError: Cannot read property "set" from null (atten#36)
2024-02-28 19:25:23.380    INFO [DefaultDispatcher-worker-2 ] -      ProjectListItem: atten 컴파일 실패
org.mozilla.javascript.EcmaError: TypeError: Cannot read property "set" from null (atten#36)
2024-02-28 19:25:38.756    INFO [Project-atten-worker-1     ] -                 INFO: 프로젝트 atten 컴파일 중...
2024-02-28 19:25:39.194   ERROR [Project-atten-worker-1     ] -        Project-atten: ECOMF: org.mozilla.javascript.EcmaError: TypeError: Cannot read property "set" from null (atten#36)
2024-02-28 19:25:39.606    INFO [DefaultDispatcher-worker-7 ] -      ProjectListItem: atten 컴파일 실패
org.mozilla.javascript.EcmaError: TypeError: Cannot read property "set" from null (atten#36)
2024-02-28 19:26:15.506    INFO [Project-atten-worker-2     ] -                 INFO: 프로젝트 atten 컴파일 중...
2024-02-28 19:26:18.420    INFO [Project-chat_history-worker] -                 INFO: 프로젝트 chat_history 컴파일 중...
2024-02-28 19:26:21.134    INFO [Project-entrance-worker-1  ] -                 INFO: 프로젝트 entrance 컴파일 중...
2024-02-28 19:26:22.923    INFO [Project-eval-worker-1      ] -                 INFO: 프로젝트 eval 컴파일 중...
2024-02-28 19:26:25.806    INFO [Project-mention-worker-1   ] -                 INFO: 프로젝트 mention 컴파일 중...
2024-02-28 19:26:27.926    INFO [Project-reply-worker-1     ] -                 INFO: 프로젝트 reply 컴파일 중...
2024-02-28 19:26:31.307    INFO [Project-sign-up-worker-1   ] -                 INFO: 프로젝트 sign-up 컴파일 중...
2024-02-28 19:26:45.006    INFO [main                       ] -        DiscordPlugin: 클라이언트 재시작 중...
2024-02-28 19:26:45.007   DEBUG [main                       ] -        DiscordPlugin: 디스코드 클라이언트 로그아웃중...
2024-02-28 19:26:45.454   DEBUG [main                       ] -        DiscordPlugin: Starting discord client with intent: MESSAGE_CONTENT, DIRECT_MESSAGES, GUILD_MESSAGES, GUILD_MEMBERS
2024-02-28 19:28:52.101    INFO [Project-User-worker-1      ] -                 INFO: 프로젝트 User 컴파일 중...
2024-02-28 19:28:52.412    INFO [Project-User-worker-2      ] -                 INFO: 프로젝트 User 컴파일 중...
2024-02-28 19:28:52.513    INFO [Project-atten-worker-3     ] -                 INFO: 프로젝트 atten 컴파일 중...
2024-02-28 19:28:53.659    INFO [Project-admin-worker-2     ] -                 INFO: 프로젝트 admin 컴파일 중...
2024-02-28 19:28:55.708    INFO [Project-chat_history-worker] -                 INFO: 프로젝트 chat_history 컴파일 중...
2024-02-28 19:28:56.312    INFO [Project-Normal-worker-2    ] -                 INFO: 프로젝트 Normal 컴파일 중...
2024-02-28 19:28:57.392    INFO [Project-mention-worker-2   ] -                 INFO: 프로젝트 mention 컴파일 중...
2024-02-28 19:28:58.146    INFO [Project-eval-worker-2      ] -                 INFO: 프로젝트 eval 컴파일 중...
2024-02-28 19:28:59.124    INFO [Project-Me-worker-1        ] -                 INFO: 프로젝트 Me 컴파일 중...
2024-02-28 19:28:59.734    INFO [Project-sign-up-worker-1   ] -                 INFO: 프로젝트 sign-up 컴파일 중...
2024-02-28 19:29:00.409    INFO [Project-entrance-worker-1  ] -                 INFO: 프로젝트 entrance 컴파일 중...
2024-02-28 19:29:00.463    INFO [Project-reply-worker-1     ] -                 INFO: 프로젝트 reply 컴파일 중...
2024-02-28 19:29:02.081    INFO [Project-events-worker-1    ] -                 INFO: 프로젝트 events 컴파일 중...
2024-02-28 19:29:02.705   ERROR [Project-events-worker-1    ] -       Project-events: ECOMF: org.mozilla.javascript.EcmaError: TypeError: Cannot call method "today" of undefined (events#26)
2024-02-28 19:29:02.718    INFO [Project-ASet-worker-2      ] -                 INFO: 프로젝트 ASet 컴파일 중...
