2024-03-02 16:35:20.441    INFO [main                       ] -    GlobalApplication: 포그라운드 서비스 등록 성공!
2024-03-02 16:35:20.444   DEBUG [DefaultDispatcher-worker-4 ] -   ApplicationSession: Initializing with locale KOREAN
2024-03-02 16:35:20.442    INFO [DefaultDispatcher-worker-4 ] -   ApplicationSession: 카카오톡 버전: 10.5.5
2024-03-02 16:35:20.450    WARN [DefaultDispatcher-worker-4 ] -         PluginLoader: res/raw 경로는 더 이상 사용되지 않습니다. assets 경로를 사용하세요.
2024-03-02 16:35:20.461    WARN [DefaultDispatcher-worker-4 ] -         PluginLoader: res/raw 경로는 더 이상 사용되지 않습니다. assets 경로를 사용하세요.
2024-03-02 16:35:20.484   DEBUG [DefaultDispatcher-worker-4 ] -            AwtPlugin: Testing awt class loading, color = java.awt.Color[r=0,g=0,b=0]
2024-03-02 16:35:20.552   DEBUG [main                       ] - NotificationListener: Listener connected
2024-03-02 16:35:20.601   DEBUG [DefaultDispatcher-worker-4 ] -           ApiManager: Discord Api 등록 성공
2024-03-02 16:35:20.608   DEBUG [DefaultDispatcher-worker-4 ] -        DiscordPlugin: Starting discord client with intent: MESSAGE_CONTENT, DIRECT_MESSAGES, GUILD_MESSAGES, GUILD_MEMBERS
2024-03-02 16:35:23.131    INFO [DefaultDispatcher-worker-4 ] -        DiscordPlugin: 디스코드 클라이언트 시작 성공! [디코서버 도우미]Eric#0937 로 로그인했어요.
2024-03-02 16:35:23.133    INFO [DefaultDispatcher-worker-7 ] -       SplashActivity: 기본 라이브러리 로드중…
2024-03-02 16:35:23.158   DEBUG [DefaultDispatcher-worker-4 ] -           ApiManager: LanguageManager Api 등록 성공
2024-03-02 16:35:23.158   DEBUG [DefaultDispatcher-worker-4 ] -           ApiManager: Log Api 등록 성공
2024-03-02 16:35:23.158   DEBUG [DefaultDispatcher-worker-4 ] -           ApiManager: Java Api 등록 성공
2024-03-02 16:35:23.158   DEBUG [DefaultDispatcher-worker-4 ] -           ApiManager: ProjectManager Api 등록 성공
2024-03-02 16:35:23.158   DEBUG [DefaultDispatcher-worker-4 ] -           ApiManager: PluginManager Api 등록 성공
2024-03-02 16:35:23.158   DEBUG [DefaultDispatcher-worker-4 ] -           ApiManager: Notification Api 등록 성공
2024-03-02 16:35:23.158   DEBUG [DefaultDispatcher-worker-4 ] -           ApiManager: Env Api 등록 성공
2024-03-02 16:35:23.159   DEBUG [DefaultDispatcher-worker-4 ] -           ApiManager: EventEmitter Api 등록 성공
2024-03-02 16:35:23.159   DEBUG [DefaultDispatcher-worker-4 ] -           ApiManager: Utils Api 등록 성공
2024-03-02 16:35:23.159   DEBUG [DefaultDispatcher-worker-4 ] -           ApiManager: Api Api 등록 성공
2024-03-02 16:35:23.159   DEBUG [DefaultDispatcher-worker-4 ] -           ApiManager: Bridge Api 등록 성공
2024-03-02 16:35:23.162    INFO [DefaultDispatcher-worker-10] -       SplashActivity: 프로젝트 로드중…
2024-03-02 16:35:23.159   DEBUG [DefaultDispatcher-worker-4 ] -           ApiManager: DataBase Api 등록 성공
2024-03-02 16:35:23.159   DEBUG [DefaultDispatcher-worker-4 ] -           ApiManager: FileStream Api 등록 성공
2024-03-02 16:35:23.160   DEBUG [DefaultDispatcher-worker-4 ] -           ApiManager: Device Api 등록 성공
2024-03-02 16:35:23.160   DEBUG [DefaultDispatcher-worker-4 ] -           ApiManager: Broadcast Api 등록 성공
2024-03-02 16:35:23.160   DEBUG [DefaultDispatcher-worker-4 ] -           ApiManager: App Api 등록 성공
2024-03-02 16:35:23.334    INFO [Project-eval-worker-1      ] -                 INFO: 프로젝트 eval 컴파일 중...
2024-03-02 16:35:23.550    INFO [Project-User-worker-1      ] -                 INFO: 프로젝트 User 컴파일 중...
2024-03-02 16:35:23.592    INFO [Project-atten-worker-1     ] -                 INFO: 프로젝트 atten 컴파일 중...
2024-03-02 16:35:23.790    INFO [Project-Me-worker-1        ] -                 INFO: 프로젝트 Me 컴파일 중...
2024-03-02 16:35:24.044    INFO [Project-admin-worker-1     ] -                 INFO: 프로젝트 admin 컴파일 중...
2024-03-02 16:35:24.515    INFO [Project-sign-up-worker-1   ] -                 INFO: 프로젝트 sign-up 컴파일 중...
2024-03-02 16:35:24.681    INFO [Project-reply-worker-1     ] -                 INFO: 프로젝트 reply 컴파일 중...
2024-03-02 16:35:25.064    INFO [Project-Normal-worker-1    ] -                 INFO: 프로젝트 Normal 컴파일 중...
2024-03-02 16:35:25.288    INFO [Project-chat_history-worker] -                 INFO: 프로젝트 chat_history 컴파일 중...
2024-03-02 16:35:25.485    INFO [Project-entrance-worker-1  ] -                 INFO: 프로젝트 entrance 컴파일 중...
2024-03-02 16:35:25.510    INFO [Project-mention-worker-1   ] -                 INFO: 프로젝트 mention 컴파일 중...
2024-03-02 16:35:25.769    INFO [Project-ASet-worker-1      ] -                 INFO: 프로젝트 ASet 컴파일 중...
2024-03-02 16:35:26.013    INFO [DefaultDispatcher-worker-4 ] -               System: | Project ✦ StarLight |
Running PluginCore v0.2.0
2024-03-02 16:35:29.661    INFO [Project-stock-worker-1     ] -                 INFO: 프로젝트 stock 컴파일 중...
2024-03-02 16:35:29.966   DEBUG [Project-stock-worker-1     ] -                DEBUG: 타입3
2024-03-02 16:35:29.970   ERROR [Project-stock-worker-1     ] -        Project-stock: ECOMF: org.mozilla.javascript.EcmaError: TypeError: Cannot read property "date" from null (file:/storage/emulated/0/StarLight/modules/stock_m.js#225)
2024-03-02 16:35:30.376    INFO [DefaultDispatcher-worker-9 ] -      ProjectListItem: stock 컴파일 실패
org.mozilla.javascript.EcmaError: TypeError: Cannot read property "date" from null (file:/storage/emulated/0/StarLight/modules/stock_m.js#225)
2024-03-02 16:36:11.510    INFO [Project-User-worker-1      ] -                 INFO: 프로젝트 User 컴파일 중...
2024-03-02 16:36:11.535    INFO [Project-atten-worker-1     ] -                 INFO: 프로젝트 atten 컴파일 중...
2024-03-02 16:36:11.714    INFO [Project-admin-worker-1     ] -                 INFO: 프로젝트 admin 컴파일 중...
2024-03-02 16:36:12.097    INFO [Project-Normal-worker-2    ] -                 INFO: 프로젝트 Normal 컴파일 중...
2024-03-02 16:36:12.303    INFO [Project-chat_history-worker] -                 INFO: 프로젝트 chat_history 컴파일 중...
2024-03-02 16:36:12.410    INFO [Project-mention-worker-1   ] -                 INFO: 프로젝트 mention 컴파일 중...
2024-03-02 16:36:12.577    INFO [Project-eval-worker-1      ] -                 INFO: 프로젝트 eval 컴파일 중...
2024-03-02 16:36:12.756    INFO [Project-Me-worker-1        ] -                 INFO: 프로젝트 Me 컴파일 중...
2024-03-02 16:36:12.949    INFO [Project-sign-up-worker-1   ] -                 INFO: 프로젝트 sign-up 컴파일 중...
2024-03-02 16:36:13.067    INFO [Project-reply-worker-1     ] -                 INFO: 프로젝트 reply 컴파일 중...
2024-03-02 16:36:13.406    INFO [Project-entrance-worker-1  ] -                 INFO: 프로젝트 entrance 컴파일 중...
2024-03-02 16:36:13.412    INFO [Project-stock-worker-1     ] -                 INFO: 프로젝트 stock 컴파일 중...
2024-03-02 16:36:13.721   DEBUG [Project-stock-worker-1     ] -                DEBUG: 타입3
2024-03-02 16:36:13.729    INFO [Project-ASet-worker-1      ] -                 INFO: 프로젝트 ASet 컴파일 중...
2024-03-02 16:36:16.091    INFO [Project-stock-worker-2     ] -                 INFO: 프로젝트 stock 컴파일 중...
2024-03-02 16:36:16.296   DEBUG [Project-stock-worker-2     ] -                DEBUG: 타입3
2024-03-02 16:53:05.412    INFO [Project-stock-worker-3     ] -                 INFO: 프로젝트 stock 컴파일 중...
2024-03-02 16:53:05.658   DEBUG [Project-stock-worker-3     ] -                DEBUG: 타입3
2024-03-02 16:53:06.941    INFO [Project-stock-worker-2     ] -                 INFO: 프로젝트 stock 컴파일 중...
2024-03-02 16:53:07.270   DEBUG [Project-stock-worker-2     ] -                DEBUG: 타입3
2024-03-02 18:25:26.455   ERROR [Project-stock-worker-1     ] -        Project-stock: Error while running: org.mozilla.javascript.EcmaError: ReferenceError: "APi" is not defined. (stock#169)
2024-03-02 18:25:26.458   DEBUG [Project-stock-worker-1     ] -            JobLocker: 부모 Project-stock-worker 의 모든 작업 release 완료
2024-03-02 18:25:26.456   ERROR [Project-stock-worker-1     ] -                stock: 프로젝트 'stock' 종료중...
2024-03-02 18:25:26.471   ERROR [Project-stock-worker-1     ] - NotificationListener: 프로젝트 'stock'의 이벤트 호출 실패: org.mozilla.javascript.EcmaError: ReferenceError: "APi" is not defined. (stock#169)
2024-03-02 18:25:26.472    INFO [Project-stock-worker-1     ] -            JobLocker: 작업 release를 기다리지 못함: 작업 Project-stock-worker-1 가 등록되지 않았거나 이미 release됨
2024-03-02 18:26:02.381    INFO [Project-stock-worker-1     ] -                 INFO: 프로젝트 stock 컴파일 중...
2024-03-02 18:26:02.709   DEBUG [Project-stock-worker-1     ] -                DEBUG: 타입3
2024-03-02 18:26:04.314    INFO [Project-stock-worker-1     ] -                 INFO: 프로젝트 stock 컴파일 중...
2024-03-02 18:26:04.570   DEBUG [Project-stock-worker-1     ] -                DEBUG: 타입3
2024-03-02 18:27:05.520    INFO [Project-stock-worker-3     ] -                 INFO: 프로젝트 stock 컴파일 중...
2024-03-02 18:27:05.833   DEBUG [Project-stock-worker-3     ] -                DEBUG: 타입1
2024-03-02 18:27:19.001    INFO [Project-User-worker-3      ] -                 INFO: 프로젝트 User 컴파일 중...
2024-03-02 18:27:19.032    INFO [Project-atten-worker-2     ] -                 INFO: 프로젝트 atten 컴파일 중...
2024-03-02 18:27:19.203    INFO [Project-admin-worker-2     ] -                 INFO: 프로젝트 admin 컴파일 중...
2024-03-02 18:27:19.602    INFO [Project-Normal-worker-3    ] -                 INFO: 프로젝트 Normal 컴파일 중...
2024-03-02 18:27:19.868    INFO [Project-chat_history-worker] -                 INFO: 프로젝트 chat_history 컴파일 중...
2024-03-02 18:27:20.179    INFO [Project-mention-worker-2   ] -                 INFO: 프로젝트 mention 컴파일 중...
2024-03-02 18:27:20.350    INFO [Project-eval-worker-2      ] -                 INFO: 프로젝트 eval 컴파일 중...
2024-03-02 18:27:20.593    INFO [Project-Me-worker-2        ] -                 INFO: 프로젝트 Me 컴파일 중...
2024-03-02 18:27:20.957    INFO [Project-sign-up-worker-3   ] -                 INFO: 프로젝트 sign-up 컴파일 중...
2024-03-02 18:27:21.155    INFO [Project-reply-worker-2     ] -                 INFO: 프로젝트 reply 컴파일 중...
2024-03-02 18:27:21.515    INFO [Project-entrance-worker-3  ] -                 INFO: 프로젝트 entrance 컴파일 중...
2024-03-02 18:27:21.550    INFO [Project-stock-worker-3     ] -                 INFO: 프로젝트 stock 컴파일 중...
2024-03-02 18:27:21.849   DEBUG [Project-stock-worker-3     ] -                DEBUG: 타입1
2024-03-02 18:27:21.854    INFO [Project-ASet-worker-2      ] -                 INFO: 프로젝트 ASet 컴파일 중...
2024-03-02 18:28:30.365    INFO [Project-User-worker-3      ] -                 INFO: 프로젝트 User 컴파일 중...
2024-03-02 18:28:30.426    INFO [Project-atten-worker-2     ] -                 INFO: 프로젝트 atten 컴파일 중...
2024-03-02 18:28:30.732    INFO [Project-admin-worker-2     ] -                 INFO: 프로젝트 admin 컴파일 중...
2024-03-02 18:28:31.137    INFO [Project-Normal-worker-1    ] -                 INFO: 프로젝트 Normal 컴파일 중...
2024-03-02 18:28:31.384    INFO [Project-chat_history-worker] -                 INFO: 프로젝트 chat_history 컴파일 중...
2024-03-02 18:28:31.734    INFO [Project-mention-worker-2   ] -                 INFO: 프로젝트 mention 컴파일 중...
2024-03-02 18:28:31.912    INFO [Project-eval-worker-2      ] -                 INFO: 프로젝트 eval 컴파일 중...
2024-03-02 18:28:32.094    INFO [Project-Me-worker-2        ] -                 INFO: 프로젝트 Me 컴파일 중...
2024-03-02 18:28:32.356    INFO [Project-sign-up-worker-3   ] -                 INFO: 프로젝트 sign-up 컴파일 중...
2024-03-02 18:28:32.606    INFO [Project-reply-worker-2     ] -                 INFO: 프로젝트 reply 컴파일 중...
2024-03-02 18:28:32.954    INFO [Project-entrance-worker-3  ] -                 INFO: 프로젝트 entrance 컴파일 중...
2024-03-02 18:28:32.983    INFO [Project-stock-worker-3     ] -                 INFO: 프로젝트 stock 컴파일 중...
2024-03-02 18:28:33.247   DEBUG [Project-stock-worker-3     ] -                DEBUG: 타입1
2024-03-02 18:28:33.253    INFO [Project-ASet-worker-2      ] -                 INFO: 프로젝트 ASet 컴파일 중...
2024-03-02 18:29:38.009    INFO [Project-User-worker-2      ] -                 INFO: 프로젝트 User 컴파일 중...
2024-03-02 18:38:43.994    INFO [Project-User-worker-1      ] -                 INFO: 프로젝트 User 컴파일 중...
2024-03-02 18:38:44.023    INFO [Project-atten-worker-1     ] -                 INFO: 프로젝트 atten 컴파일 중...
2024-03-02 18:38:44.167    INFO [Project-admin-worker-1     ] -                 INFO: 프로젝트 admin 컴파일 중...
2024-03-02 18:38:44.581    INFO [Project-Normal-worker-3    ] -                 INFO: 프로젝트 Normal 컴파일 중...
2024-03-02 18:38:44.702    INFO [Project-chat_history-worker] -                 INFO: 프로젝트 chat_history 컴파일 중...
2024-03-02 18:38:44.873    INFO [Project-mention-worker-1   ] -                 INFO: 프로젝트 mention 컴파일 중...
2024-03-02 18:38:45.159    INFO [Project-eval-worker-1      ] -                 INFO: 프로젝트 eval 컴파일 중...
2024-03-02 18:38:45.317    INFO [Project-Me-worker-1        ] -                 INFO: 프로젝트 Me 컴파일 중...
2024-03-02 18:38:45.493    INFO [Project-sign-up-worker-1   ] -                 INFO: 프로젝트 sign-up 컴파일 중...
2024-03-02 18:38:45.669    INFO [Project-reply-worker-1     ] -                 INFO: 프로젝트 reply 컴파일 중...
2024-03-02 18:38:46.193    INFO [Project-entrance-worker-1  ] -                 INFO: 프로젝트 entrance 컴파일 중...
2024-03-02 18:38:46.215    INFO [Project-stock-worker-2     ] -                 INFO: 프로젝트 stock 컴파일 중...
2024-03-02 18:38:46.467   DEBUG [Project-stock-worker-2     ] -                DEBUG: 타입1
2024-03-02 18:38:46.472    INFO [Project-ASet-worker-1      ] -                 INFO: 프로젝트 ASet 컴파일 중...
2024-03-02 18:44:34.403    INFO [Project-User-worker-3      ] -                 INFO: 프로젝트 User 컴파일 중...
2024-03-02 18:44:34.425    INFO [Project-atten-worker-3     ] -                 INFO: 프로젝트 atten 컴파일 중...
2024-03-02 18:44:34.632    INFO [Project-admin-worker-3     ] -                 INFO: 프로젝트 admin 컴파일 중...
2024-03-02 18:44:35.111    INFO [Project-Normal-worker-3    ] -                 INFO: 프로젝트 Normal 컴파일 중...
2024-03-02 18:44:35.304    INFO [Project-chat_history-worker] -                 INFO: 프로젝트 chat_history 컴파일 중...
2024-03-02 18:44:35.460    INFO [Project-mention-worker-3   ] -                 INFO: 프로젝트 mention 컴파일 중...
2024-03-02 18:44:35.734    INFO [Project-eval-worker-3      ] -                 INFO: 프로젝트 eval 컴파일 중...
2024-03-02 18:44:35.931    INFO [Project-Me-worker-3        ] -                 INFO: 프로젝트 Me 컴파일 중...
2024-03-02 18:44:36.251    INFO [Project-sign-up-worker-2   ] -                 INFO: 프로젝트 sign-up 컴파일 중...
2024-03-02 18:44:36.445    INFO [Project-reply-worker-2     ] -                 INFO: 프로젝트 reply 컴파일 중...
2024-03-02 18:44:36.831    INFO [Project-entrance-worker-2  ] -                 INFO: 프로젝트 entrance 컴파일 중...
2024-03-02 18:44:36.855    INFO [Project-stock-worker-1     ] -                 INFO: 프로젝트 stock 컴파일 중...
2024-03-02 18:44:37.243   DEBUG [Project-stock-worker-1     ] -                DEBUG: 타입1
2024-03-02 18:44:37.249    INFO [Project-ASet-worker-3      ] -                 INFO: 프로젝트 ASet 컴파일 중...
2024-03-02 21:53:31.027    INFO [Project-User-worker-3      ] -                 INFO: 프로젝트 User 컴파일 중...
2024-03-02 21:53:31.070    INFO [Project-atten-worker-2     ] -                 INFO: 프로젝트 atten 컴파일 중...
2024-03-02 21:53:31.413    INFO [Project-admin-worker-2     ] -                 INFO: 프로젝트 admin 컴파일 중...
2024-03-02 21:53:31.803    INFO [Project-Normal-worker-1    ] -                 INFO: 프로젝트 Normal 컴파일 중...
2024-03-02 21:53:32.074    INFO [Project-chat_history-worker] -                 INFO: 프로젝트 chat_history 컴파일 중...
2024-03-02 21:53:32.237    INFO [Project-mention-worker-2   ] -                 INFO: 프로젝트 mention 컴파일 중...
2024-03-02 21:53:32.415    INFO [Project-eval-worker-1      ] -                 INFO: 프로젝트 eval 컴파일 중...
2024-03-02 21:53:32.645    INFO [Project-Me-worker-2        ] -                 INFO: 프로젝트 Me 컴파일 중...
2024-03-02 21:53:32.829    INFO [Project-sign-up-worker-3   ] -                 INFO: 프로젝트 sign-up 컴파일 중...
2024-03-02 21:53:33.159    INFO [Project-reply-worker-3     ] -                 INFO: 프로젝트 reply 컴파일 중...
2024-03-02 21:53:33.512    INFO [Project-entrance-worker-3  ] -                 INFO: 프로젝트 entrance 컴파일 중...
2024-03-02 21:53:33.521    INFO [Project-stock-worker-3     ] -                 INFO: 프로젝트 stock 컴파일 중...
2024-03-02 21:53:33.849   DEBUG [Project-stock-worker-3     ] -                DEBUG: 타입3
2024-03-02 21:53:33.854   ERROR [Project-stock-worker-3     ] -        Project-stock: ECOMF: org.mozilla.javascript.EcmaError: TypeError: Cannot read property "date" from null (file:/storage/emulated/0/StarLight/modules/stock_m.js#225)
2024-03-02 21:53:33.858    INFO [Project-ASet-worker-2      ] -                 INFO: 프로젝트 ASet 컴파일 중...
2024-03-02 22:04:14.264    INFO [Project-eval-worker-3      ] -                 INFO: 프로젝트 eval 컴파일 중...
2024-03-02 22:05:00.790    INFO [Project-eval-worker-1      ] -                 INFO: 프로젝트 eval 컴파일 중...
2024-03-02 22:09:51.023    INFO [Project-User-worker-2      ] -                 INFO: 프로젝트 User 컴파일 중...
2024-03-02 22:09:51.049    INFO [Project-atten-worker-3     ] -                 INFO: 프로젝트 atten 컴파일 중...
2024-03-02 22:09:51.224    INFO [Project-admin-worker-3     ] -                 INFO: 프로젝트 admin 컴파일 중...
2024-03-02 22:09:51.587    INFO [Project-Normal-worker-3    ] -                 INFO: 프로젝트 Normal 컴파일 중...
2024-03-02 22:09:51.833    INFO [Project-chat_history-worker] -                 INFO: 프로젝트 chat_history 컴파일 중...
2024-03-02 22:09:51.940    INFO [Project-mention-worker-3   ] -                 INFO: 프로젝트 mention 컴파일 중...
2024-03-02 22:09:52.134    INFO [Project-eval-worker-3      ] -                 INFO: 프로젝트 eval 컴파일 중...
2024-03-02 22:09:52.327    INFO [Project-Me-worker-3        ] -                 INFO: 프로젝트 Me 컴파일 중...
2024-03-02 22:09:52.614    INFO [Project-sign-up-worker-2   ] -                 INFO: 프로젝트 sign-up 컴파일 중...
2024-03-02 22:09:52.806    INFO [Project-reply-worker-2     ] -                 INFO: 프로젝트 reply 컴파일 중...
2024-03-02 22:09:53.199    INFO [Project-entrance-worker-2  ] -                 INFO: 프로젝트 entrance 컴파일 중...
2024-03-02 22:09:53.232    INFO [Project-stock-worker-1     ] -                 INFO: 프로젝트 stock 컴파일 중...
2024-03-02 22:09:53.644   DEBUG [Project-stock-worker-1     ] -                DEBUG: 타입3
2024-03-02 22:09:53.645   ERROR [Project-stock-worker-1     ] -        Project-stock: ECOMF: org.mozilla.javascript.EcmaError: TypeError: Cannot read property "date" from null (file:/storage/emulated/0/StarLight/modules/stock_m.js#225)
2024-03-02 22:09:53.653    INFO [Project-ASet-worker-3      ] -                 INFO: 프로젝트 ASet 컴파일 중...
2024-03-02 22:19:08.437    INFO [Project-User-worker-1      ] -                 INFO: 프로젝트 User 컴파일 중...
2024-03-02 22:19:08.502    INFO [Project-atten-worker-3     ] -                 INFO: 프로젝트 atten 컴파일 중...
2024-03-02 22:19:08.652    INFO [Project-admin-worker-3     ] -                 INFO: 프로젝트 admin 컴파일 중...
2024-03-02 22:19:09.061    INFO [Project-Normal-worker-2    ] -                 INFO: 프로젝트 Normal 컴파일 중...
2024-03-02 22:19:09.320    INFO [Project-chat_history-worker] -                 INFO: 프로젝트 chat_history 컴파일 중...
2024-03-02 22:19:09.476    INFO [Project-mention-worker-3   ] -                 INFO: 프로젝트 mention 컴파일 중...
2024-03-02 22:19:09.659    INFO [Project-eval-worker-3      ] -                 INFO: 프로젝트 eval 컴파일 중...
2024-03-02 22:19:09.896    INFO [Project-Me-worker-3        ] -                 INFO: 프로젝트 Me 컴파일 중...
2024-03-02 22:19:10.227    INFO [Project-sign-up-worker-2   ] -                 INFO: 프로젝트 sign-up 컴파일 중...
2024-03-02 22:19:10.416    INFO [Project-reply-worker-2     ] -                 INFO: 프로젝트 reply 컴파일 중...
2024-03-02 22:19:10.809    INFO [Project-entrance-worker-2  ] -                 INFO: 프로젝트 entrance 컴파일 중...
2024-03-02 22:19:10.838    INFO [Project-stock-worker-1     ] -                 INFO: 프로젝트 stock 컴파일 중...
2024-03-02 22:19:11.226   DEBUG [Project-stock-worker-1     ] -                DEBUG: 타입3
2024-03-02 22:19:11.228   ERROR [Project-stock-worker-1     ] -        Project-stock: ECOMF: org.mozilla.javascript.EcmaError: TypeError: Cannot read property "date" from null (file:/storage/emulated/0/StarLight/modules/stock_m.js#225)
2024-03-02 22:19:11.233    INFO [Project-ASet-worker-3      ] -                 INFO: 프로젝트 ASet 컴파일 중...
2024-03-02 22:20:10.465    INFO [Project-User-worker-2      ] -                 INFO: 프로젝트 User 컴파일 중...
2024-03-02 22:20:10.498    INFO [Project-atten-worker-1     ] -                 INFO: 프로젝트 atten 컴파일 중...
2024-03-02 22:20:10.696    INFO [Project-admin-worker-1     ] -                 INFO: 프로젝트 admin 컴파일 중...
2024-03-02 22:20:11.179    INFO [Project-Normal-worker-3    ] -                 INFO: 프로젝트 Normal 컴파일 중...
2024-03-02 22:20:11.385    INFO [Project-chat_history-worker] -                 INFO: 프로젝트 chat_history 컴파일 중...
2024-03-02 22:20:11.519    INFO [Project-mention-worker-1   ] -                 INFO: 프로젝트 mention 컴파일 중...
2024-03-02 22:20:11.805    INFO [Project-eval-worker-1      ] -                 INFO: 프로젝트 eval 컴파일 중...
2024-03-02 22:20:11.988    INFO [Project-Me-worker-1        ] -                 INFO: 프로젝트 Me 컴파일 중...
2024-03-02 22:20:12.328    INFO [Project-sign-up-worker-1   ] -                 INFO: 프로젝트 sign-up 컴파일 중...
2024-03-02 22:20:12.521    INFO [Project-reply-worker-1     ] -                 INFO: 프로젝트 reply 컴파일 중...
2024-03-02 22:20:12.924    INFO [Project-entrance-worker-1  ] -                 INFO: 프로젝트 entrance 컴파일 중...
2024-03-02 22:20:12.955    INFO [Project-stock-worker-2     ] -                 INFO: 프로젝트 stock 컴파일 중...
2024-03-02 22:20:13.324   DEBUG [Project-stock-worker-2     ] -                DEBUG: 타입3
2024-03-02 22:20:13.326   ERROR [Project-stock-worker-2     ] -        Project-stock: ECOMF: org.mozilla.javascript.EcmaError: TypeError: Cannot read property "date" from null (file:/storage/emulated/0/StarLight/modules/stock_m.js#225)
2024-03-02 22:20:13.331    INFO [Project-ASet-worker-1      ] -                 INFO: 프로젝트 ASet 컴파일 중...
2024-03-02 22:24:15.888    INFO [Project-User-worker-1      ] -                 INFO: 프로젝트 User 컴파일 중...
2024-03-02 22:24:15.910    INFO [Project-atten-worker-3     ] -                 INFO: 프로젝트 atten 컴파일 중...
2024-03-02 22:24:16.115    INFO [Project-admin-worker-2     ] -                 INFO: 프로젝트 admin 컴파일 중...
2024-03-02 22:24:16.614    INFO [Project-Normal-worker-2    ] -                 INFO: 프로젝트 Normal 컴파일 중...
2024-03-02 22:24:16.766    INFO [Project-chat_history-worker] -                 INFO: 프로젝트 chat_history 컴파일 중...
2024-03-02 22:24:16.967    INFO [Project-mention-worker-2   ] -                 INFO: 프로젝트 mention 컴파일 중...
2024-03-02 22:24:17.269    INFO [Project-eval-worker-2      ] -                 INFO: 프로젝트 eval 컴파일 중...
2024-03-02 22:24:17.478    INFO [Project-Me-worker-2        ] -                 INFO: 프로젝트 Me 컴파일 중...
2024-03-02 22:24:17.727    INFO [Project-sign-up-worker-3   ] -                 INFO: 프로젝트 sign-up 컴파일 중...
2024-03-02 22:24:18.181    INFO [Project-reply-worker-3     ] -                 INFO: 프로젝트 reply 컴파일 중...
2024-03-02 22:24:18.587    INFO [Project-entrance-worker-3  ] -                 INFO: 프로젝트 entrance 컴파일 중...
2024-03-02 22:24:18.620    INFO [Project-stock-worker-3     ] -                 INFO: 프로젝트 stock 컴파일 중...
2024-03-02 22:24:19.020   DEBUG [Project-stock-worker-3     ] -                DEBUG: 타입3
2024-03-02 22:24:19.023   ERROR [Project-stock-worker-3     ] -        Project-stock: ECOMF: org.mozilla.javascript.EcmaError: TypeError: Cannot read property "date" from null (file:/storage/emulated/0/StarLight/modules/stock_m.js#225)
2024-03-02 22:24:19.031    INFO [Project-ASet-worker-2      ] -                 INFO: 프로젝트 ASet 컴파일 중...
2024-03-02 22:26:58.413    INFO [Project-User-worker-2      ] -                 INFO: 프로젝트 User 컴파일 중...
2024-03-02 22:26:58.487    INFO [Project-atten-worker-1     ] -                 INFO: 프로젝트 atten 컴파일 중...
2024-03-02 22:26:58.644    INFO [Project-admin-worker-1     ] -                 INFO: 프로젝트 admin 컴파일 중...
2024-03-02 22:26:59.088    INFO [Project-Normal-worker-2    ] -                 INFO: 프로젝트 Normal 컴파일 중...
2024-03-02 22:26:59.194    INFO [Project-chat_history-worker] -                 INFO: 프로젝트 chat_history 컴파일 중...
2024-03-02 22:26:59.470    INFO [Project-mention-worker-1   ] -                 INFO: 프로젝트 mention 컴파일 중...
2024-03-02 22:26:59.659    INFO [Project-eval-worker-1      ] -                 INFO: 프로젝트 eval 컴파일 중...
2024-03-02 22:26:59.854    INFO [Project-Me-worker-1        ] -                 INFO: 프로젝트 Me 컴파일 중...
2024-03-02 22:27:00.045    INFO [Project-sign-up-worker-1   ] -                 INFO: 프로젝트 sign-up 컴파일 중...
2024-03-02 22:27:00.248    INFO [Project-reply-worker-1     ] -                 INFO: 프로젝트 reply 컴파일 중...
2024-03-02 22:27:00.646    INFO [Project-entrance-worker-1  ] -                 INFO: 프로젝트 entrance 컴파일 중...
2024-03-02 22:27:00.675    INFO [Project-stock-worker-2     ] -                 INFO: 프로젝트 stock 컴파일 중...
2024-03-02 22:27:01.044   DEBUG [Project-stock-worker-2     ] -                DEBUG: 타입3
2024-03-02 22:27:01.047   ERROR [Project-stock-worker-2     ] -        Project-stock: ECOMF: org.mozilla.javascript.EcmaError: TypeError: Cannot read property "date" from null (file:/storage/emulated/0/StarLight/modules/stock_m.js#225)
2024-03-02 22:27:01.052    INFO [Project-ASet-worker-1      ] -                 INFO: 프로젝트 ASet 컴파일 중...
