2024-03-02 16:32:42.245    INFO [main                       ] -    GlobalApplication: 포그라운드 서비스 등록 성공!
2024-03-02 16:32:42.246   DEBUG [DefaultDispatcher-worker-2 ] -   ApplicationSession: Initializing with locale KOREAN
2024-03-02 16:32:42.246    INFO [DefaultDispatcher-worker-2 ] -   ApplicationSession: 카카오톡 버전: 10.5.5
2024-03-02 16:32:42.252    WARN [DefaultDispatcher-worker-2 ] -         PluginLoader: res/raw 경로는 더 이상 사용되지 않습니다. assets 경로를 사용하세요.
2024-03-02 16:32:42.259    WARN [DefaultDispatcher-worker-2 ] -         PluginLoader: res/raw 경로는 더 이상 사용되지 않습니다. assets 경로를 사용하세요.
2024-03-02 16:32:42.285   DEBUG [DefaultDispatcher-worker-2 ] -            AwtPlugin: Testing awt class loading, color = java.awt.Color[r=0,g=0,b=0]
2024-03-02 16:32:42.368   DEBUG [main                       ] - NotificationListener: Listener connected
2024-03-02 16:32:42.400   DEBUG [DefaultDispatcher-worker-2 ] -           ApiManager: Discord Api 등록 성공
2024-03-02 16:32:42.406   DEBUG [DefaultDispatcher-worker-2 ] -        DiscordPlugin: Starting discord client with intent: MESSAGE_CONTENT, DIRECT_MESSAGES, GUILD_MESSAGES, GUILD_MEMBERS
2024-03-02 16:32:44.532    INFO [DefaultDispatcher-worker-2 ] -        DiscordPlugin: 디스코드 클라이언트 시작 성공! [디코서버 도우미]Eric#0937 로 로그인했어요.
2024-03-02 16:32:44.534    INFO [DefaultDispatcher-worker-1 ] -       SplashActivity: 기본 라이브러리 로드중…
2024-03-02 16:32:44.549   DEBUG [DefaultDispatcher-worker-2 ] -           ApiManager: LanguageManager Api 등록 성공
2024-03-02 16:32:44.549   DEBUG [DefaultDispatcher-worker-2 ] -           ApiManager: Log Api 등록 성공
2024-03-02 16:32:44.549   DEBUG [DefaultDispatcher-worker-2 ] -           ApiManager: ProjectManager Api 등록 성공
2024-03-02 16:32:44.549   DEBUG [DefaultDispatcher-worker-2 ] -           ApiManager: PluginManager Api 등록 성공
2024-03-02 16:32:44.549   DEBUG [DefaultDispatcher-worker-2 ] -           ApiManager: Env Api 등록 성공
2024-03-02 16:32:44.549   DEBUG [DefaultDispatcher-worker-2 ] -           ApiManager: Java Api 등록 성공
2024-03-02 16:32:44.549   DEBUG [DefaultDispatcher-worker-2 ] -           ApiManager: Notification Api 등록 성공
2024-03-02 16:32:44.549   DEBUG [DefaultDispatcher-worker-2 ] -           ApiManager: EventEmitter Api 등록 성공
2024-03-02 16:32:44.549   DEBUG [DefaultDispatcher-worker-2 ] -           ApiManager: Utils Api 등록 성공
2024-03-02 16:32:44.550   DEBUG [DefaultDispatcher-worker-2 ] -           ApiManager: Bridge Api 등록 성공
2024-03-02 16:32:44.549   DEBUG [DefaultDispatcher-worker-2 ] -           ApiManager: Api Api 등록 성공
2024-03-02 16:32:44.550   DEBUG [DefaultDispatcher-worker-2 ] -           ApiManager: FileStream Api 등록 성공
2024-03-02 16:32:44.550   DEBUG [DefaultDispatcher-worker-2 ] -           ApiManager: DataBase Api 등록 성공
2024-03-02 16:32:44.550   DEBUG [DefaultDispatcher-worker-2 ] -           ApiManager: App Api 등록 성공
2024-03-02 16:32:44.550   DEBUG [DefaultDispatcher-worker-2 ] -           ApiManager: Device Api 등록 성공
2024-03-02 16:32:44.550   DEBUG [DefaultDispatcher-worker-2 ] -           ApiManager: Broadcast Api 등록 성공
2024-03-02 16:32:44.552    INFO [DefaultDispatcher-worker-3 ] -       SplashActivity: 프로젝트 로드중…
2024-03-02 16:32:44.596    INFO [DefaultDispatcher-worker-2 ] -               System: | Project ✦ StarLight |
Running PluginCore v0.2.0
2024-03-02 16:32:51.957    INFO [Project-Normal-worker-1    ] -                 INFO: 프로젝트 Normal 컴파일 중...
2024-03-02 16:32:54.133    INFO [Project-ASet-worker-1      ] -                 INFO: 프로젝트 ASet 컴파일 중...
2024-03-02 16:32:56.173    INFO [Project-Me-worker-1        ] -                 INFO: 프로젝트 Me 컴파일 중...
2024-03-02 16:32:58.067    INFO [Project-User-worker-1      ] -                 INFO: 프로젝트 User 컴파일 중...
2024-03-02 16:33:00.279    INFO [Project-admin-worker-1     ] -                 INFO: 프로젝트 admin 컴파일 중...
2024-03-02 16:33:03.829    INFO [Project-atten-worker-1     ] -                 INFO: 프로젝트 atten 컴파일 중...
2024-03-02 16:33:05.811    INFO [Project-chat_history-worker] -                 INFO: 프로젝트 chat_history 컴파일 중...
2024-03-02 16:33:08.554    INFO [Project-entrance-worker-1  ] -                 INFO: 프로젝트 entrance 컴파일 중...
2024-03-02 16:33:10.628    INFO [Project-eval-worker-1      ] -                 INFO: 프로젝트 eval 컴파일 중...
2024-03-02 16:33:12.863    INFO [Project-mention-worker-1   ] -                 INFO: 프로젝트 mention 컴파일 중...
2024-03-02 16:33:15.854    INFO [Project-reply-worker-1     ] -                 INFO: 프로젝트 reply 컴파일 중...
2024-03-02 16:33:18.176    INFO [Project-sign-up-worker-1   ] -                 INFO: 프로젝트 sign-up 컴파일 중...
2024-03-02 16:33:33.395    INFO [Project-stock-worker-1     ] -                 INFO: 프로젝트 stock 컴파일 중...
2024-03-02 16:33:33.508   ERROR [Project-stock-worker-1     ] -        Project-stock: ECOMF: org.mozilla.javascript.EcmaError: TypeError: TypeError: redeclaration of const scriptName. (stock#177)
2024-03-02 16:33:33.913    INFO [DefaultDispatcher-worker-10] -      ProjectListItem: stock 컴파일 실패
org.mozilla.javascript.EcmaError: TypeError: TypeError: redeclaration of const scriptName. (stock#177)
2024-03-02 16:35:09.062    INFO [Project-stock-worker-1     ] -                 INFO: 프로젝트 stock 컴파일 중...
2024-03-02 16:35:09.460   DEBUG [Project-stock-worker-1     ] -                DEBUG: 타입3
2024-03-02 16:35:09.462   ERROR [Project-stock-worker-1     ] -        Project-stock: ECOMF: org.mozilla.javascript.EcmaError: TypeError: Cannot read property "date" from null (file:/storage/emulated/0/StarLight/modules/stock_m.js#225)
2024-03-02 16:35:09.870    INFO [DefaultDispatcher-worker-6 ] -      ProjectListItem: stock 컴파일 실패
org.mozilla.javascript.EcmaError: TypeError: Cannot read property "date" from null (file:/storage/emulated/0/StarLight/modules/stock_m.js#225)
